[2023-10-18T20:06:52.790-0300] {manager.py:487} INFO - Processing files using up to 1 processes at a time 
[2023-10-18T20:06:52.792-0300] {manager.py:488} INFO - Process each file at most once every 30 seconds
[2023-10-18T20:06:52.793-0300] {manager.py:489} INFO - Checking for new files in /mnt/c/Users/filipe.macedo_ifood/Documents/how-desafio-03/airflow/dags every 300 seconds
[2023-10-18T20:06:52.796-0300] {manager.py:755} INFO - Searching for files in /mnt/c/Users/filipe.macedo_ifood/Documents/how-desafio-03/airflow/dags
[2023-10-18T20:06:52.805-0300] {manager.py:758} INFO - There are 46 files in /mnt/c/Users/filipe.macedo_ifood/Documents/how-desafio-03/airflow/dags
[2023-10-18T20:06:53.362-0300] {manager.py:887} INFO - 
================================================================================
DAG File Processing Stats

File Path                                                                                                                PID    Runtime      # DAGs    # Errors  Last Runtime    Last Run
-----------------------------------------------------------------------------------------------------------------------  -----  ---------  --------  ----------  --------------  -------------------
/usr/local/lib/python3.10/dist-packages/airflow/example_dags/example_trigger_target_dag.py                                                        0           0
/usr/local/lib/python3.10/dist-packages/airflow/example_dags/example_python_operator.py                                                           0           0
/usr/local/lib/python3.10/dist-packages/airflow/example_dags/example_trigger_controller_dag.py                                                    0           0
/usr/local/lib/python3.10/dist-packages/airflow/example_dags/example_branch_datetime_operator.py                                                  0           0
/usr/local/lib/python3.10/dist-packages/airflow/example_dags/example_dynamic_task_mapping.py                                                      0           0
/usr/local/lib/python3.10/dist-packages/airflow/example_dags/example_time_delta_sensor_async.py                                                   0           0
/usr/local/lib/python3.10/dist-packages/airflow/example_dags/tutorial_taskflow_api_virtualenv.py                                                  0           0
/usr/local/lib/python3.10/dist-packages/airflow/example_dags/example_branch_labels.py                                                             0           0
/usr/local/lib/python3.10/dist-packages/airflow/example_dags/example_subdag_operator.py                                                           0           0
/usr/local/lib/python3.10/dist-packages/airflow/example_dags/example_xcomargs.py                                                                  0           0
/usr/local/lib/python3.10/dist-packages/airflow/example_dags/example_nested_branch_dag.py                                                         0           0
/usr/local/lib/python3.10/dist-packages/airflow/example_dags/example_latest_only.py                                                               0           0
/usr/local/lib/python3.10/dist-packages/airflow/example_dags/example_branch_operator.py                                                           0           0
/usr/local/lib/python3.10/dist-packages/airflow/example_dags/example_params_ui_tutorial.py                                                        0           0
/usr/local/lib/python3.10/dist-packages/airflow/example_dags/example_datasets.py                                                                  0           0
/usr/local/lib/python3.10/dist-packages/airflow/example_dags/example_task_group_decorator.py                                                      0           0
/usr/local/lib/python3.10/dist-packages/airflow/example_dags/example_kubernetes_executor.py                                                       0           0
/usr/local/lib/python3.10/dist-packages/airflow/example_dags/example_passing_params_via_test_command.py                                           0           0
/usr/local/lib/python3.10/dist-packages/airflow/example_dags/example_dag_decorator.py                                                             0           0
/usr/local/lib/python3.10/dist-packages/airflow/example_dags/example_branch_operator_decorator.py                                                 0           0
/usr/local/lib/python3.10/dist-packages/airflow/example_dags/example_setup_teardown.py                                                            0           0
/usr/local/lib/python3.10/dist-packages/airflow/example_dags/example_skip_dag.py                                                                  0           0
/usr/local/lib/python3.10/dist-packages/airflow/example_dags/example_sla_dag.py                                                                   0           0
/usr/local/lib/python3.10/dist-packages/airflow/example_dags/example_complex.py                                                                   0           0
/usr/local/lib/python3.10/dist-packages/airflow/example_dags/example_bash_operator.py                                                             0           0
/usr/local/lib/python3.10/dist-packages/airflow/example_dags/example_local_kubernetes_executor.py                                                 0           0
/usr/local/lib/python3.10/dist-packages/airflow/example_dags/example_params_trigger_ui.py                                                         0           0
/usr/local/lib/python3.10/dist-packages/airflow/example_dags/tutorial_dag.py                                                                      0           0
/usr/local/lib/python3.10/dist-packages/airflow/example_dags/example_short_circuit_operator.py                                                    0           0
/usr/local/lib/python3.10/dist-packages/airflow/example_dags/example_sensor_decorator.py                                                          0           0
/usr/local/lib/python3.10/dist-packages/airflow/example_dags/example_task_group.py                                                                0           0
/usr/local/lib/python3.10/dist-packages/airflow/example_dags/example_external_task_marker_dag.py                                                  0           0
/usr/local/lib/python3.10/dist-packages/airflow/example_dags/example_branch_python_dop_operator_3.py                                              0           0
/usr/local/lib/python3.10/dist-packages/airflow/example_dags/example_branch_day_of_week_operator.py                                               0           0
/usr/local/lib/python3.10/dist-packages/airflow/example_dags/tutorial_taskflow_api.py                                                             0           0
/usr/local/lib/python3.10/dist-packages/airflow/example_dags/example_latest_only_with_trigger.py                                                  0           0
/usr/local/lib/python3.10/dist-packages/airflow/example_dags/example_setup_teardown_taskflow.py                                                   0           0
/usr/local/lib/python3.10/dist-packages/airflow/example_dags/example_xcom.py                                                                      0           0
/usr/local/lib/python3.10/dist-packages/airflow/example_dags/example_dynamic_task_mapping_with_no_taskflow_operators.py                           0           0
/usr/local/lib/python3.10/dist-packages/airflow/example_dags/example_sensors.py                                                                   0           0
/usr/local/lib/python3.10/dist-packages/airflow/example_dags/example_short_circuit_decorator.py                                                   0           0
/usr/local/lib/python3.10/dist-packages/airflow/example_dags/subdags/subdag.py                                                                    0           0
/usr/local/lib/python3.10/dist-packages/airflow/example_dags/plugins/workday.py                                                                   0           0
/usr/local/lib/python3.10/dist-packages/airflow/example_dags/plugins/listener_plugin.py                                                           0           0
/usr/local/lib/python3.10/dist-packages/airflow/example_dags/plugins/event_listener.py                                                            0           0
/usr/local/lib/python3.10/dist-packages/airflow/example_dags/tutorial.py                                                                          1           0  0.40s           2023-10-18T23:06:53
================================================================================
[2023-10-18T20:07:23.793-0300] {manager.py:887} INFO - 
================================================================================
DAG File Processing Stats

File Path                                                                                                                PID    Runtime      # DAGs    # Errors  Last Runtime    Last Run
-----------------------------------------------------------------------------------------------------------------------  -----  ---------  --------  ----------  --------------  -------------------
/usr/local/lib/python3.10/dist-packages/airflow/example_dags/example_branch_operator.py                                                           0           0
/usr/local/lib/python3.10/dist-packages/airflow/example_dags/example_params_ui_tutorial.py                                                        0           0
/usr/local/lib/python3.10/dist-packages/airflow/example_dags/example_datasets.py                                                                  0           0
/usr/local/lib/python3.10/dist-packages/airflow/example_dags/example_kubernetes_executor.py                                                       0           0
/usr/local/lib/python3.10/dist-packages/airflow/example_dags/example_passing_params_via_test_command.py                                           0           0
/usr/local/lib/python3.10/dist-packages/airflow/example_dags/example_dag_decorator.py                                                             0           0
/usr/local/lib/python3.10/dist-packages/airflow/example_dags/example_branch_operator_decorator.py                                                 0           0
/usr/local/lib/python3.10/dist-packages/airflow/example_dags/example_setup_teardown.py                                                            0           0
/usr/local/lib/python3.10/dist-packages/airflow/example_dags/example_skip_dag.py                                                                  0           0
/usr/local/lib/python3.10/dist-packages/airflow/example_dags/example_sla_dag.py                                                                   0           0
/usr/local/lib/python3.10/dist-packages/airflow/example_dags/example_complex.py                                                                   0           0
/usr/local/lib/python3.10/dist-packages/airflow/example_dags/example_bash_operator.py                                                             0           0
/usr/local/lib/python3.10/dist-packages/airflow/example_dags/example_local_kubernetes_executor.py                                                 0           0
/usr/local/lib/python3.10/dist-packages/airflow/example_dags/example_params_trigger_ui.py                                                         0           0
/usr/local/lib/python3.10/dist-packages/airflow/example_dags/example_short_circuit_operator.py                                                    0           0
/usr/local/lib/python3.10/dist-packages/airflow/example_dags/example_sensor_decorator.py                                                          0           0
/usr/local/lib/python3.10/dist-packages/airflow/example_dags/example_task_group.py                                                                0           0
/usr/local/lib/python3.10/dist-packages/airflow/example_dags/example_external_task_marker_dag.py                                                  0           0
/usr/local/lib/python3.10/dist-packages/airflow/example_dags/example_branch_python_dop_operator_3.py                                              0           0
/usr/local/lib/python3.10/dist-packages/airflow/example_dags/example_branch_day_of_week_operator.py                                               0           0
/usr/local/lib/python3.10/dist-packages/airflow/example_dags/example_latest_only_with_trigger.py                                                  0           0
/usr/local/lib/python3.10/dist-packages/airflow/example_dags/example_setup_teardown_taskflow.py                                                   0           0
/usr/local/lib/python3.10/dist-packages/airflow/example_dags/example_dynamic_task_mapping_with_no_taskflow_operators.py                           0           0
/usr/local/lib/python3.10/dist-packages/airflow/example_dags/example_sensors.py                                                                   0           0
/usr/local/lib/python3.10/dist-packages/airflow/example_dags/example_short_circuit_decorator.py                                                   0           0
/usr/local/lib/python3.10/dist-packages/airflow/example_dags/subdags/subdag.py                                                                    0           0  0.10s           2023-10-18T23:07:09
/usr/local/lib/python3.10/dist-packages/airflow/example_dags/plugins/workday.py                                                                   0           0  0.20s           2023-10-18T23:07:11
/usr/local/lib/python3.10/dist-packages/airflow/example_dags/plugins/listener_plugin.py                                                           0           0  0.10s           2023-10-18T23:07:12
/usr/local/lib/python3.10/dist-packages/airflow/example_dags/plugins/event_listener.py                                                            0           0  0.10s           2023-10-18T23:07:13
/usr/local/lib/python3.10/dist-packages/airflow/example_dags/tutorial.py                                                                          1           0  0.40s           2023-10-18T23:06:53
/usr/local/lib/python3.10/dist-packages/airflow/example_dags/example_trigger_target_dag.py                                                        1           0  0.61s           2023-10-18T23:06:55
/usr/local/lib/python3.10/dist-packages/airflow/example_dags/example_python_operator.py                                                           1           0  0.50s           2023-10-18T23:07:15
/usr/local/lib/python3.10/dist-packages/airflow/example_dags/example_trigger_controller_dag.py                                                    1           0  0.60s           2023-10-18T23:06:56
/usr/local/lib/python3.10/dist-packages/airflow/example_dags/example_dynamic_task_mapping.py                                                      1           0  0.40s           2023-10-18T23:07:18
/usr/local/lib/python3.10/dist-packages/airflow/example_dags/example_time_delta_sensor_async.py                                                   1           0  0.60s           2023-10-18T23:06:58
/usr/local/lib/python3.10/dist-packages/airflow/example_dags/tutorial_taskflow_api_virtualenv.py                                                  1           0  0.60s           2023-10-18T23:07:00
/usr/local/lib/python3.10/dist-packages/airflow/example_dags/example_branch_labels.py                                                             1           0  0.40s           2023-10-18T23:07:20
/usr/local/lib/python3.10/dist-packages/airflow/example_dags/example_nested_branch_dag.py                                                         1           0  0.40s           2023-10-18T23:07:22
/usr/local/lib/python3.10/dist-packages/airflow/example_dags/example_latest_only.py                                                               1           0  0.40s           2023-10-18T23:07:23
/usr/local/lib/python3.10/dist-packages/airflow/example_dags/example_task_group_decorator.py                                                      1           0  0.41s           2023-10-18T23:07:03
/usr/local/lib/python3.10/dist-packages/airflow/example_dags/tutorial_dag.py                                                                      1           0  0.81s           2023-10-18T23:07:04
/usr/local/lib/python3.10/dist-packages/airflow/example_dags/tutorial_taskflow_api.py                                                             1           0  0.91s           2023-10-18T23:07:06
/usr/local/lib/python3.10/dist-packages/airflow/example_dags/example_xcom.py                                                                      1           0  0.71s           2023-10-18T23:07:08
/usr/local/lib/python3.10/dist-packages/airflow/example_dags/example_xcomargs.py                                                                  2           0  0.60s           2023-10-18T23:07:02
/usr/local/lib/python3.10/dist-packages/airflow/example_dags/example_branch_datetime_operator.py                                                  3           0  0.70s           2023-10-18T23:07:17
/usr/local/lib/python3.10/dist-packages/airflow/example_dags/example_subdag_operator.py                                                           3           0  0.40s           2023-10-18T23:07:20
================================================================================
[2023-10-18T20:07:52.005-0300] {manager.py:469} INFO - Exiting gracefully upon receiving signal 15
[2023-10-18T20:08:05.664-0300] {manager.py:487} INFO - Processing files using up to 1 processes at a time 
[2023-10-18T20:08:05.666-0300] {manager.py:488} INFO - Process each file at most once every 30 seconds
[2023-10-18T20:08:05.667-0300] {manager.py:489} INFO - Checking for new files in /mnt/c/Users/filipe.macedo_ifood/Documents/how-desafio-03/airflow/dags every 300 seconds
[2023-10-18T20:08:05.669-0300] {manager.py:755} INFO - Searching for files in /mnt/c/Users/filipe.macedo_ifood/Documents/how-desafio-03/airflow/dags
[2023-10-18T20:08:05.672-0300] {manager.py:758} INFO - There are 0 files in /mnt/c/Users/filipe.macedo_ifood/Documents/how-desafio-03/airflow/dags
[2023-10-18T20:10:50.355-0300] {manager.py:469} INFO - Exiting gracefully upon receiving signal 15
[2023-10-18T20:17:57.642-0300] {manager.py:487} INFO - Processing files using up to 1 processes at a time 
[2023-10-18T20:17:57.643-0300] {manager.py:488} INFO - Process each file at most once every 30 seconds
[2023-10-18T20:17:57.645-0300] {manager.py:489} INFO - Checking for new files in /mnt/c/Users/filipe.macedo_ifood/Documents/how-desafio-03/airflow/dags every 300 seconds
[2023-10-18T20:17:57.647-0300] {manager.py:755} INFO - Searching for files in /mnt/c/Users/filipe.macedo_ifood/Documents/how-desafio-03/airflow/dags
[2023-10-18T20:17:57.744-0300] {manager.py:758} INFO - There are 1 files in /mnt/c/Users/filipe.macedo_ifood/Documents/how-desafio-03/airflow/dags
[2023-10-18T20:17:58.181-0300] {manager.py:887} INFO - 
================================================================================
DAG File Processing Stats

File Path                                                                              PID    Runtime      # DAGs    # Errors  Last Runtime    Last Run
-------------------------------------------------------------------------------------  -----  ---------  --------  ----------  --------------  -------------------
/mnt/c/Users/filipe.macedo_ifood/Documents/how-desafio-03/airflow/dags/weather_dag.py                           1           0  0.20s           2023-10-18T23:17:58
================================================================================
[2023-10-18T20:18:13.625-0300] {manager.py:469} INFO - Exiting gracefully upon receiving signal 15
[2023-10-18T20:22:53.720-0300] {manager.py:487} INFO - Processing files using up to 1 processes at a time 
[2023-10-18T20:22:53.722-0300] {manager.py:488} INFO - Process each file at most once every 30 seconds
[2023-10-18T20:22:53.723-0300] {manager.py:489} INFO - Checking for new files in /mnt/c/Users/filipe.macedo_ifood/Documents/how-desafio-03/airflow/dags every 300 seconds
[2023-10-18T20:22:53.724-0300] {manager.py:755} INFO - Searching for files in /mnt/c/Users/filipe.macedo_ifood/Documents/how-desafio-03/airflow/dags
[2023-10-18T20:22:53.782-0300] {manager.py:758} INFO - There are 1 files in /mnt/c/Users/filipe.macedo_ifood/Documents/how-desafio-03/airflow/dags
[2023-10-18T20:22:54.284-0300] {manager.py:887} INFO - 
================================================================================
DAG File Processing Stats

File Path                                                                              PID    Runtime      # DAGs    # Errors  Last Runtime    Last Run
-------------------------------------------------------------------------------------  -----  ---------  --------  ----------  --------------  -------------------
/mnt/c/Users/filipe.macedo_ifood/Documents/how-desafio-03/airflow/dags/weather_dag.py                           1           0  0.20s           2023-10-18T23:22:54
================================================================================
[2023-10-18T20:23:05.315-0300] {manager.py:469} INFO - Exiting gracefully upon receiving signal 15
[2023-10-18T20:26:35.744-0300] {manager.py:487} INFO - Processing files using up to 1 processes at a time 
[2023-10-18T20:26:35.746-0300] {manager.py:488} INFO - Process each file at most once every 30 seconds
[2023-10-18T20:26:35.747-0300] {manager.py:489} INFO - Checking for new files in /mnt/c/Users/filipe.macedo_ifood/Documents/how-desafio-03/airflow/dags every 300 seconds
[2023-10-18T20:26:35.748-0300] {manager.py:755} INFO - Searching for files in /mnt/c/Users/filipe.macedo_ifood/Documents/how-desafio-03/airflow/dags
[2023-10-18T20:26:35.800-0300] {manager.py:758} INFO - There are 1 files in /mnt/c/Users/filipe.macedo_ifood/Documents/how-desafio-03/airflow/dags
[2023-10-18T20:26:37.339-0300] {manager.py:887} INFO - 
================================================================================
DAG File Processing Stats

File Path                                                                              PID    Runtime      # DAGs    # Errors  Last Runtime    Last Run
-------------------------------------------------------------------------------------  -----  ---------  --------  ----------  --------------  -------------------
/mnt/c/Users/filipe.macedo_ifood/Documents/how-desafio-03/airflow/dags/weather_dag.py                           1           0  0.20s           2023-10-18T23:26:36
================================================================================
[2023-10-18T20:27:07.665-0300] {manager.py:887} INFO - 
================================================================================
DAG File Processing Stats

File Path                                                                              PID    Runtime      # DAGs    # Errors  Last Runtime    Last Run
-------------------------------------------------------------------------------------  -----  ---------  --------  ----------  --------------  -------------------
/mnt/c/Users/filipe.macedo_ifood/Documents/how-desafio-03/airflow/dags/weather_dag.py                           1           0  0.20s           2023-10-18T23:27:06
================================================================================
[2023-10-18T20:27:37.678-0300] {manager.py:887} INFO - 
================================================================================
DAG File Processing Stats

File Path                                                                              PID    Runtime      # DAGs    # Errors  Last Runtime    Last Run
-------------------------------------------------------------------------------------  -----  ---------  --------  ----------  --------------  -------------------
/mnt/c/Users/filipe.macedo_ifood/Documents/how-desafio-03/airflow/dags/weather_dag.py                           1           0  0.20s           2023-10-18T23:27:37
================================================================================
[2023-10-18T20:28:08.241-0300] {manager.py:887} INFO - 
================================================================================
DAG File Processing Stats

File Path                                                                              PID    Runtime      # DAGs    # Errors  Last Runtime    Last Run
-------------------------------------------------------------------------------------  -----  ---------  --------  ----------  --------------  -------------------
/mnt/c/Users/filipe.macedo_ifood/Documents/how-desafio-03/airflow/dags/weather_dag.py                           1           0  0.30s           2023-10-18T23:28:08
================================================================================
[2023-10-18T20:28:38.476-0300] {manager.py:887} INFO - 
================================================================================
DAG File Processing Stats

File Path                                                                              PID    Runtime      # DAGs    # Errors  Last Runtime    Last Run
-------------------------------------------------------------------------------------  -----  ---------  --------  ----------  --------------  -------------------
/mnt/c/Users/filipe.macedo_ifood/Documents/how-desafio-03/airflow/dags/weather_dag.py                           1           0  0.20s           2023-10-18T23:28:38
================================================================================
[2023-10-18T20:29:08.918-0300] {manager.py:887} INFO - 
================================================================================
DAG File Processing Stats

File Path                                                                              PID    Runtime      # DAGs    # Errors  Last Runtime    Last Run
-------------------------------------------------------------------------------------  -----  ---------  --------  ----------  --------------  -------------------
/mnt/c/Users/filipe.macedo_ifood/Documents/how-desafio-03/airflow/dags/weather_dag.py                           1           0  0.20s           2023-10-18T23:29:08
================================================================================
[2023-10-18T20:29:39.412-0300] {manager.py:887} INFO - 
================================================================================
DAG File Processing Stats

File Path                                                                              PID    Runtime      # DAGs    # Errors  Last Runtime    Last Run
-------------------------------------------------------------------------------------  -----  ---------  --------  ----------  --------------  -------------------
/mnt/c/Users/filipe.macedo_ifood/Documents/how-desafio-03/airflow/dags/weather_dag.py                           1           0  0.30s           2023-10-18T23:29:39
================================================================================
[2023-10-18T20:30:09.788-0300] {manager.py:887} INFO - 
================================================================================
DAG File Processing Stats

File Path                                                                              PID    Runtime      # DAGs    # Errors  Last Runtime    Last Run
-------------------------------------------------------------------------------------  -----  ---------  --------  ----------  --------------  -------------------
/mnt/c/Users/filipe.macedo_ifood/Documents/how-desafio-03/airflow/dags/weather_dag.py                           1           0  0.30s           2023-10-18T23:30:09
================================================================================
[2023-10-18T20:30:41.472-0300] {manager.py:887} INFO - 
================================================================================
DAG File Processing Stats

File Path                                                                              PID    Runtime      # DAGs    # Errors  Last Runtime    Last Run
-------------------------------------------------------------------------------------  -----  ---------  --------  ----------  --------------  -------------------
/mnt/c/Users/filipe.macedo_ifood/Documents/how-desafio-03/airflow/dags/weather_dag.py                           1           0  0.31s           2023-10-18T23:30:41
================================================================================
[2023-10-18T20:31:12.087-0300] {manager.py:887} INFO - 
================================================================================
DAG File Processing Stats

File Path                                                                              PID    Runtime      # DAGs    # Errors  Last Runtime    Last Run
-------------------------------------------------------------------------------------  -----  ---------  --------  ----------  --------------  -------------------
/mnt/c/Users/filipe.macedo_ifood/Documents/how-desafio-03/airflow/dags/weather_dag.py                           1           0  0.20s           2023-10-18T23:31:12
================================================================================
[2023-10-18T20:31:35.764-0300] {manager.py:755} INFO - Searching for files in /mnt/c/Users/filipe.macedo_ifood/Documents/how-desafio-03/airflow/dags
[2023-10-18T20:31:35.809-0300] {manager.py:758} INFO - There are 1 files in /mnt/c/Users/filipe.macedo_ifood/Documents/how-desafio-03/airflow/dags
[2023-10-18T20:31:42.678-0300] {manager.py:887} INFO - 
================================================================================
DAG File Processing Stats

File Path                                                                              PID    Runtime      # DAGs    # Errors  Last Runtime    Last Run
-------------------------------------------------------------------------------------  -----  ---------  --------  ----------  --------------  -------------------
/mnt/c/Users/filipe.macedo_ifood/Documents/how-desafio-03/airflow/dags/weather_dag.py                           1           0  0.20s           2023-10-18T23:31:42
================================================================================
[2023-10-18T20:32:13.181-0300] {manager.py:887} INFO - 
================================================================================
DAG File Processing Stats

File Path                                                                              PID    Runtime      # DAGs    # Errors  Last Runtime    Last Run
-------------------------------------------------------------------------------------  -----  ---------  --------  ----------  --------------  -------------------
/mnt/c/Users/filipe.macedo_ifood/Documents/how-desafio-03/airflow/dags/weather_dag.py                           1           0  0.20s           2023-10-18T23:32:13
================================================================================
[2023-10-18T20:32:43.855-0300] {manager.py:887} INFO - 
================================================================================
DAG File Processing Stats

File Path                                                                              PID    Runtime      # DAGs    # Errors  Last Runtime    Last Run
-------------------------------------------------------------------------------------  -----  ---------  --------  ----------  --------------  -------------------
/mnt/c/Users/filipe.macedo_ifood/Documents/how-desafio-03/airflow/dags/weather_dag.py                           1           0  0.20s           2023-10-18T23:32:43
================================================================================
[2023-10-18T20:33:14.487-0300] {manager.py:887} INFO - 
================================================================================
DAG File Processing Stats

File Path                                                                              PID    Runtime      # DAGs    # Errors  Last Runtime    Last Run
-------------------------------------------------------------------------------------  -----  ---------  --------  ----------  --------------  -------------------
/mnt/c/Users/filipe.macedo_ifood/Documents/how-desafio-03/airflow/dags/weather_dag.py                           1           0  0.30s           2023-10-18T23:33:14
================================================================================
[2023-10-18T20:33:45.168-0300] {manager.py:887} INFO - 
================================================================================
DAG File Processing Stats

File Path                                                                              PID    Runtime      # DAGs    # Errors  Last Runtime    Last Run
-------------------------------------------------------------------------------------  -----  ---------  --------  ----------  --------------  -------------------
/mnt/c/Users/filipe.macedo_ifood/Documents/how-desafio-03/airflow/dags/weather_dag.py                           1           0  0.20s           2023-10-18T23:33:45
================================================================================
[2023-10-18T20:34:15.616-0300] {manager.py:887} INFO - 
================================================================================
DAG File Processing Stats

File Path                                                                              PID    Runtime      # DAGs    # Errors  Last Runtime    Last Run
-------------------------------------------------------------------------------------  -----  ---------  --------  ----------  --------------  -------------------
/mnt/c/Users/filipe.macedo_ifood/Documents/how-desafio-03/airflow/dags/weather_dag.py                           1           0  0.20s           2023-10-18T23:34:15
================================================================================
[2023-10-18T20:34:46.475-0300] {manager.py:887} INFO - 
================================================================================
DAG File Processing Stats

File Path                                                                              PID    Runtime      # DAGs    # Errors  Last Runtime    Last Run
-------------------------------------------------------------------------------------  -----  ---------  --------  ----------  --------------  -------------------
/mnt/c/Users/filipe.macedo_ifood/Documents/how-desafio-03/airflow/dags/weather_dag.py                           1           0  0.30s           2023-10-18T23:34:46
================================================================================
[2023-10-18T20:35:17.140-0300] {manager.py:887} INFO - 
================================================================================
DAG File Processing Stats

File Path                                                                              PID    Runtime      # DAGs    # Errors  Last Runtime    Last Run
-------------------------------------------------------------------------------------  -----  ---------  --------  ----------  --------------  -------------------
/mnt/c/Users/filipe.macedo_ifood/Documents/how-desafio-03/airflow/dags/weather_dag.py                           1           0  0.20s           2023-10-18T23:35:17
================================================================================
[2023-10-18T20:35:47.733-0300] {manager.py:887} INFO - 
================================================================================
DAG File Processing Stats

File Path                                                                              PID    Runtime      # DAGs    # Errors  Last Runtime    Last Run
-------------------------------------------------------------------------------------  -----  ---------  --------  ----------  --------------  -------------------
/mnt/c/Users/filipe.macedo_ifood/Documents/how-desafio-03/airflow/dags/weather_dag.py                           1           0  0.30s           2023-10-18T23:35:47
================================================================================
[2023-10-18T20:36:18.119-0300] {manager.py:887} INFO - 
================================================================================
DAG File Processing Stats

File Path                                                                              PID    Runtime      # DAGs    # Errors  Last Runtime    Last Run
-------------------------------------------------------------------------------------  -----  ---------  --------  ----------  --------------  -------------------
/mnt/c/Users/filipe.macedo_ifood/Documents/how-desafio-03/airflow/dags/weather_dag.py                           1           0  0.20s           2023-10-18T23:36:18
================================================================================
[2023-10-18T20:36:36.000-0300] {manager.py:755} INFO - Searching for files in /mnt/c/Users/filipe.macedo_ifood/Documents/how-desafio-03/airflow/dags
[2023-10-18T20:36:36.095-0300] {manager.py:758} INFO - There are 1 files in /mnt/c/Users/filipe.macedo_ifood/Documents/how-desafio-03/airflow/dags
[2023-10-18T20:36:48.869-0300] {manager.py:887} INFO - 
================================================================================
DAG File Processing Stats

File Path                                                                              PID    Runtime      # DAGs    # Errors  Last Runtime    Last Run
-------------------------------------------------------------------------------------  -----  ---------  --------  ----------  --------------  -------------------
/mnt/c/Users/filipe.macedo_ifood/Documents/how-desafio-03/airflow/dags/weather_dag.py                           1           0  0.20s           2023-10-18T23:36:48
================================================================================
[2023-10-18T20:37:19.901-0300] {manager.py:887} INFO - 
================================================================================
DAG File Processing Stats

File Path                                                                              PID    Runtime      # DAGs    # Errors  Last Runtime    Last Run
-------------------------------------------------------------------------------------  -----  ---------  --------  ----------  --------------  -------------------
/mnt/c/Users/filipe.macedo_ifood/Documents/how-desafio-03/airflow/dags/weather_dag.py                           1           0  0.20s           2023-10-18T23:37:19
================================================================================
[2023-10-18T20:37:50.850-0300] {manager.py:887} INFO - 
================================================================================
DAG File Processing Stats

File Path                                                                              PID    Runtime      # DAGs    # Errors  Last Runtime    Last Run
-------------------------------------------------------------------------------------  -----  ---------  --------  ----------  --------------  -------------------
/mnt/c/Users/filipe.macedo_ifood/Documents/how-desafio-03/airflow/dags/weather_dag.py                           1           0  0.20s           2023-10-18T23:37:50
================================================================================
[2023-10-18T20:38:21.866-0300] {manager.py:887} INFO - 
================================================================================
DAG File Processing Stats

File Path                                                                              PID    Runtime      # DAGs    # Errors  Last Runtime    Last Run
-------------------------------------------------------------------------------------  -----  ---------  --------  ----------  --------------  -------------------
/mnt/c/Users/filipe.macedo_ifood/Documents/how-desafio-03/airflow/dags/weather_dag.py                           1           0  0.20s           2023-10-18T23:38:21
================================================================================
[2023-10-18T20:38:52.944-0300] {manager.py:887} INFO - 
================================================================================
DAG File Processing Stats

File Path                                                                              PID    Runtime      # DAGs    # Errors  Last Runtime    Last Run
-------------------------------------------------------------------------------------  -----  ---------  --------  ----------  --------------  -------------------
/mnt/c/Users/filipe.macedo_ifood/Documents/how-desafio-03/airflow/dags/weather_dag.py                           1           0  0.20s           2023-10-18T23:38:52
================================================================================
[2023-10-18T20:39:23.847-0300] {manager.py:887} INFO - 
================================================================================
DAG File Processing Stats

File Path                                                                              PID    Runtime      # DAGs    # Errors  Last Runtime    Last Run
-------------------------------------------------------------------------------------  -----  ---------  --------  ----------  --------------  -------------------
/mnt/c/Users/filipe.macedo_ifood/Documents/how-desafio-03/airflow/dags/weather_dag.py                           1           0  0.20s           2023-10-18T23:39:23
================================================================================
[2023-10-18T20:39:54.319-0300] {manager.py:887} INFO - 
================================================================================
DAG File Processing Stats

File Path                                                                              PID    Runtime      # DAGs    # Errors  Last Runtime    Last Run
-------------------------------------------------------------------------------------  -----  ---------  --------  ----------  --------------  -------------------
/mnt/c/Users/filipe.macedo_ifood/Documents/how-desafio-03/airflow/dags/weather_dag.py                           1           0  0.20s           2023-10-18T23:39:54
================================================================================
[2023-10-18T20:40:25.111-0300] {manager.py:887} INFO - 
================================================================================
DAG File Processing Stats

File Path                                                                              PID    Runtime      # DAGs    # Errors  Last Runtime    Last Run
-------------------------------------------------------------------------------------  -----  ---------  --------  ----------  --------------  -------------------
/mnt/c/Users/filipe.macedo_ifood/Documents/how-desafio-03/airflow/dags/weather_dag.py                           1           0  0.20s           2023-10-18T23:40:25
================================================================================
[2023-10-18T20:40:56.037-0300] {manager.py:887} INFO - 
================================================================================
DAG File Processing Stats

File Path                                                                              PID    Runtime      # DAGs    # Errors  Last Runtime    Last Run
-------------------------------------------------------------------------------------  -----  ---------  --------  ----------  --------------  -------------------
/mnt/c/Users/filipe.macedo_ifood/Documents/how-desafio-03/airflow/dags/weather_dag.py                           1           0  0.20s           2023-10-18T23:40:56
================================================================================
[2023-10-18T20:41:27.203-0300] {manager.py:887} INFO - 
================================================================================
DAG File Processing Stats

File Path                                                                              PID    Runtime      # DAGs    # Errors  Last Runtime    Last Run
-------------------------------------------------------------------------------------  -----  ---------  --------  ----------  --------------  -------------------
/mnt/c/Users/filipe.macedo_ifood/Documents/how-desafio-03/airflow/dags/weather_dag.py                           1           0  0.30s           2023-10-18T23:41:27
================================================================================
[2023-10-18T20:41:36.111-0300] {manager.py:755} INFO - Searching for files in /mnt/c/Users/filipe.macedo_ifood/Documents/how-desafio-03/airflow/dags
[2023-10-18T20:41:36.166-0300] {manager.py:758} INFO - There are 1 files in /mnt/c/Users/filipe.macedo_ifood/Documents/how-desafio-03/airflow/dags
[2023-10-18T20:41:57.922-0300] {manager.py:887} INFO - 
================================================================================
DAG File Processing Stats

File Path                                                                              PID    Runtime      # DAGs    # Errors  Last Runtime    Last Run
-------------------------------------------------------------------------------------  -----  ---------  --------  ----------  --------------  -------------------
/mnt/c/Users/filipe.macedo_ifood/Documents/how-desafio-03/airflow/dags/weather_dag.py                           1           0  0.20s           2023-10-18T23:41:57
================================================================================
[2023-10-18T20:42:08.967-0300] {manager.py:469} INFO - Exiting gracefully upon receiving signal 15
[2023-10-18T20:42:09.120-0300] {manager.py:487} INFO - Processing files using up to 1 processes at a time 
[2023-10-18T20:42:09.121-0300] {manager.py:488} INFO - Process each file at most once every 30 seconds
[2023-10-18T20:42:09.122-0300] {manager.py:489} INFO - Checking for new files in /mnt/c/Users/filipe.macedo_ifood/Documents/how-desafio-03/airflow/dags every 300 seconds
[2023-10-18T20:42:09.123-0300] {manager.py:755} INFO - Searching for files in /mnt/c/Users/filipe.macedo_ifood/Documents/how-desafio-03/airflow/dags
[2023-10-18T20:42:09.190-0300] {manager.py:758} INFO - There are 1 files in /mnt/c/Users/filipe.macedo_ifood/Documents/how-desafio-03/airflow/dags
[2023-10-18T20:42:09.732-0300] {manager.py:887} INFO - 
================================================================================
DAG File Processing Stats

File Path                                                                              PID    Runtime      # DAGs    # Errors  Last Runtime    Last Run
-------------------------------------------------------------------------------------  -----  ---------  --------  ----------  --------------  -------------------
/mnt/c/Users/filipe.macedo_ifood/Documents/how-desafio-03/airflow/dags/weather_dag.py                           1           0  0.30s           2023-10-18T23:42:09
================================================================================
[2023-10-18T20:42:40.156-0300] {manager.py:887} INFO - 
================================================================================
DAG File Processing Stats

File Path                                                                              PID    Runtime      # DAGs    # Errors  Last Runtime    Last Run
-------------------------------------------------------------------------------------  -----  ---------  --------  ----------  --------------  -------------------
/mnt/c/Users/filipe.macedo_ifood/Documents/how-desafio-03/airflow/dags/weather_dag.py                           1           0  0.30s           2023-10-18T23:42:40
================================================================================
[2023-10-18T20:43:12.918-0300] {manager.py:887} INFO - 
================================================================================
DAG File Processing Stats

File Path                                                                              PID    Runtime      # DAGs    # Errors  Last Runtime    Last Run
-------------------------------------------------------------------------------------  -----  ---------  --------  ----------  --------------  -------------------
/mnt/c/Users/filipe.macedo_ifood/Documents/how-desafio-03/airflow/dags/weather_dag.py                           1           0  0.20s           2023-10-18T23:43:12
================================================================================
[2023-10-18T20:43:43.692-0300] {manager.py:887} INFO - 
================================================================================
DAG File Processing Stats

File Path                                                                              PID    Runtime      # DAGs    # Errors  Last Runtime    Last Run
-------------------------------------------------------------------------------------  -----  ---------  --------  ----------  --------------  -------------------
/mnt/c/Users/filipe.macedo_ifood/Documents/how-desafio-03/airflow/dags/weather_dag.py                           1           0  0.20s           2023-10-18T23:43:43
================================================================================
[2023-10-18T20:44:14.409-0300] {manager.py:887} INFO - 
================================================================================
DAG File Processing Stats

File Path                                                                              PID    Runtime      # DAGs    # Errors  Last Runtime    Last Run
-------------------------------------------------------------------------------------  -----  ---------  --------  ----------  --------------  -------------------
/mnt/c/Users/filipe.macedo_ifood/Documents/how-desafio-03/airflow/dags/weather_dag.py                           1           0  0.20s           2023-10-18T23:44:14
================================================================================
[2023-10-18T20:44:44.663-0300] {manager.py:887} INFO - 
================================================================================
DAG File Processing Stats

File Path                                                                              PID    Runtime      # DAGs    # Errors  Last Runtime    Last Run
-------------------------------------------------------------------------------------  -----  ---------  --------  ----------  --------------  -------------------
/mnt/c/Users/filipe.macedo_ifood/Documents/how-desafio-03/airflow/dags/weather_dag.py                           1           0  0.20s           2023-10-18T23:44:44
================================================================================
[2023-10-18T20:45:14.907-0300] {manager.py:887} INFO - 
================================================================================
DAG File Processing Stats

File Path                                                                              PID    Runtime      # DAGs    # Errors  Last Runtime    Last Run
-------------------------------------------------------------------------------------  -----  ---------  --------  ----------  --------------  -------------------
/mnt/c/Users/filipe.macedo_ifood/Documents/how-desafio-03/airflow/dags/weather_dag.py                           1           0  0.20s           2023-10-18T23:45:14
================================================================================
[2023-10-18T20:45:46.179-0300] {manager.py:887} INFO - 
================================================================================
DAG File Processing Stats

File Path                                                                              PID    Runtime      # DAGs    # Errors  Last Runtime    Last Run
-------------------------------------------------------------------------------------  -----  ---------  --------  ----------  --------------  -------------------
/mnt/c/Users/filipe.macedo_ifood/Documents/how-desafio-03/airflow/dags/weather_dag.py                           1           0  0.20s           2023-10-18T23:45:46
================================================================================
[2023-10-18T20:46:17.377-0300] {manager.py:887} INFO - 
================================================================================
DAG File Processing Stats

File Path                                                                              PID    Runtime      # DAGs    # Errors  Last Runtime    Last Run
-------------------------------------------------------------------------------------  -----  ---------  --------  ----------  --------------  -------------------
/mnt/c/Users/filipe.macedo_ifood/Documents/how-desafio-03/airflow/dags/weather_dag.py                           1           0  0.20s           2023-10-18T23:46:17
================================================================================
[2023-10-18T20:46:48.439-0300] {manager.py:887} INFO - 
================================================================================
DAG File Processing Stats

File Path                                                                              PID    Runtime      # DAGs    # Errors  Last Runtime    Last Run
-------------------------------------------------------------------------------------  -----  ---------  --------  ----------  --------------  -------------------
/mnt/c/Users/filipe.macedo_ifood/Documents/how-desafio-03/airflow/dags/weather_dag.py                           1           0  0.20s           2023-10-18T23:46:48
================================================================================
[2023-10-18T20:47:08.907-0300] {manager.py:469} INFO - Exiting gracefully upon receiving signal 15
