[2024-01-25T21:23:10.182-0300] {logging_mixin.py:151} INFO - Changing /mnt/c/Users/filipe.macedo_ifood/Documents/how-desafio-03/airflow/logs/dag_id=how-desafio-03/run_id=scheduled__2024-01-25T09:15:00+00:00/task_id=invoke_lambda_function permission to 509
[2024-01-25T21:23:10.231-0300] {logging_mixin.py:151} INFO - Changing /mnt/c/Users/filipe.macedo_ifood/Documents/how-desafio-03/airflow/logs/dag_id=how-desafio-03/run_id=scheduled__2024-01-25T09:15:00+00:00/task_id=invoke_lambda_function permission to 509
[2024-01-25T21:23:10.250-0300] {taskinstance.py:1159} INFO - Dependencies all met for dep_context=non-requeueable deps ti=<TaskInstance: how-desafio-03.invoke_lambda_function scheduled__2024-01-25T09:15:00+00:00 [queued]>
[2024-01-25T21:23:10.263-0300] {taskinstance.py:1159} INFO - Dependencies all met for dep_context=requeueable deps ti=<TaskInstance: how-desafio-03.invoke_lambda_function scheduled__2024-01-25T09:15:00+00:00 [queued]>
[2024-01-25T21:23:10.263-0300] {taskinstance.py:1361} INFO - Starting attempt 1 of 1
[2024-01-25T21:23:10.290-0300] {taskinstance.py:1382} INFO - Executing <Task(LambdaInvokeFunctionOperator): invoke_lambda_function> on 2024-01-25 09:15:00+00:00
[2024-01-25T21:23:10.294-0300] {standard_task_runner.py:57} INFO - Started process 1435 to run task
[2024-01-25T21:23:10.297-0300] {standard_task_runner.py:84} INFO - Running: ['airflow', 'tasks', 'run', 'how-desafio-03', 'invoke_lambda_function', 'scheduled__2024-01-25T09:15:00+00:00', '--job-id', '181', '--raw', '--subdir', 'DAGS_FOLDER/weather_dag.py', '--cfg-path', '/tmp/tmpzcsl1389']
[2024-01-25T21:23:10.298-0300] {standard_task_runner.py:85} INFO - Job 181: Subtask invoke_lambda_function
[2024-01-25T21:23:10.367-0300] {logging_mixin.py:151} INFO - Changing /mnt/c/Users/filipe.macedo_ifood/Documents/how-desafio-03/airflow/logs/dag_id=how-desafio-03/run_id=scheduled__2024-01-25T09:15:00+00:00/task_id=invoke_lambda_function permission to 509
[2024-01-25T21:23:10.368-0300] {task_command.py:416} INFO - Running <TaskInstance: how-desafio-03.invoke_lambda_function scheduled__2024-01-25T09:15:00+00:00 [running]> on host 14111-NB.
[2024-01-25T21:23:10.496-0300] {taskinstance.py:1662} INFO - Exporting env vars: AIRFLOW_CTX_DAG_OWNER='airflow' AIRFLOW_CTX_DAG_ID='how-desafio-03' AIRFLOW_CTX_TASK_ID='invoke_lambda_function' AIRFLOW_CTX_EXECUTION_DATE='2024-01-25T09:15:00+00:00' AIRFLOW_CTX_TRY_NUMBER='1' AIRFLOW_CTX_DAG_RUN_ID='scheduled__2024-01-25T09:15:00+00:00'
[2024-01-25T21:23:10.497-0300] {lambda_function.py:211} INFO - Invoking AWS Lambda function: teste with payload: {"weather_daily": {"date": "1706228100"}}
[2024-01-25T21:23:10.506-0300] {base.py:73} INFO - Using connection ID 'aws_default' for task execution.
[2024-01-25T21:23:10.507-0300] {connection_wrapper.py:340} INFO - AWS Connection (conn_id='aws_default', conn_type='aws') credentials retrieved from login and password.
[2024-01-25T21:23:11.455-0300] {lambda_function.py:220} INFO - Lambda response metadata: {'RequestId': '87e0b95c-b51a-4e68-b792-70b349bc4af9', 'HTTPStatusCode': 200, 'HTTPHeaders': {'date': 'Fri, 26 Jan 2024 00:23:32 GMT', 'content-type': 'application/json', 'content-length': '4', 'connection': 'keep-alive', 'x-amzn-requestid': '87e0b95c-b51a-4e68-b792-70b349bc4af9', 'x-amzn-remapped-content-length': '0', 'x-amz-executed-version': '$LATEST', 'x-amzn-trace-id': 'root=1-65b2fb84-68bd7d6b11ce59940cf9bfa1;sampled=0;lineage=7d52695d:0'}, 'RetryAttempts': 0}
[2024-01-25T21:23:11.455-0300] {lambda_function.py:230} INFO - Lambda function invocation succeeded: {'RequestId': '87e0b95c-b51a-4e68-b792-70b349bc4af9', 'HTTPStatusCode': 200, 'HTTPHeaders': {'date': 'Fri, 26 Jan 2024 00:23:32 GMT', 'content-type': 'application/json', 'content-length': '4', 'connection': 'keep-alive', 'x-amzn-requestid': '87e0b95c-b51a-4e68-b792-70b349bc4af9', 'x-amzn-remapped-content-length': '0', 'x-amz-executed-version': '$LATEST', 'x-amzn-trace-id': 'root=1-65b2fb84-68bd7d6b11ce59940cf9bfa1;sampled=0;lineage=7d52695d:0'}, 'RetryAttempts': 0}
[2024-01-25T21:23:11.502-0300] {taskinstance.py:1400} INFO - Marking task as SUCCESS. dag_id=how-desafio-03, task_id=invoke_lambda_function, execution_date=20240125T091500, start_date=20240126T002310, end_date=20240126T002311
[2024-01-25T21:23:11.556-0300] {local_task_job_runner.py:228} INFO - Task exited with return code 0
[2024-01-25T21:23:11.579-0300] {taskinstance.py:2778} INFO - 0 downstream tasks scheduled from follow-on schedule check
