[2023-11-18T16:57:12.674-0300] {logging_mixin.py:151} INFO - Changing /mnt/c/Users/filipe.macedo_ifood/Documents/how-desafio-03/airflow/logs/dag_id=how-desafio-03/run_id=scheduled__2023-11-18T18:45:00+00:00/task_id=invoke_lambda_function permission to 509
[2023-11-18T16:57:12.767-0300] {logging_mixin.py:151} INFO - Changing /mnt/c/Users/filipe.macedo_ifood/Documents/how-desafio-03/airflow/logs/dag_id=how-desafio-03/run_id=scheduled__2023-11-18T18:45:00+00:00/task_id=invoke_lambda_function permission to 509
[2023-11-18T16:57:12.804-0300] {taskinstance.py:1159} INFO - Dependencies all met for dep_context=non-requeueable deps ti=<TaskInstance: how-desafio-03.invoke_lambda_function scheduled__2023-11-18T18:45:00+00:00 [queued]>
[2023-11-18T16:57:12.834-0300] {taskinstance.py:1159} INFO - Dependencies all met for dep_context=requeueable deps ti=<TaskInstance: how-desafio-03.invoke_lambda_function scheduled__2023-11-18T18:45:00+00:00 [queued]>
[2023-11-18T16:57:12.835-0300] {taskinstance.py:1361} INFO - Starting attempt 1 of 1
[2023-11-18T16:57:12.907-0300] {taskinstance.py:1382} INFO - Executing <Task(LambdaInvokeFunctionOperator): invoke_lambda_function> on 2023-11-18 18:45:00+00:00
[2023-11-18T16:57:12.910-0300] {standard_task_runner.py:57} INFO - Started process 404 to run task
[2023-11-18T16:57:12.912-0300] {standard_task_runner.py:84} INFO - Running: ['airflow', 'tasks', 'run', 'how-desafio-03', 'invoke_lambda_function', 'scheduled__2023-11-18T18:45:00+00:00', '--job-id', '137', '--raw', '--subdir', 'DAGS_FOLDER/weather_dag.py', '--cfg-path', '/tmp/tmpu2sksu_o']
[2023-11-18T16:57:12.913-0300] {standard_task_runner.py:85} INFO - Job 137: Subtask invoke_lambda_function
[2023-11-18T16:57:13.032-0300] {logging_mixin.py:151} INFO - Changing /mnt/c/Users/filipe.macedo_ifood/Documents/how-desafio-03/airflow/logs/dag_id=how-desafio-03/run_id=scheduled__2023-11-18T18:45:00+00:00/task_id=invoke_lambda_function permission to 509
[2023-11-18T16:57:13.035-0300] {task_command.py:416} INFO - Running <TaskInstance: how-desafio-03.invoke_lambda_function scheduled__2023-11-18T18:45:00+00:00 [running]> on host 14111-NB.
[2023-11-18T16:57:13.272-0300] {taskinstance.py:1662} INFO - Exporting env vars: AIRFLOW_CTX_DAG_OWNER='airflow' AIRFLOW_CTX_DAG_ID='how-desafio-03' AIRFLOW_CTX_TASK_ID='invoke_lambda_function' AIRFLOW_CTX_EXECUTION_DATE='2023-11-18T18:45:00+00:00' AIRFLOW_CTX_TRY_NUMBER='1' AIRFLOW_CTX_DAG_RUN_ID='scheduled__2023-11-18T18:45:00+00:00'
[2023-11-18T16:57:13.272-0300] {lambda_function.py:211} INFO - Invoking AWS Lambda function: my_first_test with payload: {"weather_daily": {"date": "1700336700"}}
[2023-11-18T16:57:13.286-0300] {base.py:73} INFO - Using connection ID 'aws_default' for task execution.
[2023-11-18T16:57:13.287-0300] {connection_wrapper.py:340} INFO - AWS Connection (conn_id='aws_default', conn_type='aws') credentials retrieved from login and password.
[2023-11-18T16:57:14.356-0300] {lambda_function.py:220} INFO - Lambda response metadata: {'RequestId': 'd569ac36-d308-4e31-8e5d-c2310fa2bf97', 'HTTPStatusCode': 200, 'HTTPHeaders': {'date': 'Sat, 18 Nov 2023 19:57:19 GMT', 'content-type': 'application/json', 'content-length': '4', 'connection': 'keep-alive', 'x-amzn-requestid': 'd569ac36-d308-4e31-8e5d-c2310fa2bf97', 'x-amzn-remapped-content-length': '0', 'x-amz-executed-version': '$LATEST', 'x-amzn-trace-id': 'root=1-6559171f-06f241e865389daf46597b71;sampled=0;lineage=2d7f70ec:0'}, 'RetryAttempts': 0}
[2023-11-18T16:57:14.357-0300] {lambda_function.py:230} INFO - Lambda function invocation succeeded: {'RequestId': 'd569ac36-d308-4e31-8e5d-c2310fa2bf97', 'HTTPStatusCode': 200, 'HTTPHeaders': {'date': 'Sat, 18 Nov 2023 19:57:19 GMT', 'content-type': 'application/json', 'content-length': '4', 'connection': 'keep-alive', 'x-amzn-requestid': 'd569ac36-d308-4e31-8e5d-c2310fa2bf97', 'x-amzn-remapped-content-length': '0', 'x-amz-executed-version': '$LATEST', 'x-amzn-trace-id': 'root=1-6559171f-06f241e865389daf46597b71;sampled=0;lineage=2d7f70ec:0'}, 'RetryAttempts': 0}
[2023-11-18T16:57:14.422-0300] {taskinstance.py:1400} INFO - Marking task as SUCCESS. dag_id=how-desafio-03, task_id=invoke_lambda_function, execution_date=20231118T184500, start_date=20231118T195712, end_date=20231118T195714
[2023-11-18T16:57:14.495-0300] {local_task_job_runner.py:228} INFO - Task exited with return code 0
[2023-11-18T16:57:14.528-0300] {taskinstance.py:2778} INFO - 0 downstream tasks scheduled from follow-on schedule check
