[2024-01-30T21:00:20.103-0300] {processor.py:157} INFO - Started process (PID=183) to work on /mnt/c/Users/filipe.macedo_ifood/Documents/how-desafio-03/airflow/dags/weather_dag.py
[2024-01-30T21:00:20.104-0300] {processor.py:829} INFO - Processing file /mnt/c/Users/filipe.macedo_ifood/Documents/how-desafio-03/airflow/dags/weather_dag.py for tasks to queue
[2024-01-30T21:00:20.104-0300] {logging_mixin.py:151} INFO - [2024-01-30T21:00:20.104-0300] {dagbag.py:536} INFO - Filling up the DagBag from /mnt/c/Users/filipe.macedo_ifood/Documents/how-desafio-03/airflow/dags/weather_dag.py
[2024-01-30T21:00:20.128-0300] {logging_mixin.py:151} INFO - [2024-01-30T21:00:20.123-0300] {dagbag.py:346} ERROR - Failed to import: /mnt/c/Users/filipe.macedo_ifood/Documents/how-desafio-03/airflow/dags/weather_dag.py
Traceback (most recent call last):
  File "/usr/local/lib/python3.10/dist-packages/airflow/models/dagbag.py", line 342, in parse
    loader.exec_module(new_module)
  File "<frozen importlib._bootstrap_external>", line 883, in exec_module
  File "<frozen importlib._bootstrap>", line 241, in _call_with_frames_removed
  File "/mnt/c/Users/filipe.macedo_ifood/Documents/how-desafio-03/airflow/dags/weather_dag.py", line 39, in <module>
    now = datetime.now() - datetime.timedelta(minutes=60)
AttributeError: type object 'datetime.datetime' has no attribute 'timedelta'
[2024-01-30T21:00:20.134-0300] {processor.py:841} WARNING - No viable dags retrieved from /mnt/c/Users/filipe.macedo_ifood/Documents/how-desafio-03/airflow/dags/weather_dag.py
[2024-01-30T21:00:20.166-0300] {processor.py:179} INFO - Processing /mnt/c/Users/filipe.macedo_ifood/Documents/how-desafio-03/airflow/dags/weather_dag.py took 0.065 seconds
[2024-01-30T21:00:51.152-0300] {processor.py:157} INFO - Started process (PID=185) to work on /mnt/c/Users/filipe.macedo_ifood/Documents/how-desafio-03/airflow/dags/weather_dag.py
[2024-01-30T21:00:51.153-0300] {processor.py:829} INFO - Processing file /mnt/c/Users/filipe.macedo_ifood/Documents/how-desafio-03/airflow/dags/weather_dag.py for tasks to queue
[2024-01-30T21:00:51.154-0300] {logging_mixin.py:151} INFO - [2024-01-30T21:00:51.154-0300] {dagbag.py:536} INFO - Filling up the DagBag from /mnt/c/Users/filipe.macedo_ifood/Documents/how-desafio-03/airflow/dags/weather_dag.py
[2024-01-30T21:00:51.184-0300] {logging_mixin.py:151} INFO - [2024-01-30T21:00:51.180-0300] {dagbag.py:346} ERROR - Failed to import: /mnt/c/Users/filipe.macedo_ifood/Documents/how-desafio-03/airflow/dags/weather_dag.py
Traceback (most recent call last):
  File "/usr/local/lib/python3.10/dist-packages/airflow/models/dagbag.py", line 342, in parse
    loader.exec_module(new_module)
  File "<frozen importlib._bootstrap_external>", line 883, in exec_module
  File "<frozen importlib._bootstrap>", line 241, in _call_with_frames_removed
  File "/mnt/c/Users/filipe.macedo_ifood/Documents/how-desafio-03/airflow/dags/weather_dag.py", line 39, in <module>
    now = datetime.now() - datetime.timedelta(minutes=60)
AttributeError: type object 'datetime.datetime' has no attribute 'timedelta'
[2024-01-30T21:00:51.186-0300] {processor.py:841} WARNING - No viable dags retrieved from /mnt/c/Users/filipe.macedo_ifood/Documents/how-desafio-03/airflow/dags/weather_dag.py
[2024-01-30T21:00:51.238-0300] {processor.py:179} INFO - Processing /mnt/c/Users/filipe.macedo_ifood/Documents/how-desafio-03/airflow/dags/weather_dag.py took 0.088 seconds
[2024-01-30T21:01:22.075-0300] {processor.py:157} INFO - Started process (PID=186) to work on /mnt/c/Users/filipe.macedo_ifood/Documents/how-desafio-03/airflow/dags/weather_dag.py
[2024-01-30T21:01:22.077-0300] {processor.py:829} INFO - Processing file /mnt/c/Users/filipe.macedo_ifood/Documents/how-desafio-03/airflow/dags/weather_dag.py for tasks to queue
[2024-01-30T21:01:22.078-0300] {logging_mixin.py:151} INFO - [2024-01-30T21:01:22.077-0300] {dagbag.py:536} INFO - Filling up the DagBag from /mnt/c/Users/filipe.macedo_ifood/Documents/how-desafio-03/airflow/dags/weather_dag.py
[2024-01-30T21:01:22.123-0300] {logging_mixin.py:151} INFO - [2024-01-30T21:01:22.113-0300] {dagbag.py:346} ERROR - Failed to import: /mnt/c/Users/filipe.macedo_ifood/Documents/how-desafio-03/airflow/dags/weather_dag.py
Traceback (most recent call last):
  File "/usr/local/lib/python3.10/dist-packages/airflow/models/dagbag.py", line 342, in parse
    loader.exec_module(new_module)
  File "<frozen importlib._bootstrap_external>", line 883, in exec_module
  File "<frozen importlib._bootstrap>", line 241, in _call_with_frames_removed
  File "/mnt/c/Users/filipe.macedo_ifood/Documents/how-desafio-03/airflow/dags/weather_dag.py", line 39, in <module>
    now = datetime.now() - datetime.timedelta(minutes=60)
AttributeError: type object 'datetime.datetime' has no attribute 'timedelta'
[2024-01-30T21:01:22.127-0300] {processor.py:841} WARNING - No viable dags retrieved from /mnt/c/Users/filipe.macedo_ifood/Documents/how-desafio-03/airflow/dags/weather_dag.py
[2024-01-30T21:01:22.186-0300] {processor.py:179} INFO - Processing /mnt/c/Users/filipe.macedo_ifood/Documents/how-desafio-03/airflow/dags/weather_dag.py took 0.112 seconds
[2024-01-30T21:01:52.917-0300] {processor.py:157} INFO - Started process (PID=187) to work on /mnt/c/Users/filipe.macedo_ifood/Documents/how-desafio-03/airflow/dags/weather_dag.py
[2024-01-30T21:01:52.918-0300] {processor.py:829} INFO - Processing file /mnt/c/Users/filipe.macedo_ifood/Documents/how-desafio-03/airflow/dags/weather_dag.py for tasks to queue
[2024-01-30T21:01:52.918-0300] {logging_mixin.py:151} INFO - [2024-01-30T21:01:52.918-0300] {dagbag.py:536} INFO - Filling up the DagBag from /mnt/c/Users/filipe.macedo_ifood/Documents/how-desafio-03/airflow/dags/weather_dag.py
[2024-01-30T21:01:52.943-0300] {logging_mixin.py:151} INFO - [2024-01-30T21:01:52.939-0300] {dagbag.py:346} ERROR - Failed to import: /mnt/c/Users/filipe.macedo_ifood/Documents/how-desafio-03/airflow/dags/weather_dag.py
Traceback (most recent call last):
  File "/usr/local/lib/python3.10/dist-packages/airflow/models/dagbag.py", line 342, in parse
    loader.exec_module(new_module)
  File "<frozen importlib._bootstrap_external>", line 883, in exec_module
  File "<frozen importlib._bootstrap>", line 241, in _call_with_frames_removed
  File "/mnt/c/Users/filipe.macedo_ifood/Documents/how-desafio-03/airflow/dags/weather_dag.py", line 39, in <module>
    now = datetime.now() - datetime.timedelta(minutes=60)
AttributeError: type object 'datetime.datetime' has no attribute 'timedelta'
[2024-01-30T21:01:52.945-0300] {processor.py:841} WARNING - No viable dags retrieved from /mnt/c/Users/filipe.macedo_ifood/Documents/how-desafio-03/airflow/dags/weather_dag.py
[2024-01-30T21:01:52.978-0300] {processor.py:179} INFO - Processing /mnt/c/Users/filipe.macedo_ifood/Documents/how-desafio-03/airflow/dags/weather_dag.py took 0.064 seconds
[2024-01-30T21:02:23.742-0300] {processor.py:157} INFO - Started process (PID=188) to work on /mnt/c/Users/filipe.macedo_ifood/Documents/how-desafio-03/airflow/dags/weather_dag.py
[2024-01-30T21:02:23.743-0300] {processor.py:829} INFO - Processing file /mnt/c/Users/filipe.macedo_ifood/Documents/how-desafio-03/airflow/dags/weather_dag.py for tasks to queue
[2024-01-30T21:02:23.744-0300] {logging_mixin.py:151} INFO - [2024-01-30T21:02:23.744-0300] {dagbag.py:536} INFO - Filling up the DagBag from /mnt/c/Users/filipe.macedo_ifood/Documents/how-desafio-03/airflow/dags/weather_dag.py
[2024-01-30T21:02:23.778-0300] {logging_mixin.py:151} INFO - [2024-01-30T21:02:23.773-0300] {dagbag.py:346} ERROR - Failed to import: /mnt/c/Users/filipe.macedo_ifood/Documents/how-desafio-03/airflow/dags/weather_dag.py
Traceback (most recent call last):
  File "/usr/local/lib/python3.10/dist-packages/airflow/models/dagbag.py", line 342, in parse
    loader.exec_module(new_module)
  File "<frozen importlib._bootstrap_external>", line 883, in exec_module
  File "<frozen importlib._bootstrap>", line 241, in _call_with_frames_removed
  File "/mnt/c/Users/filipe.macedo_ifood/Documents/how-desafio-03/airflow/dags/weather_dag.py", line 39, in <module>
    now = datetime.now() - datetime.timedelta(minutes=60)
AttributeError: type object 'datetime.datetime' has no attribute 'timedelta'
[2024-01-30T21:02:23.780-0300] {processor.py:841} WARNING - No viable dags retrieved from /mnt/c/Users/filipe.macedo_ifood/Documents/how-desafio-03/airflow/dags/weather_dag.py
[2024-01-30T21:02:23.824-0300] {processor.py:179} INFO - Processing /mnt/c/Users/filipe.macedo_ifood/Documents/how-desafio-03/airflow/dags/weather_dag.py took 0.085 seconds
[2024-01-30T21:02:54.748-0300] {processor.py:157} INFO - Started process (PID=189) to work on /mnt/c/Users/filipe.macedo_ifood/Documents/how-desafio-03/airflow/dags/weather_dag.py
[2024-01-30T21:02:54.750-0300] {processor.py:829} INFO - Processing file /mnt/c/Users/filipe.macedo_ifood/Documents/how-desafio-03/airflow/dags/weather_dag.py for tasks to queue
[2024-01-30T21:02:54.751-0300] {logging_mixin.py:151} INFO - [2024-01-30T21:02:54.751-0300] {dagbag.py:536} INFO - Filling up the DagBag from /mnt/c/Users/filipe.macedo_ifood/Documents/how-desafio-03/airflow/dags/weather_dag.py
[2024-01-30T21:02:54.777-0300] {logging_mixin.py:151} INFO - [2024-01-30T21:02:54.772-0300] {dagbag.py:346} ERROR - Failed to import: /mnt/c/Users/filipe.macedo_ifood/Documents/how-desafio-03/airflow/dags/weather_dag.py
Traceback (most recent call last):
  File "/usr/local/lib/python3.10/dist-packages/airflow/models/dagbag.py", line 342, in parse
    loader.exec_module(new_module)
  File "<frozen importlib._bootstrap_external>", line 883, in exec_module
  File "<frozen importlib._bootstrap>", line 241, in _call_with_frames_removed
  File "/mnt/c/Users/filipe.macedo_ifood/Documents/how-desafio-03/airflow/dags/weather_dag.py", line 39, in <module>
    now = datetime.now() - datetime.timedelta(minutes=60)
AttributeError: type object 'datetime.datetime' has no attribute 'timedelta'
[2024-01-30T21:02:54.779-0300] {processor.py:841} WARNING - No viable dags retrieved from /mnt/c/Users/filipe.macedo_ifood/Documents/how-desafio-03/airflow/dags/weather_dag.py
[2024-01-30T21:02:54.850-0300] {processor.py:179} INFO - Processing /mnt/c/Users/filipe.macedo_ifood/Documents/how-desafio-03/airflow/dags/weather_dag.py took 0.104 seconds
[2024-01-30T21:03:25.751-0300] {processor.py:157} INFO - Started process (PID=190) to work on /mnt/c/Users/filipe.macedo_ifood/Documents/how-desafio-03/airflow/dags/weather_dag.py
[2024-01-30T21:03:25.753-0300] {processor.py:829} INFO - Processing file /mnt/c/Users/filipe.macedo_ifood/Documents/how-desafio-03/airflow/dags/weather_dag.py for tasks to queue
[2024-01-30T21:03:25.754-0300] {logging_mixin.py:151} INFO - [2024-01-30T21:03:25.754-0300] {dagbag.py:536} INFO - Filling up the DagBag from /mnt/c/Users/filipe.macedo_ifood/Documents/how-desafio-03/airflow/dags/weather_dag.py
[2024-01-30T21:03:25.807-0300] {logging_mixin.py:151} INFO - [2024-01-30T21:03:25.794-0300] {dagbag.py:346} ERROR - Failed to import: /mnt/c/Users/filipe.macedo_ifood/Documents/how-desafio-03/airflow/dags/weather_dag.py
Traceback (most recent call last):
  File "/usr/local/lib/python3.10/dist-packages/airflow/models/dagbag.py", line 342, in parse
    loader.exec_module(new_module)
  File "<frozen importlib._bootstrap_external>", line 883, in exec_module
  File "<frozen importlib._bootstrap>", line 241, in _call_with_frames_removed
  File "/mnt/c/Users/filipe.macedo_ifood/Documents/how-desafio-03/airflow/dags/weather_dag.py", line 39, in <module>
    now = datetime.now() - datetime.timedelta(minutes=60)
AttributeError: type object 'datetime.datetime' has no attribute 'timedelta'
[2024-01-30T21:03:25.809-0300] {processor.py:841} WARNING - No viable dags retrieved from /mnt/c/Users/filipe.macedo_ifood/Documents/how-desafio-03/airflow/dags/weather_dag.py
[2024-01-30T21:03:25.847-0300] {processor.py:179} INFO - Processing /mnt/c/Users/filipe.macedo_ifood/Documents/how-desafio-03/airflow/dags/weather_dag.py took 0.098 seconds
[2024-01-30T21:03:56.829-0300] {processor.py:157} INFO - Started process (PID=191) to work on /mnt/c/Users/filipe.macedo_ifood/Documents/how-desafio-03/airflow/dags/weather_dag.py
[2024-01-30T21:03:56.830-0300] {processor.py:829} INFO - Processing file /mnt/c/Users/filipe.macedo_ifood/Documents/how-desafio-03/airflow/dags/weather_dag.py for tasks to queue
[2024-01-30T21:03:56.831-0300] {logging_mixin.py:151} INFO - [2024-01-30T21:03:56.831-0300] {dagbag.py:536} INFO - Filling up the DagBag from /mnt/c/Users/filipe.macedo_ifood/Documents/how-desafio-03/airflow/dags/weather_dag.py
[2024-01-30T21:03:56.865-0300] {logging_mixin.py:151} INFO - [2024-01-30T21:03:56.857-0300] {dagbag.py:346} ERROR - Failed to import: /mnt/c/Users/filipe.macedo_ifood/Documents/how-desafio-03/airflow/dags/weather_dag.py
Traceback (most recent call last):
  File "/usr/local/lib/python3.10/dist-packages/airflow/models/dagbag.py", line 342, in parse
    loader.exec_module(new_module)
  File "<frozen importlib._bootstrap_external>", line 883, in exec_module
  File "<frozen importlib._bootstrap>", line 241, in _call_with_frames_removed
  File "/mnt/c/Users/filipe.macedo_ifood/Documents/how-desafio-03/airflow/dags/weather_dag.py", line 39, in <module>
    now = datetime.now() - datetime.timedelta(minutes=60)
AttributeError: type object 'datetime.datetime' has no attribute 'timedelta'
[2024-01-30T21:03:56.870-0300] {processor.py:841} WARNING - No viable dags retrieved from /mnt/c/Users/filipe.macedo_ifood/Documents/how-desafio-03/airflow/dags/weather_dag.py
[2024-01-30T21:03:56.924-0300] {processor.py:179} INFO - Processing /mnt/c/Users/filipe.macedo_ifood/Documents/how-desafio-03/airflow/dags/weather_dag.py took 0.098 seconds
[2024-01-30T21:04:17.392-0300] {processor.py:157} INFO - Started process (PID=192) to work on /mnt/c/Users/filipe.macedo_ifood/Documents/how-desafio-03/airflow/dags/weather_dag.py
[2024-01-30T21:04:17.393-0300] {processor.py:829} INFO - Processing file /mnt/c/Users/filipe.macedo_ifood/Documents/how-desafio-03/airflow/dags/weather_dag.py for tasks to queue
[2024-01-30T21:04:17.395-0300] {logging_mixin.py:151} INFO - [2024-01-30T21:04:17.395-0300] {dagbag.py:536} INFO - Filling up the DagBag from /mnt/c/Users/filipe.macedo_ifood/Documents/how-desafio-03/airflow/dags/weather_dag.py
[2024-01-30T21:04:17.447-0300] {logging_mixin.py:151} WARNING - /usr/local/lib/python3.10/dist-packages/airflow/models/baseoperator.py:437 UserWarning: The parameter waiter_countdown has been deprecated to standardize naming conventions.  Please use waiter_max_attempts instead.  In the future this will default to None and defer to the waiter's default value.
[2024-01-30T21:04:17.449-0300] {logging_mixin.py:151} WARNING - /usr/local/lib/python3.10/dist-packages/airflow/models/baseoperator.py:437 UserWarning: The parameter waiter_check_interval_seconds has been deprecated to standardize naming conventions.  Please use waiter_delay instead.  In the future this will default to None and defer to the waiter's default value.
[2024-01-30T21:04:17.454-0300] {processor.py:839} INFO - DAG(s) dict_keys(['how-desafio-3']) retrieved from /mnt/c/Users/filipe.macedo_ifood/Documents/how-desafio-03/airflow/dags/weather_dag.py
[2024-01-30T21:04:17.567-0300] {logging_mixin.py:151} INFO - [2024-01-30T21:04:17.567-0300] {dag.py:2941} INFO - Sync 1 DAGs
[2024-01-30T21:04:17.586-0300] {logging_mixin.py:151} INFO - [2024-01-30T21:04:17.586-0300] {dag.py:3722} INFO - Setting next_dagrun for how-desafio-3 to 2024-01-30T23:00:00+00:00, run_after=2024-01-31T00:00:00+00:00
[2024-01-30T21:04:17.711-0300] {processor.py:179} INFO - Processing /mnt/c/Users/filipe.macedo_ifood/Documents/how-desafio-03/airflow/dags/weather_dag.py took 0.321 seconds
[2024-01-30T21:04:48.279-0300] {processor.py:157} INFO - Started process (PID=193) to work on /mnt/c/Users/filipe.macedo_ifood/Documents/how-desafio-03/airflow/dags/weather_dag.py
[2024-01-30T21:04:48.281-0300] {processor.py:829} INFO - Processing file /mnt/c/Users/filipe.macedo_ifood/Documents/how-desafio-03/airflow/dags/weather_dag.py for tasks to queue
[2024-01-30T21:04:48.282-0300] {logging_mixin.py:151} INFO - [2024-01-30T21:04:48.282-0300] {dagbag.py:536} INFO - Filling up the DagBag from /mnt/c/Users/filipe.macedo_ifood/Documents/how-desafio-03/airflow/dags/weather_dag.py
[2024-01-30T21:04:48.328-0300] {logging_mixin.py:151} WARNING - /usr/local/lib/python3.10/dist-packages/airflow/models/baseoperator.py:437 UserWarning: The parameter waiter_countdown has been deprecated to standardize naming conventions.  Please use waiter_max_attempts instead.  In the future this will default to None and defer to the waiter's default value.
[2024-01-30T21:04:48.329-0300] {logging_mixin.py:151} WARNING - /usr/local/lib/python3.10/dist-packages/airflow/models/baseoperator.py:437 UserWarning: The parameter waiter_check_interval_seconds has been deprecated to standardize naming conventions.  Please use waiter_delay instead.  In the future this will default to None and defer to the waiter's default value.
[2024-01-30T21:04:48.333-0300] {processor.py:839} INFO - DAG(s) dict_keys(['how-desafio-3']) retrieved from /mnt/c/Users/filipe.macedo_ifood/Documents/how-desafio-03/airflow/dags/weather_dag.py
[2024-01-30T21:04:48.365-0300] {logging_mixin.py:151} INFO - [2024-01-30T21:04:48.365-0300] {dag.py:2941} INFO - Sync 1 DAGs
[2024-01-30T21:04:48.382-0300] {logging_mixin.py:151} INFO - [2024-01-30T21:04:48.382-0300] {dag.py:3722} INFO - Setting next_dagrun for how-desafio-3 to 2024-01-30T23:00:00+00:00, run_after=2024-01-31T00:00:00+00:00
[2024-01-30T21:04:48.441-0300] {processor.py:179} INFO - Processing /mnt/c/Users/filipe.macedo_ifood/Documents/how-desafio-03/airflow/dags/weather_dag.py took 0.164 seconds
[2024-01-30T21:05:18.817-0300] {processor.py:157} INFO - Started process (PID=194) to work on /mnt/c/Users/filipe.macedo_ifood/Documents/how-desafio-03/airflow/dags/weather_dag.py
[2024-01-30T21:05:18.818-0300] {processor.py:829} INFO - Processing file /mnt/c/Users/filipe.macedo_ifood/Documents/how-desafio-03/airflow/dags/weather_dag.py for tasks to queue
[2024-01-30T21:05:18.819-0300] {logging_mixin.py:151} INFO - [2024-01-30T21:05:18.818-0300] {dagbag.py:536} INFO - Filling up the DagBag from /mnt/c/Users/filipe.macedo_ifood/Documents/how-desafio-03/airflow/dags/weather_dag.py
[2024-01-30T21:05:18.844-0300] {logging_mixin.py:151} WARNING - /usr/local/lib/python3.10/dist-packages/airflow/models/baseoperator.py:437 UserWarning: The parameter waiter_countdown has been deprecated to standardize naming conventions.  Please use waiter_max_attempts instead.  In the future this will default to None and defer to the waiter's default value.
[2024-01-30T21:05:18.845-0300] {logging_mixin.py:151} WARNING - /usr/local/lib/python3.10/dist-packages/airflow/models/baseoperator.py:437 UserWarning: The parameter waiter_check_interval_seconds has been deprecated to standardize naming conventions.  Please use waiter_delay instead.  In the future this will default to None and defer to the waiter's default value.
[2024-01-30T21:05:18.851-0300] {processor.py:839} INFO - DAG(s) dict_keys(['how-desafio-3']) retrieved from /mnt/c/Users/filipe.macedo_ifood/Documents/how-desafio-03/airflow/dags/weather_dag.py
[2024-01-30T21:05:18.875-0300] {logging_mixin.py:151} INFO - [2024-01-30T21:05:18.875-0300] {dag.py:2941} INFO - Sync 1 DAGs
[2024-01-30T21:05:18.902-0300] {logging_mixin.py:151} INFO - [2024-01-30T21:05:18.902-0300] {dag.py:3722} INFO - Setting next_dagrun for how-desafio-3 to 2024-01-30T23:00:00+00:00, run_after=2024-01-31T00:00:00+00:00
[2024-01-30T21:05:18.997-0300] {processor.py:179} INFO - Processing /mnt/c/Users/filipe.macedo_ifood/Documents/how-desafio-03/airflow/dags/weather_dag.py took 0.182 seconds
[2024-01-30T21:12:52.856-0300] {processor.py:157} INFO - Started process (PID=204) to work on /mnt/c/Users/filipe.macedo_ifood/Documents/how-desafio-03/airflow/dags/weather_dag.py
[2024-01-30T21:12:52.857-0300] {processor.py:829} INFO - Processing file /mnt/c/Users/filipe.macedo_ifood/Documents/how-desafio-03/airflow/dags/weather_dag.py for tasks to queue
[2024-01-30T21:12:52.859-0300] {logging_mixin.py:151} INFO - [2024-01-30T21:12:52.859-0300] {dagbag.py:536} INFO - Filling up the DagBag from /mnt/c/Users/filipe.macedo_ifood/Documents/how-desafio-03/airflow/dags/weather_dag.py
[2024-01-30T21:12:52.894-0300] {logging_mixin.py:151} WARNING - /usr/local/lib/python3.10/dist-packages/airflow/models/baseoperator.py:437 UserWarning: The parameter waiter_countdown has been deprecated to standardize naming conventions.  Please use waiter_max_attempts instead.  In the future this will default to None and defer to the waiter's default value.
[2024-01-30T21:12:52.896-0300] {logging_mixin.py:151} WARNING - /usr/local/lib/python3.10/dist-packages/airflow/models/baseoperator.py:437 UserWarning: The parameter waiter_check_interval_seconds has been deprecated to standardize naming conventions.  Please use waiter_delay instead.  In the future this will default to None and defer to the waiter's default value.
[2024-01-30T21:12:52.900-0300] {processor.py:839} INFO - DAG(s) dict_keys(['how-desafio-3']) retrieved from /mnt/c/Users/filipe.macedo_ifood/Documents/how-desafio-03/airflow/dags/weather_dag.py
[2024-01-30T21:12:52.938-0300] {logging_mixin.py:151} INFO - [2024-01-30T21:12:52.938-0300] {dag.py:2941} INFO - Sync 1 DAGs
[2024-01-30T21:12:52.967-0300] {logging_mixin.py:151} INFO - [2024-01-30T21:12:52.966-0300] {dag.py:3722} INFO - Setting next_dagrun for how-desafio-3 to 2024-01-30T23:00:00+00:00, run_after=2024-01-31T00:00:00+00:00
[2024-01-30T21:12:53.108-0300] {processor.py:179} INFO - Processing /mnt/c/Users/filipe.macedo_ifood/Documents/how-desafio-03/airflow/dags/weather_dag.py took 0.254 seconds
[2024-01-30T21:13:23.371-0300] {processor.py:157} INFO - Started process (PID=205) to work on /mnt/c/Users/filipe.macedo_ifood/Documents/how-desafio-03/airflow/dags/weather_dag.py
[2024-01-30T21:13:23.373-0300] {processor.py:829} INFO - Processing file /mnt/c/Users/filipe.macedo_ifood/Documents/how-desafio-03/airflow/dags/weather_dag.py for tasks to queue
[2024-01-30T21:13:23.375-0300] {logging_mixin.py:151} INFO - [2024-01-30T21:13:23.375-0300] {dagbag.py:536} INFO - Filling up the DagBag from /mnt/c/Users/filipe.macedo_ifood/Documents/how-desafio-03/airflow/dags/weather_dag.py
[2024-01-30T21:13:23.436-0300] {logging_mixin.py:151} WARNING - /usr/local/lib/python3.10/dist-packages/airflow/models/baseoperator.py:437 UserWarning: The parameter waiter_countdown has been deprecated to standardize naming conventions.  Please use waiter_max_attempts instead.  In the future this will default to None and defer to the waiter's default value.
[2024-01-30T21:13:23.438-0300] {logging_mixin.py:151} WARNING - /usr/local/lib/python3.10/dist-packages/airflow/models/baseoperator.py:437 UserWarning: The parameter waiter_check_interval_seconds has been deprecated to standardize naming conventions.  Please use waiter_delay instead.  In the future this will default to None and defer to the waiter's default value.
[2024-01-30T21:13:23.443-0300] {processor.py:839} INFO - DAG(s) dict_keys(['how-desafio-3']) retrieved from /mnt/c/Users/filipe.macedo_ifood/Documents/how-desafio-03/airflow/dags/weather_dag.py
[2024-01-30T21:13:23.483-0300] {logging_mixin.py:151} INFO - [2024-01-30T21:13:23.482-0300] {dag.py:2941} INFO - Sync 1 DAGs
[2024-01-30T21:13:23.519-0300] {logging_mixin.py:151} INFO - [2024-01-30T21:13:23.518-0300] {dag.py:3722} INFO - Setting next_dagrun for how-desafio-3 to 2024-01-30T23:00:00+00:00, run_after=2024-01-31T00:00:00+00:00
[2024-01-30T21:13:23.618-0300] {processor.py:179} INFO - Processing /mnt/c/Users/filipe.macedo_ifood/Documents/how-desafio-03/airflow/dags/weather_dag.py took 0.249 seconds
[2024-01-30T21:13:54.184-0300] {processor.py:157} INFO - Started process (PID=206) to work on /mnt/c/Users/filipe.macedo_ifood/Documents/how-desafio-03/airflow/dags/weather_dag.py
[2024-01-30T21:13:54.186-0300] {processor.py:829} INFO - Processing file /mnt/c/Users/filipe.macedo_ifood/Documents/how-desafio-03/airflow/dags/weather_dag.py for tasks to queue
[2024-01-30T21:13:54.188-0300] {logging_mixin.py:151} INFO - [2024-01-30T21:13:54.187-0300] {dagbag.py:536} INFO - Filling up the DagBag from /mnt/c/Users/filipe.macedo_ifood/Documents/how-desafio-03/airflow/dags/weather_dag.py
[2024-01-30T21:13:54.240-0300] {logging_mixin.py:151} WARNING - /usr/local/lib/python3.10/dist-packages/airflow/models/baseoperator.py:437 UserWarning: The parameter waiter_countdown has been deprecated to standardize naming conventions.  Please use waiter_max_attempts instead.  In the future this will default to None and defer to the waiter's default value.
[2024-01-30T21:13:54.242-0300] {logging_mixin.py:151} WARNING - /usr/local/lib/python3.10/dist-packages/airflow/models/baseoperator.py:437 UserWarning: The parameter waiter_check_interval_seconds has been deprecated to standardize naming conventions.  Please use waiter_delay instead.  In the future this will default to None and defer to the waiter's default value.
[2024-01-30T21:13:54.246-0300] {processor.py:839} INFO - DAG(s) dict_keys(['how-desafio-3']) retrieved from /mnt/c/Users/filipe.macedo_ifood/Documents/how-desafio-03/airflow/dags/weather_dag.py
[2024-01-30T21:13:54.285-0300] {logging_mixin.py:151} INFO - [2024-01-30T21:13:54.285-0300] {dag.py:2941} INFO - Sync 1 DAGs
[2024-01-30T21:13:54.316-0300] {logging_mixin.py:151} INFO - [2024-01-30T21:13:54.316-0300] {dag.py:3722} INFO - Setting next_dagrun for how-desafio-3 to 2024-01-30T23:00:00+00:00, run_after=2024-01-31T00:00:00+00:00
[2024-01-30T21:13:54.428-0300] {processor.py:179} INFO - Processing /mnt/c/Users/filipe.macedo_ifood/Documents/how-desafio-03/airflow/dags/weather_dag.py took 0.246 seconds
[2024-01-30T21:14:24.648-0300] {processor.py:157} INFO - Started process (PID=207) to work on /mnt/c/Users/filipe.macedo_ifood/Documents/how-desafio-03/airflow/dags/weather_dag.py
[2024-01-30T21:14:24.649-0300] {processor.py:829} INFO - Processing file /mnt/c/Users/filipe.macedo_ifood/Documents/how-desafio-03/airflow/dags/weather_dag.py for tasks to queue
[2024-01-30T21:14:24.651-0300] {logging_mixin.py:151} INFO - [2024-01-30T21:14:24.651-0300] {dagbag.py:536} INFO - Filling up the DagBag from /mnt/c/Users/filipe.macedo_ifood/Documents/how-desafio-03/airflow/dags/weather_dag.py
[2024-01-30T21:14:24.687-0300] {logging_mixin.py:151} WARNING - /usr/local/lib/python3.10/dist-packages/airflow/models/baseoperator.py:437 UserWarning: The parameter waiter_countdown has been deprecated to standardize naming conventions.  Please use waiter_max_attempts instead.  In the future this will default to None and defer to the waiter's default value.
[2024-01-30T21:14:24.688-0300] {logging_mixin.py:151} WARNING - /usr/local/lib/python3.10/dist-packages/airflow/models/baseoperator.py:437 UserWarning: The parameter waiter_check_interval_seconds has been deprecated to standardize naming conventions.  Please use waiter_delay instead.  In the future this will default to None and defer to the waiter's default value.
[2024-01-30T21:14:24.693-0300] {processor.py:839} INFO - DAG(s) dict_keys(['how-desafio-3']) retrieved from /mnt/c/Users/filipe.macedo_ifood/Documents/how-desafio-03/airflow/dags/weather_dag.py
[2024-01-30T21:14:24.724-0300] {logging_mixin.py:151} INFO - [2024-01-30T21:14:24.724-0300] {dag.py:2941} INFO - Sync 1 DAGs
[2024-01-30T21:14:24.748-0300] {logging_mixin.py:151} INFO - [2024-01-30T21:14:24.748-0300] {dag.py:3722} INFO - Setting next_dagrun for how-desafio-3 to 2024-01-30T23:00:00+00:00, run_after=2024-01-31T00:00:00+00:00
[2024-01-30T21:14:24.845-0300] {processor.py:179} INFO - Processing /mnt/c/Users/filipe.macedo_ifood/Documents/how-desafio-03/airflow/dags/weather_dag.py took 0.200 seconds
[2024-01-30T21:24:08.232-0300] {processor.py:157} INFO - Started process (PID=217) to work on /mnt/c/Users/filipe.macedo_ifood/Documents/how-desafio-03/airflow/dags/weather_dag.py
[2024-01-30T21:24:08.233-0300] {processor.py:829} INFO - Processing file /mnt/c/Users/filipe.macedo_ifood/Documents/how-desafio-03/airflow/dags/weather_dag.py for tasks to queue
[2024-01-30T21:24:08.236-0300] {logging_mixin.py:151} INFO - [2024-01-30T21:24:08.236-0300] {dagbag.py:536} INFO - Filling up the DagBag from /mnt/c/Users/filipe.macedo_ifood/Documents/how-desafio-03/airflow/dags/weather_dag.py
[2024-01-30T21:24:08.259-0300] {logging_mixin.py:151} WARNING - /usr/local/lib/python3.10/dist-packages/airflow/models/baseoperator.py:437 UserWarning: The parameter waiter_countdown has been deprecated to standardize naming conventions.  Please use waiter_max_attempts instead.  In the future this will default to None and defer to the waiter's default value.
[2024-01-30T21:24:08.261-0300] {logging_mixin.py:151} WARNING - /usr/local/lib/python3.10/dist-packages/airflow/models/baseoperator.py:437 UserWarning: The parameter waiter_check_interval_seconds has been deprecated to standardize naming conventions.  Please use waiter_delay instead.  In the future this will default to None and defer to the waiter's default value.
[2024-01-30T21:24:08.264-0300] {processor.py:839} INFO - DAG(s) dict_keys(['how-desafio-3']) retrieved from /mnt/c/Users/filipe.macedo_ifood/Documents/how-desafio-03/airflow/dags/weather_dag.py
[2024-01-30T21:24:08.286-0300] {logging_mixin.py:151} INFO - [2024-01-30T21:24:08.285-0300] {dag.py:2941} INFO - Sync 1 DAGs
[2024-01-30T21:24:08.304-0300] {logging_mixin.py:151} INFO - [2024-01-30T21:24:08.304-0300] {dag.py:3722} INFO - Setting next_dagrun for how-desafio-3 to 2024-01-30T23:00:00+00:00, run_after=2024-01-31T00:00:00+00:00
[2024-01-30T21:24:08.367-0300] {processor.py:179} INFO - Processing /mnt/c/Users/filipe.macedo_ifood/Documents/how-desafio-03/airflow/dags/weather_dag.py took 0.136 seconds
[2024-01-30T21:24:39.203-0300] {processor.py:157} INFO - Started process (PID=220) to work on /mnt/c/Users/filipe.macedo_ifood/Documents/how-desafio-03/airflow/dags/weather_dag.py
[2024-01-30T21:24:39.204-0300] {processor.py:829} INFO - Processing file /mnt/c/Users/filipe.macedo_ifood/Documents/how-desafio-03/airflow/dags/weather_dag.py for tasks to queue
[2024-01-30T21:24:39.205-0300] {logging_mixin.py:151} INFO - [2024-01-30T21:24:39.205-0300] {dagbag.py:536} INFO - Filling up the DagBag from /mnt/c/Users/filipe.macedo_ifood/Documents/how-desafio-03/airflow/dags/weather_dag.py
[2024-01-30T21:24:39.228-0300] {logging_mixin.py:151} WARNING - /usr/local/lib/python3.10/dist-packages/airflow/models/baseoperator.py:437 UserWarning: The parameter waiter_countdown has been deprecated to standardize naming conventions.  Please use waiter_max_attempts instead.  In the future this will default to None and defer to the waiter's default value.
[2024-01-30T21:24:39.229-0300] {logging_mixin.py:151} WARNING - /usr/local/lib/python3.10/dist-packages/airflow/models/baseoperator.py:437 UserWarning: The parameter waiter_check_interval_seconds has been deprecated to standardize naming conventions.  Please use waiter_delay instead.  In the future this will default to None and defer to the waiter's default value.
[2024-01-30T21:24:39.232-0300] {processor.py:839} INFO - DAG(s) dict_keys(['how-desafio-3']) retrieved from /mnt/c/Users/filipe.macedo_ifood/Documents/how-desafio-03/airflow/dags/weather_dag.py
[2024-01-30T21:24:39.256-0300] {logging_mixin.py:151} INFO - [2024-01-30T21:24:39.256-0300] {dag.py:2941} INFO - Sync 1 DAGs
[2024-01-30T21:24:39.275-0300] {logging_mixin.py:151} INFO - [2024-01-30T21:24:39.275-0300] {dag.py:3722} INFO - Setting next_dagrun for how-desafio-3 to 2024-01-30T23:00:00+00:00, run_after=2024-01-31T00:00:00+00:00
[2024-01-30T21:24:39.351-0300] {processor.py:179} INFO - Processing /mnt/c/Users/filipe.macedo_ifood/Documents/how-desafio-03/airflow/dags/weather_dag.py took 0.150 seconds
[2024-01-30T21:25:09.687-0300] {processor.py:157} INFO - Started process (PID=221) to work on /mnt/c/Users/filipe.macedo_ifood/Documents/how-desafio-03/airflow/dags/weather_dag.py
[2024-01-30T21:25:09.688-0300] {processor.py:829} INFO - Processing file /mnt/c/Users/filipe.macedo_ifood/Documents/how-desafio-03/airflow/dags/weather_dag.py for tasks to queue
[2024-01-30T21:25:09.690-0300] {logging_mixin.py:151} INFO - [2024-01-30T21:25:09.690-0300] {dagbag.py:536} INFO - Filling up the DagBag from /mnt/c/Users/filipe.macedo_ifood/Documents/how-desafio-03/airflow/dags/weather_dag.py
[2024-01-30T21:25:09.738-0300] {logging_mixin.py:151} WARNING - /usr/local/lib/python3.10/dist-packages/airflow/models/baseoperator.py:437 UserWarning: The parameter waiter_countdown has been deprecated to standardize naming conventions.  Please use waiter_max_attempts instead.  In the future this will default to None and defer to the waiter's default value.
[2024-01-30T21:25:09.739-0300] {logging_mixin.py:151} WARNING - /usr/local/lib/python3.10/dist-packages/airflow/models/baseoperator.py:437 UserWarning: The parameter waiter_check_interval_seconds has been deprecated to standardize naming conventions.  Please use waiter_delay instead.  In the future this will default to None and defer to the waiter's default value.
[2024-01-30T21:25:09.745-0300] {processor.py:839} INFO - DAG(s) dict_keys(['how-desafio-3']) retrieved from /mnt/c/Users/filipe.macedo_ifood/Documents/how-desafio-03/airflow/dags/weather_dag.py
[2024-01-30T21:25:09.781-0300] {logging_mixin.py:151} INFO - [2024-01-30T21:25:09.780-0300] {dag.py:2941} INFO - Sync 1 DAGs
[2024-01-30T21:25:09.810-0300] {logging_mixin.py:151} INFO - [2024-01-30T21:25:09.809-0300] {dag.py:3722} INFO - Setting next_dagrun for how-desafio-3 to 2024-01-30T23:00:00+00:00, run_after=2024-01-31T00:00:00+00:00
[2024-01-30T21:25:09.898-0300] {processor.py:179} INFO - Processing /mnt/c/Users/filipe.macedo_ifood/Documents/how-desafio-03/airflow/dags/weather_dag.py took 0.213 seconds
[2024-01-30T21:25:40.379-0300] {processor.py:157} INFO - Started process (PID=222) to work on /mnt/c/Users/filipe.macedo_ifood/Documents/how-desafio-03/airflow/dags/weather_dag.py
[2024-01-30T21:25:40.380-0300] {processor.py:829} INFO - Processing file /mnt/c/Users/filipe.macedo_ifood/Documents/how-desafio-03/airflow/dags/weather_dag.py for tasks to queue
[2024-01-30T21:25:40.383-0300] {logging_mixin.py:151} INFO - [2024-01-30T21:25:40.383-0300] {dagbag.py:536} INFO - Filling up the DagBag from /mnt/c/Users/filipe.macedo_ifood/Documents/how-desafio-03/airflow/dags/weather_dag.py
[2024-01-30T21:25:40.444-0300] {logging_mixin.py:151} WARNING - /usr/local/lib/python3.10/dist-packages/airflow/models/baseoperator.py:437 UserWarning: The parameter waiter_countdown has been deprecated to standardize naming conventions.  Please use waiter_max_attempts instead.  In the future this will default to None and defer to the waiter's default value.
[2024-01-30T21:25:40.446-0300] {logging_mixin.py:151} WARNING - /usr/local/lib/python3.10/dist-packages/airflow/models/baseoperator.py:437 UserWarning: The parameter waiter_check_interval_seconds has been deprecated to standardize naming conventions.  Please use waiter_delay instead.  In the future this will default to None and defer to the waiter's default value.
[2024-01-30T21:25:40.451-0300] {processor.py:839} INFO - DAG(s) dict_keys(['how-desafio-3']) retrieved from /mnt/c/Users/filipe.macedo_ifood/Documents/how-desafio-03/airflow/dags/weather_dag.py
[2024-01-30T21:25:40.490-0300] {logging_mixin.py:151} INFO - [2024-01-30T21:25:40.489-0300] {dag.py:2941} INFO - Sync 1 DAGs
[2024-01-30T21:25:40.519-0300] {logging_mixin.py:151} INFO - [2024-01-30T21:25:40.519-0300] {dag.py:3722} INFO - Setting next_dagrun for how-desafio-3 to 2024-01-30T23:00:00+00:00, run_after=2024-01-31T00:00:00+00:00
[2024-01-30T21:25:40.619-0300] {processor.py:179} INFO - Processing /mnt/c/Users/filipe.macedo_ifood/Documents/how-desafio-03/airflow/dags/weather_dag.py took 0.243 seconds
[2024-01-30T21:26:10.824-0300] {processor.py:157} INFO - Started process (PID=223) to work on /mnt/c/Users/filipe.macedo_ifood/Documents/how-desafio-03/airflow/dags/weather_dag.py
[2024-01-30T21:26:10.826-0300] {processor.py:829} INFO - Processing file /mnt/c/Users/filipe.macedo_ifood/Documents/how-desafio-03/airflow/dags/weather_dag.py for tasks to queue
[2024-01-30T21:26:10.828-0300] {logging_mixin.py:151} INFO - [2024-01-30T21:26:10.828-0300] {dagbag.py:536} INFO - Filling up the DagBag from /mnt/c/Users/filipe.macedo_ifood/Documents/how-desafio-03/airflow/dags/weather_dag.py
[2024-01-30T21:26:10.867-0300] {logging_mixin.py:151} WARNING - /usr/local/lib/python3.10/dist-packages/airflow/models/baseoperator.py:437 UserWarning: The parameter waiter_countdown has been deprecated to standardize naming conventions.  Please use waiter_max_attempts instead.  In the future this will default to None and defer to the waiter's default value.
[2024-01-30T21:26:10.870-0300] {logging_mixin.py:151} WARNING - /usr/local/lib/python3.10/dist-packages/airflow/models/baseoperator.py:437 UserWarning: The parameter waiter_check_interval_seconds has been deprecated to standardize naming conventions.  Please use waiter_delay instead.  In the future this will default to None and defer to the waiter's default value.
[2024-01-30T21:26:10.875-0300] {processor.py:839} INFO - DAG(s) dict_keys(['how-desafio-3']) retrieved from /mnt/c/Users/filipe.macedo_ifood/Documents/how-desafio-03/airflow/dags/weather_dag.py
[2024-01-30T21:26:10.909-0300] {logging_mixin.py:151} INFO - [2024-01-30T21:26:10.909-0300] {dag.py:2941} INFO - Sync 1 DAGs
[2024-01-30T21:26:10.940-0300] {logging_mixin.py:151} INFO - [2024-01-30T21:26:10.940-0300] {dag.py:3722} INFO - Setting next_dagrun for how-desafio-3 to 2024-01-30T23:00:00+00:00, run_after=2024-01-31T00:00:00+00:00
[2024-01-30T21:26:11.036-0300] {processor.py:179} INFO - Processing /mnt/c/Users/filipe.macedo_ifood/Documents/how-desafio-03/airflow/dags/weather_dag.py took 0.214 seconds
[2024-01-30T21:26:41.207-0300] {processor.py:157} INFO - Started process (PID=224) to work on /mnt/c/Users/filipe.macedo_ifood/Documents/how-desafio-03/airflow/dags/weather_dag.py
[2024-01-30T21:26:41.209-0300] {processor.py:829} INFO - Processing file /mnt/c/Users/filipe.macedo_ifood/Documents/how-desafio-03/airflow/dags/weather_dag.py for tasks to queue
[2024-01-30T21:26:41.212-0300] {logging_mixin.py:151} INFO - [2024-01-30T21:26:41.211-0300] {dagbag.py:536} INFO - Filling up the DagBag from /mnt/c/Users/filipe.macedo_ifood/Documents/how-desafio-03/airflow/dags/weather_dag.py
[2024-01-30T21:26:41.251-0300] {logging_mixin.py:151} WARNING - /usr/local/lib/python3.10/dist-packages/airflow/models/baseoperator.py:437 UserWarning: The parameter waiter_countdown has been deprecated to standardize naming conventions.  Please use waiter_max_attempts instead.  In the future this will default to None and defer to the waiter's default value.
[2024-01-30T21:26:41.252-0300] {logging_mixin.py:151} WARNING - /usr/local/lib/python3.10/dist-packages/airflow/models/baseoperator.py:437 UserWarning: The parameter waiter_check_interval_seconds has been deprecated to standardize naming conventions.  Please use waiter_delay instead.  In the future this will default to None and defer to the waiter's default value.
[2024-01-30T21:26:41.256-0300] {processor.py:839} INFO - DAG(s) dict_keys(['how-desafio-3']) retrieved from /mnt/c/Users/filipe.macedo_ifood/Documents/how-desafio-03/airflow/dags/weather_dag.py
[2024-01-30T21:26:41.289-0300] {logging_mixin.py:151} INFO - [2024-01-30T21:26:41.289-0300] {dag.py:2941} INFO - Sync 1 DAGs
[2024-01-30T21:26:41.315-0300] {logging_mixin.py:151} INFO - [2024-01-30T21:26:41.315-0300] {dag.py:3722} INFO - Setting next_dagrun for how-desafio-3 to 2024-01-30T23:00:00+00:00, run_after=2024-01-31T00:00:00+00:00
[2024-01-30T21:26:41.423-0300] {processor.py:179} INFO - Processing /mnt/c/Users/filipe.macedo_ifood/Documents/how-desafio-03/airflow/dags/weather_dag.py took 0.218 seconds
[2024-01-30T21:27:11.630-0300] {processor.py:157} INFO - Started process (PID=225) to work on /mnt/c/Users/filipe.macedo_ifood/Documents/how-desafio-03/airflow/dags/weather_dag.py
[2024-01-30T21:27:11.633-0300] {processor.py:829} INFO - Processing file /mnt/c/Users/filipe.macedo_ifood/Documents/how-desafio-03/airflow/dags/weather_dag.py for tasks to queue
[2024-01-30T21:27:11.635-0300] {logging_mixin.py:151} INFO - [2024-01-30T21:27:11.635-0300] {dagbag.py:536} INFO - Filling up the DagBag from /mnt/c/Users/filipe.macedo_ifood/Documents/how-desafio-03/airflow/dags/weather_dag.py
[2024-01-30T21:27:11.661-0300] {logging_mixin.py:151} WARNING - /usr/local/lib/python3.10/dist-packages/airflow/models/baseoperator.py:437 UserWarning: The parameter waiter_countdown has been deprecated to standardize naming conventions.  Please use waiter_max_attempts instead.  In the future this will default to None and defer to the waiter's default value.
[2024-01-30T21:27:11.663-0300] {logging_mixin.py:151} WARNING - /usr/local/lib/python3.10/dist-packages/airflow/models/baseoperator.py:437 UserWarning: The parameter waiter_check_interval_seconds has been deprecated to standardize naming conventions.  Please use waiter_delay instead.  In the future this will default to None and defer to the waiter's default value.
[2024-01-30T21:27:11.669-0300] {processor.py:839} INFO - DAG(s) dict_keys(['how-desafio-3']) retrieved from /mnt/c/Users/filipe.macedo_ifood/Documents/how-desafio-03/airflow/dags/weather_dag.py
[2024-01-30T21:27:11.703-0300] {logging_mixin.py:151} INFO - [2024-01-30T21:27:11.702-0300] {dag.py:2941} INFO - Sync 1 DAGs
[2024-01-30T21:27:11.725-0300] {logging_mixin.py:151} INFO - [2024-01-30T21:27:11.725-0300] {dag.py:3722} INFO - Setting next_dagrun for how-desafio-3 to 2024-01-30T23:00:00+00:00, run_after=2024-01-31T00:00:00+00:00
[2024-01-30T21:27:11.809-0300] {processor.py:179} INFO - Processing /mnt/c/Users/filipe.macedo_ifood/Documents/how-desafio-03/airflow/dags/weather_dag.py took 0.182 seconds
[2024-01-30T21:27:42.115-0300] {processor.py:157} INFO - Started process (PID=226) to work on /mnt/c/Users/filipe.macedo_ifood/Documents/how-desafio-03/airflow/dags/weather_dag.py
[2024-01-30T21:27:42.116-0300] {processor.py:829} INFO - Processing file /mnt/c/Users/filipe.macedo_ifood/Documents/how-desafio-03/airflow/dags/weather_dag.py for tasks to queue
[2024-01-30T21:27:42.118-0300] {logging_mixin.py:151} INFO - [2024-01-30T21:27:42.118-0300] {dagbag.py:536} INFO - Filling up the DagBag from /mnt/c/Users/filipe.macedo_ifood/Documents/how-desafio-03/airflow/dags/weather_dag.py
[2024-01-30T21:27:42.148-0300] {logging_mixin.py:151} WARNING - /usr/local/lib/python3.10/dist-packages/airflow/models/baseoperator.py:437 UserWarning: The parameter waiter_countdown has been deprecated to standardize naming conventions.  Please use waiter_max_attempts instead.  In the future this will default to None and defer to the waiter's default value.
[2024-01-30T21:27:42.149-0300] {logging_mixin.py:151} WARNING - /usr/local/lib/python3.10/dist-packages/airflow/models/baseoperator.py:437 UserWarning: The parameter waiter_check_interval_seconds has been deprecated to standardize naming conventions.  Please use waiter_delay instead.  In the future this will default to None and defer to the waiter's default value.
[2024-01-30T21:27:42.153-0300] {processor.py:839} INFO - DAG(s) dict_keys(['how-desafio-3']) retrieved from /mnt/c/Users/filipe.macedo_ifood/Documents/how-desafio-03/airflow/dags/weather_dag.py
[2024-01-30T21:27:42.179-0300] {logging_mixin.py:151} INFO - [2024-01-30T21:27:42.179-0300] {dag.py:2941} INFO - Sync 1 DAGs
[2024-01-30T21:27:42.198-0300] {logging_mixin.py:151} INFO - [2024-01-30T21:27:42.198-0300] {dag.py:3722} INFO - Setting next_dagrun for how-desafio-3 to 2024-01-30T23:00:00+00:00, run_after=2024-01-31T00:00:00+00:00
[2024-01-30T21:27:42.268-0300] {processor.py:179} INFO - Processing /mnt/c/Users/filipe.macedo_ifood/Documents/how-desafio-03/airflow/dags/weather_dag.py took 0.155 seconds
[2024-01-30T21:28:13.100-0300] {processor.py:157} INFO - Started process (PID=227) to work on /mnt/c/Users/filipe.macedo_ifood/Documents/how-desafio-03/airflow/dags/weather_dag.py
[2024-01-30T21:28:13.101-0300] {processor.py:829} INFO - Processing file /mnt/c/Users/filipe.macedo_ifood/Documents/how-desafio-03/airflow/dags/weather_dag.py for tasks to queue
[2024-01-30T21:28:13.103-0300] {logging_mixin.py:151} INFO - [2024-01-30T21:28:13.103-0300] {dagbag.py:536} INFO - Filling up the DagBag from /mnt/c/Users/filipe.macedo_ifood/Documents/how-desafio-03/airflow/dags/weather_dag.py
[2024-01-30T21:28:13.131-0300] {logging_mixin.py:151} WARNING - /usr/local/lib/python3.10/dist-packages/airflow/models/baseoperator.py:437 UserWarning: The parameter waiter_countdown has been deprecated to standardize naming conventions.  Please use waiter_max_attempts instead.  In the future this will default to None and defer to the waiter's default value.
[2024-01-30T21:28:13.132-0300] {logging_mixin.py:151} WARNING - /usr/local/lib/python3.10/dist-packages/airflow/models/baseoperator.py:437 UserWarning: The parameter waiter_check_interval_seconds has been deprecated to standardize naming conventions.  Please use waiter_delay instead.  In the future this will default to None and defer to the waiter's default value.
[2024-01-30T21:28:13.137-0300] {processor.py:839} INFO - DAG(s) dict_keys(['how-desafio-3']) retrieved from /mnt/c/Users/filipe.macedo_ifood/Documents/how-desafio-03/airflow/dags/weather_dag.py
[2024-01-30T21:28:13.162-0300] {logging_mixin.py:151} INFO - [2024-01-30T21:28:13.162-0300] {dag.py:2941} INFO - Sync 1 DAGs
[2024-01-30T21:28:13.181-0300] {logging_mixin.py:151} INFO - [2024-01-30T21:28:13.181-0300] {dag.py:3722} INFO - Setting next_dagrun for how-desafio-3 to 2024-01-30T23:00:00+00:00, run_after=2024-01-31T00:00:00+00:00
[2024-01-30T21:28:13.262-0300] {processor.py:179} INFO - Processing /mnt/c/Users/filipe.macedo_ifood/Documents/how-desafio-03/airflow/dags/weather_dag.py took 0.164 seconds
[2024-01-30T21:28:44.231-0300] {processor.py:157} INFO - Started process (PID=228) to work on /mnt/c/Users/filipe.macedo_ifood/Documents/how-desafio-03/airflow/dags/weather_dag.py
[2024-01-30T21:28:44.232-0300] {processor.py:829} INFO - Processing file /mnt/c/Users/filipe.macedo_ifood/Documents/how-desafio-03/airflow/dags/weather_dag.py for tasks to queue
[2024-01-30T21:28:44.234-0300] {logging_mixin.py:151} INFO - [2024-01-30T21:28:44.234-0300] {dagbag.py:536} INFO - Filling up the DagBag from /mnt/c/Users/filipe.macedo_ifood/Documents/how-desafio-03/airflow/dags/weather_dag.py
[2024-01-30T21:28:44.256-0300] {logging_mixin.py:151} WARNING - /usr/local/lib/python3.10/dist-packages/airflow/models/baseoperator.py:437 UserWarning: The parameter waiter_countdown has been deprecated to standardize naming conventions.  Please use waiter_max_attempts instead.  In the future this will default to None and defer to the waiter's default value.
[2024-01-30T21:28:44.257-0300] {logging_mixin.py:151} WARNING - /usr/local/lib/python3.10/dist-packages/airflow/models/baseoperator.py:437 UserWarning: The parameter waiter_check_interval_seconds has been deprecated to standardize naming conventions.  Please use waiter_delay instead.  In the future this will default to None and defer to the waiter's default value.
[2024-01-30T21:28:44.261-0300] {processor.py:839} INFO - DAG(s) dict_keys(['how-desafio-3']) retrieved from /mnt/c/Users/filipe.macedo_ifood/Documents/how-desafio-03/airflow/dags/weather_dag.py
[2024-01-30T21:28:44.282-0300] {logging_mixin.py:151} INFO - [2024-01-30T21:28:44.282-0300] {dag.py:2941} INFO - Sync 1 DAGs
[2024-01-30T21:28:44.302-0300] {logging_mixin.py:151} INFO - [2024-01-30T21:28:44.302-0300] {dag.py:3722} INFO - Setting next_dagrun for how-desafio-3 to 2024-01-30T23:00:00+00:00, run_after=2024-01-31T00:00:00+00:00
[2024-01-30T21:28:44.400-0300] {processor.py:179} INFO - Processing /mnt/c/Users/filipe.macedo_ifood/Documents/how-desafio-03/airflow/dags/weather_dag.py took 0.171 seconds
[2024-01-30T21:29:15.539-0300] {processor.py:157} INFO - Started process (PID=229) to work on /mnt/c/Users/filipe.macedo_ifood/Documents/how-desafio-03/airflow/dags/weather_dag.py
[2024-01-30T21:29:15.540-0300] {processor.py:829} INFO - Processing file /mnt/c/Users/filipe.macedo_ifood/Documents/how-desafio-03/airflow/dags/weather_dag.py for tasks to queue
[2024-01-30T21:29:15.543-0300] {logging_mixin.py:151} INFO - [2024-01-30T21:29:15.542-0300] {dagbag.py:536} INFO - Filling up the DagBag from /mnt/c/Users/filipe.macedo_ifood/Documents/how-desafio-03/airflow/dags/weather_dag.py
[2024-01-30T21:29:15.596-0300] {logging_mixin.py:151} WARNING - /usr/local/lib/python3.10/dist-packages/airflow/models/baseoperator.py:437 UserWarning: The parameter waiter_countdown has been deprecated to standardize naming conventions.  Please use waiter_max_attempts instead.  In the future this will default to None and defer to the waiter's default value.
[2024-01-30T21:29:15.597-0300] {logging_mixin.py:151} WARNING - /usr/local/lib/python3.10/dist-packages/airflow/models/baseoperator.py:437 UserWarning: The parameter waiter_check_interval_seconds has been deprecated to standardize naming conventions.  Please use waiter_delay instead.  In the future this will default to None and defer to the waiter's default value.
[2024-01-30T21:29:15.601-0300] {processor.py:839} INFO - DAG(s) dict_keys(['how-desafio-3']) retrieved from /mnt/c/Users/filipe.macedo_ifood/Documents/how-desafio-03/airflow/dags/weather_dag.py
[2024-01-30T21:29:15.631-0300] {logging_mixin.py:151} INFO - [2024-01-30T21:29:15.631-0300] {dag.py:2941} INFO - Sync 1 DAGs
[2024-01-30T21:29:15.657-0300] {logging_mixin.py:151} INFO - [2024-01-30T21:29:15.657-0300] {dag.py:3722} INFO - Setting next_dagrun for how-desafio-3 to 2024-01-30T23:00:00+00:00, run_after=2024-01-31T00:00:00+00:00
[2024-01-30T21:29:15.751-0300] {processor.py:179} INFO - Processing /mnt/c/Users/filipe.macedo_ifood/Documents/how-desafio-03/airflow/dags/weather_dag.py took 0.214 seconds
[2024-01-30T21:29:46.514-0300] {processor.py:157} INFO - Started process (PID=230) to work on /mnt/c/Users/filipe.macedo_ifood/Documents/how-desafio-03/airflow/dags/weather_dag.py
[2024-01-30T21:29:46.515-0300] {processor.py:829} INFO - Processing file /mnt/c/Users/filipe.macedo_ifood/Documents/how-desafio-03/airflow/dags/weather_dag.py for tasks to queue
[2024-01-30T21:29:46.517-0300] {logging_mixin.py:151} INFO - [2024-01-30T21:29:46.516-0300] {dagbag.py:536} INFO - Filling up the DagBag from /mnt/c/Users/filipe.macedo_ifood/Documents/how-desafio-03/airflow/dags/weather_dag.py
[2024-01-30T21:29:46.540-0300] {logging_mixin.py:151} WARNING - /usr/local/lib/python3.10/dist-packages/airflow/models/baseoperator.py:437 UserWarning: The parameter waiter_countdown has been deprecated to standardize naming conventions.  Please use waiter_max_attempts instead.  In the future this will default to None and defer to the waiter's default value.
[2024-01-30T21:29:46.541-0300] {logging_mixin.py:151} WARNING - /usr/local/lib/python3.10/dist-packages/airflow/models/baseoperator.py:437 UserWarning: The parameter waiter_check_interval_seconds has been deprecated to standardize naming conventions.  Please use waiter_delay instead.  In the future this will default to None and defer to the waiter's default value.
[2024-01-30T21:29:46.545-0300] {processor.py:839} INFO - DAG(s) dict_keys(['how-desafio-3']) retrieved from /mnt/c/Users/filipe.macedo_ifood/Documents/how-desafio-03/airflow/dags/weather_dag.py
[2024-01-30T21:29:46.567-0300] {logging_mixin.py:151} INFO - [2024-01-30T21:29:46.566-0300] {dag.py:2941} INFO - Sync 1 DAGs
[2024-01-30T21:29:46.584-0300] {logging_mixin.py:151} INFO - [2024-01-30T21:29:46.584-0300] {dag.py:3722} INFO - Setting next_dagrun for how-desafio-3 to 2024-01-30T23:00:00+00:00, run_after=2024-01-31T00:00:00+00:00
[2024-01-30T21:29:46.644-0300] {processor.py:179} INFO - Processing /mnt/c/Users/filipe.macedo_ifood/Documents/how-desafio-03/airflow/dags/weather_dag.py took 0.132 seconds
[2024-01-30T21:30:17.263-0300] {processor.py:157} INFO - Started process (PID=231) to work on /mnt/c/Users/filipe.macedo_ifood/Documents/how-desafio-03/airflow/dags/weather_dag.py
[2024-01-30T21:30:17.264-0300] {processor.py:829} INFO - Processing file /mnt/c/Users/filipe.macedo_ifood/Documents/how-desafio-03/airflow/dags/weather_dag.py for tasks to queue
[2024-01-30T21:30:17.266-0300] {logging_mixin.py:151} INFO - [2024-01-30T21:30:17.266-0300] {dagbag.py:536} INFO - Filling up the DagBag from /mnt/c/Users/filipe.macedo_ifood/Documents/how-desafio-03/airflow/dags/weather_dag.py
[2024-01-30T21:30:17.302-0300] {logging_mixin.py:151} WARNING - /usr/local/lib/python3.10/dist-packages/airflow/models/baseoperator.py:437 UserWarning: The parameter waiter_countdown has been deprecated to standardize naming conventions.  Please use waiter_max_attempts instead.  In the future this will default to None and defer to the waiter's default value.
[2024-01-30T21:30:17.303-0300] {logging_mixin.py:151} WARNING - /usr/local/lib/python3.10/dist-packages/airflow/models/baseoperator.py:437 UserWarning: The parameter waiter_check_interval_seconds has been deprecated to standardize naming conventions.  Please use waiter_delay instead.  In the future this will default to None and defer to the waiter's default value.
[2024-01-30T21:30:17.306-0300] {processor.py:839} INFO - DAG(s) dict_keys(['how-desafio-3']) retrieved from /mnt/c/Users/filipe.macedo_ifood/Documents/how-desafio-03/airflow/dags/weather_dag.py
[2024-01-30T21:30:17.340-0300] {logging_mixin.py:151} INFO - [2024-01-30T21:30:17.340-0300] {dag.py:2941} INFO - Sync 1 DAGs
[2024-01-30T21:30:17.366-0300] {logging_mixin.py:151} INFO - [2024-01-30T21:30:17.366-0300] {dag.py:3722} INFO - Setting next_dagrun for how-desafio-3 to 2024-01-30T23:00:00+00:00, run_after=2024-01-31T00:00:00+00:00
[2024-01-30T21:30:17.482-0300] {processor.py:179} INFO - Processing /mnt/c/Users/filipe.macedo_ifood/Documents/how-desafio-03/airflow/dags/weather_dag.py took 0.221 seconds
[2024-01-30T21:30:48.110-0300] {processor.py:157} INFO - Started process (PID=232) to work on /mnt/c/Users/filipe.macedo_ifood/Documents/how-desafio-03/airflow/dags/weather_dag.py
[2024-01-30T21:30:48.111-0300] {processor.py:829} INFO - Processing file /mnt/c/Users/filipe.macedo_ifood/Documents/how-desafio-03/airflow/dags/weather_dag.py for tasks to queue
[2024-01-30T21:30:48.113-0300] {logging_mixin.py:151} INFO - [2024-01-30T21:30:48.112-0300] {dagbag.py:536} INFO - Filling up the DagBag from /mnt/c/Users/filipe.macedo_ifood/Documents/how-desafio-03/airflow/dags/weather_dag.py
[2024-01-30T21:30:48.135-0300] {logging_mixin.py:151} WARNING - /usr/local/lib/python3.10/dist-packages/airflow/models/baseoperator.py:437 UserWarning: The parameter waiter_countdown has been deprecated to standardize naming conventions.  Please use waiter_max_attempts instead.  In the future this will default to None and defer to the waiter's default value.
[2024-01-30T21:30:48.136-0300] {logging_mixin.py:151} WARNING - /usr/local/lib/python3.10/dist-packages/airflow/models/baseoperator.py:437 UserWarning: The parameter waiter_check_interval_seconds has been deprecated to standardize naming conventions.  Please use waiter_delay instead.  In the future this will default to None and defer to the waiter's default value.
[2024-01-30T21:30:48.140-0300] {processor.py:839} INFO - DAG(s) dict_keys(['how-desafio-3']) retrieved from /mnt/c/Users/filipe.macedo_ifood/Documents/how-desafio-03/airflow/dags/weather_dag.py
[2024-01-30T21:30:48.162-0300] {logging_mixin.py:151} INFO - [2024-01-30T21:30:48.162-0300] {dag.py:2941} INFO - Sync 1 DAGs
[2024-01-30T21:30:48.179-0300] {logging_mixin.py:151} INFO - [2024-01-30T21:30:48.179-0300] {dag.py:3722} INFO - Setting next_dagrun for how-desafio-3 to 2024-01-30T23:00:00+00:00, run_after=2024-01-31T00:00:00+00:00
[2024-01-30T21:30:48.238-0300] {processor.py:179} INFO - Processing /mnt/c/Users/filipe.macedo_ifood/Documents/how-desafio-03/airflow/dags/weather_dag.py took 0.130 seconds
[2024-01-30T21:31:19.005-0300] {processor.py:157} INFO - Started process (PID=233) to work on /mnt/c/Users/filipe.macedo_ifood/Documents/how-desafio-03/airflow/dags/weather_dag.py
[2024-01-30T21:31:19.007-0300] {processor.py:829} INFO - Processing file /mnt/c/Users/filipe.macedo_ifood/Documents/how-desafio-03/airflow/dags/weather_dag.py for tasks to queue
[2024-01-30T21:31:19.010-0300] {logging_mixin.py:151} INFO - [2024-01-30T21:31:19.009-0300] {dagbag.py:536} INFO - Filling up the DagBag from /mnt/c/Users/filipe.macedo_ifood/Documents/how-desafio-03/airflow/dags/weather_dag.py
[2024-01-30T21:31:19.044-0300] {logging_mixin.py:151} WARNING - /usr/local/lib/python3.10/dist-packages/airflow/models/baseoperator.py:437 UserWarning: The parameter waiter_countdown has been deprecated to standardize naming conventions.  Please use waiter_max_attempts instead.  In the future this will default to None and defer to the waiter's default value.
[2024-01-30T21:31:19.045-0300] {logging_mixin.py:151} WARNING - /usr/local/lib/python3.10/dist-packages/airflow/models/baseoperator.py:437 UserWarning: The parameter waiter_check_interval_seconds has been deprecated to standardize naming conventions.  Please use waiter_delay instead.  In the future this will default to None and defer to the waiter's default value.
[2024-01-30T21:31:19.053-0300] {processor.py:839} INFO - DAG(s) dict_keys(['how-desafio-3']) retrieved from /mnt/c/Users/filipe.macedo_ifood/Documents/how-desafio-03/airflow/dags/weather_dag.py
[2024-01-30T21:31:19.085-0300] {logging_mixin.py:151} INFO - [2024-01-30T21:31:19.084-0300] {dag.py:2941} INFO - Sync 1 DAGs
[2024-01-30T21:31:19.114-0300] {logging_mixin.py:151} INFO - [2024-01-30T21:31:19.114-0300] {dag.py:3722} INFO - Setting next_dagrun for how-desafio-3 to 2024-01-30T23:00:00+00:00, run_after=2024-01-31T00:00:00+00:00
[2024-01-30T21:31:19.196-0300] {processor.py:179} INFO - Processing /mnt/c/Users/filipe.macedo_ifood/Documents/how-desafio-03/airflow/dags/weather_dag.py took 0.194 seconds
