[2024-02-17T17:42:31.957-0300] {logging_mixin.py:151} INFO - Changing /mnt/c/Users/filipe.macedo_ifood/Documents/how-desafio-03/airflow/logs/dag_id=how-desafio-3/run_id=manual__2024-02-17T20:42:18.165041+00:00/task_id=wait_for_step permission to 509
[2024-02-17T17:42:32.008-0300] {logging_mixin.py:151} INFO - Changing /mnt/c/Users/filipe.macedo_ifood/Documents/how-desafio-03/airflow/logs/dag_id=how-desafio-3/run_id=manual__2024-02-17T20:42:18.165041+00:00/task_id=wait_for_step permission to 509
[2024-02-17T17:42:32.031-0300] {taskinstance.py:1159} INFO - Dependencies all met for dep_context=non-requeueable deps ti=<TaskInstance: how-desafio-3.wait_for_step manual__2024-02-17T20:42:18.165041+00:00 [queued]>
[2024-02-17T17:42:32.045-0300] {taskinstance.py:1159} INFO - Dependencies all met for dep_context=requeueable deps ti=<TaskInstance: how-desafio-3.wait_for_step manual__2024-02-17T20:42:18.165041+00:00 [queued]>
[2024-02-17T17:42:32.045-0300] {taskinstance.py:1361} INFO - Starting attempt 1 of 1
[2024-02-17T17:42:32.072-0300] {taskinstance.py:1382} INFO - Executing <Task(EmrStepSensor): wait_for_step> on 2024-02-17 20:42:18.165041+00:00
[2024-02-17T17:42:32.074-0300] {standard_task_runner.py:57} INFO - Started process 932 to run task
[2024-02-17T17:42:32.077-0300] {standard_task_runner.py:84} INFO - Running: ['airflow', 'tasks', 'run', 'how-desafio-3', 'wait_for_step', 'manual__2024-02-17T20:42:18.165041+00:00', '--job-id', '351', '--raw', '--subdir', 'DAGS_FOLDER/weather_dag.py', '--cfg-path', '/tmp/tmpm7f54xwj']
[2024-02-17T17:42:32.078-0300] {standard_task_runner.py:85} INFO - Job 351: Subtask wait_for_step
[2024-02-17T17:42:32.134-0300] {logging_mixin.py:151} INFO - Changing /mnt/c/Users/filipe.macedo_ifood/Documents/how-desafio-03/airflow/logs/dag_id=how-desafio-3/run_id=manual__2024-02-17T20:42:18.165041+00:00/task_id=wait_for_step permission to 509
[2024-02-17T17:42:32.135-0300] {task_command.py:416} INFO - Running <TaskInstance: how-desafio-3.wait_for_step manual__2024-02-17T20:42:18.165041+00:00 [running]> on host 14111-NB.
[2024-02-17T17:42:32.248-0300] {taskinstance.py:1662} INFO - Exporting env vars: AIRFLOW_CTX_DAG_OWNER='airflow' AIRFLOW_CTX_DAG_ID='how-desafio-3' AIRFLOW_CTX_TASK_ID='wait_for_step' AIRFLOW_CTX_EXECUTION_DATE='2024-02-17T20:42:18.165041+00:00' AIRFLOW_CTX_TRY_NUMBER='1' AIRFLOW_CTX_DAG_RUN_ID='manual__2024-02-17T20:42:18.165041+00:00'
[2024-02-17T17:42:32.258-0300] {base.py:73} INFO - Using connection ID 'aws_default' for task execution.
[2024-02-17T17:42:32.259-0300] {connection_wrapper.py:340} INFO - AWS Connection (conn_id='aws_default', conn_type='aws') credentials retrieved from login and password.
[2024-02-17T17:42:32.476-0300] {emr.py:575} INFO - Poking step s-05374543JK34GNWSDJWB on cluster j-1ITZJ2I8JII5C
[2024-02-17T17:42:33.661-0300] {emr.py:79} INFO - Job flow currently PENDING
[2024-02-17T17:43:33.723-0300] {emr.py:575} INFO - Poking step s-05374543JK34GNWSDJWB on cluster j-1ITZJ2I8JII5C
[2024-02-17T17:43:35.107-0300] {emr.py:79} INFO - Job flow currently PENDING
[2024-02-17T17:44:35.168-0300] {emr.py:575} INFO - Poking step s-05374543JK34GNWSDJWB on cluster j-1ITZJ2I8JII5C
[2024-02-17T17:44:36.322-0300] {emr.py:79} INFO - Job flow currently PENDING
[2024-02-17T17:45:36.384-0300] {emr.py:575} INFO - Poking step s-05374543JK34GNWSDJWB on cluster j-1ITZJ2I8JII5C
[2024-02-17T17:45:37.566-0300] {emr.py:79} INFO - Job flow currently PENDING
[2024-02-17T17:46:37.596-0300] {emr.py:575} INFO - Poking step s-05374543JK34GNWSDJWB on cluster j-1ITZJ2I8JII5C
[2024-02-17T17:46:38.852-0300] {emr.py:79} INFO - Job flow currently PENDING
[2024-02-17T17:47:38.913-0300] {emr.py:575} INFO - Poking step s-05374543JK34GNWSDJWB on cluster j-1ITZJ2I8JII5C
[2024-02-17T17:47:40.169-0300] {emr.py:79} INFO - Job flow currently PENDING
[2024-02-17T17:48:40.236-0300] {emr.py:575} INFO - Poking step s-05374543JK34GNWSDJWB on cluster j-1ITZJ2I8JII5C
[2024-02-17T17:48:41.483-0300] {emr.py:79} INFO - Job flow currently PENDING
[2024-02-17T17:49:41.544-0300] {emr.py:575} INFO - Poking step s-05374543JK34GNWSDJWB on cluster j-1ITZJ2I8JII5C
[2024-02-17T17:49:42.811-0300] {emr.py:79} INFO - Job flow currently PENDING
[2024-02-17T17:50:42.872-0300] {emr.py:575} INFO - Poking step s-05374543JK34GNWSDJWB on cluster j-1ITZJ2I8JII5C
[2024-02-17T17:50:44.041-0300] {emr.py:79} INFO - Job flow currently CANCELLED
[2024-02-17T17:50:44.049-0300] {taskinstance.py:1937} ERROR - Task failed with exception
Traceback (most recent call last):
  File "/usr/local/lib/python3.10/dist-packages/airflow/providers/amazon/aws/sensors/emr.py", line 624, in execute
    super().execute(context=context)
  File "/usr/local/lib/python3.10/dist-packages/airflow/sensors/base.py", line 257, in execute
    raise e
  File "/usr/local/lib/python3.10/dist-packages/airflow/sensors/base.py", line 239, in execute
    poke_return = self.poke(context)
  File "/usr/local/lib/python3.10/dist-packages/airflow/providers/amazon/aws/sensors/emr.py", line 85, in poke
    raise AirflowException(f"EMR job failed: {self.failure_message_from_response(response)}")
airflow.exceptions.AirflowException: EMR job failed: None
[2024-02-17T17:50:44.051-0300] {taskinstance.py:1400} INFO - Marking task as FAILED. dag_id=how-desafio-3, task_id=wait_for_step, execution_date=20240217T204218, start_date=20240217T204232, end_date=20240217T205044
[2024-02-17T17:50:44.073-0300] {standard_task_runner.py:104} ERROR - Failed to execute job 351 for task wait_for_step (EMR job failed: None; 932)
[2024-02-17T17:50:44.100-0300] {local_task_job_runner.py:228} INFO - Task exited with return code 1
[2024-02-17T17:50:44.141-0300] {taskinstance.py:2778} INFO - 0 downstream tasks scheduled from follow-on schedule check
