[2024-01-26T14:30:04.374-0300] {logging_mixin.py:151} INFO - Changing /mnt/c/Users/filipe.macedo_ifood/Documents/how-desafio-03/airflow/logs/dag_id=how-desafio-03/run_id=scheduled__2024-01-26T17:15:00+00:00/task_id=invoke_lambda_function permission to 509
[2024-01-26T14:30:04.439-0300] {logging_mixin.py:151} INFO - Changing /mnt/c/Users/filipe.macedo_ifood/Documents/how-desafio-03/airflow/logs/dag_id=how-desafio-03/run_id=scheduled__2024-01-26T17:15:00+00:00/task_id=invoke_lambda_function permission to 509
[2024-01-26T14:30:04.458-0300] {taskinstance.py:1159} INFO - Dependencies all met for dep_context=non-requeueable deps ti=<TaskInstance: how-desafio-03.invoke_lambda_function scheduled__2024-01-26T17:15:00+00:00 [queued]>
[2024-01-26T14:30:04.468-0300] {taskinstance.py:1159} INFO - Dependencies all met for dep_context=requeueable deps ti=<TaskInstance: how-desafio-03.invoke_lambda_function scheduled__2024-01-26T17:15:00+00:00 [queued]>
[2024-01-26T14:30:04.469-0300] {taskinstance.py:1361} INFO - Starting attempt 1 of 1
[2024-01-26T14:30:04.496-0300] {taskinstance.py:1382} INFO - Executing <Task(LambdaInvokeFunctionOperator): invoke_lambda_function> on 2024-01-26 17:15:00+00:00
[2024-01-26T14:30:04.498-0300] {standard_task_runner.py:57} INFO - Started process 3760 to run task
[2024-01-26T14:30:04.501-0300] {standard_task_runner.py:84} INFO - Running: ['airflow', 'tasks', 'run', 'how-desafio-03', 'invoke_lambda_function', 'scheduled__2024-01-26T17:15:00+00:00', '--job-id', '228', '--raw', '--subdir', 'DAGS_FOLDER/weather_dag.py', '--cfg-path', '/tmp/tmpdmt56_xz']
[2024-01-26T14:30:04.502-0300] {standard_task_runner.py:85} INFO - Job 228: Subtask invoke_lambda_function
[2024-01-26T14:30:04.564-0300] {logging_mixin.py:151} INFO - Changing /mnt/c/Users/filipe.macedo_ifood/Documents/how-desafio-03/airflow/logs/dag_id=how-desafio-03/run_id=scheduled__2024-01-26T17:15:00+00:00/task_id=invoke_lambda_function permission to 509
[2024-01-26T14:30:04.566-0300] {task_command.py:416} INFO - Running <TaskInstance: how-desafio-03.invoke_lambda_function scheduled__2024-01-26T17:15:00+00:00 [running]> on host 14111-NB.
[2024-01-26T14:30:04.672-0300] {taskinstance.py:1662} INFO - Exporting env vars: AIRFLOW_CTX_DAG_OWNER='airflow' AIRFLOW_CTX_DAG_ID='how-desafio-03' AIRFLOW_CTX_TASK_ID='invoke_lambda_function' AIRFLOW_CTX_EXECUTION_DATE='2024-01-26T17:15:00+00:00' AIRFLOW_CTX_TRY_NUMBER='1' AIRFLOW_CTX_DAG_RUN_ID='scheduled__2024-01-26T17:15:00+00:00'
[2024-01-26T14:30:04.673-0300] {lambda_function.py:211} INFO - Invoking AWS Lambda function: how-desafio-03 with payload: {"date": "1706290200"}
[2024-01-26T14:30:04.682-0300] {base.py:73} INFO - Using connection ID 'aws_default' for task execution.
[2024-01-26T14:30:04.682-0300] {connection_wrapper.py:340} INFO - AWS Connection (conn_id='aws_default', conn_type='aws') credentials retrieved from login and password.
[2024-01-26T14:30:05.705-0300] {taskinstance.py:1937} ERROR - Task failed with exception
Traceback (most recent call last):
  File "/usr/local/lib/python3.10/dist-packages/airflow/providers/amazon/aws/operators/lambda_function.py", line 212, in execute
    response = self.hook.invoke_lambda(
  File "/usr/local/lib/python3.10/dist-packages/airflow/providers/amazon/aws/hooks/lambda_function.py", line 79, in invoke_lambda
    return self.conn.invoke(**trim_none_values(invoke_args))
  File "/home/fcmacedo/.local/lib/python3.10/site-packages/botocore/client.py", line 535, in _api_call
    return self._make_api_call(operation_name, kwargs)
  File "/home/fcmacedo/.local/lib/python3.10/site-packages/botocore/client.py", line 980, in _make_api_call
    raise error_class(parsed_response, operation_name)
botocore.exceptions.ClientError: An error occurred (InvalidSignatureException) when calling the Invoke operation: Signature expired: 20240126T173004Z is now earlier than 20240126T174447Z (20240126T174947Z - 5 min.)
[2024-01-26T14:30:05.717-0300] {taskinstance.py:1400} INFO - Marking task as FAILED. dag_id=how-desafio-03, task_id=invoke_lambda_function, execution_date=20240126T171500, start_date=20240126T173004, end_date=20240126T173005
[2024-01-26T14:30:05.748-0300] {standard_task_runner.py:104} ERROR - Failed to execute job 228 for task invoke_lambda_function (An error occurred (InvalidSignatureException) when calling the Invoke operation: Signature expired: 20240126T173004Z is now earlier than 20240126T174447Z (20240126T174947Z - 5 min.); 3760)
[2024-01-26T14:30:05.773-0300] {local_task_job_runner.py:228} INFO - Task exited with return code 1
[2024-01-26T14:30:05.797-0300] {taskinstance.py:2778} INFO - 0 downstream tasks scheduled from follow-on schedule check
[2024-01-26T14:36:46.814-0300] {logging_mixin.py:151} INFO - Changing /mnt/c/Users/filipe.macedo_ifood/Documents/how-desafio-03/airflow/logs/dag_id=how-desafio-03/run_id=scheduled__2024-01-26T17:15:00+00:00/task_id=invoke_lambda_function permission to 509
[2024-01-26T14:36:46.878-0300] {logging_mixin.py:151} INFO - Changing /mnt/c/Users/filipe.macedo_ifood/Documents/how-desafio-03/airflow/logs/dag_id=how-desafio-03/run_id=scheduled__2024-01-26T17:15:00+00:00/task_id=invoke_lambda_function permission to 509
[2024-01-26T14:36:46.905-0300] {taskinstance.py:1159} INFO - Dependencies all met for dep_context=non-requeueable deps ti=<TaskInstance: how-desafio-03.invoke_lambda_function scheduled__2024-01-26T17:15:00+00:00 [queued]>
[2024-01-26T14:36:46.923-0300] {taskinstance.py:1159} INFO - Dependencies all met for dep_context=requeueable deps ti=<TaskInstance: how-desafio-03.invoke_lambda_function scheduled__2024-01-26T17:15:00+00:00 [queued]>
[2024-01-26T14:36:46.924-0300] {taskinstance.py:1361} INFO - Starting attempt 1 of 1
[2024-01-26T14:36:46.970-0300] {taskinstance.py:1382} INFO - Executing <Task(LambdaInvokeFunctionOperator): invoke_lambda_function> on 2024-01-26 17:15:00+00:00
[2024-01-26T14:36:46.973-0300] {standard_task_runner.py:57} INFO - Started process 3782 to run task
[2024-01-26T14:36:46.975-0300] {standard_task_runner.py:84} INFO - Running: ['airflow', 'tasks', 'run', 'how-desafio-03', 'invoke_lambda_function', 'scheduled__2024-01-26T17:15:00+00:00', '--job-id', '232', '--raw', '--subdir', 'DAGS_FOLDER/weather_dag.py', '--cfg-path', '/tmp/tmpbbiarjo_']
[2024-01-26T14:36:46.976-0300] {standard_task_runner.py:85} INFO - Job 232: Subtask invoke_lambda_function
[2024-01-26T14:36:47.088-0300] {logging_mixin.py:151} INFO - Changing /mnt/c/Users/filipe.macedo_ifood/Documents/how-desafio-03/airflow/logs/dag_id=how-desafio-03/run_id=scheduled__2024-01-26T17:15:00+00:00/task_id=invoke_lambda_function permission to 509
[2024-01-26T14:36:47.092-0300] {task_command.py:416} INFO - Running <TaskInstance: how-desafio-03.invoke_lambda_function scheduled__2024-01-26T17:15:00+00:00 [running]> on host 14111-NB.
[2024-01-26T14:36:47.393-0300] {taskinstance.py:1662} INFO - Exporting env vars: AIRFLOW_CTX_DAG_OWNER='airflow' AIRFLOW_CTX_DAG_ID='how-desafio-03' AIRFLOW_CTX_TASK_ID='invoke_lambda_function' AIRFLOW_CTX_EXECUTION_DATE='2024-01-26T17:15:00+00:00' AIRFLOW_CTX_TRY_NUMBER='1' AIRFLOW_CTX_DAG_RUN_ID='scheduled__2024-01-26T17:15:00+00:00'
[2024-01-26T14:36:47.394-0300] {lambda_function.py:211} INFO - Invoking AWS Lambda function: how-desafio-03 with payload: {"date": "1706290200"}
[2024-01-26T14:36:47.429-0300] {base.py:73} INFO - Using connection ID 'aws_default' for task execution.
[2024-01-26T14:36:47.430-0300] {connection_wrapper.py:340} INFO - AWS Connection (conn_id='aws_default', conn_type='aws') credentials retrieved from login and password.
[2024-01-26T14:36:48.487-0300] {taskinstance.py:1937} ERROR - Task failed with exception
Traceback (most recent call last):
  File "/usr/local/lib/python3.10/dist-packages/airflow/providers/amazon/aws/operators/lambda_function.py", line 212, in execute
    response = self.hook.invoke_lambda(
  File "/usr/local/lib/python3.10/dist-packages/airflow/providers/amazon/aws/hooks/lambda_function.py", line 79, in invoke_lambda
    return self.conn.invoke(**trim_none_values(invoke_args))
  File "/home/fcmacedo/.local/lib/python3.10/site-packages/botocore/client.py", line 535, in _api_call
    return self._make_api_call(operation_name, kwargs)
  File "/home/fcmacedo/.local/lib/python3.10/site-packages/botocore/client.py", line 980, in _make_api_call
    raise error_class(parsed_response, operation_name)
botocore.exceptions.ClientError: An error occurred (InvalidSignatureException) when calling the Invoke operation: Signature expired: 20240126T173647Z is now earlier than 20240126T175059Z (20240126T175559Z - 5 min.)
[2024-01-26T14:36:48.504-0300] {taskinstance.py:1400} INFO - Marking task as FAILED. dag_id=how-desafio-03, task_id=invoke_lambda_function, execution_date=20240126T171500, start_date=20240126T173646, end_date=20240126T173648
[2024-01-26T14:36:48.537-0300] {standard_task_runner.py:104} ERROR - Failed to execute job 232 for task invoke_lambda_function (An error occurred (InvalidSignatureException) when calling the Invoke operation: Signature expired: 20240126T173647Z is now earlier than 20240126T175059Z (20240126T175559Z - 5 min.); 3782)
[2024-01-26T14:36:48.560-0300] {local_task_job_runner.py:228} INFO - Task exited with return code 1
[2024-01-26T14:36:48.580-0300] {taskinstance.py:2778} INFO - 0 downstream tasks scheduled from follow-on schedule check
