[2024-01-26T15:08:42.391-0300] {logging_mixin.py:151} INFO - Changing /mnt/c/Users/filipe.macedo_ifood/Documents/how-desafio-03/airflow/logs/dag_id=how-desafio-03/run_id=scheduled__2024-01-26T17:15:00+00:00/task_id=invoke_lambda_function permission to 509
[2024-01-26T15:08:42.438-0300] {logging_mixin.py:151} INFO - Changing /mnt/c/Users/filipe.macedo_ifood/Documents/how-desafio-03/airflow/logs/dag_id=how-desafio-03/run_id=scheduled__2024-01-26T17:15:00+00:00/task_id=invoke_lambda_function permission to 509
[2024-01-26T15:08:42.455-0300] {taskinstance.py:1159} INFO - Dependencies all met for dep_context=non-requeueable deps ti=<TaskInstance: how-desafio-03.invoke_lambda_function scheduled__2024-01-26T17:15:00+00:00 [queued]>
[2024-01-26T15:08:42.466-0300] {taskinstance.py:1159} INFO - Dependencies all met for dep_context=requeueable deps ti=<TaskInstance: how-desafio-03.invoke_lambda_function scheduled__2024-01-26T17:15:00+00:00 [queued]>
[2024-01-26T15:08:42.466-0300] {taskinstance.py:1361} INFO - Starting attempt 3 of 3
[2024-01-26T15:08:42.491-0300] {taskinstance.py:1382} INFO - Executing <Task(LambdaInvokeFunctionOperator): invoke_lambda_function> on 2024-01-26 17:15:00+00:00
[2024-01-26T15:08:42.493-0300] {standard_task_runner.py:57} INFO - Started process 77 to run task
[2024-01-26T15:08:42.496-0300] {standard_task_runner.py:84} INFO - Running: ['airflow', 'tasks', 'run', 'how-desafio-03', 'invoke_lambda_function', 'scheduled__2024-01-26T17:15:00+00:00', '--job-id', '237', '--raw', '--subdir', 'DAGS_FOLDER/weather_dag.py', '--cfg-path', '/tmp/tmp6urbjlb0']
[2024-01-26T15:08:42.497-0300] {standard_task_runner.py:85} INFO - Job 237: Subtask invoke_lambda_function
[2024-01-26T15:08:42.552-0300] {logging_mixin.py:151} INFO - Changing /mnt/c/Users/filipe.macedo_ifood/Documents/how-desafio-03/airflow/logs/dag_id=how-desafio-03/run_id=scheduled__2024-01-26T17:15:00+00:00/task_id=invoke_lambda_function permission to 509
[2024-01-26T15:08:42.553-0300] {task_command.py:416} INFO - Running <TaskInstance: how-desafio-03.invoke_lambda_function scheduled__2024-01-26T17:15:00+00:00 [running]> on host 14111-NB.
[2024-01-26T15:08:42.635-0300] {taskinstance.py:1662} INFO - Exporting env vars: AIRFLOW_CTX_DAG_OWNER='airflow' AIRFLOW_CTX_DAG_ID='how-desafio-03' AIRFLOW_CTX_TASK_ID='invoke_lambda_function' AIRFLOW_CTX_EXECUTION_DATE='2024-01-26T17:15:00+00:00' AIRFLOW_CTX_TRY_NUMBER='3' AIRFLOW_CTX_DAG_RUN_ID='scheduled__2024-01-26T17:15:00+00:00'
[2024-01-26T15:08:42.635-0300] {lambda_function.py:211} INFO - Invoking AWS Lambda function: how-desafio-03 with payload: {"date": "1706292000"}
[2024-01-26T15:08:42.643-0300] {base.py:73} INFO - Using connection ID 'aws_default' for task execution.
[2024-01-26T15:08:42.644-0300] {connection_wrapper.py:340} INFO - AWS Connection (conn_id='aws_default', conn_type='aws') credentials retrieved from login and password.
[2024-01-26T15:08:43.616-0300] {lambda_function.py:220} INFO - Lambda response metadata: {'RequestId': 'e14288b2-9aaa-4405-a1ca-300250ef2c1c', 'HTTPStatusCode': 202, 'HTTPHeaders': {'date': 'Fri, 26 Jan 2024 18:09:07 GMT', 'content-length': '0', 'connection': 'keep-alive', 'x-amzn-requestid': 'e14288b2-9aaa-4405-a1ca-300250ef2c1c', 'x-amzn-remapped-content-length': '0', 'x-amzn-trace-id': 'root=1-65b3f543-2a77067b15e5c1c532a446d0;sampled=0'}, 'RetryAttempts': 0}
[2024-01-26T15:08:43.618-0300] {lambda_function.py:230} INFO - Lambda function invocation succeeded: {'RequestId': 'e14288b2-9aaa-4405-a1ca-300250ef2c1c', 'HTTPStatusCode': 202, 'HTTPHeaders': {'date': 'Fri, 26 Jan 2024 18:09:07 GMT', 'content-length': '0', 'connection': 'keep-alive', 'x-amzn-requestid': 'e14288b2-9aaa-4405-a1ca-300250ef2c1c', 'x-amzn-remapped-content-length': '0', 'x-amzn-trace-id': 'root=1-65b3f543-2a77067b15e5c1c532a446d0;sampled=0'}, 'RetryAttempts': 0}
[2024-01-26T15:08:43.678-0300] {taskinstance.py:1400} INFO - Marking task as SUCCESS. dag_id=how-desafio-03, task_id=invoke_lambda_function, execution_date=20240126T171500, start_date=20240126T180842, end_date=20240126T180843
[2024-01-26T15:08:43.716-0300] {local_task_job_runner.py:228} INFO - Task exited with return code 0
[2024-01-26T15:08:43.738-0300] {taskinstance.py:2778} INFO - 0 downstream tasks scheduled from follow-on schedule check
