[2024-02-06T21:00:15.542-0300] {processor.py:157} INFO - Started process (PID=868) to work on /mnt/c/Users/filipe.macedo_ifood/Documents/how-desafio-03/airflow/dags/weather_dag.py
[2024-02-06T21:00:15.544-0300] {processor.py:829} INFO - Processing file /mnt/c/Users/filipe.macedo_ifood/Documents/how-desafio-03/airflow/dags/weather_dag.py for tasks to queue
[2024-02-06T21:00:15.547-0300] {logging_mixin.py:151} INFO - [2024-02-06T21:00:15.547-0300] {dagbag.py:536} INFO - Filling up the DagBag from /mnt/c/Users/filipe.macedo_ifood/Documents/how-desafio-03/airflow/dags/weather_dag.py
[2024-02-06T21:00:15.600-0300] {logging_mixin.py:151} WARNING - /usr/local/lib/python3.10/dist-packages/airflow/models/baseoperator.py:437 UserWarning: The parameter waiter_countdown has been deprecated to standardize naming conventions.  Please use waiter_max_attempts instead.  In the future this will default to None and defer to the waiter's default value.
[2024-02-06T21:00:15.606-0300] {logging_mixin.py:151} WARNING - /usr/local/lib/python3.10/dist-packages/airflow/models/baseoperator.py:437 UserWarning: The parameter waiter_check_interval_seconds has been deprecated to standardize naming conventions.  Please use waiter_delay instead.  In the future this will default to None and defer to the waiter's default value.
[2024-02-06T21:00:15.611-0300] {processor.py:839} INFO - DAG(s) dict_keys(['how-desafio-3']) retrieved from /mnt/c/Users/filipe.macedo_ifood/Documents/how-desafio-03/airflow/dags/weather_dag.py
[2024-02-06T21:00:15.761-0300] {logging_mixin.py:151} INFO - [2024-02-06T21:00:15.761-0300] {dag.py:2941} INFO - Sync 1 DAGs
[2024-02-06T21:00:15.790-0300] {logging_mixin.py:151} INFO - [2024-02-06T21:00:15.789-0300] {dag.py:3722} INFO - Setting next_dagrun for how-desafio-3 to 2024-02-07T00:00:00+00:00, run_after=2024-02-07T01:00:00+00:00
[2024-02-06T21:00:15.925-0300] {processor.py:179} INFO - Processing /mnt/c/Users/filipe.macedo_ifood/Documents/how-desafio-03/airflow/dags/weather_dag.py took 0.387 seconds
[2024-02-06T21:00:22.275-0300] {processor.py:157} INFO - Started process (PID=872) to work on /mnt/c/Users/filipe.macedo_ifood/Documents/how-desafio-03/airflow/dags/weather_dag.py
[2024-02-06T21:00:22.277-0300] {processor.py:829} INFO - Processing file /mnt/c/Users/filipe.macedo_ifood/Documents/how-desafio-03/airflow/dags/weather_dag.py for tasks to queue
[2024-02-06T21:00:22.280-0300] {logging_mixin.py:151} INFO - [2024-02-06T21:00:22.280-0300] {dagbag.py:536} INFO - Filling up the DagBag from /mnt/c/Users/filipe.macedo_ifood/Documents/how-desafio-03/airflow/dags/weather_dag.py
[2024-02-06T21:00:22.346-0300] {logging_mixin.py:151} WARNING - /usr/local/lib/python3.10/dist-packages/airflow/models/baseoperator.py:437 UserWarning: The parameter waiter_countdown has been deprecated to standardize naming conventions.  Please use waiter_max_attempts instead.  In the future this will default to None and defer to the waiter's default value.
[2024-02-06T21:00:22.347-0300] {logging_mixin.py:151} WARNING - /usr/local/lib/python3.10/dist-packages/airflow/models/baseoperator.py:437 UserWarning: The parameter waiter_check_interval_seconds has been deprecated to standardize naming conventions.  Please use waiter_delay instead.  In the future this will default to None and defer to the waiter's default value.
[2024-02-06T21:00:22.355-0300] {processor.py:839} INFO - DAG(s) dict_keys(['how-desafio-3']) retrieved from /mnt/c/Users/filipe.macedo_ifood/Documents/how-desafio-03/airflow/dags/weather_dag.py
[2024-02-06T21:00:22.388-0300] {logging_mixin.py:151} INFO - [2024-02-06T21:00:22.387-0300] {dag.py:2941} INFO - Sync 1 DAGs
[2024-02-06T21:00:22.427-0300] {logging_mixin.py:151} INFO - [2024-02-06T21:00:22.427-0300] {dag.py:3722} INFO - Setting next_dagrun for how-desafio-3 to 2024-02-07T00:00:00+00:00, run_after=2024-02-07T01:00:00+00:00
[2024-02-06T21:00:22.594-0300] {processor.py:179} INFO - Processing /mnt/c/Users/filipe.macedo_ifood/Documents/how-desafio-03/airflow/dags/weather_dag.py took 0.322 seconds
[2024-02-06T21:02:31.954-0300] {processor.py:157} INFO - Started process (PID=885) to work on /mnt/c/Users/filipe.macedo_ifood/Documents/how-desafio-03/airflow/dags/weather_dag.py
[2024-02-06T21:02:31.956-0300] {processor.py:829} INFO - Processing file /mnt/c/Users/filipe.macedo_ifood/Documents/how-desafio-03/airflow/dags/weather_dag.py for tasks to queue
[2024-02-06T21:02:31.962-0300] {logging_mixin.py:151} INFO - [2024-02-06T21:02:31.961-0300] {dagbag.py:536} INFO - Filling up the DagBag from /mnt/c/Users/filipe.macedo_ifood/Documents/how-desafio-03/airflow/dags/weather_dag.py
[2024-02-06T21:02:32.041-0300] {logging_mixin.py:151} WARNING - /usr/local/lib/python3.10/dist-packages/airflow/models/baseoperator.py:437 UserWarning: The parameter waiter_countdown has been deprecated to standardize naming conventions.  Please use waiter_max_attempts instead.  In the future this will default to None and defer to the waiter's default value.
[2024-02-06T21:02:32.044-0300] {logging_mixin.py:151} WARNING - /usr/local/lib/python3.10/dist-packages/airflow/models/baseoperator.py:437 UserWarning: The parameter waiter_check_interval_seconds has been deprecated to standardize naming conventions.  Please use waiter_delay instead.  In the future this will default to None and defer to the waiter's default value.
[2024-02-06T21:02:32.055-0300] {processor.py:839} INFO - DAG(s) dict_keys(['how-desafio-3']) retrieved from /mnt/c/Users/filipe.macedo_ifood/Documents/how-desafio-03/airflow/dags/weather_dag.py
[2024-02-06T21:02:32.107-0300] {logging_mixin.py:151} INFO - [2024-02-06T21:02:32.106-0300] {dag.py:2941} INFO - Sync 1 DAGs
[2024-02-06T21:02:32.152-0300] {logging_mixin.py:151} INFO - [2024-02-06T21:02:32.151-0300] {dag.py:3722} INFO - Setting next_dagrun for how-desafio-3 to 2024-02-07T00:00:00+00:00, run_after=2024-02-07T01:00:00+00:00
[2024-02-06T21:02:32.342-0300] {processor.py:179} INFO - Processing /mnt/c/Users/filipe.macedo_ifood/Documents/how-desafio-03/airflow/dags/weather_dag.py took 0.394 seconds
[2024-02-06T21:03:03.177-0300] {processor.py:157} INFO - Started process (PID=886) to work on /mnt/c/Users/filipe.macedo_ifood/Documents/how-desafio-03/airflow/dags/weather_dag.py
[2024-02-06T21:03:03.180-0300] {processor.py:829} INFO - Processing file /mnt/c/Users/filipe.macedo_ifood/Documents/how-desafio-03/airflow/dags/weather_dag.py for tasks to queue
[2024-02-06T21:03:03.185-0300] {logging_mixin.py:151} INFO - [2024-02-06T21:03:03.185-0300] {dagbag.py:536} INFO - Filling up the DagBag from /mnt/c/Users/filipe.macedo_ifood/Documents/how-desafio-03/airflow/dags/weather_dag.py
[2024-02-06T21:03:03.259-0300] {logging_mixin.py:151} WARNING - /usr/local/lib/python3.10/dist-packages/airflow/models/baseoperator.py:437 UserWarning: The parameter waiter_countdown has been deprecated to standardize naming conventions.  Please use waiter_max_attempts instead.  In the future this will default to None and defer to the waiter's default value.
[2024-02-06T21:03:03.261-0300] {logging_mixin.py:151} WARNING - /usr/local/lib/python3.10/dist-packages/airflow/models/baseoperator.py:437 UserWarning: The parameter waiter_check_interval_seconds has been deprecated to standardize naming conventions.  Please use waiter_delay instead.  In the future this will default to None and defer to the waiter's default value.
[2024-02-06T21:03:03.274-0300] {processor.py:839} INFO - DAG(s) dict_keys(['how-desafio-3']) retrieved from /mnt/c/Users/filipe.macedo_ifood/Documents/how-desafio-03/airflow/dags/weather_dag.py
[2024-02-06T21:03:03.349-0300] {logging_mixin.py:151} INFO - [2024-02-06T21:03:03.348-0300] {dag.py:2941} INFO - Sync 1 DAGs
[2024-02-06T21:03:03.392-0300] {logging_mixin.py:151} INFO - [2024-02-06T21:03:03.392-0300] {dag.py:3722} INFO - Setting next_dagrun for how-desafio-3 to 2024-02-07T00:00:00+00:00, run_after=2024-02-07T01:00:00+00:00
[2024-02-06T21:03:03.539-0300] {processor.py:179} INFO - Processing /mnt/c/Users/filipe.macedo_ifood/Documents/how-desafio-03/airflow/dags/weather_dag.py took 0.367 seconds
[2024-02-06T21:03:10.268-0300] {processor.py:157} INFO - Started process (PID=887) to work on /mnt/c/Users/filipe.macedo_ifood/Documents/how-desafio-03/airflow/dags/weather_dag.py
[2024-02-06T21:03:10.270-0300] {processor.py:829} INFO - Processing file /mnt/c/Users/filipe.macedo_ifood/Documents/how-desafio-03/airflow/dags/weather_dag.py for tasks to queue
[2024-02-06T21:03:10.274-0300] {logging_mixin.py:151} INFO - [2024-02-06T21:03:10.274-0300] {dagbag.py:536} INFO - Filling up the DagBag from /mnt/c/Users/filipe.macedo_ifood/Documents/how-desafio-03/airflow/dags/weather_dag.py
[2024-02-06T21:03:10.348-0300] {logging_mixin.py:151} WARNING - /usr/local/lib/python3.10/dist-packages/airflow/models/baseoperator.py:437 UserWarning: The parameter waiter_countdown has been deprecated to standardize naming conventions.  Please use waiter_max_attempts instead.  In the future this will default to None and defer to the waiter's default value.
[2024-02-06T21:03:10.349-0300] {logging_mixin.py:151} WARNING - /usr/local/lib/python3.10/dist-packages/airflow/models/baseoperator.py:437 UserWarning: The parameter waiter_check_interval_seconds has been deprecated to standardize naming conventions.  Please use waiter_delay instead.  In the future this will default to None and defer to the waiter's default value.
[2024-02-06T21:03:10.354-0300] {processor.py:839} INFO - DAG(s) dict_keys(['how-desafio-3']) retrieved from /mnt/c/Users/filipe.macedo_ifood/Documents/how-desafio-03/airflow/dags/weather_dag.py
[2024-02-06T21:03:10.495-0300] {logging_mixin.py:151} INFO - [2024-02-06T21:03:10.494-0300] {dag.py:2941} INFO - Sync 1 DAGs
[2024-02-06T21:03:10.523-0300] {logging_mixin.py:151} INFO - [2024-02-06T21:03:10.523-0300] {dag.py:3722} INFO - Setting next_dagrun for how-desafio-3 to 2024-02-07T00:00:00+00:00, run_after=2024-02-07T01:00:00+00:00
[2024-02-06T21:03:10.635-0300] {processor.py:179} INFO - Processing /mnt/c/Users/filipe.macedo_ifood/Documents/how-desafio-03/airflow/dags/weather_dag.py took 0.370 seconds
[2024-02-06T21:03:41.833-0300] {processor.py:157} INFO - Started process (PID=888) to work on /mnt/c/Users/filipe.macedo_ifood/Documents/how-desafio-03/airflow/dags/weather_dag.py
[2024-02-06T21:03:41.834-0300] {processor.py:829} INFO - Processing file /mnt/c/Users/filipe.macedo_ifood/Documents/how-desafio-03/airflow/dags/weather_dag.py for tasks to queue
[2024-02-06T21:03:41.837-0300] {logging_mixin.py:151} INFO - [2024-02-06T21:03:41.836-0300] {dagbag.py:536} INFO - Filling up the DagBag from /mnt/c/Users/filipe.macedo_ifood/Documents/how-desafio-03/airflow/dags/weather_dag.py
[2024-02-06T21:03:41.898-0300] {logging_mixin.py:151} WARNING - /usr/local/lib/python3.10/dist-packages/airflow/models/baseoperator.py:437 UserWarning: The parameter waiter_countdown has been deprecated to standardize naming conventions.  Please use waiter_max_attempts instead.  In the future this will default to None and defer to the waiter's default value.
[2024-02-06T21:03:41.900-0300] {logging_mixin.py:151} WARNING - /usr/local/lib/python3.10/dist-packages/airflow/models/baseoperator.py:437 UserWarning: The parameter waiter_check_interval_seconds has been deprecated to standardize naming conventions.  Please use waiter_delay instead.  In the future this will default to None and defer to the waiter's default value.
[2024-02-06T21:03:41.909-0300] {processor.py:839} INFO - DAG(s) dict_keys(['how-desafio-3']) retrieved from /mnt/c/Users/filipe.macedo_ifood/Documents/how-desafio-03/airflow/dags/weather_dag.py
[2024-02-06T21:03:41.967-0300] {logging_mixin.py:151} INFO - [2024-02-06T21:03:41.964-0300] {dag.py:2941} INFO - Sync 1 DAGs
[2024-02-06T21:03:42.011-0300] {logging_mixin.py:151} INFO - [2024-02-06T21:03:42.010-0300] {dag.py:3722} INFO - Setting next_dagrun for how-desafio-3 to 2024-02-07T00:00:00+00:00, run_after=2024-02-07T01:00:00+00:00
[2024-02-06T21:03:42.164-0300] {processor.py:179} INFO - Processing /mnt/c/Users/filipe.macedo_ifood/Documents/how-desafio-03/airflow/dags/weather_dag.py took 0.335 seconds
[2024-02-06T21:04:13.371-0300] {processor.py:157} INFO - Started process (PID=889) to work on /mnt/c/Users/filipe.macedo_ifood/Documents/how-desafio-03/airflow/dags/weather_dag.py
[2024-02-06T21:04:13.372-0300] {processor.py:829} INFO - Processing file /mnt/c/Users/filipe.macedo_ifood/Documents/how-desafio-03/airflow/dags/weather_dag.py for tasks to queue
[2024-02-06T21:04:13.375-0300] {logging_mixin.py:151} INFO - [2024-02-06T21:04:13.374-0300] {dagbag.py:536} INFO - Filling up the DagBag from /mnt/c/Users/filipe.macedo_ifood/Documents/how-desafio-03/airflow/dags/weather_dag.py
[2024-02-06T21:04:13.436-0300] {logging_mixin.py:151} WARNING - /usr/local/lib/python3.10/dist-packages/airflow/models/baseoperator.py:437 UserWarning: The parameter waiter_countdown has been deprecated to standardize naming conventions.  Please use waiter_max_attempts instead.  In the future this will default to None and defer to the waiter's default value.
[2024-02-06T21:04:13.437-0300] {logging_mixin.py:151} WARNING - /usr/local/lib/python3.10/dist-packages/airflow/models/baseoperator.py:437 UserWarning: The parameter waiter_check_interval_seconds has been deprecated to standardize naming conventions.  Please use waiter_delay instead.  In the future this will default to None and defer to the waiter's default value.
[2024-02-06T21:04:13.445-0300] {processor.py:839} INFO - DAG(s) dict_keys(['how-desafio-3']) retrieved from /mnt/c/Users/filipe.macedo_ifood/Documents/how-desafio-03/airflow/dags/weather_dag.py
[2024-02-06T21:04:13.487-0300] {logging_mixin.py:151} INFO - [2024-02-06T21:04:13.487-0300] {dag.py:2941} INFO - Sync 1 DAGs
[2024-02-06T21:04:13.518-0300] {logging_mixin.py:151} INFO - [2024-02-06T21:04:13.517-0300] {dag.py:3722} INFO - Setting next_dagrun for how-desafio-3 to 2024-02-07T00:00:00+00:00, run_after=2024-02-07T01:00:00+00:00
[2024-02-06T21:04:13.619-0300] {processor.py:179} INFO - Processing /mnt/c/Users/filipe.macedo_ifood/Documents/how-desafio-03/airflow/dags/weather_dag.py took 0.252 seconds
[2024-02-06T21:04:22.789-0300] {processor.py:157} INFO - Started process (PID=893) to work on /mnt/c/Users/filipe.macedo_ifood/Documents/how-desafio-03/airflow/dags/weather_dag.py
[2024-02-06T21:04:22.790-0300] {processor.py:829} INFO - Processing file /mnt/c/Users/filipe.macedo_ifood/Documents/how-desafio-03/airflow/dags/weather_dag.py for tasks to queue
[2024-02-06T21:04:22.796-0300] {logging_mixin.py:151} INFO - [2024-02-06T21:04:22.795-0300] {dagbag.py:536} INFO - Filling up the DagBag from /mnt/c/Users/filipe.macedo_ifood/Documents/how-desafio-03/airflow/dags/weather_dag.py
[2024-02-06T21:04:22.864-0300] {logging_mixin.py:151} WARNING - /usr/local/lib/python3.10/dist-packages/airflow/models/baseoperator.py:437 UserWarning: The parameter waiter_countdown has been deprecated to standardize naming conventions.  Please use waiter_max_attempts instead.  In the future this will default to None and defer to the waiter's default value.
[2024-02-06T21:04:22.866-0300] {logging_mixin.py:151} WARNING - /usr/local/lib/python3.10/dist-packages/airflow/models/baseoperator.py:437 UserWarning: The parameter waiter_check_interval_seconds has been deprecated to standardize naming conventions.  Please use waiter_delay instead.  In the future this will default to None and defer to the waiter's default value.
[2024-02-06T21:04:22.877-0300] {processor.py:839} INFO - DAG(s) dict_keys(['how-desafio-3']) retrieved from /mnt/c/Users/filipe.macedo_ifood/Documents/how-desafio-03/airflow/dags/weather_dag.py
[2024-02-06T21:04:22.936-0300] {logging_mixin.py:151} INFO - [2024-02-06T21:04:22.936-0300] {dag.py:2941} INFO - Sync 1 DAGs
[2024-02-06T21:04:22.980-0300] {logging_mixin.py:151} INFO - [2024-02-06T21:04:22.980-0300] {dag.py:3722} INFO - Setting next_dagrun for how-desafio-3 to 2024-02-07T00:00:00+00:00, run_after=2024-02-07T01:00:00+00:00
[2024-02-06T21:04:23.165-0300] {processor.py:179} INFO - Processing /mnt/c/Users/filipe.macedo_ifood/Documents/how-desafio-03/airflow/dags/weather_dag.py took 0.380 seconds
[2024-02-06T21:04:29.305-0300] {processor.py:157} INFO - Started process (PID=897) to work on /mnt/c/Users/filipe.macedo_ifood/Documents/how-desafio-03/airflow/dags/weather_dag.py
[2024-02-06T21:04:29.306-0300] {processor.py:829} INFO - Processing file /mnt/c/Users/filipe.macedo_ifood/Documents/how-desafio-03/airflow/dags/weather_dag.py for tasks to queue
[2024-02-06T21:04:29.311-0300] {logging_mixin.py:151} INFO - [2024-02-06T21:04:29.311-0300] {dagbag.py:536} INFO - Filling up the DagBag from /mnt/c/Users/filipe.macedo_ifood/Documents/how-desafio-03/airflow/dags/weather_dag.py
[2024-02-06T21:04:29.374-0300] {logging_mixin.py:151} WARNING - /usr/local/lib/python3.10/dist-packages/airflow/models/baseoperator.py:437 UserWarning: The parameter waiter_countdown has been deprecated to standardize naming conventions.  Please use waiter_max_attempts instead.  In the future this will default to None and defer to the waiter's default value.
[2024-02-06T21:04:29.375-0300] {logging_mixin.py:151} WARNING - /usr/local/lib/python3.10/dist-packages/airflow/models/baseoperator.py:437 UserWarning: The parameter waiter_check_interval_seconds has been deprecated to standardize naming conventions.  Please use waiter_delay instead.  In the future this will default to None and defer to the waiter's default value.
[2024-02-06T21:04:29.380-0300] {processor.py:839} INFO - DAG(s) dict_keys(['how-desafio-3']) retrieved from /mnt/c/Users/filipe.macedo_ifood/Documents/how-desafio-03/airflow/dags/weather_dag.py
[2024-02-06T21:04:29.430-0300] {logging_mixin.py:151} INFO - [2024-02-06T21:04:29.429-0300] {dag.py:2941} INFO - Sync 1 DAGs
[2024-02-06T21:04:29.471-0300] {logging_mixin.py:151} INFO - [2024-02-06T21:04:29.471-0300] {dag.py:3722} INFO - Setting next_dagrun for how-desafio-3 to 2024-02-07T00:00:00+00:00, run_after=2024-02-07T01:00:00+00:00
[2024-02-06T21:04:29.631-0300] {processor.py:179} INFO - Processing /mnt/c/Users/filipe.macedo_ifood/Documents/how-desafio-03/airflow/dags/weather_dag.py took 0.329 seconds
[2024-02-06T21:04:36.398-0300] {processor.py:157} INFO - Started process (PID=901) to work on /mnt/c/Users/filipe.macedo_ifood/Documents/how-desafio-03/airflow/dags/weather_dag.py
[2024-02-06T21:04:36.400-0300] {processor.py:829} INFO - Processing file /mnt/c/Users/filipe.macedo_ifood/Documents/how-desafio-03/airflow/dags/weather_dag.py for tasks to queue
[2024-02-06T21:04:36.403-0300] {logging_mixin.py:151} INFO - [2024-02-06T21:04:36.403-0300] {dagbag.py:536} INFO - Filling up the DagBag from /mnt/c/Users/filipe.macedo_ifood/Documents/how-desafio-03/airflow/dags/weather_dag.py
[2024-02-06T21:04:36.455-0300] {logging_mixin.py:151} WARNING - /usr/local/lib/python3.10/dist-packages/airflow/models/baseoperator.py:437 UserWarning: The parameter waiter_countdown has been deprecated to standardize naming conventions.  Please use waiter_max_attempts instead.  In the future this will default to None and defer to the waiter's default value.
[2024-02-06T21:04:36.457-0300] {logging_mixin.py:151} WARNING - /usr/local/lib/python3.10/dist-packages/airflow/models/baseoperator.py:437 UserWarning: The parameter waiter_check_interval_seconds has been deprecated to standardize naming conventions.  Please use waiter_delay instead.  In the future this will default to None and defer to the waiter's default value.
[2024-02-06T21:04:36.465-0300] {processor.py:839} INFO - DAG(s) dict_keys(['how-desafio-3']) retrieved from /mnt/c/Users/filipe.macedo_ifood/Documents/how-desafio-03/airflow/dags/weather_dag.py
[2024-02-06T21:04:36.506-0300] {logging_mixin.py:151} INFO - [2024-02-06T21:04:36.505-0300] {dag.py:2941} INFO - Sync 1 DAGs
[2024-02-06T21:04:36.562-0300] {logging_mixin.py:151} INFO - [2024-02-06T21:04:36.562-0300] {dag.py:3722} INFO - Setting next_dagrun for how-desafio-3 to 2024-02-07T00:00:00+00:00, run_after=2024-02-07T01:00:00+00:00
[2024-02-06T21:04:36.797-0300] {processor.py:179} INFO - Processing /mnt/c/Users/filipe.macedo_ifood/Documents/how-desafio-03/airflow/dags/weather_dag.py took 0.402 seconds
[2024-02-06T21:13:55.952-0300] {processor.py:157} INFO - Started process (PID=945) to work on /mnt/c/Users/filipe.macedo_ifood/Documents/how-desafio-03/airflow/dags/weather_dag.py
[2024-02-06T21:13:55.954-0300] {processor.py:829} INFO - Processing file /mnt/c/Users/filipe.macedo_ifood/Documents/how-desafio-03/airflow/dags/weather_dag.py for tasks to queue
[2024-02-06T21:13:55.957-0300] {logging_mixin.py:151} INFO - [2024-02-06T21:13:55.956-0300] {dagbag.py:536} INFO - Filling up the DagBag from /mnt/c/Users/filipe.macedo_ifood/Documents/how-desafio-03/airflow/dags/weather_dag.py
[2024-02-06T21:13:56.005-0300] {logging_mixin.py:151} WARNING - /usr/local/lib/python3.10/dist-packages/airflow/models/baseoperator.py:437 UserWarning: The parameter waiter_countdown has been deprecated to standardize naming conventions.  Please use waiter_max_attempts instead.  In the future this will default to None and defer to the waiter's default value.
[2024-02-06T21:13:56.007-0300] {logging_mixin.py:151} WARNING - /usr/local/lib/python3.10/dist-packages/airflow/models/baseoperator.py:437 UserWarning: The parameter waiter_check_interval_seconds has been deprecated to standardize naming conventions.  Please use waiter_delay instead.  In the future this will default to None and defer to the waiter's default value.
[2024-02-06T21:13:56.011-0300] {processor.py:839} INFO - DAG(s) dict_keys(['how-desafio-3']) retrieved from /mnt/c/Users/filipe.macedo_ifood/Documents/how-desafio-03/airflow/dags/weather_dag.py
[2024-02-06T21:13:56.056-0300] {logging_mixin.py:151} INFO - [2024-02-06T21:13:56.056-0300] {dag.py:2941} INFO - Sync 1 DAGs
[2024-02-06T21:13:56.088-0300] {logging_mixin.py:151} INFO - [2024-02-06T21:13:56.088-0300] {dag.py:3722} INFO - Setting next_dagrun for how-desafio-3 to 2024-02-07T00:00:00+00:00, run_after=2024-02-07T01:00:00+00:00
[2024-02-06T21:13:56.190-0300] {processor.py:179} INFO - Processing /mnt/c/Users/filipe.macedo_ifood/Documents/how-desafio-03/airflow/dags/weather_dag.py took 0.241 seconds
[2024-02-06T21:14:26.513-0300] {processor.py:157} INFO - Started process (PID=946) to work on /mnt/c/Users/filipe.macedo_ifood/Documents/how-desafio-03/airflow/dags/weather_dag.py
[2024-02-06T21:14:26.514-0300] {processor.py:829} INFO - Processing file /mnt/c/Users/filipe.macedo_ifood/Documents/how-desafio-03/airflow/dags/weather_dag.py for tasks to queue
[2024-02-06T21:14:26.518-0300] {logging_mixin.py:151} INFO - [2024-02-06T21:14:26.518-0300] {dagbag.py:536} INFO - Filling up the DagBag from /mnt/c/Users/filipe.macedo_ifood/Documents/how-desafio-03/airflow/dags/weather_dag.py
[2024-02-06T21:14:26.569-0300] {logging_mixin.py:151} WARNING - /usr/local/lib/python3.10/dist-packages/airflow/models/baseoperator.py:437 UserWarning: The parameter waiter_countdown has been deprecated to standardize naming conventions.  Please use waiter_max_attempts instead.  In the future this will default to None and defer to the waiter's default value.
[2024-02-06T21:14:26.570-0300] {logging_mixin.py:151} WARNING - /usr/local/lib/python3.10/dist-packages/airflow/models/baseoperator.py:437 UserWarning: The parameter waiter_check_interval_seconds has been deprecated to standardize naming conventions.  Please use waiter_delay instead.  In the future this will default to None and defer to the waiter's default value.
[2024-02-06T21:14:26.575-0300] {processor.py:839} INFO - DAG(s) dict_keys(['how-desafio-3']) retrieved from /mnt/c/Users/filipe.macedo_ifood/Documents/how-desafio-03/airflow/dags/weather_dag.py
[2024-02-06T21:14:26.611-0300] {logging_mixin.py:151} INFO - [2024-02-06T21:14:26.611-0300] {dag.py:2941} INFO - Sync 1 DAGs
[2024-02-06T21:14:26.640-0300] {logging_mixin.py:151} INFO - [2024-02-06T21:14:26.640-0300] {dag.py:3722} INFO - Setting next_dagrun for how-desafio-3 to 2024-02-07T00:00:00+00:00, run_after=2024-02-07T01:00:00+00:00
[2024-02-06T21:14:26.767-0300] {processor.py:179} INFO - Processing /mnt/c/Users/filipe.macedo_ifood/Documents/how-desafio-03/airflow/dags/weather_dag.py took 0.257 seconds
[2024-02-06T21:14:57.430-0300] {processor.py:157} INFO - Started process (PID=947) to work on /mnt/c/Users/filipe.macedo_ifood/Documents/how-desafio-03/airflow/dags/weather_dag.py
[2024-02-06T21:14:57.431-0300] {processor.py:829} INFO - Processing file /mnt/c/Users/filipe.macedo_ifood/Documents/how-desafio-03/airflow/dags/weather_dag.py for tasks to queue
[2024-02-06T21:14:57.434-0300] {logging_mixin.py:151} INFO - [2024-02-06T21:14:57.433-0300] {dagbag.py:536} INFO - Filling up the DagBag from /mnt/c/Users/filipe.macedo_ifood/Documents/how-desafio-03/airflow/dags/weather_dag.py
[2024-02-06T21:14:57.485-0300] {logging_mixin.py:151} WARNING - /usr/local/lib/python3.10/dist-packages/airflow/models/baseoperator.py:437 UserWarning: The parameter waiter_countdown has been deprecated to standardize naming conventions.  Please use waiter_max_attempts instead.  In the future this will default to None and defer to the waiter's default value.
[2024-02-06T21:14:57.487-0300] {logging_mixin.py:151} WARNING - /usr/local/lib/python3.10/dist-packages/airflow/models/baseoperator.py:437 UserWarning: The parameter waiter_check_interval_seconds has been deprecated to standardize naming conventions.  Please use waiter_delay instead.  In the future this will default to None and defer to the waiter's default value.
[2024-02-06T21:14:57.492-0300] {processor.py:839} INFO - DAG(s) dict_keys(['how-desafio-3']) retrieved from /mnt/c/Users/filipe.macedo_ifood/Documents/how-desafio-03/airflow/dags/weather_dag.py
[2024-02-06T21:14:57.530-0300] {logging_mixin.py:151} INFO - [2024-02-06T21:14:57.530-0300] {dag.py:2941} INFO - Sync 1 DAGs
[2024-02-06T21:14:57.558-0300] {logging_mixin.py:151} INFO - [2024-02-06T21:14:57.558-0300] {dag.py:3722} INFO - Setting next_dagrun for how-desafio-3 to 2024-02-07T00:00:00+00:00, run_after=2024-02-07T01:00:00+00:00
[2024-02-06T21:14:57.689-0300] {processor.py:179} INFO - Processing /mnt/c/Users/filipe.macedo_ifood/Documents/how-desafio-03/airflow/dags/weather_dag.py took 0.262 seconds
[2024-02-06T21:15:27.995-0300] {processor.py:157} INFO - Started process (PID=948) to work on /mnt/c/Users/filipe.macedo_ifood/Documents/how-desafio-03/airflow/dags/weather_dag.py
[2024-02-06T21:15:27.997-0300] {processor.py:829} INFO - Processing file /mnt/c/Users/filipe.macedo_ifood/Documents/how-desafio-03/airflow/dags/weather_dag.py for tasks to queue
[2024-02-06T21:15:27.999-0300] {logging_mixin.py:151} INFO - [2024-02-06T21:15:27.999-0300] {dagbag.py:536} INFO - Filling up the DagBag from /mnt/c/Users/filipe.macedo_ifood/Documents/how-desafio-03/airflow/dags/weather_dag.py
[2024-02-06T21:15:28.042-0300] {logging_mixin.py:151} WARNING - /usr/local/lib/python3.10/dist-packages/airflow/models/baseoperator.py:437 UserWarning: The parameter waiter_countdown has been deprecated to standardize naming conventions.  Please use waiter_max_attempts instead.  In the future this will default to None and defer to the waiter's default value.
[2024-02-06T21:15:28.044-0300] {logging_mixin.py:151} WARNING - /usr/local/lib/python3.10/dist-packages/airflow/models/baseoperator.py:437 UserWarning: The parameter waiter_check_interval_seconds has been deprecated to standardize naming conventions.  Please use waiter_delay instead.  In the future this will default to None and defer to the waiter's default value.
[2024-02-06T21:15:28.048-0300] {processor.py:839} INFO - DAG(s) dict_keys(['how-desafio-3']) retrieved from /mnt/c/Users/filipe.macedo_ifood/Documents/how-desafio-03/airflow/dags/weather_dag.py
[2024-02-06T21:15:28.086-0300] {logging_mixin.py:151} INFO - [2024-02-06T21:15:28.085-0300] {dag.py:2941} INFO - Sync 1 DAGs
[2024-02-06T21:15:28.115-0300] {logging_mixin.py:151} INFO - [2024-02-06T21:15:28.115-0300] {dag.py:3722} INFO - Setting next_dagrun for how-desafio-3 to 2024-02-07T00:00:00+00:00, run_after=2024-02-07T01:00:00+00:00
[2024-02-06T21:15:28.227-0300] {processor.py:179} INFO - Processing /mnt/c/Users/filipe.macedo_ifood/Documents/how-desafio-03/airflow/dags/weather_dag.py took 0.236 seconds
[2024-02-06T21:15:58.705-0300] {processor.py:157} INFO - Started process (PID=949) to work on /mnt/c/Users/filipe.macedo_ifood/Documents/how-desafio-03/airflow/dags/weather_dag.py
[2024-02-06T21:15:58.708-0300] {processor.py:829} INFO - Processing file /mnt/c/Users/filipe.macedo_ifood/Documents/how-desafio-03/airflow/dags/weather_dag.py for tasks to queue
[2024-02-06T21:15:58.715-0300] {logging_mixin.py:151} INFO - [2024-02-06T21:15:58.714-0300] {dagbag.py:536} INFO - Filling up the DagBag from /mnt/c/Users/filipe.macedo_ifood/Documents/how-desafio-03/airflow/dags/weather_dag.py
[2024-02-06T21:15:58.817-0300] {logging_mixin.py:151} WARNING - /usr/local/lib/python3.10/dist-packages/airflow/models/baseoperator.py:437 UserWarning: The parameter waiter_countdown has been deprecated to standardize naming conventions.  Please use waiter_max_attempts instead.  In the future this will default to None and defer to the waiter's default value.
[2024-02-06T21:15:58.820-0300] {logging_mixin.py:151} WARNING - /usr/local/lib/python3.10/dist-packages/airflow/models/baseoperator.py:437 UserWarning: The parameter waiter_check_interval_seconds has been deprecated to standardize naming conventions.  Please use waiter_delay instead.  In the future this will default to None and defer to the waiter's default value.
[2024-02-06T21:15:58.832-0300] {processor.py:839} INFO - DAG(s) dict_keys(['how-desafio-3']) retrieved from /mnt/c/Users/filipe.macedo_ifood/Documents/how-desafio-03/airflow/dags/weather_dag.py
[2024-02-06T21:15:58.900-0300] {logging_mixin.py:151} INFO - [2024-02-06T21:15:58.899-0300] {dag.py:2941} INFO - Sync 1 DAGs
[2024-02-06T21:15:58.954-0300] {logging_mixin.py:151} INFO - [2024-02-06T21:15:58.954-0300] {dag.py:3722} INFO - Setting next_dagrun for how-desafio-3 to 2024-02-07T00:00:00+00:00, run_after=2024-02-07T01:00:00+00:00
[2024-02-06T21:15:59.122-0300] {processor.py:179} INFO - Processing /mnt/c/Users/filipe.macedo_ifood/Documents/how-desafio-03/airflow/dags/weather_dag.py took 0.424 seconds
[2024-02-06T21:16:29.409-0300] {processor.py:157} INFO - Started process (PID=950) to work on /mnt/c/Users/filipe.macedo_ifood/Documents/how-desafio-03/airflow/dags/weather_dag.py
[2024-02-06T21:16:29.410-0300] {processor.py:829} INFO - Processing file /mnt/c/Users/filipe.macedo_ifood/Documents/how-desafio-03/airflow/dags/weather_dag.py for tasks to queue
[2024-02-06T21:16:29.413-0300] {logging_mixin.py:151} INFO - [2024-02-06T21:16:29.413-0300] {dagbag.py:536} INFO - Filling up the DagBag from /mnt/c/Users/filipe.macedo_ifood/Documents/how-desafio-03/airflow/dags/weather_dag.py
[2024-02-06T21:16:29.479-0300] {logging_mixin.py:151} WARNING - /usr/local/lib/python3.10/dist-packages/airflow/models/baseoperator.py:437 UserWarning: The parameter waiter_countdown has been deprecated to standardize naming conventions.  Please use waiter_max_attempts instead.  In the future this will default to None and defer to the waiter's default value.
[2024-02-06T21:16:29.480-0300] {logging_mixin.py:151} WARNING - /usr/local/lib/python3.10/dist-packages/airflow/models/baseoperator.py:437 UserWarning: The parameter waiter_check_interval_seconds has been deprecated to standardize naming conventions.  Please use waiter_delay instead.  In the future this will default to None and defer to the waiter's default value.
[2024-02-06T21:16:29.485-0300] {processor.py:839} INFO - DAG(s) dict_keys(['how-desafio-3']) retrieved from /mnt/c/Users/filipe.macedo_ifood/Documents/how-desafio-03/airflow/dags/weather_dag.py
[2024-02-06T21:16:29.540-0300] {logging_mixin.py:151} INFO - [2024-02-06T21:16:29.539-0300] {dag.py:2941} INFO - Sync 1 DAGs
[2024-02-06T21:16:29.580-0300] {logging_mixin.py:151} INFO - [2024-02-06T21:16:29.579-0300] {dag.py:3722} INFO - Setting next_dagrun for how-desafio-3 to 2024-02-07T00:00:00+00:00, run_after=2024-02-07T01:00:00+00:00
[2024-02-06T21:16:29.755-0300] {processor.py:179} INFO - Processing /mnt/c/Users/filipe.macedo_ifood/Documents/how-desafio-03/airflow/dags/weather_dag.py took 0.350 seconds
[2024-02-06T21:17:00.456-0300] {processor.py:157} INFO - Started process (PID=951) to work on /mnt/c/Users/filipe.macedo_ifood/Documents/how-desafio-03/airflow/dags/weather_dag.py
[2024-02-06T21:17:00.457-0300] {processor.py:829} INFO - Processing file /mnt/c/Users/filipe.macedo_ifood/Documents/how-desafio-03/airflow/dags/weather_dag.py for tasks to queue
[2024-02-06T21:17:00.461-0300] {logging_mixin.py:151} INFO - [2024-02-06T21:17:00.461-0300] {dagbag.py:536} INFO - Filling up the DagBag from /mnt/c/Users/filipe.macedo_ifood/Documents/how-desafio-03/airflow/dags/weather_dag.py
[2024-02-06T21:17:00.527-0300] {logging_mixin.py:151} WARNING - /usr/local/lib/python3.10/dist-packages/airflow/models/baseoperator.py:437 UserWarning: The parameter waiter_countdown has been deprecated to standardize naming conventions.  Please use waiter_max_attempts instead.  In the future this will default to None and defer to the waiter's default value.
[2024-02-06T21:17:00.528-0300] {logging_mixin.py:151} WARNING - /usr/local/lib/python3.10/dist-packages/airflow/models/baseoperator.py:437 UserWarning: The parameter waiter_check_interval_seconds has been deprecated to standardize naming conventions.  Please use waiter_delay instead.  In the future this will default to None and defer to the waiter's default value.
[2024-02-06T21:17:00.539-0300] {processor.py:839} INFO - DAG(s) dict_keys(['how-desafio-3']) retrieved from /mnt/c/Users/filipe.macedo_ifood/Documents/how-desafio-03/airflow/dags/weather_dag.py
[2024-02-06T21:17:00.612-0300] {logging_mixin.py:151} INFO - [2024-02-06T21:17:00.611-0300] {dag.py:2941} INFO - Sync 1 DAGs
[2024-02-06T21:17:00.658-0300] {logging_mixin.py:151} INFO - [2024-02-06T21:17:00.657-0300] {dag.py:3722} INFO - Setting next_dagrun for how-desafio-3 to 2024-02-07T00:00:00+00:00, run_after=2024-02-07T01:00:00+00:00
[2024-02-06T21:17:00.827-0300] {processor.py:179} INFO - Processing /mnt/c/Users/filipe.macedo_ifood/Documents/how-desafio-03/airflow/dags/weather_dag.py took 0.375 seconds
[2024-02-06T21:17:32.024-0300] {processor.py:157} INFO - Started process (PID=952) to work on /mnt/c/Users/filipe.macedo_ifood/Documents/how-desafio-03/airflow/dags/weather_dag.py
[2024-02-06T21:17:32.025-0300] {processor.py:829} INFO - Processing file /mnt/c/Users/filipe.macedo_ifood/Documents/how-desafio-03/airflow/dags/weather_dag.py for tasks to queue
[2024-02-06T21:17:32.028-0300] {logging_mixin.py:151} INFO - [2024-02-06T21:17:32.028-0300] {dagbag.py:536} INFO - Filling up the DagBag from /mnt/c/Users/filipe.macedo_ifood/Documents/how-desafio-03/airflow/dags/weather_dag.py
[2024-02-06T21:17:32.076-0300] {logging_mixin.py:151} WARNING - /usr/local/lib/python3.10/dist-packages/airflow/models/baseoperator.py:437 UserWarning: The parameter waiter_countdown has been deprecated to standardize naming conventions.  Please use waiter_max_attempts instead.  In the future this will default to None and defer to the waiter's default value.
[2024-02-06T21:17:32.078-0300] {logging_mixin.py:151} WARNING - /usr/local/lib/python3.10/dist-packages/airflow/models/baseoperator.py:437 UserWarning: The parameter waiter_check_interval_seconds has been deprecated to standardize naming conventions.  Please use waiter_delay instead.  In the future this will default to None and defer to the waiter's default value.
[2024-02-06T21:17:32.083-0300] {processor.py:839} INFO - DAG(s) dict_keys(['how-desafio-3']) retrieved from /mnt/c/Users/filipe.macedo_ifood/Documents/how-desafio-03/airflow/dags/weather_dag.py
[2024-02-06T21:17:32.125-0300] {logging_mixin.py:151} INFO - [2024-02-06T21:17:32.125-0300] {dag.py:2941} INFO - Sync 1 DAGs
[2024-02-06T21:17:32.162-0300] {logging_mixin.py:151} INFO - [2024-02-06T21:17:32.162-0300] {dag.py:3722} INFO - Setting next_dagrun for how-desafio-3 to 2024-02-07T00:00:00+00:00, run_after=2024-02-07T01:00:00+00:00
[2024-02-06T21:17:32.365-0300] {processor.py:179} INFO - Processing /mnt/c/Users/filipe.macedo_ifood/Documents/how-desafio-03/airflow/dags/weather_dag.py took 0.345 seconds
[2024-02-06T21:18:03.773-0300] {processor.py:157} INFO - Started process (PID=953) to work on /mnt/c/Users/filipe.macedo_ifood/Documents/how-desafio-03/airflow/dags/weather_dag.py
[2024-02-06T21:18:03.776-0300] {processor.py:829} INFO - Processing file /mnt/c/Users/filipe.macedo_ifood/Documents/how-desafio-03/airflow/dags/weather_dag.py for tasks to queue
[2024-02-06T21:18:03.783-0300] {logging_mixin.py:151} INFO - [2024-02-06T21:18:03.782-0300] {dagbag.py:536} INFO - Filling up the DagBag from /mnt/c/Users/filipe.macedo_ifood/Documents/how-desafio-03/airflow/dags/weather_dag.py
[2024-02-06T21:18:03.888-0300] {logging_mixin.py:151} WARNING - /usr/local/lib/python3.10/dist-packages/airflow/models/baseoperator.py:437 UserWarning: The parameter waiter_countdown has been deprecated to standardize naming conventions.  Please use waiter_max_attempts instead.  In the future this will default to None and defer to the waiter's default value.
[2024-02-06T21:18:03.891-0300] {logging_mixin.py:151} WARNING - /usr/local/lib/python3.10/dist-packages/airflow/models/baseoperator.py:437 UserWarning: The parameter waiter_check_interval_seconds has been deprecated to standardize naming conventions.  Please use waiter_delay instead.  In the future this will default to None and defer to the waiter's default value.
[2024-02-06T21:18:03.908-0300] {processor.py:839} INFO - DAG(s) dict_keys(['how-desafio-3']) retrieved from /mnt/c/Users/filipe.macedo_ifood/Documents/how-desafio-03/airflow/dags/weather_dag.py
[2024-02-06T21:18:03.987-0300] {logging_mixin.py:151} INFO - [2024-02-06T21:18:03.985-0300] {dag.py:2941} INFO - Sync 1 DAGs
[2024-02-06T21:18:04.049-0300] {logging_mixin.py:151} INFO - [2024-02-06T21:18:04.049-0300] {dag.py:3722} INFO - Setting next_dagrun for how-desafio-3 to 2024-02-07T00:00:00+00:00, run_after=2024-02-07T01:00:00+00:00
[2024-02-06T21:18:04.251-0300] {processor.py:179} INFO - Processing /mnt/c/Users/filipe.macedo_ifood/Documents/how-desafio-03/airflow/dags/weather_dag.py took 0.488 seconds
[2024-02-06T21:18:35.592-0300] {processor.py:157} INFO - Started process (PID=954) to work on /mnt/c/Users/filipe.macedo_ifood/Documents/how-desafio-03/airflow/dags/weather_dag.py
[2024-02-06T21:18:35.595-0300] {processor.py:829} INFO - Processing file /mnt/c/Users/filipe.macedo_ifood/Documents/how-desafio-03/airflow/dags/weather_dag.py for tasks to queue
[2024-02-06T21:18:35.603-0300] {logging_mixin.py:151} INFO - [2024-02-06T21:18:35.603-0300] {dagbag.py:536} INFO - Filling up the DagBag from /mnt/c/Users/filipe.macedo_ifood/Documents/how-desafio-03/airflow/dags/weather_dag.py
[2024-02-06T21:18:35.699-0300] {logging_mixin.py:151} WARNING - /usr/local/lib/python3.10/dist-packages/airflow/models/baseoperator.py:437 UserWarning: The parameter waiter_countdown has been deprecated to standardize naming conventions.  Please use waiter_max_attempts instead.  In the future this will default to None and defer to the waiter's default value.
[2024-02-06T21:18:35.702-0300] {logging_mixin.py:151} WARNING - /usr/local/lib/python3.10/dist-packages/airflow/models/baseoperator.py:437 UserWarning: The parameter waiter_check_interval_seconds has been deprecated to standardize naming conventions.  Please use waiter_delay instead.  In the future this will default to None and defer to the waiter's default value.
[2024-02-06T21:18:35.714-0300] {processor.py:839} INFO - DAG(s) dict_keys(['how-desafio-3']) retrieved from /mnt/c/Users/filipe.macedo_ifood/Documents/how-desafio-03/airflow/dags/weather_dag.py
[2024-02-06T21:18:35.802-0300] {logging_mixin.py:151} INFO - [2024-02-06T21:18:35.801-0300] {dag.py:2941} INFO - Sync 1 DAGs
[2024-02-06T21:18:35.873-0300] {logging_mixin.py:151} INFO - [2024-02-06T21:18:35.872-0300] {dag.py:3722} INFO - Setting next_dagrun for how-desafio-3 to 2024-02-07T00:00:00+00:00, run_after=2024-02-07T01:00:00+00:00
[2024-02-06T21:18:36.067-0300] {processor.py:179} INFO - Processing /mnt/c/Users/filipe.macedo_ifood/Documents/how-desafio-03/airflow/dags/weather_dag.py took 0.481 seconds
[2024-02-06T21:19:07.133-0300] {processor.py:157} INFO - Started process (PID=955) to work on /mnt/c/Users/filipe.macedo_ifood/Documents/how-desafio-03/airflow/dags/weather_dag.py
[2024-02-06T21:19:07.135-0300] {processor.py:829} INFO - Processing file /mnt/c/Users/filipe.macedo_ifood/Documents/how-desafio-03/airflow/dags/weather_dag.py for tasks to queue
[2024-02-06T21:19:07.138-0300] {logging_mixin.py:151} INFO - [2024-02-06T21:19:07.138-0300] {dagbag.py:536} INFO - Filling up the DagBag from /mnt/c/Users/filipe.macedo_ifood/Documents/how-desafio-03/airflow/dags/weather_dag.py
[2024-02-06T21:19:07.193-0300] {logging_mixin.py:151} WARNING - /usr/local/lib/python3.10/dist-packages/airflow/models/baseoperator.py:437 UserWarning: The parameter waiter_countdown has been deprecated to standardize naming conventions.  Please use waiter_max_attempts instead.  In the future this will default to None and defer to the waiter's default value.
[2024-02-06T21:19:07.195-0300] {logging_mixin.py:151} WARNING - /usr/local/lib/python3.10/dist-packages/airflow/models/baseoperator.py:437 UserWarning: The parameter waiter_check_interval_seconds has been deprecated to standardize naming conventions.  Please use waiter_delay instead.  In the future this will default to None and defer to the waiter's default value.
[2024-02-06T21:19:07.205-0300] {processor.py:839} INFO - DAG(s) dict_keys(['how-desafio-3']) retrieved from /mnt/c/Users/filipe.macedo_ifood/Documents/how-desafio-03/airflow/dags/weather_dag.py
[2024-02-06T21:19:07.255-0300] {logging_mixin.py:151} INFO - [2024-02-06T21:19:07.255-0300] {dag.py:2941} INFO - Sync 1 DAGs
[2024-02-06T21:19:07.303-0300] {logging_mixin.py:151} INFO - [2024-02-06T21:19:07.303-0300] {dag.py:3722} INFO - Setting next_dagrun for how-desafio-3 to 2024-02-07T00:00:00+00:00, run_after=2024-02-07T01:00:00+00:00
[2024-02-06T21:19:07.425-0300] {processor.py:179} INFO - Processing /mnt/c/Users/filipe.macedo_ifood/Documents/how-desafio-03/airflow/dags/weather_dag.py took 0.297 seconds
[2024-02-06T21:19:38.774-0300] {processor.py:157} INFO - Started process (PID=956) to work on /mnt/c/Users/filipe.macedo_ifood/Documents/how-desafio-03/airflow/dags/weather_dag.py
[2024-02-06T21:19:38.776-0300] {processor.py:829} INFO - Processing file /mnt/c/Users/filipe.macedo_ifood/Documents/how-desafio-03/airflow/dags/weather_dag.py for tasks to queue
[2024-02-06T21:19:38.780-0300] {logging_mixin.py:151} INFO - [2024-02-06T21:19:38.779-0300] {dagbag.py:536} INFO - Filling up the DagBag from /mnt/c/Users/filipe.macedo_ifood/Documents/how-desafio-03/airflow/dags/weather_dag.py
[2024-02-06T21:19:38.818-0300] {logging_mixin.py:151} WARNING - /usr/local/lib/python3.10/dist-packages/airflow/models/baseoperator.py:437 UserWarning: The parameter waiter_countdown has been deprecated to standardize naming conventions.  Please use waiter_max_attempts instead.  In the future this will default to None and defer to the waiter's default value.
[2024-02-06T21:19:38.819-0300] {logging_mixin.py:151} WARNING - /usr/local/lib/python3.10/dist-packages/airflow/models/baseoperator.py:437 UserWarning: The parameter waiter_check_interval_seconds has been deprecated to standardize naming conventions.  Please use waiter_delay instead.  In the future this will default to None and defer to the waiter's default value.
[2024-02-06T21:19:38.825-0300] {processor.py:839} INFO - DAG(s) dict_keys(['how-desafio-3']) retrieved from /mnt/c/Users/filipe.macedo_ifood/Documents/how-desafio-03/airflow/dags/weather_dag.py
[2024-02-06T21:19:38.856-0300] {logging_mixin.py:151} INFO - [2024-02-06T21:19:38.856-0300] {dag.py:2941} INFO - Sync 1 DAGs
[2024-02-06T21:19:38.887-0300] {logging_mixin.py:151} INFO - [2024-02-06T21:19:38.887-0300] {dag.py:3722} INFO - Setting next_dagrun for how-desafio-3 to 2024-02-07T00:00:00+00:00, run_after=2024-02-07T01:00:00+00:00
[2024-02-06T21:19:38.979-0300] {processor.py:179} INFO - Processing /mnt/c/Users/filipe.macedo_ifood/Documents/how-desafio-03/airflow/dags/weather_dag.py took 0.208 seconds
[2024-02-06T21:20:10.164-0300] {processor.py:157} INFO - Started process (PID=957) to work on /mnt/c/Users/filipe.macedo_ifood/Documents/how-desafio-03/airflow/dags/weather_dag.py
[2024-02-06T21:20:10.166-0300] {processor.py:829} INFO - Processing file /mnt/c/Users/filipe.macedo_ifood/Documents/how-desafio-03/airflow/dags/weather_dag.py for tasks to queue
[2024-02-06T21:20:10.169-0300] {logging_mixin.py:151} INFO - [2024-02-06T21:20:10.168-0300] {dagbag.py:536} INFO - Filling up the DagBag from /mnt/c/Users/filipe.macedo_ifood/Documents/how-desafio-03/airflow/dags/weather_dag.py
[2024-02-06T21:20:10.218-0300] {logging_mixin.py:151} WARNING - /usr/local/lib/python3.10/dist-packages/airflow/models/baseoperator.py:437 UserWarning: The parameter waiter_countdown has been deprecated to standardize naming conventions.  Please use waiter_max_attempts instead.  In the future this will default to None and defer to the waiter's default value.
[2024-02-06T21:20:10.220-0300] {logging_mixin.py:151} WARNING - /usr/local/lib/python3.10/dist-packages/airflow/models/baseoperator.py:437 UserWarning: The parameter waiter_check_interval_seconds has been deprecated to standardize naming conventions.  Please use waiter_delay instead.  In the future this will default to None and defer to the waiter's default value.
[2024-02-06T21:20:10.225-0300] {processor.py:839} INFO - DAG(s) dict_keys(['how-desafio-3']) retrieved from /mnt/c/Users/filipe.macedo_ifood/Documents/how-desafio-03/airflow/dags/weather_dag.py
[2024-02-06T21:20:10.277-0300] {logging_mixin.py:151} INFO - [2024-02-06T21:20:10.276-0300] {dag.py:2941} INFO - Sync 1 DAGs
[2024-02-06T21:20:10.324-0300] {logging_mixin.py:151} INFO - [2024-02-06T21:20:10.324-0300] {dag.py:3722} INFO - Setting next_dagrun for how-desafio-3 to 2024-02-07T00:00:00+00:00, run_after=2024-02-07T01:00:00+00:00
[2024-02-06T21:20:10.519-0300] {processor.py:179} INFO - Processing /mnt/c/Users/filipe.macedo_ifood/Documents/how-desafio-03/airflow/dags/weather_dag.py took 0.360 seconds
[2024-02-06T21:20:40.671-0300] {processor.py:157} INFO - Started process (PID=958) to work on /mnt/c/Users/filipe.macedo_ifood/Documents/how-desafio-03/airflow/dags/weather_dag.py
[2024-02-06T21:20:40.674-0300] {processor.py:829} INFO - Processing file /mnt/c/Users/filipe.macedo_ifood/Documents/how-desafio-03/airflow/dags/weather_dag.py for tasks to queue
[2024-02-06T21:20:40.680-0300] {logging_mixin.py:151} INFO - [2024-02-06T21:20:40.680-0300] {dagbag.py:536} INFO - Filling up the DagBag from /mnt/c/Users/filipe.macedo_ifood/Documents/how-desafio-03/airflow/dags/weather_dag.py
[2024-02-06T21:20:40.757-0300] {logging_mixin.py:151} WARNING - /usr/local/lib/python3.10/dist-packages/airflow/models/baseoperator.py:437 UserWarning: The parameter waiter_countdown has been deprecated to standardize naming conventions.  Please use waiter_max_attempts instead.  In the future this will default to None and defer to the waiter's default value.
[2024-02-06T21:20:40.761-0300] {logging_mixin.py:151} WARNING - /usr/local/lib/python3.10/dist-packages/airflow/models/baseoperator.py:437 UserWarning: The parameter waiter_check_interval_seconds has been deprecated to standardize naming conventions.  Please use waiter_delay instead.  In the future this will default to None and defer to the waiter's default value.
[2024-02-06T21:20:40.772-0300] {processor.py:839} INFO - DAG(s) dict_keys(['how-desafio-3']) retrieved from /mnt/c/Users/filipe.macedo_ifood/Documents/how-desafio-03/airflow/dags/weather_dag.py
[2024-02-06T21:20:40.824-0300] {logging_mixin.py:151} INFO - [2024-02-06T21:20:40.823-0300] {dag.py:2941} INFO - Sync 1 DAGs
[2024-02-06T21:20:40.866-0300] {logging_mixin.py:151} INFO - [2024-02-06T21:20:40.866-0300] {dag.py:3722} INFO - Setting next_dagrun for how-desafio-3 to 2024-02-07T00:00:00+00:00, run_after=2024-02-07T01:00:00+00:00
[2024-02-06T21:20:41.001-0300] {processor.py:179} INFO - Processing /mnt/c/Users/filipe.macedo_ifood/Documents/how-desafio-03/airflow/dags/weather_dag.py took 0.336 seconds
[2024-02-06T21:21:11.377-0300] {processor.py:157} INFO - Started process (PID=959) to work on /mnt/c/Users/filipe.macedo_ifood/Documents/how-desafio-03/airflow/dags/weather_dag.py
[2024-02-06T21:21:11.379-0300] {processor.py:829} INFO - Processing file /mnt/c/Users/filipe.macedo_ifood/Documents/how-desafio-03/airflow/dags/weather_dag.py for tasks to queue
[2024-02-06T21:21:11.382-0300] {logging_mixin.py:151} INFO - [2024-02-06T21:21:11.382-0300] {dagbag.py:536} INFO - Filling up the DagBag from /mnt/c/Users/filipe.macedo_ifood/Documents/how-desafio-03/airflow/dags/weather_dag.py
[2024-02-06T21:21:11.430-0300] {logging_mixin.py:151} WARNING - /usr/local/lib/python3.10/dist-packages/airflow/models/baseoperator.py:437 UserWarning: The parameter waiter_countdown has been deprecated to standardize naming conventions.  Please use waiter_max_attempts instead.  In the future this will default to None and defer to the waiter's default value.
[2024-02-06T21:21:11.432-0300] {logging_mixin.py:151} WARNING - /usr/local/lib/python3.10/dist-packages/airflow/models/baseoperator.py:437 UserWarning: The parameter waiter_check_interval_seconds has been deprecated to standardize naming conventions.  Please use waiter_delay instead.  In the future this will default to None and defer to the waiter's default value.
[2024-02-06T21:21:11.439-0300] {processor.py:839} INFO - DAG(s) dict_keys(['how-desafio-3']) retrieved from /mnt/c/Users/filipe.macedo_ifood/Documents/how-desafio-03/airflow/dags/weather_dag.py
[2024-02-06T21:21:11.499-0300] {logging_mixin.py:151} INFO - [2024-02-06T21:21:11.498-0300] {dag.py:2941} INFO - Sync 1 DAGs
[2024-02-06T21:21:11.547-0300] {logging_mixin.py:151} INFO - [2024-02-06T21:21:11.546-0300] {dag.py:3722} INFO - Setting next_dagrun for how-desafio-3 to 2024-02-07T00:00:00+00:00, run_after=2024-02-07T01:00:00+00:00
[2024-02-06T21:21:11.669-0300] {processor.py:179} INFO - Processing /mnt/c/Users/filipe.macedo_ifood/Documents/how-desafio-03/airflow/dags/weather_dag.py took 0.297 seconds
[2024-02-06T21:21:41.965-0300] {processor.py:157} INFO - Started process (PID=960) to work on /mnt/c/Users/filipe.macedo_ifood/Documents/how-desafio-03/airflow/dags/weather_dag.py
[2024-02-06T21:21:41.966-0300] {processor.py:829} INFO - Processing file /mnt/c/Users/filipe.macedo_ifood/Documents/how-desafio-03/airflow/dags/weather_dag.py for tasks to queue
[2024-02-06T21:21:41.970-0300] {logging_mixin.py:151} INFO - [2024-02-06T21:21:41.970-0300] {dagbag.py:536} INFO - Filling up the DagBag from /mnt/c/Users/filipe.macedo_ifood/Documents/how-desafio-03/airflow/dags/weather_dag.py
[2024-02-06T21:21:42.021-0300] {logging_mixin.py:151} WARNING - /usr/local/lib/python3.10/dist-packages/airflow/models/baseoperator.py:437 UserWarning: The parameter waiter_countdown has been deprecated to standardize naming conventions.  Please use waiter_max_attempts instead.  In the future this will default to None and defer to the waiter's default value.
[2024-02-06T21:21:42.024-0300] {logging_mixin.py:151} WARNING - /usr/local/lib/python3.10/dist-packages/airflow/models/baseoperator.py:437 UserWarning: The parameter waiter_check_interval_seconds has been deprecated to standardize naming conventions.  Please use waiter_delay instead.  In the future this will default to None and defer to the waiter's default value.
[2024-02-06T21:21:42.032-0300] {processor.py:839} INFO - DAG(s) dict_keys(['how-desafio-3']) retrieved from /mnt/c/Users/filipe.macedo_ifood/Documents/how-desafio-03/airflow/dags/weather_dag.py
[2024-02-06T21:21:42.093-0300] {logging_mixin.py:151} INFO - [2024-02-06T21:21:42.092-0300] {dag.py:2941} INFO - Sync 1 DAGs
[2024-02-06T21:21:42.164-0300] {logging_mixin.py:151} INFO - [2024-02-06T21:21:42.163-0300] {dag.py:3722} INFO - Setting next_dagrun for how-desafio-3 to 2024-02-07T00:00:00+00:00, run_after=2024-02-07T01:00:00+00:00
[2024-02-06T21:21:42.295-0300] {processor.py:179} INFO - Processing /mnt/c/Users/filipe.macedo_ifood/Documents/how-desafio-03/airflow/dags/weather_dag.py took 0.334 seconds
[2024-02-06T21:21:56.415-0300] {processor.py:157} INFO - Started process (PID=961) to work on /mnt/c/Users/filipe.macedo_ifood/Documents/how-desafio-03/airflow/dags/weather_dag.py
[2024-02-06T21:21:56.417-0300] {processor.py:829} INFO - Processing file /mnt/c/Users/filipe.macedo_ifood/Documents/how-desafio-03/airflow/dags/weather_dag.py for tasks to queue
[2024-02-06T21:21:56.424-0300] {logging_mixin.py:151} INFO - [2024-02-06T21:21:56.423-0300] {dagbag.py:536} INFO - Filling up the DagBag from /mnt/c/Users/filipe.macedo_ifood/Documents/how-desafio-03/airflow/dags/weather_dag.py
[2024-02-06T21:21:56.540-0300] {logging_mixin.py:151} WARNING - /usr/local/lib/python3.10/dist-packages/airflow/models/baseoperator.py:437 UserWarning: The parameter waiter_countdown has been deprecated to standardize naming conventions.  Please use waiter_max_attempts instead.  In the future this will default to None and defer to the waiter's default value.
[2024-02-06T21:21:56.542-0300] {logging_mixin.py:151} WARNING - /usr/local/lib/python3.10/dist-packages/airflow/models/baseoperator.py:437 UserWarning: The parameter waiter_check_interval_seconds has been deprecated to standardize naming conventions.  Please use waiter_delay instead.  In the future this will default to None and defer to the waiter's default value.
[2024-02-06T21:21:56.549-0300] {processor.py:839} INFO - DAG(s) dict_keys(['how-desafio-3']) retrieved from /mnt/c/Users/filipe.macedo_ifood/Documents/how-desafio-03/airflow/dags/weather_dag.py
[2024-02-06T21:21:56.685-0300] {logging_mixin.py:151} INFO - [2024-02-06T21:21:56.684-0300] {dag.py:2941} INFO - Sync 1 DAGs
[2024-02-06T21:21:56.714-0300] {logging_mixin.py:151} INFO - [2024-02-06T21:21:56.713-0300] {dag.py:3722} INFO - Setting next_dagrun for how-desafio-3 to 2024-02-07T00:00:00+00:00, run_after=2024-02-07T01:00:00+00:00
[2024-02-06T21:21:56.811-0300] {processor.py:179} INFO - Processing /mnt/c/Users/filipe.macedo_ifood/Documents/how-desafio-03/airflow/dags/weather_dag.py took 0.403 seconds
[2024-02-06T21:22:29.779-0300] {processor.py:157} INFO - Started process (PID=967) to work on /mnt/c/Users/filipe.macedo_ifood/Documents/how-desafio-03/airflow/dags/weather_dag.py
[2024-02-06T21:22:29.782-0300] {processor.py:829} INFO - Processing file /mnt/c/Users/filipe.macedo_ifood/Documents/how-desafio-03/airflow/dags/weather_dag.py for tasks to queue
[2024-02-06T21:22:29.793-0300] {logging_mixin.py:151} INFO - [2024-02-06T21:22:29.792-0300] {dagbag.py:536} INFO - Filling up the DagBag from /mnt/c/Users/filipe.macedo_ifood/Documents/how-desafio-03/airflow/dags/weather_dag.py
[2024-02-06T21:22:29.908-0300] {logging_mixin.py:151} WARNING - /usr/local/lib/python3.10/dist-packages/airflow/models/baseoperator.py:437 UserWarning: The parameter waiter_countdown has been deprecated to standardize naming conventions.  Please use waiter_max_attempts instead.  In the future this will default to None and defer to the waiter's default value.
[2024-02-06T21:22:29.911-0300] {logging_mixin.py:151} WARNING - /usr/local/lib/python3.10/dist-packages/airflow/models/baseoperator.py:437 UserWarning: The parameter waiter_check_interval_seconds has been deprecated to standardize naming conventions.  Please use waiter_delay instead.  In the future this will default to None and defer to the waiter's default value.
[2024-02-06T21:22:29.923-0300] {processor.py:839} INFO - DAG(s) dict_keys(['how-desafio-3']) retrieved from /mnt/c/Users/filipe.macedo_ifood/Documents/how-desafio-03/airflow/dags/weather_dag.py
[2024-02-06T21:22:29.983-0300] {logging_mixin.py:151} INFO - [2024-02-06T21:22:29.982-0300] {dag.py:2941} INFO - Sync 1 DAGs
[2024-02-06T21:22:30.027-0300] {logging_mixin.py:151} INFO - [2024-02-06T21:22:30.026-0300] {dag.py:3722} INFO - Setting next_dagrun for how-desafio-3 to 2024-02-07T00:00:00+00:00, run_after=2024-02-07T01:00:00+00:00
[2024-02-06T21:22:30.169-0300] {processor.py:179} INFO - Processing /mnt/c/Users/filipe.macedo_ifood/Documents/how-desafio-03/airflow/dags/weather_dag.py took 0.398 seconds
[2024-02-06T21:22:36.477-0300] {processor.py:157} INFO - Started process (PID=971) to work on /mnt/c/Users/filipe.macedo_ifood/Documents/how-desafio-03/airflow/dags/weather_dag.py
[2024-02-06T21:22:36.480-0300] {processor.py:829} INFO - Processing file /mnt/c/Users/filipe.macedo_ifood/Documents/how-desafio-03/airflow/dags/weather_dag.py for tasks to queue
[2024-02-06T21:22:36.490-0300] {logging_mixin.py:151} INFO - [2024-02-06T21:22:36.489-0300] {dagbag.py:536} INFO - Filling up the DagBag from /mnt/c/Users/filipe.macedo_ifood/Documents/how-desafio-03/airflow/dags/weather_dag.py
[2024-02-06T21:22:36.570-0300] {logging_mixin.py:151} WARNING - /usr/local/lib/python3.10/dist-packages/airflow/models/baseoperator.py:437 UserWarning: The parameter waiter_countdown has been deprecated to standardize naming conventions.  Please use waiter_max_attempts instead.  In the future this will default to None and defer to the waiter's default value.
[2024-02-06T21:22:36.576-0300] {logging_mixin.py:151} WARNING - /usr/local/lib/python3.10/dist-packages/airflow/models/baseoperator.py:437 UserWarning: The parameter waiter_check_interval_seconds has been deprecated to standardize naming conventions.  Please use waiter_delay instead.  In the future this will default to None and defer to the waiter's default value.
[2024-02-06T21:22:36.592-0300] {processor.py:839} INFO - DAG(s) dict_keys(['how-desafio-3']) retrieved from /mnt/c/Users/filipe.macedo_ifood/Documents/how-desafio-03/airflow/dags/weather_dag.py
[2024-02-06T21:22:36.634-0300] {logging_mixin.py:151} INFO - [2024-02-06T21:22:36.634-0300] {dag.py:2941} INFO - Sync 1 DAGs
[2024-02-06T21:22:36.667-0300] {logging_mixin.py:151} INFO - [2024-02-06T21:22:36.666-0300] {dag.py:3722} INFO - Setting next_dagrun for how-desafio-3 to 2024-02-07T00:00:00+00:00, run_after=2024-02-07T01:00:00+00:00
[2024-02-06T21:22:36.784-0300] {processor.py:179} INFO - Processing /mnt/c/Users/filipe.macedo_ifood/Documents/how-desafio-03/airflow/dags/weather_dag.py took 0.316 seconds
[2024-02-06T21:32:57.367-0300] {processor.py:157} INFO - Started process (PID=975) to work on /mnt/c/Users/filipe.macedo_ifood/Documents/how-desafio-03/airflow/dags/weather_dag.py
[2024-02-06T21:32:57.370-0300] {processor.py:829} INFO - Processing file /mnt/c/Users/filipe.macedo_ifood/Documents/how-desafio-03/airflow/dags/weather_dag.py for tasks to queue
[2024-02-06T21:32:57.379-0300] {logging_mixin.py:151} INFO - [2024-02-06T21:32:57.379-0300] {dagbag.py:536} INFO - Filling up the DagBag from /mnt/c/Users/filipe.macedo_ifood/Documents/how-desafio-03/airflow/dags/weather_dag.py
[2024-02-06T21:32:57.441-0300] {logging_mixin.py:151} WARNING - /usr/local/lib/python3.10/dist-packages/airflow/models/baseoperator.py:437 UserWarning: The parameter waiter_countdown has been deprecated to standardize naming conventions.  Please use waiter_max_attempts instead.  In the future this will default to None and defer to the waiter's default value.
[2024-02-06T21:32:57.447-0300] {logging_mixin.py:151} WARNING - /usr/local/lib/python3.10/dist-packages/airflow/models/baseoperator.py:437 UserWarning: The parameter waiter_check_interval_seconds has been deprecated to standardize naming conventions.  Please use waiter_delay instead.  In the future this will default to None and defer to the waiter's default value.
[2024-02-06T21:32:57.504-0300] {processor.py:839} INFO - DAG(s) dict_keys(['how-desafio-3']) retrieved from /mnt/c/Users/filipe.macedo_ifood/Documents/how-desafio-03/airflow/dags/weather_dag.py
[2024-02-06T21:32:57.564-0300] {logging_mixin.py:151} INFO - [2024-02-06T21:32:57.564-0300] {dag.py:2941} INFO - Sync 1 DAGs
[2024-02-06T21:32:57.601-0300] {logging_mixin.py:151} INFO - [2024-02-06T21:32:57.601-0300] {dag.py:3722} INFO - Setting next_dagrun for how-desafio-3 to 2024-02-07T00:00:00+00:00, run_after=2024-02-07T01:00:00+00:00
[2024-02-06T21:32:57.731-0300] {processor.py:179} INFO - Processing /mnt/c/Users/filipe.macedo_ifood/Documents/how-desafio-03/airflow/dags/weather_dag.py took 0.375 seconds
[2024-02-06T21:33:03.939-0300] {processor.py:157} INFO - Started process (PID=979) to work on /mnt/c/Users/filipe.macedo_ifood/Documents/how-desafio-03/airflow/dags/weather_dag.py
[2024-02-06T21:33:03.942-0300] {processor.py:829} INFO - Processing file /mnt/c/Users/filipe.macedo_ifood/Documents/how-desafio-03/airflow/dags/weather_dag.py for tasks to queue
[2024-02-06T21:33:03.949-0300] {logging_mixin.py:151} INFO - [2024-02-06T21:33:03.948-0300] {dagbag.py:536} INFO - Filling up the DagBag from /mnt/c/Users/filipe.macedo_ifood/Documents/how-desafio-03/airflow/dags/weather_dag.py
[2024-02-06T21:33:04.001-0300] {logging_mixin.py:151} WARNING - /usr/local/lib/python3.10/dist-packages/airflow/models/baseoperator.py:437 UserWarning: The parameter waiter_countdown has been deprecated to standardize naming conventions.  Please use waiter_max_attempts instead.  In the future this will default to None and defer to the waiter's default value.
[2024-02-06T21:33:04.003-0300] {logging_mixin.py:151} WARNING - /usr/local/lib/python3.10/dist-packages/airflow/models/baseoperator.py:437 UserWarning: The parameter waiter_check_interval_seconds has been deprecated to standardize naming conventions.  Please use waiter_delay instead.  In the future this will default to None and defer to the waiter's default value.
[2024-02-06T21:33:04.011-0300] {processor.py:839} INFO - DAG(s) dict_keys(['how-desafio-3']) retrieved from /mnt/c/Users/filipe.macedo_ifood/Documents/how-desafio-03/airflow/dags/weather_dag.py
[2024-02-06T21:33:04.065-0300] {logging_mixin.py:151} INFO - [2024-02-06T21:33:04.064-0300] {dag.py:2941} INFO - Sync 1 DAGs
[2024-02-06T21:33:04.115-0300] {logging_mixin.py:151} INFO - [2024-02-06T21:33:04.115-0300] {dag.py:3722} INFO - Setting next_dagrun for how-desafio-3 to 2024-02-07T00:00:00+00:00, run_after=2024-02-07T01:00:00+00:00
[2024-02-06T21:33:04.239-0300] {processor.py:179} INFO - Processing /mnt/c/Users/filipe.macedo_ifood/Documents/how-desafio-03/airflow/dags/weather_dag.py took 0.304 seconds
[2024-02-06T21:33:15.453-0300] {processor.py:157} INFO - Started process (PID=985) to work on /mnt/c/Users/filipe.macedo_ifood/Documents/how-desafio-03/airflow/dags/weather_dag.py
[2024-02-06T21:33:15.455-0300] {processor.py:829} INFO - Processing file /mnt/c/Users/filipe.macedo_ifood/Documents/how-desafio-03/airflow/dags/weather_dag.py for tasks to queue
[2024-02-06T21:33:15.464-0300] {logging_mixin.py:151} INFO - [2024-02-06T21:33:15.464-0300] {dagbag.py:536} INFO - Filling up the DagBag from /mnt/c/Users/filipe.macedo_ifood/Documents/how-desafio-03/airflow/dags/weather_dag.py
[2024-02-06T21:33:15.545-0300] {logging_mixin.py:151} WARNING - /usr/local/lib/python3.10/dist-packages/airflow/models/baseoperator.py:437 UserWarning: The parameter waiter_countdown has been deprecated to standardize naming conventions.  Please use waiter_max_attempts instead.  In the future this will default to None and defer to the waiter's default value.
[2024-02-06T21:33:15.547-0300] {logging_mixin.py:151} WARNING - /usr/local/lib/python3.10/dist-packages/airflow/models/baseoperator.py:437 UserWarning: The parameter waiter_check_interval_seconds has been deprecated to standardize naming conventions.  Please use waiter_delay instead.  In the future this will default to None and defer to the waiter's default value.
[2024-02-06T21:33:15.560-0300] {processor.py:839} INFO - DAG(s) dict_keys(['how-desafio-3']) retrieved from /mnt/c/Users/filipe.macedo_ifood/Documents/how-desafio-03/airflow/dags/weather_dag.py
[2024-02-06T21:33:15.618-0300] {logging_mixin.py:151} INFO - [2024-02-06T21:33:15.617-0300] {dag.py:2941} INFO - Sync 1 DAGs
[2024-02-06T21:33:15.667-0300] {logging_mixin.py:151} INFO - [2024-02-06T21:33:15.667-0300] {dag.py:3722} INFO - Setting next_dagrun for how-desafio-3 to 2024-02-07T00:00:00+00:00, run_after=2024-02-07T01:00:00+00:00
[2024-02-06T21:33:15.856-0300] {processor.py:179} INFO - Processing /mnt/c/Users/filipe.macedo_ifood/Documents/how-desafio-03/airflow/dags/weather_dag.py took 0.410 seconds
[2024-02-06T21:33:22.659-0300] {processor.py:157} INFO - Started process (PID=989) to work on /mnt/c/Users/filipe.macedo_ifood/Documents/how-desafio-03/airflow/dags/weather_dag.py
[2024-02-06T21:33:22.661-0300] {processor.py:829} INFO - Processing file /mnt/c/Users/filipe.macedo_ifood/Documents/how-desafio-03/airflow/dags/weather_dag.py for tasks to queue
[2024-02-06T21:33:22.665-0300] {logging_mixin.py:151} INFO - [2024-02-06T21:33:22.665-0300] {dagbag.py:536} INFO - Filling up the DagBag from /mnt/c/Users/filipe.macedo_ifood/Documents/how-desafio-03/airflow/dags/weather_dag.py
[2024-02-06T21:33:22.734-0300] {logging_mixin.py:151} WARNING - /usr/local/lib/python3.10/dist-packages/airflow/models/baseoperator.py:437 UserWarning: The parameter waiter_countdown has been deprecated to standardize naming conventions.  Please use waiter_max_attempts instead.  In the future this will default to None and defer to the waiter's default value.
[2024-02-06T21:33:22.736-0300] {logging_mixin.py:151} WARNING - /usr/local/lib/python3.10/dist-packages/airflow/models/baseoperator.py:437 UserWarning: The parameter waiter_check_interval_seconds has been deprecated to standardize naming conventions.  Please use waiter_delay instead.  In the future this will default to None and defer to the waiter's default value.
[2024-02-06T21:33:22.746-0300] {processor.py:839} INFO - DAG(s) dict_keys(['how-desafio-3']) retrieved from /mnt/c/Users/filipe.macedo_ifood/Documents/how-desafio-03/airflow/dags/weather_dag.py
[2024-02-06T21:33:22.804-0300] {logging_mixin.py:151} INFO - [2024-02-06T21:33:22.803-0300] {dag.py:2941} INFO - Sync 1 DAGs
[2024-02-06T21:33:22.850-0300] {logging_mixin.py:151} INFO - [2024-02-06T21:33:22.850-0300] {dag.py:3722} INFO - Setting next_dagrun for how-desafio-3 to 2024-02-07T00:00:00+00:00, run_after=2024-02-07T01:00:00+00:00
[2024-02-06T21:33:23.061-0300] {processor.py:179} INFO - Processing /mnt/c/Users/filipe.macedo_ifood/Documents/how-desafio-03/airflow/dags/weather_dag.py took 0.407 seconds
