[2024-01-30T20:36:09.913-0300] {logging_mixin.py:151} INFO - Changing /mnt/c/Users/filipe.macedo_ifood/Documents/how-desafio-03/airflow/logs/dag_id=how-desafio-3/run_id=scheduled__2024-01-30T23:15:00+00:00/task_id=invoke_lambda_function permission to 509
[2024-01-30T20:36:10.013-0300] {logging_mixin.py:151} INFO - Changing /mnt/c/Users/filipe.macedo_ifood/Documents/how-desafio-03/airflow/logs/dag_id=how-desafio-3/run_id=scheduled__2024-01-30T23:15:00+00:00/task_id=invoke_lambda_function permission to 509
[2024-01-30T20:36:10.046-0300] {taskinstance.py:1159} INFO - Dependencies all met for dep_context=non-requeueable deps ti=<TaskInstance: how-desafio-3.invoke_lambda_function scheduled__2024-01-30T23:15:00+00:00 [queued]>
[2024-01-30T20:36:10.090-0300] {taskinstance.py:1159} INFO - Dependencies all met for dep_context=requeueable deps ti=<TaskInstance: how-desafio-3.invoke_lambda_function scheduled__2024-01-30T23:15:00+00:00 [queued]>
[2024-01-30T20:36:10.090-0300] {taskinstance.py:1361} INFO - Starting attempt 1 of 1
[2024-01-30T20:36:10.156-0300] {taskinstance.py:1382} INFO - Executing <Task(LambdaInvokeFunctionOperator): invoke_lambda_function> on 2024-01-30 23:15:00+00:00
[2024-01-30T20:36:10.159-0300] {standard_task_runner.py:57} INFO - Started process 128 to run task
[2024-01-30T20:36:10.162-0300] {standard_task_runner.py:84} INFO - Running: ['airflow', 'tasks', 'run', 'how-desafio-3', 'invoke_lambda_function', 'scheduled__2024-01-30T23:15:00+00:00', '--job-id', '303', '--raw', '--subdir', 'DAGS_FOLDER/weather_dag.py', '--cfg-path', '/tmp/tmpk5pan51y']
[2024-01-30T20:36:10.163-0300] {standard_task_runner.py:85} INFO - Job 303: Subtask invoke_lambda_function
[2024-01-30T20:36:10.334-0300] {logging_mixin.py:151} INFO - Changing /mnt/c/Users/filipe.macedo_ifood/Documents/how-desafio-03/airflow/logs/dag_id=how-desafio-3/run_id=scheduled__2024-01-30T23:15:00+00:00/task_id=invoke_lambda_function permission to 509
[2024-01-30T20:36:10.338-0300] {task_command.py:416} INFO - Running <TaskInstance: how-desafio-3.invoke_lambda_function scheduled__2024-01-30T23:15:00+00:00 [running]> on host 14111-NB.
[2024-01-30T20:36:10.681-0300] {taskinstance.py:1662} INFO - Exporting env vars: AIRFLOW_CTX_DAG_OWNER='airflow' AIRFLOW_CTX_DAG_ID='how-desafio-3' AIRFLOW_CTX_TASK_ID='invoke_lambda_function' AIRFLOW_CTX_EXECUTION_DATE='2024-01-30T23:15:00+00:00' AIRFLOW_CTX_TRY_NUMBER='1' AIRFLOW_CTX_DAG_RUN_ID='scheduled__2024-01-30T23:15:00+00:00'
[2024-01-30T20:36:10.682-0300] {lambda_function.py:211} INFO - Invoking AWS Lambda function: how-desafio-3 with payload: {"date": "1706657400"}
[2024-01-30T20:36:10.698-0300] {base.py:73} INFO - Using connection ID 'aws_default' for task execution.
[2024-01-30T20:36:10.698-0300] {connection_wrapper.py:340} INFO - AWS Connection (conn_id='aws_default', conn_type='aws') credentials retrieved from login and password.
[2024-01-30T20:36:12.302-0300] {lambda_function.py:220} INFO - Lambda response metadata: {'RequestId': '1bd246a0-2e0a-412d-8c01-3d5d3e5395a0', 'HTTPStatusCode': 202, 'HTTPHeaders': {'date': 'Tue, 30 Jan 2024 23:36:12 GMT', 'content-length': '0', 'connection': 'keep-alive', 'x-amzn-requestid': '1bd246a0-2e0a-412d-8c01-3d5d3e5395a0', 'x-amzn-remapped-content-length': '0', 'x-amzn-trace-id': 'root=1-65b987ec-3733dc7b4e966f3427fde46e;sampled=0'}, 'RetryAttempts': 0}
[2024-01-30T20:36:12.304-0300] {lambda_function.py:230} INFO - Lambda function invocation succeeded: {'RequestId': '1bd246a0-2e0a-412d-8c01-3d5d3e5395a0', 'HTTPStatusCode': 202, 'HTTPHeaders': {'date': 'Tue, 30 Jan 2024 23:36:12 GMT', 'content-length': '0', 'connection': 'keep-alive', 'x-amzn-requestid': '1bd246a0-2e0a-412d-8c01-3d5d3e5395a0', 'x-amzn-remapped-content-length': '0', 'x-amzn-trace-id': 'root=1-65b987ec-3733dc7b4e966f3427fde46e;sampled=0'}, 'RetryAttempts': 0}
[2024-01-30T20:36:12.389-0300] {taskinstance.py:1400} INFO - Marking task as SUCCESS. dag_id=how-desafio-3, task_id=invoke_lambda_function, execution_date=20240130T231500, start_date=20240130T233610, end_date=20240130T233612
[2024-01-30T20:36:12.465-0300] {local_task_job_runner.py:228} INFO - Task exited with return code 0
[2024-01-30T20:36:12.534-0300] {taskinstance.py:2778} INFO - 1 downstream tasks scheduled from follow-on schedule check
