[2023-10-18T20:07:16.319-0300] {processor.py:157} INFO - Started process (PID=1813) to work on /usr/local/lib/python3.10/dist-packages/airflow/example_dags/example_branch_datetime_operator.py
[2023-10-18T20:07:16.319-0300] {processor.py:829} INFO - Processing file /usr/local/lib/python3.10/dist-packages/airflow/example_dags/example_branch_datetime_operator.py for tasks to queue
[2023-10-18T20:07:16.320-0300] {logging_mixin.py:151} INFO - [2023-10-18T20:07:16.320-0300] {dagbag.py:536} INFO - Filling up the DagBag from /usr/local/lib/python3.10/dist-packages/airflow/example_dags/example_branch_datetime_operator.py
[2023-10-18T20:07:16.331-0300] {processor.py:839} INFO - DAG(s) dict_keys(['example_branch_datetime_operator_3', 'example_branch_datetime_operator_2', 'example_branch_datetime_operator']) retrieved from /usr/local/lib/python3.10/dist-packages/airflow/example_dags/example_branch_datetime_operator.py
[2023-10-18T20:07:16.462-0300] {logging_mixin.py:151} INFO - [2023-10-18T20:07:16.461-0300] {manager.py:499} INFO - Created Permission View: %s
[2023-10-18T20:07:16.498-0300] {logging_mixin.py:151} INFO - [2023-10-18T20:07:16.498-0300] {manager.py:499} INFO - Created Permission View: %s
[2023-10-18T20:07:16.562-0300] {logging_mixin.py:151} INFO - [2023-10-18T20:07:16.562-0300] {manager.py:499} INFO - Created Permission View: %s
[2023-10-18T20:07:16.625-0300] {logging_mixin.py:151} INFO - [2023-10-18T20:07:16.625-0300] {manager.py:499} INFO - Created Permission View: %s
[2023-10-18T20:07:16.657-0300] {logging_mixin.py:151} INFO - [2023-10-18T20:07:16.656-0300] {manager.py:499} INFO - Created Permission View: %s
[2023-10-18T20:07:16.690-0300] {logging_mixin.py:151} INFO - [2023-10-18T20:07:16.690-0300] {manager.py:499} INFO - Created Permission View: %s
[2023-10-18T20:07:16.759-0300] {logging_mixin.py:151} INFO - [2023-10-18T20:07:16.758-0300] {manager.py:499} INFO - Created Permission View: %s
[2023-10-18T20:07:16.792-0300] {logging_mixin.py:151} INFO - [2023-10-18T20:07:16.792-0300] {manager.py:499} INFO - Created Permission View: %s
[2023-10-18T20:07:16.824-0300] {logging_mixin.py:151} INFO - [2023-10-18T20:07:16.823-0300] {manager.py:499} INFO - Created Permission View: %s
[2023-10-18T20:07:16.824-0300] {logging_mixin.py:151} INFO - [2023-10-18T20:07:16.824-0300] {dag.py:2941} INFO - Sync 3 DAGs
[2023-10-18T20:07:16.836-0300] {logging_mixin.py:151} INFO - [2023-10-18T20:07:16.836-0300] {dag.py:2963} INFO - Creating ORM DAG for example_branch_datetime_operator_3
[2023-10-18T20:07:16.837-0300] {logging_mixin.py:151} INFO - [2023-10-18T20:07:16.837-0300] {dag.py:2963} INFO - Creating ORM DAG for example_branch_datetime_operator
[2023-10-18T20:07:16.838-0300] {logging_mixin.py:151} INFO - [2023-10-18T20:07:16.838-0300] {dag.py:2963} INFO - Creating ORM DAG for example_branch_datetime_operator_2
[2023-10-18T20:07:16.849-0300] {logging_mixin.py:151} INFO - [2023-10-18T20:07:16.848-0300] {dag.py:3722} INFO - Setting next_dagrun for example_branch_datetime_operator to 2023-10-17T00:00:00+00:00, run_after=2023-10-18T00:00:00+00:00
[2023-10-18T20:07:16.850-0300] {logging_mixin.py:151} INFO - [2023-10-18T20:07:16.850-0300] {dag.py:3722} INFO - Setting next_dagrun for example_branch_datetime_operator_2 to 2023-10-17T00:00:00+00:00, run_after=2023-10-18T00:00:00+00:00
[2023-10-18T20:07:16.851-0300] {logging_mixin.py:151} INFO - [2023-10-18T20:07:16.851-0300] {dag.py:3722} INFO - Setting next_dagrun for example_branch_datetime_operator_3 to 2023-10-17T00:00:00+00:00, run_after=2023-10-18T00:00:00+00:00
[2023-10-18T20:07:16.912-0300] {processor.py:179} INFO - Processing /usr/local/lib/python3.10/dist-packages/airflow/example_dags/example_branch_datetime_operator.py took 0.595 seconds
