[2023-10-18T20:07:27.507-0300] {processor.py:157} INFO - Started process (PID=1821) to work on /usr/local/lib/python3.10/dist-packages/airflow/example_dags/example_datasets.py
[2023-10-18T20:07:27.508-0300] {processor.py:829} INFO - Processing file /usr/local/lib/python3.10/dist-packages/airflow/example_dags/example_datasets.py for tasks to queue
[2023-10-18T20:07:27.509-0300] {logging_mixin.py:151} INFO - [2023-10-18T20:07:27.508-0300] {dagbag.py:536} INFO - Filling up the DagBag from /usr/local/lib/python3.10/dist-packages/airflow/example_dags/example_datasets.py
[2023-10-18T20:07:27.516-0300] {processor.py:839} INFO - DAG(s) dict_keys(['dataset_consumes_1_never_scheduled', 'dataset_produces_1', 'dataset_produces_2', 'dataset_consumes_unknown_never_scheduled', 'dataset_consumes_1_and_2', 'dataset_consumes_1']) retrieved from /usr/local/lib/python3.10/dist-packages/airflow/example_dags/example_datasets.py
[2023-10-18T20:07:27.647-0300] {logging_mixin.py:151} INFO - [2023-10-18T20:07:27.647-0300] {manager.py:499} INFO - Created Permission View: %s
[2023-10-18T20:07:27.684-0300] {logging_mixin.py:151} INFO - [2023-10-18T20:07:27.684-0300] {manager.py:499} INFO - Created Permission View: %s
[2023-10-18T20:07:27.720-0300] {logging_mixin.py:151} INFO - [2023-10-18T20:07:27.720-0300] {manager.py:499} INFO - Created Permission View: %s
[2023-10-18T20:07:27.787-0300] {logging_mixin.py:151} INFO - [2023-10-18T20:07:27.787-0300] {manager.py:499} INFO - Created Permission View: %s
[2023-10-18T20:07:27.823-0300] {logging_mixin.py:151} INFO - [2023-10-18T20:07:27.823-0300] {manager.py:499} INFO - Created Permission View: %s
[2023-10-18T20:07:27.859-0300] {logging_mixin.py:151} INFO - [2023-10-18T20:07:27.859-0300] {manager.py:499} INFO - Created Permission View: %s
[2023-10-18T20:07:27.927-0300] {logging_mixin.py:151} INFO - [2023-10-18T20:07:27.926-0300] {manager.py:499} INFO - Created Permission View: %s
[2023-10-18T20:07:27.969-0300] {logging_mixin.py:151} INFO - [2023-10-18T20:07:27.969-0300] {manager.py:499} INFO - Created Permission View: %s
[2023-10-18T20:07:28.006-0300] {logging_mixin.py:151} INFO - [2023-10-18T20:07:28.005-0300] {manager.py:499} INFO - Created Permission View: %s
[2023-10-18T20:07:28.078-0300] {logging_mixin.py:151} INFO - [2023-10-18T20:07:28.077-0300] {manager.py:499} INFO - Created Permission View: %s
[2023-10-18T20:07:28.117-0300] {logging_mixin.py:151} INFO - [2023-10-18T20:07:28.117-0300] {manager.py:499} INFO - Created Permission View: %s
[2023-10-18T20:07:28.155-0300] {logging_mixin.py:151} INFO - [2023-10-18T20:07:28.155-0300] {manager.py:499} INFO - Created Permission View: %s
[2023-10-18T20:07:28.224-0300] {logging_mixin.py:151} INFO - [2023-10-18T20:07:28.224-0300] {manager.py:499} INFO - Created Permission View: %s
[2023-10-18T20:07:28.259-0300] {logging_mixin.py:151} INFO - [2023-10-18T20:07:28.259-0300] {manager.py:499} INFO - Created Permission View: %s
[2023-10-18T20:07:28.298-0300] {logging_mixin.py:151} INFO - [2023-10-18T20:07:28.298-0300] {manager.py:499} INFO - Created Permission View: %s
[2023-10-18T20:07:28.378-0300] {logging_mixin.py:151} INFO - [2023-10-18T20:07:28.378-0300] {manager.py:499} INFO - Created Permission View: %s
[2023-10-18T20:07:28.421-0300] {logging_mixin.py:151} INFO - [2023-10-18T20:07:28.421-0300] {manager.py:499} INFO - Created Permission View: %s
[2023-10-18T20:07:28.461-0300] {logging_mixin.py:151} INFO - [2023-10-18T20:07:28.460-0300] {manager.py:499} INFO - Created Permission View: %s
[2023-10-18T20:07:28.461-0300] {logging_mixin.py:151} INFO - [2023-10-18T20:07:28.461-0300] {dag.py:2941} INFO - Sync 6 DAGs
[2023-10-18T20:07:28.485-0300] {logging_mixin.py:151} INFO - [2023-10-18T20:07:28.485-0300] {dag.py:2963} INFO - Creating ORM DAG for dataset_consumes_unknown_never_scheduled
[2023-10-18T20:07:28.486-0300] {logging_mixin.py:151} INFO - [2023-10-18T20:07:28.486-0300] {dag.py:2963} INFO - Creating ORM DAG for dataset_consumes_1_and_2
[2023-10-18T20:07:28.486-0300] {logging_mixin.py:151} INFO - [2023-10-18T20:07:28.486-0300] {dag.py:2963} INFO - Creating ORM DAG for dataset_consumes_1
[2023-10-18T20:07:28.487-0300] {logging_mixin.py:151} INFO - [2023-10-18T20:07:28.487-0300] {dag.py:2963} INFO - Creating ORM DAG for dataset_produces_2
[2023-10-18T20:07:28.488-0300] {logging_mixin.py:151} INFO - [2023-10-18T20:07:28.488-0300] {dag.py:2963} INFO - Creating ORM DAG for dataset_produces_1
[2023-10-18T20:07:28.489-0300] {logging_mixin.py:151} INFO - [2023-10-18T20:07:28.489-0300] {dag.py:2963} INFO - Creating ORM DAG for dataset_consumes_1_never_scheduled
[2023-10-18T20:07:28.502-0300] {logging_mixin.py:151} INFO - [2023-10-18T20:07:28.501-0300] {dag.py:3722} INFO - Setting next_dagrun for dataset_consumes_1 to None, run_after=None
[2023-10-18T20:07:28.503-0300] {logging_mixin.py:151} INFO - [2023-10-18T20:07:28.502-0300] {dag.py:3722} INFO - Setting next_dagrun for dataset_consumes_1_and_2 to None, run_after=None
[2023-10-18T20:07:28.504-0300] {logging_mixin.py:151} INFO - [2023-10-18T20:07:28.503-0300] {dag.py:3722} INFO - Setting next_dagrun for dataset_consumes_1_never_scheduled to None, run_after=None
[2023-10-18T20:07:28.505-0300] {logging_mixin.py:151} INFO - [2023-10-18T20:07:28.505-0300] {dag.py:3722} INFO - Setting next_dagrun for dataset_consumes_unknown_never_scheduled to None, run_after=None
[2023-10-18T20:07:28.507-0300] {logging_mixin.py:151} INFO - [2023-10-18T20:07:28.507-0300] {dag.py:3722} INFO - Setting next_dagrun for dataset_produces_1 to 2023-10-17T00:00:00+00:00, run_after=2023-10-18T00:00:00+00:00
[2023-10-18T20:07:28.508-0300] {logging_mixin.py:151} INFO - [2023-10-18T20:07:28.508-0300] {dag.py:3722} INFO - Setting next_dagrun for dataset_produces_2 to None, run_after=None
[2023-10-18T20:07:28.621-0300] {processor.py:179} INFO - Processing /usr/local/lib/python3.10/dist-packages/airflow/example_dags/example_datasets.py took 1.116 seconds
