[2024-01-25T22:01:22.001-0300] {logging_mixin.py:151} INFO - Changing /mnt/c/Users/filipe.macedo_ifood/Documents/how-desafio-03/airflow/logs/dag_id=how-desafio-03/run_id=scheduled__2024-01-25T06:15:00+00:00/task_id=invoke_lambda_function permission to 509
[2024-01-25T22:01:22.055-0300] {logging_mixin.py:151} INFO - Changing /mnt/c/Users/filipe.macedo_ifood/Documents/how-desafio-03/airflow/logs/dag_id=how-desafio-03/run_id=scheduled__2024-01-25T06:15:00+00:00/task_id=invoke_lambda_function permission to 509
[2024-01-25T22:01:22.070-0300] {taskinstance.py:1159} INFO - Dependencies all met for dep_context=non-requeueable deps ti=<TaskInstance: how-desafio-03.invoke_lambda_function scheduled__2024-01-25T06:15:00+00:00 [queued]>
[2024-01-25T22:01:22.088-0300] {taskinstance.py:1159} INFO - Dependencies all met for dep_context=requeueable deps ti=<TaskInstance: how-desafio-03.invoke_lambda_function scheduled__2024-01-25T06:15:00+00:00 [queued]>
[2024-01-25T22:01:22.089-0300] {taskinstance.py:1361} INFO - Starting attempt 2 of 2
[2024-01-25T22:01:22.118-0300] {taskinstance.py:1382} INFO - Executing <Task(LambdaInvokeFunctionOperator): invoke_lambda_function> on 2024-01-25 06:15:00+00:00
[2024-01-25T22:01:22.120-0300] {standard_task_runner.py:57} INFO - Started process 1754 to run task
[2024-01-25T22:01:22.122-0300] {standard_task_runner.py:84} INFO - Running: ['airflow', 'tasks', 'run', 'how-desafio-03', 'invoke_lambda_function', 'scheduled__2024-01-25T06:15:00+00:00', '--job-id', '210', '--raw', '--subdir', 'DAGS_FOLDER/weather_dag.py', '--cfg-path', '/tmp/tmpyy3pr79f']
[2024-01-25T22:01:22.123-0300] {standard_task_runner.py:85} INFO - Job 210: Subtask invoke_lambda_function
[2024-01-25T22:01:22.208-0300] {logging_mixin.py:151} INFO - Changing /mnt/c/Users/filipe.macedo_ifood/Documents/how-desafio-03/airflow/logs/dag_id=how-desafio-03/run_id=scheduled__2024-01-25T06:15:00+00:00/task_id=invoke_lambda_function permission to 509
[2024-01-25T22:01:22.211-0300] {task_command.py:416} INFO - Running <TaskInstance: how-desafio-03.invoke_lambda_function scheduled__2024-01-25T06:15:00+00:00 [running]> on host 14111-NB.
[2024-01-25T22:01:22.328-0300] {taskinstance.py:1662} INFO - Exporting env vars: AIRFLOW_CTX_DAG_OWNER='airflow' AIRFLOW_CTX_DAG_ID='how-desafio-03' AIRFLOW_CTX_TASK_ID='invoke_lambda_function' AIRFLOW_CTX_EXECUTION_DATE='2024-01-25T06:15:00+00:00' AIRFLOW_CTX_TRY_NUMBER='2' AIRFLOW_CTX_DAG_RUN_ID='scheduled__2024-01-25T06:15:00+00:00'
[2024-01-25T22:01:22.329-0300] {lambda_function.py:211} INFO - Invoking AWS Lambda function: how-desafio-03 with payload: {"weather_daily": {"date": "1706230800"}}
[2024-01-25T22:01:22.338-0300] {base.py:73} INFO - Using connection ID 'aws_default' for task execution.
[2024-01-25T22:01:22.339-0300] {connection_wrapper.py:340} INFO - AWS Connection (conn_id='aws_default', conn_type='aws') credentials retrieved from login and password.
[2024-01-25T22:01:23.274-0300] {lambda_function.py:220} INFO - Lambda response metadata: {'RequestId': 'bbc2cb26-22a7-4795-876f-a211ec492212', 'HTTPStatusCode': 202, 'HTTPHeaders': {'date': 'Fri, 26 Jan 2024 01:01:44 GMT', 'content-length': '0', 'connection': 'keep-alive', 'x-amzn-requestid': 'bbc2cb26-22a7-4795-876f-a211ec492212', 'x-amzn-remapped-content-length': '0', 'x-amzn-trace-id': 'root=1-65b30478-2d93e4d741dd46a5080d2b43;sampled=0'}, 'RetryAttempts': 0}
[2024-01-25T22:01:23.275-0300] {lambda_function.py:230} INFO - Lambda function invocation succeeded: {'RequestId': 'bbc2cb26-22a7-4795-876f-a211ec492212', 'HTTPStatusCode': 202, 'HTTPHeaders': {'date': 'Fri, 26 Jan 2024 01:01:44 GMT', 'content-length': '0', 'connection': 'keep-alive', 'x-amzn-requestid': 'bbc2cb26-22a7-4795-876f-a211ec492212', 'x-amzn-remapped-content-length': '0', 'x-amzn-trace-id': 'root=1-65b30478-2d93e4d741dd46a5080d2b43;sampled=0'}, 'RetryAttempts': 0}
[2024-01-25T22:01:23.323-0300] {taskinstance.py:1400} INFO - Marking task as SUCCESS. dag_id=how-desafio-03, task_id=invoke_lambda_function, execution_date=20240125T061500, start_date=20240126T010122, end_date=20240126T010123
[2024-01-25T22:01:23.381-0300] {local_task_job_runner.py:228} INFO - Task exited with return code 0
[2024-01-25T22:01:23.416-0300] {taskinstance.py:2778} INFO - 0 downstream tasks scheduled from follow-on schedule check
