[2024-02-06T20:49:46.784-0300] {logging_mixin.py:151} INFO - Changing /mnt/c/Users/filipe.macedo_ifood/Documents/how-desafio-03/airflow/logs/dag_id=how-desafio-3/run_id=scheduled__2024-02-06T22:00:00+00:00/task_id=invoke_lambda_function permission to 509
[2024-02-06T20:49:46.949-0300] {logging_mixin.py:151} INFO - Changing /mnt/c/Users/filipe.macedo_ifood/Documents/how-desafio-03/airflow/logs/dag_id=how-desafio-3/run_id=scheduled__2024-02-06T22:00:00+00:00/task_id=invoke_lambda_function permission to 509
[2024-02-06T20:49:46.997-0300] {taskinstance.py:1159} INFO - Dependencies all met for dep_context=non-requeueable deps ti=<TaskInstance: how-desafio-3.invoke_lambda_function scheduled__2024-02-06T22:00:00+00:00 [queued]>
[2024-02-06T20:49:47.024-0300] {taskinstance.py:1159} INFO - Dependencies all met for dep_context=requeueable deps ti=<TaskInstance: how-desafio-3.invoke_lambda_function scheduled__2024-02-06T22:00:00+00:00 [queued]>
[2024-02-06T20:49:47.025-0300] {taskinstance.py:1361} INFO - Starting attempt 1 of 1
[2024-02-06T20:49:47.104-0300] {taskinstance.py:1382} INFO - Executing <Task(LambdaInvokeFunctionOperator): invoke_lambda_function> on 2024-02-06 22:00:00+00:00
[2024-02-06T20:49:47.107-0300] {standard_task_runner.py:57} INFO - Started process 845 to run task
[2024-02-06T20:49:47.113-0300] {standard_task_runner.py:84} INFO - Running: ['airflow', 'tasks', 'run', 'how-desafio-3', 'invoke_lambda_function', 'scheduled__2024-02-06T22:00:00+00:00', '--job-id', '321', '--raw', '--subdir', 'DAGS_FOLDER/weather_dag.py', '--cfg-path', '/tmp/tmp14d9q317']
[2024-02-06T20:49:47.114-0300] {standard_task_runner.py:85} INFO - Job 321: Subtask invoke_lambda_function
[2024-02-06T20:49:47.282-0300] {logging_mixin.py:151} INFO - Changing /mnt/c/Users/filipe.macedo_ifood/Documents/how-desafio-03/airflow/logs/dag_id=how-desafio-3/run_id=scheduled__2024-02-06T22:00:00+00:00/task_id=invoke_lambda_function permission to 509
[2024-02-06T20:49:47.286-0300] {task_command.py:416} INFO - Running <TaskInstance: how-desafio-3.invoke_lambda_function scheduled__2024-02-06T22:00:00+00:00 [running]> on host 14111-NB.
[2024-02-06T20:49:47.543-0300] {taskinstance.py:1662} INFO - Exporting env vars: AIRFLOW_CTX_DAG_OWNER='airflow' AIRFLOW_CTX_DAG_ID='how-desafio-3' AIRFLOW_CTX_TASK_ID='invoke_lambda_function' AIRFLOW_CTX_EXECUTION_DATE='2024-02-06T22:00:00+00:00' AIRFLOW_CTX_TRY_NUMBER='1' AIRFLOW_CTX_DAG_RUN_ID='scheduled__2024-02-06T22:00:00+00:00'
[2024-02-06T20:49:47.545-0300] {lambda_function.py:211} INFO - Invoking AWS Lambda function: how-desafio-3 with payload: {"date": "1707256800"}
[2024-02-06T20:49:47.583-0300] {base.py:73} INFO - Using connection ID 'aws_default' for task execution.
[2024-02-06T20:49:47.585-0300] {connection_wrapper.py:340} INFO - AWS Connection (conn_id='aws_default', conn_type='aws') credentials retrieved from login and password.
[2024-02-06T20:49:49.556-0300] {lambda_function.py:220} INFO - Lambda response metadata: {'RequestId': 'e455a533-e935-4c93-8aee-6b4640ffbef2', 'HTTPStatusCode': 202, 'HTTPHeaders': {'date': 'Tue, 06 Feb 2024 23:49:50 GMT', 'content-length': '0', 'connection': 'keep-alive', 'x-amzn-requestid': 'e455a533-e935-4c93-8aee-6b4640ffbef2', 'x-amzn-remapped-content-length': '0', 'x-amzn-trace-id': 'root=1-65c2c59e-53b6067f47b21712451b0eb1;sampled=0'}, 'RetryAttempts': 0}
[2024-02-06T20:49:49.558-0300] {lambda_function.py:230} INFO - Lambda function invocation succeeded: {'RequestId': 'e455a533-e935-4c93-8aee-6b4640ffbef2', 'HTTPStatusCode': 202, 'HTTPHeaders': {'date': 'Tue, 06 Feb 2024 23:49:50 GMT', 'content-length': '0', 'connection': 'keep-alive', 'x-amzn-requestid': 'e455a533-e935-4c93-8aee-6b4640ffbef2', 'x-amzn-remapped-content-length': '0', 'x-amzn-trace-id': 'root=1-65c2c59e-53b6067f47b21712451b0eb1;sampled=0'}, 'RetryAttempts': 0}
[2024-02-06T20:49:49.645-0300] {taskinstance.py:1400} INFO - Marking task as SUCCESS. dag_id=how-desafio-3, task_id=invoke_lambda_function, execution_date=20240206T220000, start_date=20240206T234946, end_date=20240206T234949
[2024-02-06T20:49:49.703-0300] {local_task_job_runner.py:228} INFO - Task exited with return code 0
[2024-02-06T20:49:49.744-0300] {taskinstance.py:2778} INFO - 1 downstream tasks scheduled from follow-on schedule check
