[2024-01-26T18:01:01.823-0300] {logging_mixin.py:151} INFO - Changing /mnt/c/Users/filipe.macedo_ifood/Documents/how-desafio-03/airflow/logs/dag_id=how-desafio-03/run_id=scheduled__2024-01-26T20:45:00+00:00/task_id=invoke_lambda_function permission to 509
[2024-01-26T18:01:01.869-0300] {logging_mixin.py:151} INFO - Changing /mnt/c/Users/filipe.macedo_ifood/Documents/how-desafio-03/airflow/logs/dag_id=how-desafio-03/run_id=scheduled__2024-01-26T20:45:00+00:00/task_id=invoke_lambda_function permission to 509
[2024-01-26T18:01:01.887-0300] {taskinstance.py:1159} INFO - Dependencies all met for dep_context=non-requeueable deps ti=<TaskInstance: how-desafio-03.invoke_lambda_function scheduled__2024-01-26T20:45:00+00:00 [queued]>
[2024-01-26T18:01:01.897-0300] {taskinstance.py:1159} INFO - Dependencies all met for dep_context=requeueable deps ti=<TaskInstance: how-desafio-03.invoke_lambda_function scheduled__2024-01-26T20:45:00+00:00 [queued]>
[2024-01-26T18:01:01.898-0300] {taskinstance.py:1361} INFO - Starting attempt 1 of 1
[2024-01-26T18:01:01.925-0300] {taskinstance.py:1382} INFO - Executing <Task(LambdaInvokeFunctionOperator): invoke_lambda_function> on 2024-01-26 20:45:00+00:00
[2024-01-26T18:01:01.926-0300] {standard_task_runner.py:57} INFO - Started process 1140 to run task
[2024-01-26T18:01:01.928-0300] {standard_task_runner.py:84} INFO - Running: ['airflow', 'tasks', 'run', 'how-desafio-03', 'invoke_lambda_function', 'scheduled__2024-01-26T20:45:00+00:00', '--job-id', '280', '--raw', '--subdir', 'DAGS_FOLDER/weather_dag.py', '--cfg-path', '/tmp/tmposeqid_0']
[2024-01-26T18:01:01.929-0300] {standard_task_runner.py:85} INFO - Job 280: Subtask invoke_lambda_function
[2024-01-26T18:01:01.987-0300] {logging_mixin.py:151} INFO - Changing /mnt/c/Users/filipe.macedo_ifood/Documents/how-desafio-03/airflow/logs/dag_id=how-desafio-03/run_id=scheduled__2024-01-26T20:45:00+00:00/task_id=invoke_lambda_function permission to 509
[2024-01-26T18:01:01.988-0300] {task_command.py:416} INFO - Running <TaskInstance: how-desafio-03.invoke_lambda_function scheduled__2024-01-26T20:45:00+00:00 [running]> on host 14111-NB.
[2024-01-26T18:01:02.095-0300] {taskinstance.py:1662} INFO - Exporting env vars: AIRFLOW_CTX_DAG_OWNER='airflow' AIRFLOW_CTX_DAG_ID='how-desafio-03' AIRFLOW_CTX_TASK_ID='invoke_lambda_function' AIRFLOW_CTX_EXECUTION_DATE='2024-01-26T20:45:00+00:00' AIRFLOW_CTX_TRY_NUMBER='1' AIRFLOW_CTX_DAG_RUN_ID='scheduled__2024-01-26T20:45:00+00:00'
[2024-01-26T18:01:02.096-0300] {lambda_function.py:211} INFO - Invoking AWS Lambda function: how-desafio-03 with payload: {"date": "1706302800"}
[2024-01-26T18:01:02.107-0300] {base.py:73} INFO - Using connection ID 'aws_default' for task execution.
[2024-01-26T18:01:02.108-0300] {connection_wrapper.py:340} INFO - AWS Connection (conn_id='aws_default', conn_type='aws') credentials retrieved from login and password.
[2024-01-26T18:01:03.099-0300] {lambda_function.py:220} INFO - Lambda response metadata: {'RequestId': 'e5a99201-a174-4a83-82f3-f13fb8295cda', 'HTTPStatusCode': 202, 'HTTPHeaders': {'date': 'Fri, 26 Jan 2024 21:01:26 GMT', 'content-length': '0', 'connection': 'keep-alive', 'x-amzn-requestid': 'e5a99201-a174-4a83-82f3-f13fb8295cda', 'x-amzn-remapped-content-length': '0', 'x-amzn-trace-id': 'root=1-65b41da6-32adf29b50024cc41dd9c812;sampled=0'}, 'RetryAttempts': 0}
[2024-01-26T18:01:03.100-0300] {lambda_function.py:230} INFO - Lambda function invocation succeeded: {'RequestId': 'e5a99201-a174-4a83-82f3-f13fb8295cda', 'HTTPStatusCode': 202, 'HTTPHeaders': {'date': 'Fri, 26 Jan 2024 21:01:26 GMT', 'content-length': '0', 'connection': 'keep-alive', 'x-amzn-requestid': 'e5a99201-a174-4a83-82f3-f13fb8295cda', 'x-amzn-remapped-content-length': '0', 'x-amzn-trace-id': 'root=1-65b41da6-32adf29b50024cc41dd9c812;sampled=0'}, 'RetryAttempts': 0}
[2024-01-26T18:01:03.140-0300] {taskinstance.py:1400} INFO - Marking task as SUCCESS. dag_id=how-desafio-03, task_id=invoke_lambda_function, execution_date=20240126T204500, start_date=20240126T210101, end_date=20240126T210103
[2024-01-26T18:01:03.187-0300] {local_task_job_runner.py:228} INFO - Task exited with return code 0
[2024-01-26T18:01:03.226-0300] {taskinstance.py:2778} INFO - 1 downstream tasks scheduled from follow-on schedule check
