[2023-10-17T23:33:46.024+0000] {processor.py:157} INFO - Started process (PID=64) to work on /home/airflow/.local/lib/python3.8/site-packages/airflow/example_dags/example_external_task_marker_dag.py
[2023-10-17T23:33:46.029+0000] {processor.py:829} INFO - Processing file /home/airflow/.local/lib/python3.8/site-packages/airflow/example_dags/example_external_task_marker_dag.py for tasks to queue
[2023-10-17T23:33:46.032+0000] {logging_mixin.py:151} INFO - [2023-10-17T23:33:46.032+0000] {dagbag.py:536} INFO - Filling up the DagBag from /home/airflow/.local/lib/python3.8/site-packages/airflow/example_dags/example_external_task_marker_dag.py
[2023-10-17T23:33:46.046+0000] {processor.py:839} INFO - DAG(s) dict_keys(['example_external_task_marker_child', 'example_external_task_marker_parent']) retrieved from /home/airflow/.local/lib/python3.8/site-packages/airflow/example_dags/example_external_task_marker_dag.py
[2023-10-17T23:33:46.065+0000] {logging_mixin.py:151} INFO - [2023-10-17T23:33:46.065+0000] {dag.py:2941} INFO - Sync 2 DAGs
[2023-10-17T23:33:46.086+0000] {logging_mixin.py:151} INFO - [2023-10-17T23:33:46.086+0000] {dag.py:3722} INFO - Setting next_dagrun for example_external_task_marker_child to None, run_after=None
[2023-10-17T23:33:46.091+0000] {logging_mixin.py:151} INFO - [2023-10-17T23:33:46.090+0000] {dag.py:3722} INFO - Setting next_dagrun for example_external_task_marker_parent to None, run_after=None
[2023-10-17T23:33:46.120+0000] {processor.py:179} INFO - Processing /home/airflow/.local/lib/python3.8/site-packages/airflow/example_dags/example_external_task_marker_dag.py took 0.101 seconds
[2023-10-17T23:34:16.280+0000] {processor.py:157} INFO - Started process (PID=119) to work on /home/airflow/.local/lib/python3.8/site-packages/airflow/example_dags/example_external_task_marker_dag.py
[2023-10-17T23:34:16.281+0000] {processor.py:829} INFO - Processing file /home/airflow/.local/lib/python3.8/site-packages/airflow/example_dags/example_external_task_marker_dag.py for tasks to queue
[2023-10-17T23:34:16.285+0000] {logging_mixin.py:151} INFO - [2023-10-17T23:34:16.285+0000] {dagbag.py:536} INFO - Filling up the DagBag from /home/airflow/.local/lib/python3.8/site-packages/airflow/example_dags/example_external_task_marker_dag.py
[2023-10-17T23:34:16.293+0000] {processor.py:839} INFO - DAG(s) dict_keys(['example_external_task_marker_parent', 'example_external_task_marker_child']) retrieved from /home/airflow/.local/lib/python3.8/site-packages/airflow/example_dags/example_external_task_marker_dag.py
[2023-10-17T23:34:16.318+0000] {logging_mixin.py:151} INFO - [2023-10-17T23:34:16.318+0000] {dag.py:2941} INFO - Sync 2 DAGs
[2023-10-17T23:34:16.330+0000] {logging_mixin.py:151} INFO - [2023-10-17T23:34:16.330+0000] {dag.py:3722} INFO - Setting next_dagrun for example_external_task_marker_child to None, run_after=None
[2023-10-17T23:34:16.334+0000] {logging_mixin.py:151} INFO - [2023-10-17T23:34:16.333+0000] {dag.py:3722} INFO - Setting next_dagrun for example_external_task_marker_parent to None, run_after=None
[2023-10-17T23:34:16.356+0000] {processor.py:179} INFO - Processing /home/airflow/.local/lib/python3.8/site-packages/airflow/example_dags/example_external_task_marker_dag.py took 0.081 seconds
[2023-10-17T23:34:46.697+0000] {processor.py:157} INFO - Started process (PID=174) to work on /home/airflow/.local/lib/python3.8/site-packages/airflow/example_dags/example_external_task_marker_dag.py
[2023-10-17T23:34:46.698+0000] {processor.py:829} INFO - Processing file /home/airflow/.local/lib/python3.8/site-packages/airflow/example_dags/example_external_task_marker_dag.py for tasks to queue
[2023-10-17T23:34:46.700+0000] {logging_mixin.py:151} INFO - [2023-10-17T23:34:46.699+0000] {dagbag.py:536} INFO - Filling up the DagBag from /home/airflow/.local/lib/python3.8/site-packages/airflow/example_dags/example_external_task_marker_dag.py
[2023-10-17T23:34:46.705+0000] {processor.py:839} INFO - DAG(s) dict_keys(['example_external_task_marker_parent', 'example_external_task_marker_child']) retrieved from /home/airflow/.local/lib/python3.8/site-packages/airflow/example_dags/example_external_task_marker_dag.py
[2023-10-17T23:34:46.728+0000] {logging_mixin.py:151} INFO - [2023-10-17T23:34:46.728+0000] {dag.py:2941} INFO - Sync 2 DAGs
[2023-10-17T23:34:46.740+0000] {logging_mixin.py:151} INFO - [2023-10-17T23:34:46.740+0000] {dag.py:3722} INFO - Setting next_dagrun for example_external_task_marker_child to None, run_after=None
[2023-10-17T23:34:46.743+0000] {logging_mixin.py:151} INFO - [2023-10-17T23:34:46.743+0000] {dag.py:3722} INFO - Setting next_dagrun for example_external_task_marker_parent to None, run_after=None
[2023-10-17T23:34:46.760+0000] {processor.py:179} INFO - Processing /home/airflow/.local/lib/python3.8/site-packages/airflow/example_dags/example_external_task_marker_dag.py took 0.066 seconds
[2023-10-17T23:35:16.992+0000] {processor.py:157} INFO - Started process (PID=229) to work on /home/airflow/.local/lib/python3.8/site-packages/airflow/example_dags/example_external_task_marker_dag.py
[2023-10-17T23:35:16.994+0000] {processor.py:829} INFO - Processing file /home/airflow/.local/lib/python3.8/site-packages/airflow/example_dags/example_external_task_marker_dag.py for tasks to queue
[2023-10-17T23:35:16.996+0000] {logging_mixin.py:151} INFO - [2023-10-17T23:35:16.996+0000] {dagbag.py:536} INFO - Filling up the DagBag from /home/airflow/.local/lib/python3.8/site-packages/airflow/example_dags/example_external_task_marker_dag.py
[2023-10-17T23:35:17.001+0000] {processor.py:839} INFO - DAG(s) dict_keys(['example_external_task_marker_parent', 'example_external_task_marker_child']) retrieved from /home/airflow/.local/lib/python3.8/site-packages/airflow/example_dags/example_external_task_marker_dag.py
[2023-10-17T23:35:17.030+0000] {logging_mixin.py:151} INFO - [2023-10-17T23:35:17.030+0000] {dag.py:2941} INFO - Sync 2 DAGs
[2023-10-17T23:35:17.043+0000] {logging_mixin.py:151} INFO - [2023-10-17T23:35:17.043+0000] {dag.py:3722} INFO - Setting next_dagrun for example_external_task_marker_child to None, run_after=None
[2023-10-17T23:35:17.046+0000] {logging_mixin.py:151} INFO - [2023-10-17T23:35:17.046+0000] {dag.py:3722} INFO - Setting next_dagrun for example_external_task_marker_parent to None, run_after=None
[2023-10-17T23:35:17.067+0000] {processor.py:179} INFO - Processing /home/airflow/.local/lib/python3.8/site-packages/airflow/example_dags/example_external_task_marker_dag.py took 0.078 seconds
[2023-10-17T23:35:47.166+0000] {processor.py:157} INFO - Started process (PID=283) to work on /home/airflow/.local/lib/python3.8/site-packages/airflow/example_dags/example_external_task_marker_dag.py
[2023-10-17T23:35:47.167+0000] {processor.py:829} INFO - Processing file /home/airflow/.local/lib/python3.8/site-packages/airflow/example_dags/example_external_task_marker_dag.py for tasks to queue
[2023-10-17T23:35:47.170+0000] {logging_mixin.py:151} INFO - [2023-10-17T23:35:47.170+0000] {dagbag.py:536} INFO - Filling up the DagBag from /home/airflow/.local/lib/python3.8/site-packages/airflow/example_dags/example_external_task_marker_dag.py
[2023-10-17T23:35:47.176+0000] {processor.py:839} INFO - DAG(s) dict_keys(['example_external_task_marker_child', 'example_external_task_marker_parent']) retrieved from /home/airflow/.local/lib/python3.8/site-packages/airflow/example_dags/example_external_task_marker_dag.py
[2023-10-17T23:35:47.198+0000] {logging_mixin.py:151} INFO - [2023-10-17T23:35:47.198+0000] {dag.py:2941} INFO - Sync 2 DAGs
[2023-10-17T23:35:47.209+0000] {logging_mixin.py:151} INFO - [2023-10-17T23:35:47.209+0000] {dag.py:3722} INFO - Setting next_dagrun for example_external_task_marker_child to None, run_after=None
[2023-10-17T23:35:47.212+0000] {logging_mixin.py:151} INFO - [2023-10-17T23:35:47.212+0000] {dag.py:3722} INFO - Setting next_dagrun for example_external_task_marker_parent to None, run_after=None
[2023-10-17T23:35:47.230+0000] {processor.py:179} INFO - Processing /home/airflow/.local/lib/python3.8/site-packages/airflow/example_dags/example_external_task_marker_dag.py took 0.066 seconds
