[2023-10-17T23:33:46.881+0000] {processor.py:157} INFO - Started process (PID=74) to work on /home/airflow/.local/lib/python3.8/site-packages/airflow/example_dags/example_short_circuit_decorator.py
[2023-10-17T23:33:46.883+0000] {processor.py:829} INFO - Processing file /home/airflow/.local/lib/python3.8/site-packages/airflow/example_dags/example_short_circuit_decorator.py for tasks to queue
[2023-10-17T23:33:46.886+0000] {logging_mixin.py:151} INFO - [2023-10-17T23:33:46.886+0000] {dagbag.py:536} INFO - Filling up the DagBag from /home/airflow/.local/lib/python3.8/site-packages/airflow/example_dags/example_short_circuit_decorator.py
[2023-10-17T23:33:46.902+0000] {processor.py:839} INFO - DAG(s) dict_keys(['example_short_circuit_decorator']) retrieved from /home/airflow/.local/lib/python3.8/site-packages/airflow/example_dags/example_short_circuit_decorator.py
[2023-10-17T23:33:46.918+0000] {logging_mixin.py:151} INFO - [2023-10-17T23:33:46.918+0000] {dag.py:2941} INFO - Sync 1 DAGs
[2023-10-17T23:33:46.948+0000] {logging_mixin.py:151} INFO - [2023-10-17T23:33:46.948+0000] {dag.py:3722} INFO - Setting next_dagrun for example_short_circuit_decorator to 2023-10-16T23:33:46.947806+00:00, run_after=2023-10-17T23:33:46.947806+00:00
[2023-10-17T23:33:46.972+0000] {processor.py:179} INFO - Processing /home/airflow/.local/lib/python3.8/site-packages/airflow/example_dags/example_short_circuit_decorator.py took 0.098 seconds
[2023-10-17T23:34:17.231+0000] {processor.py:157} INFO - Started process (PID=129) to work on /home/airflow/.local/lib/python3.8/site-packages/airflow/example_dags/example_short_circuit_decorator.py
[2023-10-17T23:34:17.232+0000] {processor.py:829} INFO - Processing file /home/airflow/.local/lib/python3.8/site-packages/airflow/example_dags/example_short_circuit_decorator.py for tasks to queue
[2023-10-17T23:34:17.234+0000] {logging_mixin.py:151} INFO - [2023-10-17T23:34:17.234+0000] {dagbag.py:536} INFO - Filling up the DagBag from /home/airflow/.local/lib/python3.8/site-packages/airflow/example_dags/example_short_circuit_decorator.py
[2023-10-17T23:34:17.242+0000] {processor.py:839} INFO - DAG(s) dict_keys(['example_short_circuit_decorator']) retrieved from /home/airflow/.local/lib/python3.8/site-packages/airflow/example_dags/example_short_circuit_decorator.py
[2023-10-17T23:34:17.261+0000] {logging_mixin.py:151} INFO - [2023-10-17T23:34:17.261+0000] {dag.py:2941} INFO - Sync 1 DAGs
[2023-10-17T23:34:17.279+0000] {logging_mixin.py:151} INFO - [2023-10-17T23:34:17.279+0000] {dag.py:3722} INFO - Setting next_dagrun for example_short_circuit_decorator to 2023-10-16T23:34:17.278805+00:00, run_after=2023-10-17T23:34:17.278805+00:00
[2023-10-17T23:34:17.298+0000] {processor.py:179} INFO - Processing /home/airflow/.local/lib/python3.8/site-packages/airflow/example_dags/example_short_circuit_decorator.py took 0.070 seconds
[2023-10-17T23:34:47.483+0000] {processor.py:157} INFO - Started process (PID=184) to work on /home/airflow/.local/lib/python3.8/site-packages/airflow/example_dags/example_short_circuit_decorator.py
[2023-10-17T23:34:47.484+0000] {processor.py:829} INFO - Processing file /home/airflow/.local/lib/python3.8/site-packages/airflow/example_dags/example_short_circuit_decorator.py for tasks to queue
[2023-10-17T23:34:47.486+0000] {logging_mixin.py:151} INFO - [2023-10-17T23:34:47.486+0000] {dagbag.py:536} INFO - Filling up the DagBag from /home/airflow/.local/lib/python3.8/site-packages/airflow/example_dags/example_short_circuit_decorator.py
[2023-10-17T23:34:47.494+0000] {processor.py:839} INFO - DAG(s) dict_keys(['example_short_circuit_decorator']) retrieved from /home/airflow/.local/lib/python3.8/site-packages/airflow/example_dags/example_short_circuit_decorator.py
[2023-10-17T23:34:47.514+0000] {logging_mixin.py:151} INFO - [2023-10-17T23:34:47.514+0000] {dag.py:2941} INFO - Sync 1 DAGs
[2023-10-17T23:34:47.531+0000] {logging_mixin.py:151} INFO - [2023-10-17T23:34:47.531+0000] {dag.py:3722} INFO - Setting next_dagrun for example_short_circuit_decorator to 2023-10-16T23:34:47.531284+00:00, run_after=2023-10-17T23:34:47.531284+00:00
[2023-10-17T23:34:47.550+0000] {processor.py:179} INFO - Processing /home/airflow/.local/lib/python3.8/site-packages/airflow/example_dags/example_short_circuit_decorator.py took 0.071 seconds
[2023-10-17T23:35:17.734+0000] {processor.py:157} INFO - Started process (PID=239) to work on /home/airflow/.local/lib/python3.8/site-packages/airflow/example_dags/example_short_circuit_decorator.py
[2023-10-17T23:35:17.735+0000] {processor.py:829} INFO - Processing file /home/airflow/.local/lib/python3.8/site-packages/airflow/example_dags/example_short_circuit_decorator.py for tasks to queue
[2023-10-17T23:35:17.737+0000] {logging_mixin.py:151} INFO - [2023-10-17T23:35:17.737+0000] {dagbag.py:536} INFO - Filling up the DagBag from /home/airflow/.local/lib/python3.8/site-packages/airflow/example_dags/example_short_circuit_decorator.py
[2023-10-17T23:35:17.747+0000] {processor.py:839} INFO - DAG(s) dict_keys(['example_short_circuit_decorator']) retrieved from /home/airflow/.local/lib/python3.8/site-packages/airflow/example_dags/example_short_circuit_decorator.py
[2023-10-17T23:35:17.768+0000] {logging_mixin.py:151} INFO - [2023-10-17T23:35:17.768+0000] {dag.py:2941} INFO - Sync 1 DAGs
[2023-10-17T23:35:17.786+0000] {logging_mixin.py:151} INFO - [2023-10-17T23:35:17.786+0000] {dag.py:3722} INFO - Setting next_dagrun for example_short_circuit_decorator to 2023-10-16T23:35:17.786305+00:00, run_after=2023-10-17T23:35:17.786305+00:00
[2023-10-17T23:35:17.810+0000] {processor.py:179} INFO - Processing /home/airflow/.local/lib/python3.8/site-packages/airflow/example_dags/example_short_circuit_decorator.py took 0.079 seconds
[2023-10-17T23:35:47.935+0000] {processor.py:157} INFO - Started process (PID=294) to work on /home/airflow/.local/lib/python3.8/site-packages/airflow/example_dags/example_short_circuit_decorator.py
[2023-10-17T23:35:47.936+0000] {processor.py:829} INFO - Processing file /home/airflow/.local/lib/python3.8/site-packages/airflow/example_dags/example_short_circuit_decorator.py for tasks to queue
[2023-10-17T23:35:47.938+0000] {logging_mixin.py:151} INFO - [2023-10-17T23:35:47.938+0000] {dagbag.py:536} INFO - Filling up the DagBag from /home/airflow/.local/lib/python3.8/site-packages/airflow/example_dags/example_short_circuit_decorator.py
[2023-10-17T23:35:47.946+0000] {processor.py:839} INFO - DAG(s) dict_keys(['example_short_circuit_decorator']) retrieved from /home/airflow/.local/lib/python3.8/site-packages/airflow/example_dags/example_short_circuit_decorator.py
[2023-10-17T23:35:47.967+0000] {logging_mixin.py:151} INFO - [2023-10-17T23:35:47.967+0000] {dag.py:2941} INFO - Sync 1 DAGs
[2023-10-17T23:35:47.984+0000] {logging_mixin.py:151} INFO - [2023-10-17T23:35:47.984+0000] {dag.py:3722} INFO - Setting next_dagrun for example_short_circuit_decorator to 2023-10-16T23:35:47.984089+00:00, run_after=2023-10-17T23:35:47.984089+00:00
[2023-10-17T23:35:48.002+0000] {processor.py:179} INFO - Processing /home/airflow/.local/lib/python3.8/site-packages/airflow/example_dags/example_short_circuit_decorator.py took 0.070 seconds
