[2023-10-17T23:33:46.427+0000] {processor.py:157} INFO - Started process (PID=69) to work on /home/airflow/.local/lib/python3.8/site-packages/airflow/example_dags/example_setup_teardown_taskflow.py
[2023-10-17T23:33:46.431+0000] {processor.py:829} INFO - Processing file /home/airflow/.local/lib/python3.8/site-packages/airflow/example_dags/example_setup_teardown_taskflow.py for tasks to queue
[2023-10-17T23:33:46.435+0000] {logging_mixin.py:151} INFO - [2023-10-17T23:33:46.434+0000] {dagbag.py:536} INFO - Filling up the DagBag from /home/airflow/.local/lib/python3.8/site-packages/airflow/example_dags/example_setup_teardown_taskflow.py
[2023-10-17T23:33:46.453+0000] {processor.py:839} INFO - DAG(s) dict_keys(['example_setup_teardown_taskflow']) retrieved from /home/airflow/.local/lib/python3.8/site-packages/airflow/example_dags/example_setup_teardown_taskflow.py
[2023-10-17T23:33:46.476+0000] {logging_mixin.py:151} INFO - [2023-10-17T23:33:46.475+0000] {dag.py:2941} INFO - Sync 1 DAGs
[2023-10-17T23:33:46.514+0000] {logging_mixin.py:151} INFO - [2023-10-17T23:33:46.513+0000] {dag.py:3722} INFO - Setting next_dagrun for example_setup_teardown_taskflow to 2023-10-16T23:33:46.512834+00:00, run_after=2023-10-17T23:33:46.512834+00:00
[2023-10-17T23:33:46.545+0000] {processor.py:179} INFO - Processing /home/airflow/.local/lib/python3.8/site-packages/airflow/example_dags/example_setup_teardown_taskflow.py took 0.123 seconds
[2023-10-17T23:34:16.783+0000] {processor.py:157} INFO - Started process (PID=124) to work on /home/airflow/.local/lib/python3.8/site-packages/airflow/example_dags/example_setup_teardown_taskflow.py
[2023-10-17T23:34:16.784+0000] {processor.py:829} INFO - Processing file /home/airflow/.local/lib/python3.8/site-packages/airflow/example_dags/example_setup_teardown_taskflow.py for tasks to queue
[2023-10-17T23:34:16.786+0000] {logging_mixin.py:151} INFO - [2023-10-17T23:34:16.786+0000] {dagbag.py:536} INFO - Filling up the DagBag from /home/airflow/.local/lib/python3.8/site-packages/airflow/example_dags/example_setup_teardown_taskflow.py
[2023-10-17T23:34:16.796+0000] {processor.py:839} INFO - DAG(s) dict_keys(['example_setup_teardown_taskflow']) retrieved from /home/airflow/.local/lib/python3.8/site-packages/airflow/example_dags/example_setup_teardown_taskflow.py
[2023-10-17T23:34:16.817+0000] {logging_mixin.py:151} INFO - [2023-10-17T23:34:16.817+0000] {dag.py:2941} INFO - Sync 1 DAGs
[2023-10-17T23:34:16.836+0000] {logging_mixin.py:151} INFO - [2023-10-17T23:34:16.836+0000] {dag.py:3722} INFO - Setting next_dagrun for example_setup_teardown_taskflow to 2023-10-16T23:34:16.836190+00:00, run_after=2023-10-17T23:34:16.836190+00:00
[2023-10-17T23:34:16.857+0000] {processor.py:179} INFO - Processing /home/airflow/.local/lib/python3.8/site-packages/airflow/example_dags/example_setup_teardown_taskflow.py took 0.077 seconds
[2023-10-17T23:34:47.196+0000] {processor.py:157} INFO - Started process (PID=179) to work on /home/airflow/.local/lib/python3.8/site-packages/airflow/example_dags/example_setup_teardown_taskflow.py
[2023-10-17T23:34:47.197+0000] {processor.py:829} INFO - Processing file /home/airflow/.local/lib/python3.8/site-packages/airflow/example_dags/example_setup_teardown_taskflow.py for tasks to queue
[2023-10-17T23:34:47.200+0000] {logging_mixin.py:151} INFO - [2023-10-17T23:34:47.199+0000] {dagbag.py:536} INFO - Filling up the DagBag from /home/airflow/.local/lib/python3.8/site-packages/airflow/example_dags/example_setup_teardown_taskflow.py
[2023-10-17T23:34:47.208+0000] {processor.py:839} INFO - DAG(s) dict_keys(['example_setup_teardown_taskflow']) retrieved from /home/airflow/.local/lib/python3.8/site-packages/airflow/example_dags/example_setup_teardown_taskflow.py
[2023-10-17T23:34:47.228+0000] {logging_mixin.py:151} INFO - [2023-10-17T23:34:47.228+0000] {dag.py:2941} INFO - Sync 1 DAGs
[2023-10-17T23:34:47.246+0000] {logging_mixin.py:151} INFO - [2023-10-17T23:34:47.245+0000] {dag.py:3722} INFO - Setting next_dagrun for example_setup_teardown_taskflow to 2023-10-16T23:34:47.245762+00:00, run_after=2023-10-17T23:34:47.245762+00:00
[2023-10-17T23:34:47.267+0000] {processor.py:179} INFO - Processing /home/airflow/.local/lib/python3.8/site-packages/airflow/example_dags/example_setup_teardown_taskflow.py took 0.074 seconds
[2023-10-17T23:35:17.336+0000] {processor.py:157} INFO - Started process (PID=234) to work on /home/airflow/.local/lib/python3.8/site-packages/airflow/example_dags/example_setup_teardown_taskflow.py
[2023-10-17T23:35:17.337+0000] {processor.py:829} INFO - Processing file /home/airflow/.local/lib/python3.8/site-packages/airflow/example_dags/example_setup_teardown_taskflow.py for tasks to queue
[2023-10-17T23:35:17.341+0000] {logging_mixin.py:151} INFO - [2023-10-17T23:35:17.340+0000] {dagbag.py:536} INFO - Filling up the DagBag from /home/airflow/.local/lib/python3.8/site-packages/airflow/example_dags/example_setup_teardown_taskflow.py
[2023-10-17T23:35:17.348+0000] {processor.py:839} INFO - DAG(s) dict_keys(['example_setup_teardown_taskflow']) retrieved from /home/airflow/.local/lib/python3.8/site-packages/airflow/example_dags/example_setup_teardown_taskflow.py
[2023-10-17T23:35:17.366+0000] {logging_mixin.py:151} INFO - [2023-10-17T23:35:17.366+0000] {dag.py:2941} INFO - Sync 1 DAGs
[2023-10-17T23:35:17.386+0000] {logging_mixin.py:151} INFO - [2023-10-17T23:35:17.385+0000] {dag.py:3722} INFO - Setting next_dagrun for example_setup_teardown_taskflow to 2023-10-16T23:35:17.385798+00:00, run_after=2023-10-17T23:35:17.385798+00:00
[2023-10-17T23:35:17.408+0000] {processor.py:179} INFO - Processing /home/airflow/.local/lib/python3.8/site-packages/airflow/example_dags/example_setup_teardown_taskflow.py took 0.074 seconds
[2023-10-17T23:35:47.646+0000] {processor.py:157} INFO - Started process (PID=289) to work on /home/airflow/.local/lib/python3.8/site-packages/airflow/example_dags/example_setup_teardown_taskflow.py
[2023-10-17T23:35:47.647+0000] {processor.py:829} INFO - Processing file /home/airflow/.local/lib/python3.8/site-packages/airflow/example_dags/example_setup_teardown_taskflow.py for tasks to queue
[2023-10-17T23:35:47.649+0000] {logging_mixin.py:151} INFO - [2023-10-17T23:35:47.649+0000] {dagbag.py:536} INFO - Filling up the DagBag from /home/airflow/.local/lib/python3.8/site-packages/airflow/example_dags/example_setup_teardown_taskflow.py
[2023-10-17T23:35:47.657+0000] {processor.py:839} INFO - DAG(s) dict_keys(['example_setup_teardown_taskflow']) retrieved from /home/airflow/.local/lib/python3.8/site-packages/airflow/example_dags/example_setup_teardown_taskflow.py
[2023-10-17T23:35:47.676+0000] {logging_mixin.py:151} INFO - [2023-10-17T23:35:47.675+0000] {dag.py:2941} INFO - Sync 1 DAGs
[2023-10-17T23:35:47.694+0000] {logging_mixin.py:151} INFO - [2023-10-17T23:35:47.694+0000] {dag.py:3722} INFO - Setting next_dagrun for example_setup_teardown_taskflow to 2023-10-16T23:35:47.694138+00:00, run_after=2023-10-17T23:35:47.694138+00:00
[2023-10-17T23:35:47.713+0000] {processor.py:179} INFO - Processing /home/airflow/.local/lib/python3.8/site-packages/airflow/example_dags/example_setup_teardown_taskflow.py took 0.070 seconds
