[2023-10-17T23:33:45.763+0000] {processor.py:157} INFO - Started process (PID=61) to work on /home/airflow/.local/lib/python3.8/site-packages/airflow/example_dags/example_complex.py
[2023-10-17T23:33:45.764+0000] {processor.py:829} INFO - Processing file /home/airflow/.local/lib/python3.8/site-packages/airflow/example_dags/example_complex.py for tasks to queue
[2023-10-17T23:33:45.767+0000] {logging_mixin.py:151} INFO - [2023-10-17T23:33:45.767+0000] {dagbag.py:536} INFO - Filling up the DagBag from /home/airflow/.local/lib/python3.8/site-packages/airflow/example_dags/example_complex.py
[2023-10-17T23:33:45.785+0000] {processor.py:839} INFO - DAG(s) dict_keys(['example_complex']) retrieved from /home/airflow/.local/lib/python3.8/site-packages/airflow/example_dags/example_complex.py
[2023-10-17T23:33:45.799+0000] {logging_mixin.py:151} INFO - [2023-10-17T23:33:45.799+0000] {dag.py:2941} INFO - Sync 1 DAGs
[2023-10-17T23:33:45.813+0000] {logging_mixin.py:151} INFO - [2023-10-17T23:33:45.813+0000] {dag.py:3722} INFO - Setting next_dagrun for example_complex to None, run_after=None
[2023-10-17T23:33:45.833+0000] {processor.py:179} INFO - Processing /home/airflow/.local/lib/python3.8/site-packages/airflow/example_dags/example_complex.py took 0.074 seconds
[2023-10-17T23:34:15.939+0000] {processor.py:157} INFO - Started process (PID=115) to work on /home/airflow/.local/lib/python3.8/site-packages/airflow/example_dags/example_complex.py
[2023-10-17T23:34:15.940+0000] {processor.py:829} INFO - Processing file /home/airflow/.local/lib/python3.8/site-packages/airflow/example_dags/example_complex.py for tasks to queue
[2023-10-17T23:34:15.942+0000] {logging_mixin.py:151} INFO - [2023-10-17T23:34:15.941+0000] {dagbag.py:536} INFO - Filling up the DagBag from /home/airflow/.local/lib/python3.8/site-packages/airflow/example_dags/example_complex.py
[2023-10-17T23:34:15.950+0000] {processor.py:839} INFO - DAG(s) dict_keys(['example_complex']) retrieved from /home/airflow/.local/lib/python3.8/site-packages/airflow/example_dags/example_complex.py
[2023-10-17T23:34:15.976+0000] {logging_mixin.py:151} INFO - [2023-10-17T23:34:15.975+0000] {dag.py:2941} INFO - Sync 1 DAGs
[2023-10-17T23:34:15.986+0000] {logging_mixin.py:151} INFO - [2023-10-17T23:34:15.985+0000] {dag.py:3722} INFO - Setting next_dagrun for example_complex to None, run_after=None
[2023-10-17T23:34:16.027+0000] {processor.py:179} INFO - Processing /home/airflow/.local/lib/python3.8/site-packages/airflow/example_dags/example_complex.py took 0.091 seconds
[2023-10-17T23:34:46.358+0000] {processor.py:157} INFO - Started process (PID=170) to work on /home/airflow/.local/lib/python3.8/site-packages/airflow/example_dags/example_complex.py
[2023-10-17T23:34:46.359+0000] {processor.py:829} INFO - Processing file /home/airflow/.local/lib/python3.8/site-packages/airflow/example_dags/example_complex.py for tasks to queue
[2023-10-17T23:34:46.362+0000] {logging_mixin.py:151} INFO - [2023-10-17T23:34:46.362+0000] {dagbag.py:536} INFO - Filling up the DagBag from /home/airflow/.local/lib/python3.8/site-packages/airflow/example_dags/example_complex.py
[2023-10-17T23:34:46.372+0000] {processor.py:839} INFO - DAG(s) dict_keys(['example_complex']) retrieved from /home/airflow/.local/lib/python3.8/site-packages/airflow/example_dags/example_complex.py
[2023-10-17T23:34:46.399+0000] {logging_mixin.py:151} INFO - [2023-10-17T23:34:46.399+0000] {dag.py:2941} INFO - Sync 1 DAGs
[2023-10-17T23:34:46.410+0000] {logging_mixin.py:151} INFO - [2023-10-17T23:34:46.410+0000] {dag.py:3722} INFO - Setting next_dagrun for example_complex to None, run_after=None
[2023-10-17T23:34:46.428+0000] {processor.py:179} INFO - Processing /home/airflow/.local/lib/python3.8/site-packages/airflow/example_dags/example_complex.py took 0.073 seconds
[2023-10-17T23:35:16.741+0000] {processor.py:157} INFO - Started process (PID=225) to work on /home/airflow/.local/lib/python3.8/site-packages/airflow/example_dags/example_complex.py
[2023-10-17T23:35:16.742+0000] {processor.py:829} INFO - Processing file /home/airflow/.local/lib/python3.8/site-packages/airflow/example_dags/example_complex.py for tasks to queue
[2023-10-17T23:35:16.744+0000] {logging_mixin.py:151} INFO - [2023-10-17T23:35:16.744+0000] {dagbag.py:536} INFO - Filling up the DagBag from /home/airflow/.local/lib/python3.8/site-packages/airflow/example_dags/example_complex.py
[2023-10-17T23:35:16.752+0000] {processor.py:839} INFO - DAG(s) dict_keys(['example_complex']) retrieved from /home/airflow/.local/lib/python3.8/site-packages/airflow/example_dags/example_complex.py
[2023-10-17T23:35:16.784+0000] {logging_mixin.py:151} INFO - [2023-10-17T23:35:16.784+0000] {dag.py:2941} INFO - Sync 1 DAGs
[2023-10-17T23:35:16.799+0000] {logging_mixin.py:151} INFO - [2023-10-17T23:35:16.799+0000] {dag.py:3722} INFO - Setting next_dagrun for example_complex to None, run_after=None
[2023-10-17T23:35:16.822+0000] {processor.py:179} INFO - Processing /home/airflow/.local/lib/python3.8/site-packages/airflow/example_dags/example_complex.py took 0.085 seconds
[2023-10-17T23:35:46.933+0000] {processor.py:157} INFO - Started process (PID=280) to work on /home/airflow/.local/lib/python3.8/site-packages/airflow/example_dags/example_complex.py
[2023-10-17T23:35:46.934+0000] {processor.py:829} INFO - Processing file /home/airflow/.local/lib/python3.8/site-packages/airflow/example_dags/example_complex.py for tasks to queue
[2023-10-17T23:35:46.937+0000] {logging_mixin.py:151} INFO - [2023-10-17T23:35:46.936+0000] {dagbag.py:536} INFO - Filling up the DagBag from /home/airflow/.local/lib/python3.8/site-packages/airflow/example_dags/example_complex.py
[2023-10-17T23:35:46.946+0000] {processor.py:839} INFO - DAG(s) dict_keys(['example_complex']) retrieved from /home/airflow/.local/lib/python3.8/site-packages/airflow/example_dags/example_complex.py
[2023-10-17T23:35:46.972+0000] {logging_mixin.py:151} INFO - [2023-10-17T23:35:46.972+0000] {dag.py:2941} INFO - Sync 1 DAGs
[2023-10-17T23:35:46.982+0000] {logging_mixin.py:151} INFO - [2023-10-17T23:35:46.982+0000] {dag.py:3722} INFO - Setting next_dagrun for example_complex to None, run_after=None
[2023-10-17T23:35:46.999+0000] {processor.py:179} INFO - Processing /home/airflow/.local/lib/python3.8/site-packages/airflow/example_dags/example_complex.py took 0.069 seconds
