[2023-10-17T23:33:46.140+0000] {processor.py:157} INFO - Started process (PID=65) to work on /home/airflow/.local/lib/python3.8/site-packages/airflow/example_dags/example_skip_dag.py
[2023-10-17T23:33:46.142+0000] {processor.py:829} INFO - Processing file /home/airflow/.local/lib/python3.8/site-packages/airflow/example_dags/example_skip_dag.py for tasks to queue
[2023-10-17T23:33:46.148+0000] {logging_mixin.py:151} INFO - [2023-10-17T23:33:46.148+0000] {dagbag.py:536} INFO - Filling up the DagBag from /home/airflow/.local/lib/python3.8/site-packages/airflow/example_dags/example_skip_dag.py
[2023-10-17T23:33:46.158+0000] {processor.py:839} INFO - DAG(s) dict_keys(['example_skip_dag']) retrieved from /home/airflow/.local/lib/python3.8/site-packages/airflow/example_dags/example_skip_dag.py
[2023-10-17T23:33:46.176+0000] {logging_mixin.py:151} INFO - [2023-10-17T23:33:46.175+0000] {dag.py:2941} INFO - Sync 1 DAGs
[2023-10-17T23:33:46.210+0000] {logging_mixin.py:151} INFO - [2023-10-17T23:33:46.209+0000] {dag.py:3722} INFO - Setting next_dagrun for example_skip_dag to 2023-10-16T23:33:46.209573+00:00, run_after=2023-10-17T23:33:46.209573+00:00
[2023-10-17T23:33:46.246+0000] {processor.py:179} INFO - Processing /home/airflow/.local/lib/python3.8/site-packages/airflow/example_dags/example_skip_dag.py took 0.109 seconds
[2023-10-17T23:34:16.385+0000] {processor.py:157} INFO - Started process (PID=120) to work on /home/airflow/.local/lib/python3.8/site-packages/airflow/example_dags/example_skip_dag.py
[2023-10-17T23:34:16.386+0000] {processor.py:829} INFO - Processing file /home/airflow/.local/lib/python3.8/site-packages/airflow/example_dags/example_skip_dag.py for tasks to queue
[2023-10-17T23:34:16.391+0000] {logging_mixin.py:151} INFO - [2023-10-17T23:34:16.391+0000] {dagbag.py:536} INFO - Filling up the DagBag from /home/airflow/.local/lib/python3.8/site-packages/airflow/example_dags/example_skip_dag.py
[2023-10-17T23:34:16.401+0000] {processor.py:839} INFO - DAG(s) dict_keys(['example_skip_dag']) retrieved from /home/airflow/.local/lib/python3.8/site-packages/airflow/example_dags/example_skip_dag.py
[2023-10-17T23:34:16.430+0000] {logging_mixin.py:151} INFO - [2023-10-17T23:34:16.430+0000] {dag.py:2941} INFO - Sync 1 DAGs
[2023-10-17T23:34:16.472+0000] {logging_mixin.py:151} INFO - [2023-10-17T23:34:16.472+0000] {dag.py:3722} INFO - Setting next_dagrun for example_skip_dag to 2023-10-16T23:34:16.472122+00:00, run_after=2023-10-17T23:34:16.472122+00:00
[2023-10-17T23:34:16.531+0000] {processor.py:179} INFO - Processing /home/airflow/.local/lib/python3.8/site-packages/airflow/example_dags/example_skip_dag.py took 0.149 seconds
[2023-10-17T23:34:46.790+0000] {processor.py:157} INFO - Started process (PID=175) to work on /home/airflow/.local/lib/python3.8/site-packages/airflow/example_dags/example_skip_dag.py
[2023-10-17T23:34:46.791+0000] {processor.py:829} INFO - Processing file /home/airflow/.local/lib/python3.8/site-packages/airflow/example_dags/example_skip_dag.py for tasks to queue
[2023-10-17T23:34:46.794+0000] {logging_mixin.py:151} INFO - [2023-10-17T23:34:46.794+0000] {dagbag.py:536} INFO - Filling up the DagBag from /home/airflow/.local/lib/python3.8/site-packages/airflow/example_dags/example_skip_dag.py
[2023-10-17T23:34:46.801+0000] {processor.py:839} INFO - DAG(s) dict_keys(['example_skip_dag']) retrieved from /home/airflow/.local/lib/python3.8/site-packages/airflow/example_dags/example_skip_dag.py
[2023-10-17T23:34:46.824+0000] {logging_mixin.py:151} INFO - [2023-10-17T23:34:46.824+0000] {dag.py:2941} INFO - Sync 1 DAGs
[2023-10-17T23:34:46.843+0000] {logging_mixin.py:151} INFO - [2023-10-17T23:34:46.843+0000] {dag.py:3722} INFO - Setting next_dagrun for example_skip_dag to 2023-10-16T23:34:46.843530+00:00, run_after=2023-10-17T23:34:46.843530+00:00
[2023-10-17T23:34:46.864+0000] {processor.py:179} INFO - Processing /home/airflow/.local/lib/python3.8/site-packages/airflow/example_dags/example_skip_dag.py took 0.078 seconds
[2023-10-17T23:35:17.096+0000] {processor.py:157} INFO - Started process (PID=230) to work on /home/airflow/.local/lib/python3.8/site-packages/airflow/example_dags/example_skip_dag.py
[2023-10-17T23:35:17.097+0000] {processor.py:829} INFO - Processing file /home/airflow/.local/lib/python3.8/site-packages/airflow/example_dags/example_skip_dag.py for tasks to queue
[2023-10-17T23:35:17.099+0000] {logging_mixin.py:151} INFO - [2023-10-17T23:35:17.099+0000] {dagbag.py:536} INFO - Filling up the DagBag from /home/airflow/.local/lib/python3.8/site-packages/airflow/example_dags/example_skip_dag.py
[2023-10-17T23:35:17.107+0000] {processor.py:839} INFO - DAG(s) dict_keys(['example_skip_dag']) retrieved from /home/airflow/.local/lib/python3.8/site-packages/airflow/example_dags/example_skip_dag.py
[2023-10-17T23:35:17.129+0000] {logging_mixin.py:151} INFO - [2023-10-17T23:35:17.129+0000] {dag.py:2941} INFO - Sync 1 DAGs
[2023-10-17T23:35:17.147+0000] {logging_mixin.py:151} INFO - [2023-10-17T23:35:17.147+0000] {dag.py:3722} INFO - Setting next_dagrun for example_skip_dag to 2023-10-16T23:35:17.147408+00:00, run_after=2023-10-17T23:35:17.147408+00:00
[2023-10-17T23:35:17.169+0000] {processor.py:179} INFO - Processing /home/airflow/.local/lib/python3.8/site-packages/airflow/example_dags/example_skip_dag.py took 0.076 seconds
[2023-10-17T23:35:47.268+0000] {processor.py:157} INFO - Started process (PID=285) to work on /home/airflow/.local/lib/python3.8/site-packages/airflow/example_dags/example_skip_dag.py
[2023-10-17T23:35:47.269+0000] {processor.py:829} INFO - Processing file /home/airflow/.local/lib/python3.8/site-packages/airflow/example_dags/example_skip_dag.py for tasks to queue
[2023-10-17T23:35:47.272+0000] {logging_mixin.py:151} INFO - [2023-10-17T23:35:47.272+0000] {dagbag.py:536} INFO - Filling up the DagBag from /home/airflow/.local/lib/python3.8/site-packages/airflow/example_dags/example_skip_dag.py
[2023-10-17T23:35:47.278+0000] {processor.py:839} INFO - DAG(s) dict_keys(['example_skip_dag']) retrieved from /home/airflow/.local/lib/python3.8/site-packages/airflow/example_dags/example_skip_dag.py
[2023-10-17T23:35:47.299+0000] {logging_mixin.py:151} INFO - [2023-10-17T23:35:47.299+0000] {dag.py:2941} INFO - Sync 1 DAGs
[2023-10-17T23:35:47.316+0000] {logging_mixin.py:151} INFO - [2023-10-17T23:35:47.316+0000] {dag.py:3722} INFO - Setting next_dagrun for example_skip_dag to 2023-10-16T23:35:47.315834+00:00, run_after=2023-10-17T23:35:47.315834+00:00
[2023-10-17T23:35:47.338+0000] {processor.py:179} INFO - Processing /home/airflow/.local/lib/python3.8/site-packages/airflow/example_dags/example_skip_dag.py took 0.073 seconds
