[2023-10-17T23:33:44.189+0000] {processor.py:157} INFO - Started process (PID=38) to work on /home/airflow/.local/lib/python3.8/site-packages/airflow/example_dags/example_branch_python_dop_operator_3.py
[2023-10-17T23:33:44.191+0000] {processor.py:829} INFO - Processing file /home/airflow/.local/lib/python3.8/site-packages/airflow/example_dags/example_branch_python_dop_operator_3.py for tasks to queue
[2023-10-17T23:33:44.194+0000] {logging_mixin.py:151} INFO - [2023-10-17T23:33:44.194+0000] {dagbag.py:536} INFO - Filling up the DagBag from /home/airflow/.local/lib/python3.8/site-packages/airflow/example_dags/example_branch_python_dop_operator_3.py
[2023-10-17T23:33:44.204+0000] {processor.py:839} INFO - DAG(s) dict_keys(['example_branch_dop_operator_v3']) retrieved from /home/airflow/.local/lib/python3.8/site-packages/airflow/example_dags/example_branch_python_dop_operator_3.py
[2023-10-17T23:33:44.218+0000] {logging_mixin.py:151} INFO - [2023-10-17T23:33:44.218+0000] {dag.py:2941} INFO - Sync 1 DAGs
[2023-10-17T23:33:44.255+0000] {logging_mixin.py:151} INFO - [2023-10-17T23:33:44.255+0000] {dag.py:3722} INFO - Setting next_dagrun for example_branch_dop_operator_v3 to 2023-10-17T23:32:00+00:00, run_after=2023-10-17T23:33:00+00:00
[2023-10-17T23:33:44.272+0000] {processor.py:179} INFO - Processing /home/airflow/.local/lib/python3.8/site-packages/airflow/example_dags/example_branch_python_dop_operator_3.py took 0.086 seconds
[2023-10-17T23:34:14.347+0000] {processor.py:157} INFO - Started process (PID=93) to work on /home/airflow/.local/lib/python3.8/site-packages/airflow/example_dags/example_branch_python_dop_operator_3.py
[2023-10-17T23:34:14.348+0000] {processor.py:829} INFO - Processing file /home/airflow/.local/lib/python3.8/site-packages/airflow/example_dags/example_branch_python_dop_operator_3.py for tasks to queue
[2023-10-17T23:34:14.350+0000] {logging_mixin.py:151} INFO - [2023-10-17T23:34:14.350+0000] {dagbag.py:536} INFO - Filling up the DagBag from /home/airflow/.local/lib/python3.8/site-packages/airflow/example_dags/example_branch_python_dop_operator_3.py
[2023-10-17T23:34:14.358+0000] {processor.py:839} INFO - DAG(s) dict_keys(['example_branch_dop_operator_v3']) retrieved from /home/airflow/.local/lib/python3.8/site-packages/airflow/example_dags/example_branch_python_dop_operator_3.py
[2023-10-17T23:34:14.375+0000] {logging_mixin.py:151} INFO - [2023-10-17T23:34:14.375+0000] {dag.py:2941} INFO - Sync 1 DAGs
[2023-10-17T23:34:14.397+0000] {logging_mixin.py:151} INFO - [2023-10-17T23:34:14.397+0000] {dag.py:3722} INFO - Setting next_dagrun for example_branch_dop_operator_v3 to 2023-10-17T23:33:00+00:00, run_after=2023-10-17T23:34:00+00:00
[2023-10-17T23:34:14.416+0000] {processor.py:179} INFO - Processing /home/airflow/.local/lib/python3.8/site-packages/airflow/example_dags/example_branch_python_dop_operator_3.py took 0.072 seconds
[2023-10-17T23:34:44.996+0000] {processor.py:157} INFO - Started process (PID=148) to work on /home/airflow/.local/lib/python3.8/site-packages/airflow/example_dags/example_branch_python_dop_operator_3.py
[2023-10-17T23:34:44.997+0000] {processor.py:829} INFO - Processing file /home/airflow/.local/lib/python3.8/site-packages/airflow/example_dags/example_branch_python_dop_operator_3.py for tasks to queue
[2023-10-17T23:34:45.000+0000] {logging_mixin.py:151} INFO - [2023-10-17T23:34:45.000+0000] {dagbag.py:536} INFO - Filling up the DagBag from /home/airflow/.local/lib/python3.8/site-packages/airflow/example_dags/example_branch_python_dop_operator_3.py
[2023-10-17T23:34:45.010+0000] {processor.py:839} INFO - DAG(s) dict_keys(['example_branch_dop_operator_v3']) retrieved from /home/airflow/.local/lib/python3.8/site-packages/airflow/example_dags/example_branch_python_dop_operator_3.py
[2023-10-17T23:34:45.034+0000] {logging_mixin.py:151} INFO - [2023-10-17T23:34:45.033+0000] {dag.py:2941} INFO - Sync 1 DAGs
[2023-10-17T23:34:45.071+0000] {logging_mixin.py:151} INFO - [2023-10-17T23:34:45.071+0000] {dag.py:3722} INFO - Setting next_dagrun for example_branch_dop_operator_v3 to 2023-10-17T23:33:00+00:00, run_after=2023-10-17T23:34:00+00:00
[2023-10-17T23:34:45.094+0000] {processor.py:179} INFO - Processing /home/airflow/.local/lib/python3.8/site-packages/airflow/example_dags/example_branch_python_dop_operator_3.py took 0.102 seconds
[2023-10-17T23:35:15.159+0000] {processor.py:157} INFO - Started process (PID=203) to work on /home/airflow/.local/lib/python3.8/site-packages/airflow/example_dags/example_branch_python_dop_operator_3.py
[2023-10-17T23:35:15.161+0000] {processor.py:829} INFO - Processing file /home/airflow/.local/lib/python3.8/site-packages/airflow/example_dags/example_branch_python_dop_operator_3.py for tasks to queue
[2023-10-17T23:35:15.163+0000] {logging_mixin.py:151} INFO - [2023-10-17T23:35:15.163+0000] {dagbag.py:536} INFO - Filling up the DagBag from /home/airflow/.local/lib/python3.8/site-packages/airflow/example_dags/example_branch_python_dop_operator_3.py
[2023-10-17T23:35:15.171+0000] {processor.py:839} INFO - DAG(s) dict_keys(['example_branch_dop_operator_v3']) retrieved from /home/airflow/.local/lib/python3.8/site-packages/airflow/example_dags/example_branch_python_dop_operator_3.py
[2023-10-17T23:35:15.191+0000] {logging_mixin.py:151} INFO - [2023-10-17T23:35:15.191+0000] {dag.py:2941} INFO - Sync 1 DAGs
[2023-10-17T23:35:15.214+0000] {logging_mixin.py:151} INFO - [2023-10-17T23:35:15.214+0000] {dag.py:3722} INFO - Setting next_dagrun for example_branch_dop_operator_v3 to 2023-10-17T23:34:00+00:00, run_after=2023-10-17T23:35:00+00:00
[2023-10-17T23:35:15.232+0000] {processor.py:179} INFO - Processing /home/airflow/.local/lib/python3.8/site-packages/airflow/example_dags/example_branch_python_dop_operator_3.py took 0.076 seconds
[2023-10-17T23:35:45.416+0000] {processor.py:157} INFO - Started process (PID=258) to work on /home/airflow/.local/lib/python3.8/site-packages/airflow/example_dags/example_branch_python_dop_operator_3.py
[2023-10-17T23:35:45.417+0000] {processor.py:829} INFO - Processing file /home/airflow/.local/lib/python3.8/site-packages/airflow/example_dags/example_branch_python_dop_operator_3.py for tasks to queue
[2023-10-17T23:35:45.420+0000] {logging_mixin.py:151} INFO - [2023-10-17T23:35:45.419+0000] {dagbag.py:536} INFO - Filling up the DagBag from /home/airflow/.local/lib/python3.8/site-packages/airflow/example_dags/example_branch_python_dop_operator_3.py
[2023-10-17T23:35:45.427+0000] {processor.py:839} INFO - DAG(s) dict_keys(['example_branch_dop_operator_v3']) retrieved from /home/airflow/.local/lib/python3.8/site-packages/airflow/example_dags/example_branch_python_dop_operator_3.py
[2023-10-17T23:35:45.447+0000] {logging_mixin.py:151} INFO - [2023-10-17T23:35:45.447+0000] {dag.py:2941} INFO - Sync 1 DAGs
[2023-10-17T23:35:45.472+0000] {logging_mixin.py:151} INFO - [2023-10-17T23:35:45.472+0000] {dag.py:3722} INFO - Setting next_dagrun for example_branch_dop_operator_v3 to 2023-10-17T23:34:00+00:00, run_after=2023-10-17T23:35:00+00:00
[2023-10-17T23:35:45.494+0000] {processor.py:179} INFO - Processing /home/airflow/.local/lib/python3.8/site-packages/airflow/example_dags/example_branch_python_dop_operator_3.py took 0.080 seconds
[2023-10-17T23:36:15.811+0000] {processor.py:157} INFO - Started process (PID=313) to work on /home/airflow/.local/lib/python3.8/site-packages/airflow/example_dags/example_branch_python_dop_operator_3.py
[2023-10-17T23:36:15.814+0000] {processor.py:829} INFO - Processing file /home/airflow/.local/lib/python3.8/site-packages/airflow/example_dags/example_branch_python_dop_operator_3.py for tasks to queue
[2023-10-17T23:36:15.821+0000] {logging_mixin.py:151} INFO - [2023-10-17T23:36:15.820+0000] {dagbag.py:536} INFO - Filling up the DagBag from /home/airflow/.local/lib/python3.8/site-packages/airflow/example_dags/example_branch_python_dop_operator_3.py
[2023-10-17T23:36:15.836+0000] {processor.py:839} INFO - DAG(s) dict_keys(['example_branch_dop_operator_v3']) retrieved from /home/airflow/.local/lib/python3.8/site-packages/airflow/example_dags/example_branch_python_dop_operator_3.py
[2023-10-17T23:36:15.908+0000] {logging_mixin.py:151} INFO - [2023-10-17T23:36:15.907+0000] {dag.py:2941} INFO - Sync 1 DAGs
[2023-10-17T23:36:15.946+0000] {logging_mixin.py:151} INFO - [2023-10-17T23:36:15.946+0000] {dag.py:3722} INFO - Setting next_dagrun for example_branch_dop_operator_v3 to 2023-10-17T23:35:00+00:00, run_after=2023-10-17T23:36:00+00:00
[2023-10-17T23:36:15.982+0000] {processor.py:179} INFO - Processing /home/airflow/.local/lib/python3.8/site-packages/airflow/example_dags/example_branch_python_dop_operator_3.py took 0.179 seconds
