[2023-10-17T23:33:44.349+0000] {processor.py:157} INFO - Started process (PID=41) to work on /home/airflow/.local/lib/python3.8/site-packages/airflow/example_dags/example_latest_only_with_trigger.py
[2023-10-17T23:33:44.350+0000] {processor.py:829} INFO - Processing file /home/airflow/.local/lib/python3.8/site-packages/airflow/example_dags/example_latest_only_with_trigger.py for tasks to queue
[2023-10-17T23:33:44.352+0000] {logging_mixin.py:151} INFO - [2023-10-17T23:33:44.352+0000] {dagbag.py:536} INFO - Filling up the DagBag from /home/airflow/.local/lib/python3.8/site-packages/airflow/example_dags/example_latest_only_with_trigger.py
[2023-10-17T23:33:44.363+0000] {processor.py:839} INFO - DAG(s) dict_keys(['latest_only_with_trigger']) retrieved from /home/airflow/.local/lib/python3.8/site-packages/airflow/example_dags/example_latest_only_with_trigger.py
[2023-10-17T23:33:44.373+0000] {logging_mixin.py:151} INFO - [2023-10-17T23:33:44.373+0000] {dag.py:2941} INFO - Sync 1 DAGs
[2023-10-17T23:33:44.428+0000] {logging_mixin.py:151} INFO - [2023-10-17T23:33:44.427+0000] {dag.py:3722} INFO - Setting next_dagrun for latest_only_with_trigger to 2023-10-17T19:33:44.427667+00:00, run_after=2023-10-17T23:33:44.427667+00:00
[2023-10-17T23:33:44.462+0000] {processor.py:179} INFO - Processing /home/airflow/.local/lib/python3.8/site-packages/airflow/example_dags/example_latest_only_with_trigger.py took 0.117 seconds
[2023-10-17T23:34:14.531+0000] {processor.py:157} INFO - Started process (PID=96) to work on /home/airflow/.local/lib/python3.8/site-packages/airflow/example_dags/example_latest_only_with_trigger.py
[2023-10-17T23:34:14.532+0000] {processor.py:829} INFO - Processing file /home/airflow/.local/lib/python3.8/site-packages/airflow/example_dags/example_latest_only_with_trigger.py for tasks to queue
[2023-10-17T23:34:14.534+0000] {logging_mixin.py:151} INFO - [2023-10-17T23:34:14.534+0000] {dagbag.py:536} INFO - Filling up the DagBag from /home/airflow/.local/lib/python3.8/site-packages/airflow/example_dags/example_latest_only_with_trigger.py
[2023-10-17T23:34:14.539+0000] {processor.py:839} INFO - DAG(s) dict_keys(['latest_only_with_trigger']) retrieved from /home/airflow/.local/lib/python3.8/site-packages/airflow/example_dags/example_latest_only_with_trigger.py
[2023-10-17T23:34:14.558+0000] {logging_mixin.py:151} INFO - [2023-10-17T23:34:14.558+0000] {dag.py:2941} INFO - Sync 1 DAGs
[2023-10-17T23:34:14.576+0000] {logging_mixin.py:151} INFO - [2023-10-17T23:34:14.576+0000] {dag.py:3722} INFO - Setting next_dagrun for latest_only_with_trigger to 2023-10-17T19:34:14.575704+00:00, run_after=2023-10-17T23:34:14.575704+00:00
[2023-10-17T23:34:14.593+0000] {processor.py:179} INFO - Processing /home/airflow/.local/lib/python3.8/site-packages/airflow/example_dags/example_latest_only_with_trigger.py took 0.064 seconds
[2023-10-17T23:34:45.182+0000] {processor.py:157} INFO - Started process (PID=151) to work on /home/airflow/.local/lib/python3.8/site-packages/airflow/example_dags/example_latest_only_with_trigger.py
[2023-10-17T23:34:45.183+0000] {processor.py:829} INFO - Processing file /home/airflow/.local/lib/python3.8/site-packages/airflow/example_dags/example_latest_only_with_trigger.py for tasks to queue
[2023-10-17T23:34:45.185+0000] {logging_mixin.py:151} INFO - [2023-10-17T23:34:45.185+0000] {dagbag.py:536} INFO - Filling up the DagBag from /home/airflow/.local/lib/python3.8/site-packages/airflow/example_dags/example_latest_only_with_trigger.py
[2023-10-17T23:34:45.190+0000] {processor.py:839} INFO - DAG(s) dict_keys(['latest_only_with_trigger']) retrieved from /home/airflow/.local/lib/python3.8/site-packages/airflow/example_dags/example_latest_only_with_trigger.py
[2023-10-17T23:34:45.209+0000] {logging_mixin.py:151} INFO - [2023-10-17T23:34:45.208+0000] {dag.py:2941} INFO - Sync 1 DAGs
[2023-10-17T23:34:45.228+0000] {logging_mixin.py:151} INFO - [2023-10-17T23:34:45.228+0000] {dag.py:3722} INFO - Setting next_dagrun for latest_only_with_trigger to 2023-10-17T19:34:45.227907+00:00, run_after=2023-10-17T23:34:45.227907+00:00
[2023-10-17T23:34:45.245+0000] {processor.py:179} INFO - Processing /home/airflow/.local/lib/python3.8/site-packages/airflow/example_dags/example_latest_only_with_trigger.py took 0.066 seconds
[2023-10-17T23:35:15.312+0000] {processor.py:157} INFO - Started process (PID=206) to work on /home/airflow/.local/lib/python3.8/site-packages/airflow/example_dags/example_latest_only_with_trigger.py
[2023-10-17T23:35:15.314+0000] {processor.py:829} INFO - Processing file /home/airflow/.local/lib/python3.8/site-packages/airflow/example_dags/example_latest_only_with_trigger.py for tasks to queue
[2023-10-17T23:35:15.317+0000] {logging_mixin.py:151} INFO - [2023-10-17T23:35:15.317+0000] {dagbag.py:536} INFO - Filling up the DagBag from /home/airflow/.local/lib/python3.8/site-packages/airflow/example_dags/example_latest_only_with_trigger.py
[2023-10-17T23:35:15.324+0000] {processor.py:839} INFO - DAG(s) dict_keys(['latest_only_with_trigger']) retrieved from /home/airflow/.local/lib/python3.8/site-packages/airflow/example_dags/example_latest_only_with_trigger.py
[2023-10-17T23:35:15.347+0000] {logging_mixin.py:151} INFO - [2023-10-17T23:35:15.347+0000] {dag.py:2941} INFO - Sync 1 DAGs
[2023-10-17T23:35:15.369+0000] {logging_mixin.py:151} INFO - [2023-10-17T23:35:15.369+0000] {dag.py:3722} INFO - Setting next_dagrun for latest_only_with_trigger to 2023-10-17T19:35:15.368920+00:00, run_after=2023-10-17T23:35:15.368920+00:00
[2023-10-17T23:35:15.392+0000] {processor.py:179} INFO - Processing /home/airflow/.local/lib/python3.8/site-packages/airflow/example_dags/example_latest_only_with_trigger.py took 0.084 seconds
[2023-10-17T23:35:45.586+0000] {processor.py:157} INFO - Started process (PID=261) to work on /home/airflow/.local/lib/python3.8/site-packages/airflow/example_dags/example_latest_only_with_trigger.py
[2023-10-17T23:35:45.588+0000] {processor.py:829} INFO - Processing file /home/airflow/.local/lib/python3.8/site-packages/airflow/example_dags/example_latest_only_with_trigger.py for tasks to queue
[2023-10-17T23:35:45.590+0000] {logging_mixin.py:151} INFO - [2023-10-17T23:35:45.590+0000] {dagbag.py:536} INFO - Filling up the DagBag from /home/airflow/.local/lib/python3.8/site-packages/airflow/example_dags/example_latest_only_with_trigger.py
[2023-10-17T23:35:45.595+0000] {processor.py:839} INFO - DAG(s) dict_keys(['latest_only_with_trigger']) retrieved from /home/airflow/.local/lib/python3.8/site-packages/airflow/example_dags/example_latest_only_with_trigger.py
[2023-10-17T23:35:45.617+0000] {logging_mixin.py:151} INFO - [2023-10-17T23:35:45.616+0000] {dag.py:2941} INFO - Sync 1 DAGs
[2023-10-17T23:35:45.637+0000] {logging_mixin.py:151} INFO - [2023-10-17T23:35:45.637+0000] {dag.py:3722} INFO - Setting next_dagrun for latest_only_with_trigger to 2023-10-17T19:35:45.637348+00:00, run_after=2023-10-17T23:35:45.637348+00:00
[2023-10-17T23:35:45.656+0000] {processor.py:179} INFO - Processing /home/airflow/.local/lib/python3.8/site-packages/airflow/example_dags/example_latest_only_with_trigger.py took 0.073 seconds
