[2023-10-17T23:33:45.973+0000] {processor.py:157} INFO - Started process (PID=63) to work on /home/airflow/.local/lib/python3.8/site-packages/airflow/example_dags/example_subdag_operator.py
[2023-10-17T23:33:45.974+0000] {processor.py:829} INFO - Processing file /home/airflow/.local/lib/python3.8/site-packages/airflow/example_dags/example_subdag_operator.py for tasks to queue
[2023-10-17T23:33:45.981+0000] {logging_mixin.py:151} INFO - [2023-10-17T23:33:45.981+0000] {dagbag.py:536} INFO - Filling up the DagBag from /home/airflow/.local/lib/python3.8/site-packages/airflow/example_dags/example_subdag_operator.py
[2023-10-17T23:33:46.016+0000] {processor.py:839} INFO - DAG(s) dict_keys(['example_subdag_operator.section-1', 'example_subdag_operator.section-2', 'example_subdag_operator']) retrieved from /home/airflow/.local/lib/python3.8/site-packages/airflow/example_dags/example_subdag_operator.py
[2023-10-17T23:33:46.021+0000] {logging_mixin.py:151} INFO - [2023-10-17T23:33:46.021+0000] {dag.py:2941} INFO - Sync 3 DAGs
[2023-10-17T23:33:46.055+0000] {logging_mixin.py:151} INFO - [2023-10-17T23:33:46.054+0000] {dag.py:3722} INFO - Setting next_dagrun for example_subdag_operator to 2022-01-01T00:00:00+00:00, run_after=2022-01-01T00:00:00+00:00
[2023-10-17T23:33:46.059+0000] {logging_mixin.py:151} INFO - [2023-10-17T23:33:46.059+0000] {dag.py:3722} INFO - Setting next_dagrun for example_subdag_operator.section-1 to None, run_after=None
[2023-10-17T23:33:46.064+0000] {logging_mixin.py:151} INFO - [2023-10-17T23:33:46.064+0000] {dag.py:3722} INFO - Setting next_dagrun for example_subdag_operator.section-2 to None, run_after=None
[2023-10-17T23:33:46.073+0000] {logging_mixin.py:151} INFO - [2023-10-17T23:33:46.072+0000] {dag.py:2941} INFO - Sync 2 DAGs
[2023-10-17T23:33:46.083+0000] {logging_mixin.py:151} INFO - [2023-10-17T23:33:46.083+0000] {dag.py:3722} INFO - Setting next_dagrun for example_subdag_operator.section-1 to None, run_after=None
[2023-10-17T23:33:46.084+0000] {logging_mixin.py:151} INFO - [2023-10-17T23:33:46.083+0000] {dag.py:3722} INFO - Setting next_dagrun for example_subdag_operator.section-2 to None, run_after=None
[2023-10-17T23:33:46.101+0000] {processor.py:179} INFO - Processing /home/airflow/.local/lib/python3.8/site-packages/airflow/example_dags/example_subdag_operator.py took 0.132 seconds
[2023-10-17T23:34:16.153+0000] {processor.py:157} INFO - Started process (PID=118) to work on /home/airflow/.local/lib/python3.8/site-packages/airflow/example_dags/example_subdag_operator.py
[2023-10-17T23:34:16.155+0000] {processor.py:829} INFO - Processing file /home/airflow/.local/lib/python3.8/site-packages/airflow/example_dags/example_subdag_operator.py for tasks to queue
[2023-10-17T23:34:16.157+0000] {logging_mixin.py:151} INFO - [2023-10-17T23:34:16.157+0000] {dagbag.py:536} INFO - Filling up the DagBag from /home/airflow/.local/lib/python3.8/site-packages/airflow/example_dags/example_subdag_operator.py
[2023-10-17T23:34:16.178+0000] {processor.py:839} INFO - DAG(s) dict_keys(['example_subdag_operator.section-1', 'example_subdag_operator.section-2', 'example_subdag_operator']) retrieved from /home/airflow/.local/lib/python3.8/site-packages/airflow/example_dags/example_subdag_operator.py
[2023-10-17T23:34:16.190+0000] {logging_mixin.py:151} INFO - [2023-10-17T23:34:16.190+0000] {dag.py:2941} INFO - Sync 3 DAGs
[2023-10-17T23:34:16.214+0000] {logging_mixin.py:151} INFO - [2023-10-17T23:34:16.214+0000] {dag.py:3722} INFO - Setting next_dagrun for example_subdag_operator to 2022-01-01T00:00:00+00:00, run_after=2022-01-01T00:00:00+00:00
[2023-10-17T23:34:16.220+0000] {logging_mixin.py:151} INFO - [2023-10-17T23:34:16.220+0000] {dag.py:3722} INFO - Setting next_dagrun for example_subdag_operator.section-1 to None, run_after=None
[2023-10-17T23:34:16.223+0000] {logging_mixin.py:151} INFO - [2023-10-17T23:34:16.223+0000] {dag.py:3722} INFO - Setting next_dagrun for example_subdag_operator.section-2 to None, run_after=None
[2023-10-17T23:34:16.230+0000] {logging_mixin.py:151} INFO - [2023-10-17T23:34:16.230+0000] {dag.py:2941} INFO - Sync 2 DAGs
[2023-10-17T23:34:16.236+0000] {logging_mixin.py:151} INFO - [2023-10-17T23:34:16.236+0000] {dag.py:3722} INFO - Setting next_dagrun for example_subdag_operator.section-1 to None, run_after=None
[2023-10-17T23:34:16.237+0000] {logging_mixin.py:151} INFO - [2023-10-17T23:34:16.237+0000] {dag.py:3722} INFO - Setting next_dagrun for example_subdag_operator.section-2 to None, run_after=None
[2023-10-17T23:34:16.252+0000] {processor.py:179} INFO - Processing /home/airflow/.local/lib/python3.8/site-packages/airflow/example_dags/example_subdag_operator.py took 0.102 seconds
[2023-10-17T23:34:46.581+0000] {processor.py:157} INFO - Started process (PID=173) to work on /home/airflow/.local/lib/python3.8/site-packages/airflow/example_dags/example_subdag_operator.py
[2023-10-17T23:34:46.583+0000] {processor.py:829} INFO - Processing file /home/airflow/.local/lib/python3.8/site-packages/airflow/example_dags/example_subdag_operator.py for tasks to queue
[2023-10-17T23:34:46.585+0000] {logging_mixin.py:151} INFO - [2023-10-17T23:34:46.585+0000] {dagbag.py:536} INFO - Filling up the DagBag from /home/airflow/.local/lib/python3.8/site-packages/airflow/example_dags/example_subdag_operator.py
[2023-10-17T23:34:46.609+0000] {processor.py:839} INFO - DAG(s) dict_keys(['example_subdag_operator.section-1', 'example_subdag_operator.section-2', 'example_subdag_operator']) retrieved from /home/airflow/.local/lib/python3.8/site-packages/airflow/example_dags/example_subdag_operator.py
[2023-10-17T23:34:46.622+0000] {logging_mixin.py:151} INFO - [2023-10-17T23:34:46.622+0000] {dag.py:2941} INFO - Sync 3 DAGs
[2023-10-17T23:34:46.640+0000] {logging_mixin.py:151} INFO - [2023-10-17T23:34:46.640+0000] {dag.py:3722} INFO - Setting next_dagrun for example_subdag_operator to 2022-01-01T00:00:00+00:00, run_after=2022-01-01T00:00:00+00:00
[2023-10-17T23:34:46.644+0000] {logging_mixin.py:151} INFO - [2023-10-17T23:34:46.643+0000] {dag.py:3722} INFO - Setting next_dagrun for example_subdag_operator.section-1 to None, run_after=None
[2023-10-17T23:34:46.645+0000] {logging_mixin.py:151} INFO - [2023-10-17T23:34:46.645+0000] {dag.py:3722} INFO - Setting next_dagrun for example_subdag_operator.section-2 to None, run_after=None
[2023-10-17T23:34:46.652+0000] {logging_mixin.py:151} INFO - [2023-10-17T23:34:46.652+0000] {dag.py:2941} INFO - Sync 2 DAGs
[2023-10-17T23:34:46.658+0000] {logging_mixin.py:151} INFO - [2023-10-17T23:34:46.657+0000] {dag.py:3722} INFO - Setting next_dagrun for example_subdag_operator.section-1 to None, run_after=None
[2023-10-17T23:34:46.659+0000] {logging_mixin.py:151} INFO - [2023-10-17T23:34:46.658+0000] {dag.py:3722} INFO - Setting next_dagrun for example_subdag_operator.section-2 to None, run_after=None
[2023-10-17T23:34:46.672+0000] {processor.py:179} INFO - Processing /home/airflow/.local/lib/python3.8/site-packages/airflow/example_dags/example_subdag_operator.py took 0.093 seconds
[2023-10-17T23:35:16.865+0000] {processor.py:157} INFO - Started process (PID=227) to work on /home/airflow/.local/lib/python3.8/site-packages/airflow/example_dags/example_subdag_operator.py
[2023-10-17T23:35:16.867+0000] {processor.py:829} INFO - Processing file /home/airflow/.local/lib/python3.8/site-packages/airflow/example_dags/example_subdag_operator.py for tasks to queue
[2023-10-17T23:35:16.869+0000] {logging_mixin.py:151} INFO - [2023-10-17T23:35:16.868+0000] {dagbag.py:536} INFO - Filling up the DagBag from /home/airflow/.local/lib/python3.8/site-packages/airflow/example_dags/example_subdag_operator.py
[2023-10-17T23:35:16.891+0000] {processor.py:839} INFO - DAG(s) dict_keys(['example_subdag_operator.section-1', 'example_subdag_operator.section-2', 'example_subdag_operator']) retrieved from /home/airflow/.local/lib/python3.8/site-packages/airflow/example_dags/example_subdag_operator.py
[2023-10-17T23:35:16.903+0000] {logging_mixin.py:151} INFO - [2023-10-17T23:35:16.903+0000] {dag.py:2941} INFO - Sync 3 DAGs
[2023-10-17T23:35:16.919+0000] {logging_mixin.py:151} INFO - [2023-10-17T23:35:16.919+0000] {dag.py:3722} INFO - Setting next_dagrun for example_subdag_operator to 2022-01-01T00:00:00+00:00, run_after=2022-01-01T00:00:00+00:00
[2023-10-17T23:35:16.923+0000] {logging_mixin.py:151} INFO - [2023-10-17T23:35:16.923+0000] {dag.py:3722} INFO - Setting next_dagrun for example_subdag_operator.section-1 to None, run_after=None
[2023-10-17T23:35:16.926+0000] {logging_mixin.py:151} INFO - [2023-10-17T23:35:16.925+0000] {dag.py:3722} INFO - Setting next_dagrun for example_subdag_operator.section-2 to None, run_after=None
[2023-10-17T23:35:16.932+0000] {logging_mixin.py:151} INFO - [2023-10-17T23:35:16.932+0000] {dag.py:2941} INFO - Sync 2 DAGs
[2023-10-17T23:35:16.936+0000] {logging_mixin.py:151} INFO - [2023-10-17T23:35:16.936+0000] {dag.py:3722} INFO - Setting next_dagrun for example_subdag_operator.section-1 to None, run_after=None
[2023-10-17T23:35:16.937+0000] {logging_mixin.py:151} INFO - [2023-10-17T23:35:16.937+0000] {dag.py:3722} INFO - Setting next_dagrun for example_subdag_operator.section-2 to None, run_after=None
[2023-10-17T23:35:16.956+0000] {processor.py:179} INFO - Processing /home/airflow/.local/lib/python3.8/site-packages/airflow/example_dags/example_subdag_operator.py took 0.093 seconds
[2023-10-17T23:35:47.035+0000] {processor.py:157} INFO - Started process (PID=282) to work on /home/airflow/.local/lib/python3.8/site-packages/airflow/example_dags/example_subdag_operator.py
[2023-10-17T23:35:47.036+0000] {processor.py:829} INFO - Processing file /home/airflow/.local/lib/python3.8/site-packages/airflow/example_dags/example_subdag_operator.py for tasks to queue
[2023-10-17T23:35:47.038+0000] {logging_mixin.py:151} INFO - [2023-10-17T23:35:47.038+0000] {dagbag.py:536} INFO - Filling up the DagBag from /home/airflow/.local/lib/python3.8/site-packages/airflow/example_dags/example_subdag_operator.py
[2023-10-17T23:35:47.058+0000] {processor.py:839} INFO - DAG(s) dict_keys(['example_subdag_operator.section-1', 'example_subdag_operator.section-2', 'example_subdag_operator']) retrieved from /home/airflow/.local/lib/python3.8/site-packages/airflow/example_dags/example_subdag_operator.py
[2023-10-17T23:35:47.071+0000] {logging_mixin.py:151} INFO - [2023-10-17T23:35:47.071+0000] {dag.py:2941} INFO - Sync 3 DAGs
[2023-10-17T23:35:47.086+0000] {logging_mixin.py:151} INFO - [2023-10-17T23:35:47.086+0000] {dag.py:3722} INFO - Setting next_dagrun for example_subdag_operator to 2022-01-01T00:00:00+00:00, run_after=2022-01-01T00:00:00+00:00
[2023-10-17T23:35:47.089+0000] {logging_mixin.py:151} INFO - [2023-10-17T23:35:47.089+0000] {dag.py:3722} INFO - Setting next_dagrun for example_subdag_operator.section-1 to None, run_after=None
[2023-10-17T23:35:47.090+0000] {logging_mixin.py:151} INFO - [2023-10-17T23:35:47.090+0000] {dag.py:3722} INFO - Setting next_dagrun for example_subdag_operator.section-2 to None, run_after=None
[2023-10-17T23:35:47.096+0000] {logging_mixin.py:151} INFO - [2023-10-17T23:35:47.096+0000] {dag.py:2941} INFO - Sync 2 DAGs
[2023-10-17T23:35:47.100+0000] {logging_mixin.py:151} INFO - [2023-10-17T23:35:47.100+0000] {dag.py:3722} INFO - Setting next_dagrun for example_subdag_operator.section-1 to None, run_after=None
[2023-10-17T23:35:47.101+0000] {logging_mixin.py:151} INFO - [2023-10-17T23:35:47.101+0000] {dag.py:3722} INFO - Setting next_dagrun for example_subdag_operator.section-2 to None, run_after=None
[2023-10-17T23:35:47.117+0000] {processor.py:179} INFO - Processing /home/airflow/.local/lib/python3.8/site-packages/airflow/example_dags/example_subdag_operator.py took 0.085 seconds
