[2023-10-17T23:33:44.300+0000] {processor.py:157} INFO - Started process (PID=40) to work on /home/airflow/.local/lib/python3.8/site-packages/airflow/example_dags/example_setup_teardown.py
[2023-10-17T23:33:44.301+0000] {processor.py:829} INFO - Processing file /home/airflow/.local/lib/python3.8/site-packages/airflow/example_dags/example_setup_teardown.py for tasks to queue
[2023-10-17T23:33:44.303+0000] {logging_mixin.py:151} INFO - [2023-10-17T23:33:44.303+0000] {dagbag.py:536} INFO - Filling up the DagBag from /home/airflow/.local/lib/python3.8/site-packages/airflow/example_dags/example_setup_teardown.py
[2023-10-17T23:33:44.313+0000] {processor.py:839} INFO - DAG(s) dict_keys(['example_setup_teardown']) retrieved from /home/airflow/.local/lib/python3.8/site-packages/airflow/example_dags/example_setup_teardown.py
[2023-10-17T23:33:44.326+0000] {logging_mixin.py:151} INFO - [2023-10-17T23:33:44.326+0000] {dag.py:2941} INFO - Sync 1 DAGs
[2023-10-17T23:33:44.351+0000] {logging_mixin.py:151} INFO - [2023-10-17T23:33:44.351+0000] {dag.py:3722} INFO - Setting next_dagrun for example_setup_teardown to 2023-10-16T23:33:44.350816+00:00, run_after=2023-10-17T23:33:44.350816+00:00
[2023-10-17T23:33:44.375+0000] {processor.py:179} INFO - Processing /home/airflow/.local/lib/python3.8/site-packages/airflow/example_dags/example_setup_teardown.py took 0.079 seconds
[2023-10-17T23:34:14.443+0000] {processor.py:157} INFO - Started process (PID=95) to work on /home/airflow/.local/lib/python3.8/site-packages/airflow/example_dags/example_setup_teardown.py
[2023-10-17T23:34:14.444+0000] {processor.py:829} INFO - Processing file /home/airflow/.local/lib/python3.8/site-packages/airflow/example_dags/example_setup_teardown.py for tasks to queue
[2023-10-17T23:34:14.446+0000] {logging_mixin.py:151} INFO - [2023-10-17T23:34:14.446+0000] {dagbag.py:536} INFO - Filling up the DagBag from /home/airflow/.local/lib/python3.8/site-packages/airflow/example_dags/example_setup_teardown.py
[2023-10-17T23:34:14.451+0000] {processor.py:839} INFO - DAG(s) dict_keys(['example_setup_teardown']) retrieved from /home/airflow/.local/lib/python3.8/site-packages/airflow/example_dags/example_setup_teardown.py
[2023-10-17T23:34:14.469+0000] {logging_mixin.py:151} INFO - [2023-10-17T23:34:14.469+0000] {dag.py:2941} INFO - Sync 1 DAGs
[2023-10-17T23:34:14.485+0000] {logging_mixin.py:151} INFO - [2023-10-17T23:34:14.485+0000] {dag.py:3722} INFO - Setting next_dagrun for example_setup_teardown to 2023-10-16T23:34:14.485414+00:00, run_after=2023-10-17T23:34:14.485414+00:00
[2023-10-17T23:34:14.506+0000] {processor.py:179} INFO - Processing /home/airflow/.local/lib/python3.8/site-packages/airflow/example_dags/example_setup_teardown.py took 0.066 seconds
[2023-10-17T23:34:45.123+0000] {processor.py:157} INFO - Started process (PID=150) to work on /home/airflow/.local/lib/python3.8/site-packages/airflow/example_dags/example_setup_teardown.py
[2023-10-17T23:34:45.124+0000] {processor.py:829} INFO - Processing file /home/airflow/.local/lib/python3.8/site-packages/airflow/example_dags/example_setup_teardown.py for tasks to queue
[2023-10-17T23:34:45.127+0000] {logging_mixin.py:151} INFO - [2023-10-17T23:34:45.127+0000] {dagbag.py:536} INFO - Filling up the DagBag from /home/airflow/.local/lib/python3.8/site-packages/airflow/example_dags/example_setup_teardown.py
[2023-10-17T23:34:45.134+0000] {processor.py:839} INFO - DAG(s) dict_keys(['example_setup_teardown']) retrieved from /home/airflow/.local/lib/python3.8/site-packages/airflow/example_dags/example_setup_teardown.py
[2023-10-17T23:34:45.153+0000] {logging_mixin.py:151} INFO - [2023-10-17T23:34:45.152+0000] {dag.py:2941} INFO - Sync 1 DAGs
[2023-10-17T23:34:45.171+0000] {logging_mixin.py:151} INFO - [2023-10-17T23:34:45.171+0000] {dag.py:3722} INFO - Setting next_dagrun for example_setup_teardown to 2023-10-16T23:34:45.171266+00:00, run_after=2023-10-17T23:34:45.171266+00:00
[2023-10-17T23:34:45.190+0000] {processor.py:179} INFO - Processing /home/airflow/.local/lib/python3.8/site-packages/airflow/example_dags/example_setup_teardown.py took 0.070 seconds
[2023-10-17T23:35:15.261+0000] {processor.py:157} INFO - Started process (PID=205) to work on /home/airflow/.local/lib/python3.8/site-packages/airflow/example_dags/example_setup_teardown.py
[2023-10-17T23:35:15.262+0000] {processor.py:829} INFO - Processing file /home/airflow/.local/lib/python3.8/site-packages/airflow/example_dags/example_setup_teardown.py for tasks to queue
[2023-10-17T23:35:15.264+0000] {logging_mixin.py:151} INFO - [2023-10-17T23:35:15.264+0000] {dagbag.py:536} INFO - Filling up the DagBag from /home/airflow/.local/lib/python3.8/site-packages/airflow/example_dags/example_setup_teardown.py
[2023-10-17T23:35:15.270+0000] {processor.py:839} INFO - DAG(s) dict_keys(['example_setup_teardown']) retrieved from /home/airflow/.local/lib/python3.8/site-packages/airflow/example_dags/example_setup_teardown.py
[2023-10-17T23:35:15.290+0000] {logging_mixin.py:151} INFO - [2023-10-17T23:35:15.289+0000] {dag.py:2941} INFO - Sync 1 DAGs
[2023-10-17T23:35:15.311+0000] {logging_mixin.py:151} INFO - [2023-10-17T23:35:15.310+0000] {dag.py:3722} INFO - Setting next_dagrun for example_setup_teardown to 2023-10-16T23:35:15.310710+00:00, run_after=2023-10-17T23:35:15.310710+00:00
[2023-10-17T23:35:15.332+0000] {processor.py:179} INFO - Processing /home/airflow/.local/lib/python3.8/site-packages/airflow/example_dags/example_setup_teardown.py took 0.074 seconds
[2023-10-17T23:35:45.526+0000] {processor.py:157} INFO - Started process (PID=260) to work on /home/airflow/.local/lib/python3.8/site-packages/airflow/example_dags/example_setup_teardown.py
[2023-10-17T23:35:45.527+0000] {processor.py:829} INFO - Processing file /home/airflow/.local/lib/python3.8/site-packages/airflow/example_dags/example_setup_teardown.py for tasks to queue
[2023-10-17T23:35:45.529+0000] {logging_mixin.py:151} INFO - [2023-10-17T23:35:45.529+0000] {dagbag.py:536} INFO - Filling up the DagBag from /home/airflow/.local/lib/python3.8/site-packages/airflow/example_dags/example_setup_teardown.py
[2023-10-17T23:35:45.536+0000] {processor.py:839} INFO - DAG(s) dict_keys(['example_setup_teardown']) retrieved from /home/airflow/.local/lib/python3.8/site-packages/airflow/example_dags/example_setup_teardown.py
[2023-10-17T23:35:45.557+0000] {logging_mixin.py:151} INFO - [2023-10-17T23:35:45.557+0000] {dag.py:2941} INFO - Sync 1 DAGs
[2023-10-17T23:35:45.577+0000] {logging_mixin.py:151} INFO - [2023-10-17T23:35:45.577+0000] {dag.py:3722} INFO - Setting next_dagrun for example_setup_teardown to 2023-10-16T23:35:45.576903+00:00, run_after=2023-10-17T23:35:45.576903+00:00
[2023-10-17T23:35:45.597+0000] {processor.py:179} INFO - Processing /home/airflow/.local/lib/python3.8/site-packages/airflow/example_dags/example_setup_teardown.py took 0.074 seconds
[2023-10-17T23:36:16.025+0000] {processor.py:157} INFO - Started process (PID=315) to work on /home/airflow/.local/lib/python3.8/site-packages/airflow/example_dags/example_setup_teardown.py
[2023-10-17T23:36:16.027+0000] {processor.py:829} INFO - Processing file /home/airflow/.local/lib/python3.8/site-packages/airflow/example_dags/example_setup_teardown.py for tasks to queue
[2023-10-17T23:36:16.031+0000] {logging_mixin.py:151} INFO - [2023-10-17T23:36:16.030+0000] {dagbag.py:536} INFO - Filling up the DagBag from /home/airflow/.local/lib/python3.8/site-packages/airflow/example_dags/example_setup_teardown.py
[2023-10-17T23:36:16.041+0000] {processor.py:839} INFO - DAG(s) dict_keys(['example_setup_teardown']) retrieved from /home/airflow/.local/lib/python3.8/site-packages/airflow/example_dags/example_setup_teardown.py
[2023-10-17T23:36:16.074+0000] {logging_mixin.py:151} INFO - [2023-10-17T23:36:16.073+0000] {dag.py:2941} INFO - Sync 1 DAGs
[2023-10-17T23:36:16.408+0000] {logging_mixin.py:151} INFO - [2023-10-17T23:36:16.407+0000] {process_utils.py:259} INFO - Waiting up to 5 seconds for processes to exit...
