[2023-10-17T23:33:44.965+0000] {processor.py:157} INFO - Started process (PID=51) to work on /home/airflow/.local/lib/python3.8/site-packages/airflow/example_dags/example_sensor_decorator.py
[2023-10-17T23:33:44.967+0000] {processor.py:829} INFO - Processing file /home/airflow/.local/lib/python3.8/site-packages/airflow/example_dags/example_sensor_decorator.py for tasks to queue
[2023-10-17T23:33:44.971+0000] {logging_mixin.py:151} INFO - [2023-10-17T23:33:44.970+0000] {dagbag.py:536} INFO - Filling up the DagBag from /home/airflow/.local/lib/python3.8/site-packages/airflow/example_dags/example_sensor_decorator.py
[2023-10-17T23:33:45.001+0000] {processor.py:839} INFO - DAG(s) dict_keys(['example_sensor_decorator']) retrieved from /home/airflow/.local/lib/python3.8/site-packages/airflow/example_dags/example_sensor_decorator.py
[2023-10-17T23:33:45.065+0000] {logging_mixin.py:151} INFO - [2023-10-17T23:33:45.065+0000] {dag.py:2941} INFO - Sync 1 DAGs
[2023-10-17T23:33:45.102+0000] {logging_mixin.py:151} INFO - [2023-10-17T23:33:45.101+0000] {dag.py:3722} INFO - Setting next_dagrun for example_sensor_decorator to None, run_after=None
[2023-10-17T23:33:45.146+0000] {processor.py:179} INFO - Processing /home/airflow/.local/lib/python3.8/site-packages/airflow/example_dags/example_sensor_decorator.py took 0.190 seconds
[2023-10-17T23:34:15.324+0000] {processor.py:157} INFO - Started process (PID=106) to work on /home/airflow/.local/lib/python3.8/site-packages/airflow/example_dags/example_sensor_decorator.py
[2023-10-17T23:34:15.325+0000] {processor.py:829} INFO - Processing file /home/airflow/.local/lib/python3.8/site-packages/airflow/example_dags/example_sensor_decorator.py for tasks to queue
[2023-10-17T23:34:15.327+0000] {logging_mixin.py:151} INFO - [2023-10-17T23:34:15.327+0000] {dagbag.py:536} INFO - Filling up the DagBag from /home/airflow/.local/lib/python3.8/site-packages/airflow/example_dags/example_sensor_decorator.py
[2023-10-17T23:34:15.332+0000] {processor.py:839} INFO - DAG(s) dict_keys(['example_sensor_decorator']) retrieved from /home/airflow/.local/lib/python3.8/site-packages/airflow/example_dags/example_sensor_decorator.py
[2023-10-17T23:34:15.349+0000] {logging_mixin.py:151} INFO - [2023-10-17T23:34:15.349+0000] {dag.py:2941} INFO - Sync 1 DAGs
[2023-10-17T23:34:15.359+0000] {logging_mixin.py:151} INFO - [2023-10-17T23:34:15.359+0000] {dag.py:3722} INFO - Setting next_dagrun for example_sensor_decorator to None, run_after=None
[2023-10-17T23:34:15.375+0000] {processor.py:179} INFO - Processing /home/airflow/.local/lib/python3.8/site-packages/airflow/example_dags/example_sensor_decorator.py took 0.054 seconds
[2023-10-17T23:34:45.724+0000] {processor.py:157} INFO - Started process (PID=161) to work on /home/airflow/.local/lib/python3.8/site-packages/airflow/example_dags/example_sensor_decorator.py
[2023-10-17T23:34:45.725+0000] {processor.py:829} INFO - Processing file /home/airflow/.local/lib/python3.8/site-packages/airflow/example_dags/example_sensor_decorator.py for tasks to queue
[2023-10-17T23:34:45.727+0000] {logging_mixin.py:151} INFO - [2023-10-17T23:34:45.727+0000] {dagbag.py:536} INFO - Filling up the DagBag from /home/airflow/.local/lib/python3.8/site-packages/airflow/example_dags/example_sensor_decorator.py
[2023-10-17T23:34:45.733+0000] {processor.py:839} INFO - DAG(s) dict_keys(['example_sensor_decorator']) retrieved from /home/airflow/.local/lib/python3.8/site-packages/airflow/example_dags/example_sensor_decorator.py
[2023-10-17T23:34:45.752+0000] {logging_mixin.py:151} INFO - [2023-10-17T23:34:45.752+0000] {dag.py:2941} INFO - Sync 1 DAGs
[2023-10-17T23:34:45.764+0000] {logging_mixin.py:151} INFO - [2023-10-17T23:34:45.764+0000] {dag.py:3722} INFO - Setting next_dagrun for example_sensor_decorator to None, run_after=None
[2023-10-17T23:34:45.786+0000] {processor.py:179} INFO - Processing /home/airflow/.local/lib/python3.8/site-packages/airflow/example_dags/example_sensor_decorator.py took 0.066 seconds
[2023-10-17T23:35:15.978+0000] {processor.py:157} INFO - Started process (PID=216) to work on /home/airflow/.local/lib/python3.8/site-packages/airflow/example_dags/example_sensor_decorator.py
[2023-10-17T23:35:15.979+0000] {processor.py:829} INFO - Processing file /home/airflow/.local/lib/python3.8/site-packages/airflow/example_dags/example_sensor_decorator.py for tasks to queue
[2023-10-17T23:35:15.982+0000] {logging_mixin.py:151} INFO - [2023-10-17T23:35:15.982+0000] {dagbag.py:536} INFO - Filling up the DagBag from /home/airflow/.local/lib/python3.8/site-packages/airflow/example_dags/example_sensor_decorator.py
[2023-10-17T23:35:15.987+0000] {processor.py:839} INFO - DAG(s) dict_keys(['example_sensor_decorator']) retrieved from /home/airflow/.local/lib/python3.8/site-packages/airflow/example_dags/example_sensor_decorator.py
[2023-10-17T23:35:16.009+0000] {logging_mixin.py:151} INFO - [2023-10-17T23:35:16.009+0000] {dag.py:2941} INFO - Sync 1 DAGs
[2023-10-17T23:35:16.019+0000] {logging_mixin.py:151} INFO - [2023-10-17T23:35:16.019+0000] {dag.py:3722} INFO - Setting next_dagrun for example_sensor_decorator to None, run_after=None
[2023-10-17T23:35:16.040+0000] {processor.py:179} INFO - Processing /home/airflow/.local/lib/python3.8/site-packages/airflow/example_dags/example_sensor_decorator.py took 0.064 seconds
[2023-10-17T23:35:46.198+0000] {processor.py:157} INFO - Started process (PID=271) to work on /home/airflow/.local/lib/python3.8/site-packages/airflow/example_dags/example_sensor_decorator.py
[2023-10-17T23:35:46.199+0000] {processor.py:829} INFO - Processing file /home/airflow/.local/lib/python3.8/site-packages/airflow/example_dags/example_sensor_decorator.py for tasks to queue
[2023-10-17T23:35:46.202+0000] {logging_mixin.py:151} INFO - [2023-10-17T23:35:46.201+0000] {dagbag.py:536} INFO - Filling up the DagBag from /home/airflow/.local/lib/python3.8/site-packages/airflow/example_dags/example_sensor_decorator.py
[2023-10-17T23:35:46.207+0000] {processor.py:839} INFO - DAG(s) dict_keys(['example_sensor_decorator']) retrieved from /home/airflow/.local/lib/python3.8/site-packages/airflow/example_dags/example_sensor_decorator.py
[2023-10-17T23:35:46.225+0000] {logging_mixin.py:151} INFO - [2023-10-17T23:35:46.224+0000] {dag.py:2941} INFO - Sync 1 DAGs
[2023-10-17T23:35:46.239+0000] {logging_mixin.py:151} INFO - [2023-10-17T23:35:46.238+0000] {dag.py:3722} INFO - Setting next_dagrun for example_sensor_decorator to None, run_after=None
[2023-10-17T23:35:46.256+0000] {processor.py:179} INFO - Processing /home/airflow/.local/lib/python3.8/site-packages/airflow/example_dags/example_sensor_decorator.py took 0.060 seconds
