[2023-10-17T23:33:44.506+0000] {processor.py:157} INFO - Started process (PID=43) to work on /home/airflow/.local/lib/python3.8/site-packages/airflow/example_dags/example_short_circuit_operator.py
[2023-10-17T23:33:44.507+0000] {processor.py:829} INFO - Processing file /home/airflow/.local/lib/python3.8/site-packages/airflow/example_dags/example_short_circuit_operator.py for tasks to queue
[2023-10-17T23:33:44.511+0000] {logging_mixin.py:151} INFO - [2023-10-17T23:33:44.511+0000] {dagbag.py:536} INFO - Filling up the DagBag from /home/airflow/.local/lib/python3.8/site-packages/airflow/example_dags/example_short_circuit_operator.py
[2023-10-17T23:33:44.523+0000] {processor.py:839} INFO - DAG(s) dict_keys(['example_short_circuit_operator']) retrieved from /home/airflow/.local/lib/python3.8/site-packages/airflow/example_dags/example_short_circuit_operator.py
[2023-10-17T23:33:44.537+0000] {logging_mixin.py:151} INFO - [2023-10-17T23:33:44.537+0000] {dag.py:2941} INFO - Sync 1 DAGs
[2023-10-17T23:33:44.569+0000] {logging_mixin.py:151} INFO - [2023-10-17T23:33:44.569+0000] {dag.py:3722} INFO - Setting next_dagrun for example_short_circuit_operator to 2023-10-16T23:33:44.569110+00:00, run_after=2023-10-17T23:33:44.569110+00:00
[2023-10-17T23:33:44.593+0000] {processor.py:179} INFO - Processing /home/airflow/.local/lib/python3.8/site-packages/airflow/example_dags/example_short_circuit_operator.py took 0.091 seconds
[2023-10-17T23:34:14.748+0000] {processor.py:157} INFO - Started process (PID=98) to work on /home/airflow/.local/lib/python3.8/site-packages/airflow/example_dags/example_short_circuit_operator.py
[2023-10-17T23:34:14.749+0000] {processor.py:829} INFO - Processing file /home/airflow/.local/lib/python3.8/site-packages/airflow/example_dags/example_short_circuit_operator.py for tasks to queue
[2023-10-17T23:34:14.751+0000] {logging_mixin.py:151} INFO - [2023-10-17T23:34:14.751+0000] {dagbag.py:536} INFO - Filling up the DagBag from /home/airflow/.local/lib/python3.8/site-packages/airflow/example_dags/example_short_circuit_operator.py
[2023-10-17T23:34:14.758+0000] {processor.py:839} INFO - DAG(s) dict_keys(['example_short_circuit_operator']) retrieved from /home/airflow/.local/lib/python3.8/site-packages/airflow/example_dags/example_short_circuit_operator.py
[2023-10-17T23:34:14.778+0000] {logging_mixin.py:151} INFO - [2023-10-17T23:34:14.777+0000] {dag.py:2941} INFO - Sync 1 DAGs
[2023-10-17T23:34:14.793+0000] {logging_mixin.py:151} INFO - [2023-10-17T23:34:14.793+0000] {dag.py:3722} INFO - Setting next_dagrun for example_short_circuit_operator to 2023-10-16T23:34:14.793331+00:00, run_after=2023-10-17T23:34:14.793331+00:00
[2023-10-17T23:34:14.815+0000] {processor.py:179} INFO - Processing /home/airflow/.local/lib/python3.8/site-packages/airflow/example_dags/example_short_circuit_operator.py took 0.070 seconds
[2023-10-17T23:34:45.270+0000] {processor.py:157} INFO - Started process (PID=153) to work on /home/airflow/.local/lib/python3.8/site-packages/airflow/example_dags/example_short_circuit_operator.py
[2023-10-17T23:34:45.271+0000] {processor.py:829} INFO - Processing file /home/airflow/.local/lib/python3.8/site-packages/airflow/example_dags/example_short_circuit_operator.py for tasks to queue
[2023-10-17T23:34:45.273+0000] {logging_mixin.py:151} INFO - [2023-10-17T23:34:45.273+0000] {dagbag.py:536} INFO - Filling up the DagBag from /home/airflow/.local/lib/python3.8/site-packages/airflow/example_dags/example_short_circuit_operator.py
[2023-10-17T23:34:45.280+0000] {processor.py:839} INFO - DAG(s) dict_keys(['example_short_circuit_operator']) retrieved from /home/airflow/.local/lib/python3.8/site-packages/airflow/example_dags/example_short_circuit_operator.py
[2023-10-17T23:34:45.305+0000] {logging_mixin.py:151} INFO - [2023-10-17T23:34:45.304+0000] {dag.py:2941} INFO - Sync 1 DAGs
[2023-10-17T23:34:45.326+0000] {logging_mixin.py:151} INFO - [2023-10-17T23:34:45.325+0000] {dag.py:3722} INFO - Setting next_dagrun for example_short_circuit_operator to 2023-10-16T23:34:45.325743+00:00, run_after=2023-10-17T23:34:45.325743+00:00
[2023-10-17T23:34:45.346+0000] {processor.py:179} INFO - Processing /home/airflow/.local/lib/python3.8/site-packages/airflow/example_dags/example_short_circuit_operator.py took 0.079 seconds
[2023-10-17T23:35:15.423+0000] {processor.py:157} INFO - Started process (PID=208) to work on /home/airflow/.local/lib/python3.8/site-packages/airflow/example_dags/example_short_circuit_operator.py
[2023-10-17T23:35:15.424+0000] {processor.py:829} INFO - Processing file /home/airflow/.local/lib/python3.8/site-packages/airflow/example_dags/example_short_circuit_operator.py for tasks to queue
[2023-10-17T23:35:15.427+0000] {logging_mixin.py:151} INFO - [2023-10-17T23:35:15.426+0000] {dagbag.py:536} INFO - Filling up the DagBag from /home/airflow/.local/lib/python3.8/site-packages/airflow/example_dags/example_short_circuit_operator.py
[2023-10-17T23:35:15.433+0000] {processor.py:839} INFO - DAG(s) dict_keys(['example_short_circuit_operator']) retrieved from /home/airflow/.local/lib/python3.8/site-packages/airflow/example_dags/example_short_circuit_operator.py
[2023-10-17T23:35:15.462+0000] {logging_mixin.py:151} INFO - [2023-10-17T23:35:15.462+0000] {dag.py:2941} INFO - Sync 1 DAGs
[2023-10-17T23:35:15.482+0000] {logging_mixin.py:151} INFO - [2023-10-17T23:35:15.482+0000] {dag.py:3722} INFO - Setting next_dagrun for example_short_circuit_operator to 2023-10-16T23:35:15.481911+00:00, run_after=2023-10-17T23:35:15.481911+00:00
[2023-10-17T23:35:15.499+0000] {processor.py:179} INFO - Processing /home/airflow/.local/lib/python3.8/site-packages/airflow/example_dags/example_short_circuit_operator.py took 0.080 seconds
[2023-10-17T23:35:45.682+0000] {processor.py:157} INFO - Started process (PID=263) to work on /home/airflow/.local/lib/python3.8/site-packages/airflow/example_dags/example_short_circuit_operator.py
[2023-10-17T23:35:45.683+0000] {processor.py:829} INFO - Processing file /home/airflow/.local/lib/python3.8/site-packages/airflow/example_dags/example_short_circuit_operator.py for tasks to queue
[2023-10-17T23:35:45.686+0000] {logging_mixin.py:151} INFO - [2023-10-17T23:35:45.685+0000] {dagbag.py:536} INFO - Filling up the DagBag from /home/airflow/.local/lib/python3.8/site-packages/airflow/example_dags/example_short_circuit_operator.py
[2023-10-17T23:35:45.692+0000] {processor.py:839} INFO - DAG(s) dict_keys(['example_short_circuit_operator']) retrieved from /home/airflow/.local/lib/python3.8/site-packages/airflow/example_dags/example_short_circuit_operator.py
[2023-10-17T23:35:45.711+0000] {logging_mixin.py:151} INFO - [2023-10-17T23:35:45.711+0000] {dag.py:2941} INFO - Sync 1 DAGs
[2023-10-17T23:35:45.730+0000] {logging_mixin.py:151} INFO - [2023-10-17T23:35:45.730+0000] {dag.py:3722} INFO - Setting next_dagrun for example_short_circuit_operator to 2023-10-16T23:35:45.730000+00:00, run_after=2023-10-17T23:35:45.730000+00:00
[2023-10-17T23:35:45.746+0000] {processor.py:179} INFO - Processing /home/airflow/.local/lib/python3.8/site-packages/airflow/example_dags/example_short_circuit_operator.py took 0.067 seconds
