[2023-10-17T23:33:46.171+0000] {processor.py:157} INFO - Started process (PID=66) to work on /home/airflow/.local/lib/python3.8/site-packages/airflow/example_dags/example_branch_datetime_operator.py
[2023-10-17T23:33:46.173+0000] {processor.py:829} INFO - Processing file /home/airflow/.local/lib/python3.8/site-packages/airflow/example_dags/example_branch_datetime_operator.py for tasks to queue
[2023-10-17T23:33:46.176+0000] {logging_mixin.py:151} INFO - [2023-10-17T23:33:46.175+0000] {dagbag.py:536} INFO - Filling up the DagBag from /home/airflow/.local/lib/python3.8/site-packages/airflow/example_dags/example_branch_datetime_operator.py
[2023-10-17T23:33:46.190+0000] {processor.py:839} INFO - DAG(s) dict_keys(['example_branch_datetime_operator_2', 'example_branch_datetime_operator_3', 'example_branch_datetime_operator']) retrieved from /home/airflow/.local/lib/python3.8/site-packages/airflow/example_dags/example_branch_datetime_operator.py
[2023-10-17T23:33:46.205+0000] {logging_mixin.py:151} INFO - [2023-10-17T23:33:46.205+0000] {dag.py:2941} INFO - Sync 3 DAGs
[2023-10-17T23:33:46.245+0000] {logging_mixin.py:151} INFO - [2023-10-17T23:33:46.244+0000] {dag.py:3722} INFO - Setting next_dagrun for example_branch_datetime_operator to 2023-10-16T00:00:00+00:00, run_after=2023-10-17T00:00:00+00:00
[2023-10-17T23:33:46.254+0000] {logging_mixin.py:151} INFO - [2023-10-17T23:33:46.253+0000] {dag.py:3722} INFO - Setting next_dagrun for example_branch_datetime_operator_2 to 2023-10-16T00:00:00+00:00, run_after=2023-10-17T00:00:00+00:00
[2023-10-17T23:33:46.259+0000] {logging_mixin.py:151} INFO - [2023-10-17T23:33:46.258+0000] {dag.py:3722} INFO - Setting next_dagrun for example_branch_datetime_operator_3 to 2023-10-16T00:00:00+00:00, run_after=2023-10-17T00:00:00+00:00
[2023-10-17T23:33:46.287+0000] {processor.py:179} INFO - Processing /home/airflow/.local/lib/python3.8/site-packages/airflow/example_dags/example_branch_datetime_operator.py took 0.119 seconds
[2023-10-17T23:34:16.432+0000] {processor.py:157} INFO - Started process (PID=121) to work on /home/airflow/.local/lib/python3.8/site-packages/airflow/example_dags/example_branch_datetime_operator.py
[2023-10-17T23:34:16.433+0000] {processor.py:829} INFO - Processing file /home/airflow/.local/lib/python3.8/site-packages/airflow/example_dags/example_branch_datetime_operator.py for tasks to queue
[2023-10-17T23:34:16.437+0000] {logging_mixin.py:151} INFO - [2023-10-17T23:34:16.437+0000] {dagbag.py:536} INFO - Filling up the DagBag from /home/airflow/.local/lib/python3.8/site-packages/airflow/example_dags/example_branch_datetime_operator.py
[2023-10-17T23:34:16.467+0000] {processor.py:839} INFO - DAG(s) dict_keys(['example_branch_datetime_operator_2', 'example_branch_datetime_operator', 'example_branch_datetime_operator_3']) retrieved from /home/airflow/.local/lib/python3.8/site-packages/airflow/example_dags/example_branch_datetime_operator.py
[2023-10-17T23:34:16.537+0000] {logging_mixin.py:151} INFO - [2023-10-17T23:34:16.536+0000] {dag.py:2941} INFO - Sync 3 DAGs
[2023-10-17T23:34:16.584+0000] {logging_mixin.py:151} INFO - [2023-10-17T23:34:16.584+0000] {dag.py:3722} INFO - Setting next_dagrun for example_branch_datetime_operator to 2023-10-16T00:00:00+00:00, run_after=2023-10-17T00:00:00+00:00
[2023-10-17T23:34:16.602+0000] {logging_mixin.py:151} INFO - [2023-10-17T23:34:16.602+0000] {dag.py:3722} INFO - Setting next_dagrun for example_branch_datetime_operator_2 to 2023-10-16T00:00:00+00:00, run_after=2023-10-17T00:00:00+00:00
[2023-10-17T23:34:16.605+0000] {logging_mixin.py:151} INFO - [2023-10-17T23:34:16.605+0000] {dag.py:3722} INFO - Setting next_dagrun for example_branch_datetime_operator_3 to 2023-10-16T00:00:00+00:00, run_after=2023-10-17T00:00:00+00:00
[2023-10-17T23:34:16.668+0000] {processor.py:179} INFO - Processing /home/airflow/.local/lib/python3.8/site-packages/airflow/example_dags/example_branch_datetime_operator.py took 0.240 seconds
[2023-10-17T23:34:46.899+0000] {processor.py:157} INFO - Started process (PID=176) to work on /home/airflow/.local/lib/python3.8/site-packages/airflow/example_dags/example_branch_datetime_operator.py
[2023-10-17T23:34:46.900+0000] {processor.py:829} INFO - Processing file /home/airflow/.local/lib/python3.8/site-packages/airflow/example_dags/example_branch_datetime_operator.py for tasks to queue
[2023-10-17T23:34:46.903+0000] {logging_mixin.py:151} INFO - [2023-10-17T23:34:46.902+0000] {dagbag.py:536} INFO - Filling up the DagBag from /home/airflow/.local/lib/python3.8/site-packages/airflow/example_dags/example_branch_datetime_operator.py
[2023-10-17T23:34:46.911+0000] {processor.py:839} INFO - DAG(s) dict_keys(['example_branch_datetime_operator_3', 'example_branch_datetime_operator', 'example_branch_datetime_operator_2']) retrieved from /home/airflow/.local/lib/python3.8/site-packages/airflow/example_dags/example_branch_datetime_operator.py
[2023-10-17T23:34:46.935+0000] {logging_mixin.py:151} INFO - [2023-10-17T23:34:46.934+0000] {dag.py:2941} INFO - Sync 3 DAGs
[2023-10-17T23:34:46.952+0000] {logging_mixin.py:151} INFO - [2023-10-17T23:34:46.952+0000] {dag.py:3722} INFO - Setting next_dagrun for example_branch_datetime_operator to 2023-10-16T00:00:00+00:00, run_after=2023-10-17T00:00:00+00:00
[2023-10-17T23:34:46.957+0000] {logging_mixin.py:151} INFO - [2023-10-17T23:34:46.957+0000] {dag.py:3722} INFO - Setting next_dagrun for example_branch_datetime_operator_2 to 2023-10-16T00:00:00+00:00, run_after=2023-10-17T00:00:00+00:00
[2023-10-17T23:34:46.960+0000] {logging_mixin.py:151} INFO - [2023-10-17T23:34:46.960+0000] {dag.py:3722} INFO - Setting next_dagrun for example_branch_datetime_operator_3 to 2023-10-16T00:00:00+00:00, run_after=2023-10-17T00:00:00+00:00
[2023-10-17T23:34:46.978+0000] {processor.py:179} INFO - Processing /home/airflow/.local/lib/python3.8/site-packages/airflow/example_dags/example_branch_datetime_operator.py took 0.081 seconds
[2023-10-17T23:35:17.203+0000] {processor.py:157} INFO - Started process (PID=231) to work on /home/airflow/.local/lib/python3.8/site-packages/airflow/example_dags/example_branch_datetime_operator.py
[2023-10-17T23:35:17.204+0000] {processor.py:829} INFO - Processing file /home/airflow/.local/lib/python3.8/site-packages/airflow/example_dags/example_branch_datetime_operator.py for tasks to queue
[2023-10-17T23:35:17.207+0000] {logging_mixin.py:151} INFO - [2023-10-17T23:35:17.207+0000] {dagbag.py:536} INFO - Filling up the DagBag from /home/airflow/.local/lib/python3.8/site-packages/airflow/example_dags/example_branch_datetime_operator.py
[2023-10-17T23:35:17.216+0000] {processor.py:839} INFO - DAG(s) dict_keys(['example_branch_datetime_operator_3', 'example_branch_datetime_operator', 'example_branch_datetime_operator_2']) retrieved from /home/airflow/.local/lib/python3.8/site-packages/airflow/example_dags/example_branch_datetime_operator.py
[2023-10-17T23:35:17.248+0000] {logging_mixin.py:151} INFO - [2023-10-17T23:35:17.247+0000] {dag.py:2941} INFO - Sync 3 DAGs
[2023-10-17T23:35:17.269+0000] {logging_mixin.py:151} INFO - [2023-10-17T23:35:17.269+0000] {dag.py:3722} INFO - Setting next_dagrun for example_branch_datetime_operator to 2023-10-16T00:00:00+00:00, run_after=2023-10-17T00:00:00+00:00
[2023-10-17T23:35:17.275+0000] {logging_mixin.py:151} INFO - [2023-10-17T23:35:17.275+0000] {dag.py:3722} INFO - Setting next_dagrun for example_branch_datetime_operator_2 to 2023-10-16T00:00:00+00:00, run_after=2023-10-17T00:00:00+00:00
[2023-10-17T23:35:17.278+0000] {logging_mixin.py:151} INFO - [2023-10-17T23:35:17.278+0000] {dag.py:3722} INFO - Setting next_dagrun for example_branch_datetime_operator_3 to 2023-10-16T00:00:00+00:00, run_after=2023-10-17T00:00:00+00:00
[2023-10-17T23:35:17.295+0000] {processor.py:179} INFO - Processing /home/airflow/.local/lib/python3.8/site-packages/airflow/example_dags/example_branch_datetime_operator.py took 0.096 seconds
[2023-10-17T23:35:47.369+0000] {processor.py:157} INFO - Started process (PID=286) to work on /home/airflow/.local/lib/python3.8/site-packages/airflow/example_dags/example_branch_datetime_operator.py
[2023-10-17T23:35:47.370+0000] {processor.py:829} INFO - Processing file /home/airflow/.local/lib/python3.8/site-packages/airflow/example_dags/example_branch_datetime_operator.py for tasks to queue
[2023-10-17T23:35:47.372+0000] {logging_mixin.py:151} INFO - [2023-10-17T23:35:47.372+0000] {dagbag.py:536} INFO - Filling up the DagBag from /home/airflow/.local/lib/python3.8/site-packages/airflow/example_dags/example_branch_datetime_operator.py
[2023-10-17T23:35:47.380+0000] {processor.py:839} INFO - DAG(s) dict_keys(['example_branch_datetime_operator', 'example_branch_datetime_operator_2', 'example_branch_datetime_operator_3']) retrieved from /home/airflow/.local/lib/python3.8/site-packages/airflow/example_dags/example_branch_datetime_operator.py
[2023-10-17T23:35:47.406+0000] {logging_mixin.py:151} INFO - [2023-10-17T23:35:47.406+0000] {dag.py:2941} INFO - Sync 3 DAGs
[2023-10-17T23:35:47.425+0000] {logging_mixin.py:151} INFO - [2023-10-17T23:35:47.424+0000] {dag.py:3722} INFO - Setting next_dagrun for example_branch_datetime_operator to 2023-10-16T00:00:00+00:00, run_after=2023-10-17T00:00:00+00:00
[2023-10-17T23:35:47.430+0000] {logging_mixin.py:151} INFO - [2023-10-17T23:35:47.430+0000] {dag.py:3722} INFO - Setting next_dagrun for example_branch_datetime_operator_2 to 2023-10-16T00:00:00+00:00, run_after=2023-10-17T00:00:00+00:00
[2023-10-17T23:35:47.433+0000] {logging_mixin.py:151} INFO - [2023-10-17T23:35:47.433+0000] {dag.py:3722} INFO - Setting next_dagrun for example_branch_datetime_operator_3 to 2023-10-16T00:00:00+00:00, run_after=2023-10-17T00:00:00+00:00
[2023-10-17T23:35:47.469+0000] {processor.py:179} INFO - Processing /home/airflow/.local/lib/python3.8/site-packages/airflow/example_dags/example_branch_datetime_operator.py took 0.103 seconds
