[2023-10-17T23:33:44.726+0000] {processor.py:157} INFO - Started process (PID=47) to work on /home/airflow/.local/lib/python3.8/site-packages/airflow/example_dags/example_dynamic_task_mapping_with_no_taskflow_operators.py
[2023-10-17T23:33:44.728+0000] {processor.py:829} INFO - Processing file /home/airflow/.local/lib/python3.8/site-packages/airflow/example_dags/example_dynamic_task_mapping_with_no_taskflow_operators.py for tasks to queue
[2023-10-17T23:33:44.731+0000] {logging_mixin.py:151} INFO - [2023-10-17T23:33:44.730+0000] {dagbag.py:536} INFO - Filling up the DagBag from /home/airflow/.local/lib/python3.8/site-packages/airflow/example_dags/example_dynamic_task_mapping_with_no_taskflow_operators.py
[2023-10-17T23:33:44.743+0000] {processor.py:839} INFO - DAG(s) dict_keys(['example_dynamic_task_mapping_with_no_taskflow_operators']) retrieved from /home/airflow/.local/lib/python3.8/site-packages/airflow/example_dags/example_dynamic_task_mapping_with_no_taskflow_operators.py
[2023-10-17T23:33:44.755+0000] {logging_mixin.py:151} INFO - [2023-10-17T23:33:44.754+0000] {dag.py:2941} INFO - Sync 1 DAGs
[2023-10-17T23:33:44.782+0000] {logging_mixin.py:151} INFO - [2023-10-17T23:33:44.782+0000] {dag.py:3722} INFO - Setting next_dagrun for example_dynamic_task_mapping_with_no_taskflow_operators to 2023-10-16T23:33:44.782185+00:00, run_after=2023-10-17T23:33:44.782185+00:00
[2023-10-17T23:33:44.802+0000] {processor.py:179} INFO - Processing /home/airflow/.local/lib/python3.8/site-packages/airflow/example_dags/example_dynamic_task_mapping_with_no_taskflow_operators.py took 0.080 seconds
[2023-10-17T23:34:14.982+0000] {processor.py:157} INFO - Started process (PID=102) to work on /home/airflow/.local/lib/python3.8/site-packages/airflow/example_dags/example_dynamic_task_mapping_with_no_taskflow_operators.py
[2023-10-17T23:34:14.984+0000] {processor.py:829} INFO - Processing file /home/airflow/.local/lib/python3.8/site-packages/airflow/example_dags/example_dynamic_task_mapping_with_no_taskflow_operators.py for tasks to queue
[2023-10-17T23:34:14.987+0000] {logging_mixin.py:151} INFO - [2023-10-17T23:34:14.986+0000] {dagbag.py:536} INFO - Filling up the DagBag from /home/airflow/.local/lib/python3.8/site-packages/airflow/example_dags/example_dynamic_task_mapping_with_no_taskflow_operators.py
[2023-10-17T23:34:14.994+0000] {processor.py:839} INFO - DAG(s) dict_keys(['example_dynamic_task_mapping_with_no_taskflow_operators']) retrieved from /home/airflow/.local/lib/python3.8/site-packages/airflow/example_dags/example_dynamic_task_mapping_with_no_taskflow_operators.py
[2023-10-17T23:34:15.019+0000] {logging_mixin.py:151} INFO - [2023-10-17T23:34:15.016+0000] {dag.py:2941} INFO - Sync 1 DAGs
[2023-10-17T23:34:15.048+0000] {logging_mixin.py:151} INFO - [2023-10-17T23:34:15.048+0000] {dag.py:3722} INFO - Setting next_dagrun for example_dynamic_task_mapping_with_no_taskflow_operators to 2023-10-16T23:34:15.048372+00:00, run_after=2023-10-17T23:34:15.048372+00:00
[2023-10-17T23:34:15.067+0000] {processor.py:179} INFO - Processing /home/airflow/.local/lib/python3.8/site-packages/airflow/example_dags/example_dynamic_task_mapping_with_no_taskflow_operators.py took 0.088 seconds
[2023-10-17T23:34:45.506+0000] {processor.py:157} INFO - Started process (PID=157) to work on /home/airflow/.local/lib/python3.8/site-packages/airflow/example_dags/example_dynamic_task_mapping_with_no_taskflow_operators.py
[2023-10-17T23:34:45.507+0000] {processor.py:829} INFO - Processing file /home/airflow/.local/lib/python3.8/site-packages/airflow/example_dags/example_dynamic_task_mapping_with_no_taskflow_operators.py for tasks to queue
[2023-10-17T23:34:45.510+0000] {logging_mixin.py:151} INFO - [2023-10-17T23:34:45.510+0000] {dagbag.py:536} INFO - Filling up the DagBag from /home/airflow/.local/lib/python3.8/site-packages/airflow/example_dags/example_dynamic_task_mapping_with_no_taskflow_operators.py
[2023-10-17T23:34:45.515+0000] {processor.py:839} INFO - DAG(s) dict_keys(['example_dynamic_task_mapping_with_no_taskflow_operators']) retrieved from /home/airflow/.local/lib/python3.8/site-packages/airflow/example_dags/example_dynamic_task_mapping_with_no_taskflow_operators.py
[2023-10-17T23:34:45.535+0000] {logging_mixin.py:151} INFO - [2023-10-17T23:34:45.535+0000] {dag.py:2941} INFO - Sync 1 DAGs
[2023-10-17T23:34:45.558+0000] {logging_mixin.py:151} INFO - [2023-10-17T23:34:45.558+0000] {dag.py:3722} INFO - Setting next_dagrun for example_dynamic_task_mapping_with_no_taskflow_operators to 2023-10-16T23:34:45.557896+00:00, run_after=2023-10-17T23:34:45.557896+00:00
[2023-10-17T23:34:45.590+0000] {processor.py:179} INFO - Processing /home/airflow/.local/lib/python3.8/site-packages/airflow/example_dags/example_dynamic_task_mapping_with_no_taskflow_operators.py took 0.088 seconds
[2023-10-17T23:35:15.639+0000] {processor.py:157} INFO - Started process (PID=212) to work on /home/airflow/.local/lib/python3.8/site-packages/airflow/example_dags/example_dynamic_task_mapping_with_no_taskflow_operators.py
[2023-10-17T23:35:15.640+0000] {processor.py:829} INFO - Processing file /home/airflow/.local/lib/python3.8/site-packages/airflow/example_dags/example_dynamic_task_mapping_with_no_taskflow_operators.py for tasks to queue
[2023-10-17T23:35:15.642+0000] {logging_mixin.py:151} INFO - [2023-10-17T23:35:15.642+0000] {dagbag.py:536} INFO - Filling up the DagBag from /home/airflow/.local/lib/python3.8/site-packages/airflow/example_dags/example_dynamic_task_mapping_with_no_taskflow_operators.py
[2023-10-17T23:35:15.647+0000] {processor.py:839} INFO - DAG(s) dict_keys(['example_dynamic_task_mapping_with_no_taskflow_operators']) retrieved from /home/airflow/.local/lib/python3.8/site-packages/airflow/example_dags/example_dynamic_task_mapping_with_no_taskflow_operators.py
[2023-10-17T23:35:15.664+0000] {logging_mixin.py:151} INFO - [2023-10-17T23:35:15.664+0000] {dag.py:2941} INFO - Sync 1 DAGs
[2023-10-17T23:35:15.682+0000] {logging_mixin.py:151} INFO - [2023-10-17T23:35:15.681+0000] {dag.py:3722} INFO - Setting next_dagrun for example_dynamic_task_mapping_with_no_taskflow_operators to 2023-10-16T23:35:15.681649+00:00, run_after=2023-10-17T23:35:15.681649+00:00
[2023-10-17T23:35:15.700+0000] {processor.py:179} INFO - Processing /home/airflow/.local/lib/python3.8/site-packages/airflow/example_dags/example_dynamic_task_mapping_with_no_taskflow_operators.py took 0.065 seconds
[2023-10-17T23:35:45.860+0000] {processor.py:157} INFO - Started process (PID=267) to work on /home/airflow/.local/lib/python3.8/site-packages/airflow/example_dags/example_dynamic_task_mapping_with_no_taskflow_operators.py
[2023-10-17T23:35:45.861+0000] {processor.py:829} INFO - Processing file /home/airflow/.local/lib/python3.8/site-packages/airflow/example_dags/example_dynamic_task_mapping_with_no_taskflow_operators.py for tasks to queue
[2023-10-17T23:35:45.863+0000] {logging_mixin.py:151} INFO - [2023-10-17T23:35:45.863+0000] {dagbag.py:536} INFO - Filling up the DagBag from /home/airflow/.local/lib/python3.8/site-packages/airflow/example_dags/example_dynamic_task_mapping_with_no_taskflow_operators.py
[2023-10-17T23:35:45.869+0000] {processor.py:839} INFO - DAG(s) dict_keys(['example_dynamic_task_mapping_with_no_taskflow_operators']) retrieved from /home/airflow/.local/lib/python3.8/site-packages/airflow/example_dags/example_dynamic_task_mapping_with_no_taskflow_operators.py
[2023-10-17T23:35:45.886+0000] {logging_mixin.py:151} INFO - [2023-10-17T23:35:45.886+0000] {dag.py:2941} INFO - Sync 1 DAGs
[2023-10-17T23:35:45.904+0000] {logging_mixin.py:151} INFO - [2023-10-17T23:35:45.904+0000] {dag.py:3722} INFO - Setting next_dagrun for example_dynamic_task_mapping_with_no_taskflow_operators to 2023-10-16T23:35:45.903825+00:00, run_after=2023-10-17T23:35:45.903825+00:00
[2023-10-17T23:35:45.928+0000] {processor.py:179} INFO - Processing /home/airflow/.local/lib/python3.8/site-packages/airflow/example_dags/example_dynamic_task_mapping_with_no_taskflow_operators.py took 0.071 seconds
