[2023-10-17T23:33:45.867+0000] {processor.py:157} INFO - Started process (PID=62) to work on /home/airflow/.local/lib/python3.8/site-packages/airflow/example_dags/example_sla_dag.py
[2023-10-17T23:33:45.868+0000] {processor.py:829} INFO - Processing file /home/airflow/.local/lib/python3.8/site-packages/airflow/example_dags/example_sla_dag.py for tasks to queue
[2023-10-17T23:33:45.871+0000] {logging_mixin.py:151} INFO - [2023-10-17T23:33:45.871+0000] {dagbag.py:536} INFO - Filling up the DagBag from /home/airflow/.local/lib/python3.8/site-packages/airflow/example_dags/example_sla_dag.py
[2023-10-17T23:33:45.884+0000] {processor.py:839} INFO - DAG(s) dict_keys(['example_sla_dag']) retrieved from /home/airflow/.local/lib/python3.8/site-packages/airflow/example_dags/example_sla_dag.py
[2023-10-17T23:33:45.899+0000] {logging_mixin.py:151} INFO - [2023-10-17T23:33:45.899+0000] {dag.py:2941} INFO - Sync 1 DAGs
[2023-10-17T23:33:45.938+0000] {logging_mixin.py:151} INFO - [2023-10-17T23:33:45.938+0000] {dag.py:3722} INFO - Setting next_dagrun for example_sla_dag to 2023-10-17T23:30:00+00:00, run_after=2023-10-17T23:32:00+00:00
[2023-10-17T23:33:45.972+0000] {processor.py:179} INFO - Processing /home/airflow/.local/lib/python3.8/site-packages/airflow/example_dags/example_sla_dag.py took 0.110 seconds
[2023-10-17T23:34:16.055+0000] {processor.py:157} INFO - Started process (PID=117) to work on /home/airflow/.local/lib/python3.8/site-packages/airflow/example_dags/example_sla_dag.py
[2023-10-17T23:34:16.057+0000] {processor.py:829} INFO - Processing file /home/airflow/.local/lib/python3.8/site-packages/airflow/example_dags/example_sla_dag.py for tasks to queue
[2023-10-17T23:34:16.060+0000] {logging_mixin.py:151} INFO - [2023-10-17T23:34:16.059+0000] {dagbag.py:536} INFO - Filling up the DagBag from /home/airflow/.local/lib/python3.8/site-packages/airflow/example_dags/example_sla_dag.py
[2023-10-17T23:34:16.067+0000] {processor.py:839} INFO - DAG(s) dict_keys(['example_sla_dag']) retrieved from /home/airflow/.local/lib/python3.8/site-packages/airflow/example_dags/example_sla_dag.py
[2023-10-17T23:34:16.085+0000] {logging_mixin.py:151} INFO - [2023-10-17T23:34:16.085+0000] {dag.py:2941} INFO - Sync 1 DAGs
[2023-10-17T23:34:16.107+0000] {logging_mixin.py:151} INFO - [2023-10-17T23:34:16.106+0000] {dag.py:3722} INFO - Setting next_dagrun for example_sla_dag to 2023-10-17T23:32:00+00:00, run_after=2023-10-17T23:34:00+00:00
[2023-10-17T23:34:16.125+0000] {processor.py:179} INFO - Processing /home/airflow/.local/lib/python3.8/site-packages/airflow/example_dags/example_sla_dag.py took 0.072 seconds
[2023-10-17T23:34:46.475+0000] {processor.py:157} INFO - Started process (PID=171) to work on /home/airflow/.local/lib/python3.8/site-packages/airflow/example_dags/example_sla_dag.py
[2023-10-17T23:34:46.476+0000] {processor.py:829} INFO - Processing file /home/airflow/.local/lib/python3.8/site-packages/airflow/example_dags/example_sla_dag.py for tasks to queue
[2023-10-17T23:34:46.478+0000] {logging_mixin.py:151} INFO - [2023-10-17T23:34:46.478+0000] {dagbag.py:536} INFO - Filling up the DagBag from /home/airflow/.local/lib/python3.8/site-packages/airflow/example_dags/example_sla_dag.py
[2023-10-17T23:34:46.485+0000] {processor.py:839} INFO - DAG(s) dict_keys(['example_sla_dag']) retrieved from /home/airflow/.local/lib/python3.8/site-packages/airflow/example_dags/example_sla_dag.py
[2023-10-17T23:34:46.504+0000] {logging_mixin.py:151} INFO - [2023-10-17T23:34:46.504+0000] {dag.py:2941} INFO - Sync 1 DAGs
[2023-10-17T23:34:46.524+0000] {logging_mixin.py:151} INFO - [2023-10-17T23:34:46.524+0000] {dag.py:3722} INFO - Setting next_dagrun for example_sla_dag to 2023-10-17T23:32:00+00:00, run_after=2023-10-17T23:34:00+00:00
[2023-10-17T23:34:46.546+0000] {processor.py:179} INFO - Processing /home/airflow/.local/lib/python3.8/site-packages/airflow/example_dags/example_sla_dag.py took 0.074 seconds
[2023-10-17T23:35:16.741+0000] {processor.py:157} INFO - Started process (PID=226) to work on /home/airflow/.local/lib/python3.8/site-packages/airflow/example_dags/example_sla_dag.py
[2023-10-17T23:35:16.742+0000] {processor.py:829} INFO - Processing file /home/airflow/.local/lib/python3.8/site-packages/airflow/example_dags/example_sla_dag.py for tasks to queue
[2023-10-17T23:35:16.744+0000] {logging_mixin.py:151} INFO - [2023-10-17T23:35:16.744+0000] {dagbag.py:536} INFO - Filling up the DagBag from /home/airflow/.local/lib/python3.8/site-packages/airflow/example_dags/example_sla_dag.py
[2023-10-17T23:35:16.750+0000] {processor.py:839} INFO - DAG(s) dict_keys(['example_sla_dag']) retrieved from /home/airflow/.local/lib/python3.8/site-packages/airflow/example_dags/example_sla_dag.py
[2023-10-17T23:35:16.772+0000] {logging_mixin.py:151} INFO - [2023-10-17T23:35:16.771+0000] {dag.py:2941} INFO - Sync 1 DAGs
[2023-10-17T23:35:16.798+0000] {logging_mixin.py:151} INFO - [2023-10-17T23:35:16.798+0000] {dag.py:3722} INFO - Setting next_dagrun for example_sla_dag to 2023-10-17T23:32:00+00:00, run_after=2023-10-17T23:34:00+00:00
[2023-10-17T23:35:16.818+0000] {processor.py:179} INFO - Processing /home/airflow/.local/lib/python3.8/site-packages/airflow/example_dags/example_sla_dag.py took 0.081 seconds
[2023-10-17T23:35:46.933+0000] {processor.py:157} INFO - Started process (PID=281) to work on /home/airflow/.local/lib/python3.8/site-packages/airflow/example_dags/example_sla_dag.py
[2023-10-17T23:35:46.934+0000] {processor.py:829} INFO - Processing file /home/airflow/.local/lib/python3.8/site-packages/airflow/example_dags/example_sla_dag.py for tasks to queue
[2023-10-17T23:35:46.937+0000] {logging_mixin.py:151} INFO - [2023-10-17T23:35:46.936+0000] {dagbag.py:536} INFO - Filling up the DagBag from /home/airflow/.local/lib/python3.8/site-packages/airflow/example_dags/example_sla_dag.py
[2023-10-17T23:35:46.944+0000] {processor.py:839} INFO - DAG(s) dict_keys(['example_sla_dag']) retrieved from /home/airflow/.local/lib/python3.8/site-packages/airflow/example_dags/example_sla_dag.py
[2023-10-17T23:35:46.962+0000] {logging_mixin.py:151} INFO - [2023-10-17T23:35:46.962+0000] {dag.py:2941} INFO - Sync 1 DAGs
[2023-10-17T23:35:46.981+0000] {logging_mixin.py:151} INFO - [2023-10-17T23:35:46.981+0000] {dag.py:3722} INFO - Setting next_dagrun for example_sla_dag to 2023-10-17T23:32:00+00:00, run_after=2023-10-17T23:34:00+00:00
[2023-10-17T23:35:46.998+0000] {processor.py:179} INFO - Processing /home/airflow/.local/lib/python3.8/site-packages/airflow/example_dags/example_sla_dag.py took 0.067 seconds
