[2023-10-17T23:33:45.463+0000] {processor.py:157} INFO - Started process (PID=56) to work on /home/airflow/.local/lib/python3.8/site-packages/airflow/example_dags/example_sensors.py
[2023-10-17T23:33:45.465+0000] {processor.py:829} INFO - Processing file /home/airflow/.local/lib/python3.8/site-packages/airflow/example_dags/example_sensors.py for tasks to queue
[2023-10-17T23:33:45.469+0000] {logging_mixin.py:151} INFO - [2023-10-17T23:33:45.469+0000] {dagbag.py:536} INFO - Filling up the DagBag from /home/airflow/.local/lib/python3.8/site-packages/airflow/example_dags/example_sensors.py
[2023-10-17T23:33:45.485+0000] {processor.py:839} INFO - DAG(s) dict_keys(['example_sensors']) retrieved from /home/airflow/.local/lib/python3.8/site-packages/airflow/example_dags/example_sensors.py
[2023-10-17T23:33:45.513+0000] {logging_mixin.py:151} INFO - [2023-10-17T23:33:45.512+0000] {dag.py:2941} INFO - Sync 1 DAGs
[2023-10-17T23:33:45.536+0000] {logging_mixin.py:151} INFO - [2023-10-17T23:33:45.535+0000] {dag.py:3722} INFO - Setting next_dagrun for example_sensors to None, run_after=None
[2023-10-17T23:33:45.563+0000] {processor.py:179} INFO - Processing /home/airflow/.local/lib/python3.8/site-packages/airflow/example_dags/example_sensors.py took 0.103 seconds
[2023-10-17T23:34:15.745+0000] {processor.py:157} INFO - Started process (PID=111) to work on /home/airflow/.local/lib/python3.8/site-packages/airflow/example_dags/example_sensors.py
[2023-10-17T23:34:15.746+0000] {processor.py:829} INFO - Processing file /home/airflow/.local/lib/python3.8/site-packages/airflow/example_dags/example_sensors.py for tasks to queue
[2023-10-17T23:34:15.748+0000] {logging_mixin.py:151} INFO - [2023-10-17T23:34:15.747+0000] {dagbag.py:536} INFO - Filling up the DagBag from /home/airflow/.local/lib/python3.8/site-packages/airflow/example_dags/example_sensors.py
[2023-10-17T23:34:15.755+0000] {processor.py:839} INFO - DAG(s) dict_keys(['example_sensors']) retrieved from /home/airflow/.local/lib/python3.8/site-packages/airflow/example_dags/example_sensors.py
[2023-10-17T23:34:15.776+0000] {logging_mixin.py:151} INFO - [2023-10-17T23:34:15.776+0000] {dag.py:2941} INFO - Sync 1 DAGs
[2023-10-17T23:34:15.786+0000] {logging_mixin.py:151} INFO - [2023-10-17T23:34:15.786+0000] {dag.py:3722} INFO - Setting next_dagrun for example_sensors to None, run_after=None
[2023-10-17T23:34:15.803+0000] {processor.py:179} INFO - Processing /home/airflow/.local/lib/python3.8/site-packages/airflow/example_dags/example_sensors.py took 0.061 seconds
[2023-10-17T23:34:46.023+0000] {processor.py:157} INFO - Started process (PID=166) to work on /home/airflow/.local/lib/python3.8/site-packages/airflow/example_dags/example_sensors.py
[2023-10-17T23:34:46.024+0000] {processor.py:829} INFO - Processing file /home/airflow/.local/lib/python3.8/site-packages/airflow/example_dags/example_sensors.py for tasks to queue
[2023-10-17T23:34:46.026+0000] {logging_mixin.py:151} INFO - [2023-10-17T23:34:46.026+0000] {dagbag.py:536} INFO - Filling up the DagBag from /home/airflow/.local/lib/python3.8/site-packages/airflow/example_dags/example_sensors.py
[2023-10-17T23:34:46.033+0000] {processor.py:839} INFO - DAG(s) dict_keys(['example_sensors']) retrieved from /home/airflow/.local/lib/python3.8/site-packages/airflow/example_dags/example_sensors.py
[2023-10-17T23:34:46.056+0000] {logging_mixin.py:151} INFO - [2023-10-17T23:34:46.056+0000] {dag.py:2941} INFO - Sync 1 DAGs
[2023-10-17T23:34:46.066+0000] {logging_mixin.py:151} INFO - [2023-10-17T23:34:46.066+0000] {dag.py:3722} INFO - Setting next_dagrun for example_sensors to None, run_after=None
[2023-10-17T23:34:46.084+0000] {processor.py:179} INFO - Processing /home/airflow/.local/lib/python3.8/site-packages/airflow/example_dags/example_sensors.py took 0.064 seconds
[2023-10-17T23:35:16.419+0000] {processor.py:157} INFO - Started process (PID=221) to work on /home/airflow/.local/lib/python3.8/site-packages/airflow/example_dags/example_sensors.py
[2023-10-17T23:35:16.421+0000] {processor.py:829} INFO - Processing file /home/airflow/.local/lib/python3.8/site-packages/airflow/example_dags/example_sensors.py for tasks to queue
[2023-10-17T23:35:16.425+0000] {logging_mixin.py:151} INFO - [2023-10-17T23:35:16.424+0000] {dagbag.py:536} INFO - Filling up the DagBag from /home/airflow/.local/lib/python3.8/site-packages/airflow/example_dags/example_sensors.py
[2023-10-17T23:35:16.434+0000] {processor.py:839} INFO - DAG(s) dict_keys(['example_sensors']) retrieved from /home/airflow/.local/lib/python3.8/site-packages/airflow/example_dags/example_sensors.py
[2023-10-17T23:35:16.460+0000] {logging_mixin.py:151} INFO - [2023-10-17T23:35:16.460+0000] {dag.py:2941} INFO - Sync 1 DAGs
[2023-10-17T23:35:16.472+0000] {logging_mixin.py:151} INFO - [2023-10-17T23:35:16.471+0000] {dag.py:3722} INFO - Setting next_dagrun for example_sensors to None, run_after=None
[2023-10-17T23:35:16.494+0000] {processor.py:179} INFO - Processing /home/airflow/.local/lib/python3.8/site-packages/airflow/example_dags/example_sensors.py took 0.077 seconds
[2023-10-17T23:35:46.598+0000] {processor.py:157} INFO - Started process (PID=276) to work on /home/airflow/.local/lib/python3.8/site-packages/airflow/example_dags/example_sensors.py
[2023-10-17T23:35:46.599+0000] {processor.py:829} INFO - Processing file /home/airflow/.local/lib/python3.8/site-packages/airflow/example_dags/example_sensors.py for tasks to queue
[2023-10-17T23:35:46.602+0000] {logging_mixin.py:151} INFO - [2023-10-17T23:35:46.602+0000] {dagbag.py:536} INFO - Filling up the DagBag from /home/airflow/.local/lib/python3.8/site-packages/airflow/example_dags/example_sensors.py
[2023-10-17T23:35:46.609+0000] {processor.py:839} INFO - DAG(s) dict_keys(['example_sensors']) retrieved from /home/airflow/.local/lib/python3.8/site-packages/airflow/example_dags/example_sensors.py
[2023-10-17T23:35:46.630+0000] {logging_mixin.py:151} INFO - [2023-10-17T23:35:46.630+0000] {dag.py:2941} INFO - Sync 1 DAGs
[2023-10-17T23:35:46.640+0000] {logging_mixin.py:151} INFO - [2023-10-17T23:35:46.639+0000] {dag.py:3722} INFO - Setting next_dagrun for example_sensors to None, run_after=None
[2023-10-17T23:35:46.660+0000] {processor.py:179} INFO - Processing /home/airflow/.local/lib/python3.8/site-packages/airflow/example_dags/example_sensors.py took 0.065 seconds
