[2023-10-17T23:33:46.335+0000] {processor.py:157} INFO - Started process (PID=68) to work on /home/airflow/.local/lib/python3.8/site-packages/airflow/example_dags/example_datasets.py
[2023-10-17T23:33:46.337+0000] {processor.py:829} INFO - Processing file /home/airflow/.local/lib/python3.8/site-packages/airflow/example_dags/example_datasets.py for tasks to queue
[2023-10-17T23:33:46.339+0000] {logging_mixin.py:151} INFO - [2023-10-17T23:33:46.339+0000] {dagbag.py:536} INFO - Filling up the DagBag from /home/airflow/.local/lib/python3.8/site-packages/airflow/example_dags/example_datasets.py
[2023-10-17T23:33:46.355+0000] {processor.py:839} INFO - DAG(s) dict_keys(['dataset_consumes_1_never_scheduled', 'dataset_produces_1', 'dataset_consumes_unknown_never_scheduled', 'dataset_consumes_1', 'dataset_produces_2', 'dataset_consumes_1_and_2']) retrieved from /home/airflow/.local/lib/python3.8/site-packages/airflow/example_dags/example_datasets.py
[2023-10-17T23:33:46.376+0000] {logging_mixin.py:151} INFO - [2023-10-17T23:33:46.376+0000] {dag.py:2941} INFO - Sync 6 DAGs
[2023-10-17T23:33:46.415+0000] {logging_mixin.py:151} INFO - [2023-10-17T23:33:46.415+0000] {dag.py:3722} INFO - Setting next_dagrun for dataset_consumes_1 to None, run_after=None
[2023-10-17T23:33:46.420+0000] {logging_mixin.py:151} INFO - [2023-10-17T23:33:46.420+0000] {dag.py:3722} INFO - Setting next_dagrun for dataset_consumes_1_and_2 to None, run_after=None
[2023-10-17T23:33:46.423+0000] {logging_mixin.py:151} INFO - [2023-10-17T23:33:46.422+0000] {dag.py:3722} INFO - Setting next_dagrun for dataset_consumes_1_never_scheduled to None, run_after=None
[2023-10-17T23:33:46.426+0000] {logging_mixin.py:151} INFO - [2023-10-17T23:33:46.425+0000] {dag.py:3722} INFO - Setting next_dagrun for dataset_consumes_unknown_never_scheduled to None, run_after=None
[2023-10-17T23:33:46.432+0000] {logging_mixin.py:151} INFO - [2023-10-17T23:33:46.432+0000] {dag.py:3722} INFO - Setting next_dagrun for dataset_produces_1 to 2023-10-16T00:00:00+00:00, run_after=2023-10-17T00:00:00+00:00
[2023-10-17T23:33:46.435+0000] {logging_mixin.py:151} INFO - [2023-10-17T23:33:46.435+0000] {dag.py:3722} INFO - Setting next_dagrun for dataset_produces_2 to None, run_after=None
[2023-10-17T23:33:46.490+0000] {processor.py:179} INFO - Processing /home/airflow/.local/lib/python3.8/site-packages/airflow/example_dags/example_datasets.py took 0.160 seconds
[2023-10-17T23:34:16.719+0000] {processor.py:157} INFO - Started process (PID=123) to work on /home/airflow/.local/lib/python3.8/site-packages/airflow/example_dags/example_datasets.py
[2023-10-17T23:34:16.721+0000] {processor.py:829} INFO - Processing file /home/airflow/.local/lib/python3.8/site-packages/airflow/example_dags/example_datasets.py for tasks to queue
[2023-10-17T23:34:16.724+0000] {logging_mixin.py:151} INFO - [2023-10-17T23:34:16.723+0000] {dagbag.py:536} INFO - Filling up the DagBag from /home/airflow/.local/lib/python3.8/site-packages/airflow/example_dags/example_datasets.py
[2023-10-17T23:34:16.737+0000] {processor.py:839} INFO - DAG(s) dict_keys(['dataset_consumes_1_and_2', 'dataset_consumes_1_never_scheduled', 'dataset_produces_1', 'dataset_produces_2', 'dataset_consumes_1', 'dataset_consumes_unknown_never_scheduled']) retrieved from /home/airflow/.local/lib/python3.8/site-packages/airflow/example_dags/example_datasets.py
[2023-10-17T23:34:16.788+0000] {logging_mixin.py:151} INFO - [2023-10-17T23:34:16.788+0000] {dag.py:2941} INFO - Sync 6 DAGs
[2023-10-17T23:34:16.811+0000] {logging_mixin.py:151} INFO - [2023-10-17T23:34:16.811+0000] {dag.py:3722} INFO - Setting next_dagrun for dataset_consumes_1 to None, run_after=None
[2023-10-17T23:34:16.815+0000] {logging_mixin.py:151} INFO - [2023-10-17T23:34:16.814+0000] {dag.py:3722} INFO - Setting next_dagrun for dataset_consumes_1_and_2 to None, run_after=None
[2023-10-17T23:34:16.816+0000] {logging_mixin.py:151} INFO - [2023-10-17T23:34:16.816+0000] {dag.py:3722} INFO - Setting next_dagrun for dataset_consumes_1_never_scheduled to None, run_after=None
[2023-10-17T23:34:16.817+0000] {logging_mixin.py:151} INFO - [2023-10-17T23:34:16.817+0000] {dag.py:3722} INFO - Setting next_dagrun for dataset_consumes_unknown_never_scheduled to None, run_after=None
[2023-10-17T23:34:16.820+0000] {logging_mixin.py:151} INFO - [2023-10-17T23:34:16.820+0000] {dag.py:3722} INFO - Setting next_dagrun for dataset_produces_1 to 2023-10-16T00:00:00+00:00, run_after=2023-10-17T00:00:00+00:00
[2023-10-17T23:34:16.821+0000] {logging_mixin.py:151} INFO - [2023-10-17T23:34:16.821+0000] {dag.py:3722} INFO - Setting next_dagrun for dataset_produces_2 to None, run_after=None
[2023-10-17T23:34:16.854+0000] {processor.py:179} INFO - Processing /home/airflow/.local/lib/python3.8/site-packages/airflow/example_dags/example_datasets.py took 0.138 seconds
[2023-10-17T23:34:47.023+0000] {processor.py:157} INFO - Started process (PID=178) to work on /home/airflow/.local/lib/python3.8/site-packages/airflow/example_dags/example_datasets.py
[2023-10-17T23:34:47.024+0000] {processor.py:829} INFO - Processing file /home/airflow/.local/lib/python3.8/site-packages/airflow/example_dags/example_datasets.py for tasks to queue
[2023-10-17T23:34:47.026+0000] {logging_mixin.py:151} INFO - [2023-10-17T23:34:47.026+0000] {dagbag.py:536} INFO - Filling up the DagBag from /home/airflow/.local/lib/python3.8/site-packages/airflow/example_dags/example_datasets.py
[2023-10-17T23:34:47.056+0000] {processor.py:839} INFO - DAG(s) dict_keys(['dataset_produces_2', 'dataset_consumes_1', 'dataset_consumes_unknown_never_scheduled', 'dataset_consumes_1_and_2', 'dataset_produces_1', 'dataset_consumes_1_never_scheduled']) retrieved from /home/airflow/.local/lib/python3.8/site-packages/airflow/example_dags/example_datasets.py
[2023-10-17T23:34:47.086+0000] {logging_mixin.py:151} INFO - [2023-10-17T23:34:47.086+0000] {dag.py:2941} INFO - Sync 6 DAGs
[2023-10-17T23:34:47.106+0000] {logging_mixin.py:151} INFO - [2023-10-17T23:34:47.105+0000] {dag.py:3722} INFO - Setting next_dagrun for dataset_consumes_1 to None, run_after=None
[2023-10-17T23:34:47.109+0000] {logging_mixin.py:151} INFO - [2023-10-17T23:34:47.109+0000] {dag.py:3722} INFO - Setting next_dagrun for dataset_consumes_1_and_2 to None, run_after=None
[2023-10-17T23:34:47.111+0000] {logging_mixin.py:151} INFO - [2023-10-17T23:34:47.110+0000] {dag.py:3722} INFO - Setting next_dagrun for dataset_consumes_1_never_scheduled to None, run_after=None
[2023-10-17T23:34:47.112+0000] {logging_mixin.py:151} INFO - [2023-10-17T23:34:47.112+0000] {dag.py:3722} INFO - Setting next_dagrun for dataset_consumes_unknown_never_scheduled to None, run_after=None
[2023-10-17T23:34:47.115+0000] {logging_mixin.py:151} INFO - [2023-10-17T23:34:47.115+0000] {dag.py:3722} INFO - Setting next_dagrun for dataset_produces_1 to 2023-10-16T00:00:00+00:00, run_after=2023-10-17T00:00:00+00:00
[2023-10-17T23:34:47.117+0000] {logging_mixin.py:151} INFO - [2023-10-17T23:34:47.117+0000] {dag.py:3722} INFO - Setting next_dagrun for dataset_produces_2 to None, run_after=None
[2023-10-17T23:34:47.146+0000] {processor.py:179} INFO - Processing /home/airflow/.local/lib/python3.8/site-packages/airflow/example_dags/example_datasets.py took 0.127 seconds
[2023-10-17T23:35:17.335+0000] {processor.py:157} INFO - Started process (PID=233) to work on /home/airflow/.local/lib/python3.8/site-packages/airflow/example_dags/example_datasets.py
[2023-10-17T23:35:17.336+0000] {processor.py:829} INFO - Processing file /home/airflow/.local/lib/python3.8/site-packages/airflow/example_dags/example_datasets.py for tasks to queue
[2023-10-17T23:35:17.339+0000] {logging_mixin.py:151} INFO - [2023-10-17T23:35:17.339+0000] {dagbag.py:536} INFO - Filling up the DagBag from /home/airflow/.local/lib/python3.8/site-packages/airflow/example_dags/example_datasets.py
[2023-10-17T23:35:17.347+0000] {processor.py:839} INFO - DAG(s) dict_keys(['dataset_consumes_1', 'dataset_consumes_1_never_scheduled', 'dataset_consumes_1_and_2', 'dataset_produces_2', 'dataset_consumes_unknown_never_scheduled', 'dataset_produces_1']) retrieved from /home/airflow/.local/lib/python3.8/site-packages/airflow/example_dags/example_datasets.py
[2023-10-17T23:35:17.381+0000] {logging_mixin.py:151} INFO - [2023-10-17T23:35:17.381+0000] {dag.py:2941} INFO - Sync 6 DAGs
[2023-10-17T23:35:17.398+0000] {logging_mixin.py:151} INFO - [2023-10-17T23:35:17.398+0000] {dag.py:3722} INFO - Setting next_dagrun for dataset_consumes_1 to None, run_after=None
[2023-10-17T23:35:17.402+0000] {logging_mixin.py:151} INFO - [2023-10-17T23:35:17.402+0000] {dag.py:3722} INFO - Setting next_dagrun for dataset_consumes_1_and_2 to None, run_after=None
[2023-10-17T23:35:17.404+0000] {logging_mixin.py:151} INFO - [2023-10-17T23:35:17.404+0000] {dag.py:3722} INFO - Setting next_dagrun for dataset_consumes_1_never_scheduled to None, run_after=None
[2023-10-17T23:35:17.406+0000] {logging_mixin.py:151} INFO - [2023-10-17T23:35:17.406+0000] {dag.py:3722} INFO - Setting next_dagrun for dataset_consumes_unknown_never_scheduled to None, run_after=None
[2023-10-17T23:35:17.408+0000] {logging_mixin.py:151} INFO - [2023-10-17T23:35:17.408+0000] {dag.py:3722} INFO - Setting next_dagrun for dataset_produces_1 to 2023-10-16T00:00:00+00:00, run_after=2023-10-17T00:00:00+00:00
[2023-10-17T23:35:17.410+0000] {logging_mixin.py:151} INFO - [2023-10-17T23:35:17.410+0000] {dag.py:3722} INFO - Setting next_dagrun for dataset_produces_2 to None, run_after=None
[2023-10-17T23:35:17.439+0000] {processor.py:179} INFO - Processing /home/airflow/.local/lib/python3.8/site-packages/airflow/example_dags/example_datasets.py took 0.106 seconds
[2023-10-17T23:35:47.504+0000] {processor.py:157} INFO - Started process (PID=288) to work on /home/airflow/.local/lib/python3.8/site-packages/airflow/example_dags/example_datasets.py
[2023-10-17T23:35:47.505+0000] {processor.py:829} INFO - Processing file /home/airflow/.local/lib/python3.8/site-packages/airflow/example_dags/example_datasets.py for tasks to queue
[2023-10-17T23:35:47.508+0000] {logging_mixin.py:151} INFO - [2023-10-17T23:35:47.507+0000] {dagbag.py:536} INFO - Filling up the DagBag from /home/airflow/.local/lib/python3.8/site-packages/airflow/example_dags/example_datasets.py
[2023-10-17T23:35:47.515+0000] {processor.py:839} INFO - DAG(s) dict_keys(['dataset_produces_1', 'dataset_consumes_unknown_never_scheduled', 'dataset_consumes_1_and_2', 'dataset_consumes_1', 'dataset_produces_2', 'dataset_consumes_1_never_scheduled']) retrieved from /home/airflow/.local/lib/python3.8/site-packages/airflow/example_dags/example_datasets.py
[2023-10-17T23:35:47.546+0000] {logging_mixin.py:151} INFO - [2023-10-17T23:35:47.546+0000] {dag.py:2941} INFO - Sync 6 DAGs
[2023-10-17T23:35:47.563+0000] {logging_mixin.py:151} INFO - [2023-10-17T23:35:47.563+0000] {dag.py:3722} INFO - Setting next_dagrun for dataset_consumes_1 to None, run_after=None
[2023-10-17T23:35:47.566+0000] {logging_mixin.py:151} INFO - [2023-10-17T23:35:47.566+0000] {dag.py:3722} INFO - Setting next_dagrun for dataset_consumes_1_and_2 to None, run_after=None
[2023-10-17T23:35:47.568+0000] {logging_mixin.py:151} INFO - [2023-10-17T23:35:47.568+0000] {dag.py:3722} INFO - Setting next_dagrun for dataset_consumes_1_never_scheduled to None, run_after=None
[2023-10-17T23:35:47.570+0000] {logging_mixin.py:151} INFO - [2023-10-17T23:35:47.570+0000] {dag.py:3722} INFO - Setting next_dagrun for dataset_consumes_unknown_never_scheduled to None, run_after=None
[2023-10-17T23:35:47.573+0000] {logging_mixin.py:151} INFO - [2023-10-17T23:35:47.573+0000] {dag.py:3722} INFO - Setting next_dagrun for dataset_produces_1 to 2023-10-16T00:00:00+00:00, run_after=2023-10-17T00:00:00+00:00
[2023-10-17T23:35:47.575+0000] {logging_mixin.py:151} INFO - [2023-10-17T23:35:47.574+0000] {dag.py:3722} INFO - Setting next_dagrun for dataset_produces_2 to None, run_after=None
[2023-10-17T23:35:47.609+0000] {processor.py:179} INFO - Processing /home/airflow/.local/lib/python3.8/site-packages/airflow/example_dags/example_datasets.py took 0.107 seconds
