[2023-10-17T23:33:46.289+0000] {processor.py:157} INFO - Started process (PID=67) to work on /home/airflow/.local/lib/python3.8/site-packages/airflow/example_dags/tutorial.py
[2023-10-17T23:33:46.291+0000] {processor.py:829} INFO - Processing file /home/airflow/.local/lib/python3.8/site-packages/airflow/example_dags/tutorial.py for tasks to queue
[2023-10-17T23:33:46.296+0000] {logging_mixin.py:151} INFO - [2023-10-17T23:33:46.296+0000] {dagbag.py:536} INFO - Filling up the DagBag from /home/airflow/.local/lib/python3.8/site-packages/airflow/example_dags/tutorial.py
[2023-10-17T23:33:46.307+0000] {processor.py:839} INFO - DAG(s) dict_keys(['tutorial']) retrieved from /home/airflow/.local/lib/python3.8/site-packages/airflow/example_dags/tutorial.py
[2023-10-17T23:33:46.325+0000] {logging_mixin.py:151} INFO - [2023-10-17T23:33:46.324+0000] {dag.py:2941} INFO - Sync 1 DAGs
[2023-10-17T23:33:46.359+0000] {logging_mixin.py:151} INFO - [2023-10-17T23:33:46.358+0000] {dag.py:3722} INFO - Setting next_dagrun for tutorial to 2023-10-16T23:33:46.358071+00:00, run_after=2023-10-17T23:33:46.358071+00:00
[2023-10-17T23:33:46.387+0000] {processor.py:179} INFO - Processing /home/airflow/.local/lib/python3.8/site-packages/airflow/example_dags/tutorial.py took 0.102 seconds
[2023-10-17T23:34:16.584+0000] {processor.py:157} INFO - Started process (PID=122) to work on /home/airflow/.local/lib/python3.8/site-packages/airflow/example_dags/tutorial.py
[2023-10-17T23:34:16.587+0000] {processor.py:829} INFO - Processing file /home/airflow/.local/lib/python3.8/site-packages/airflow/example_dags/tutorial.py for tasks to queue
[2023-10-17T23:34:16.596+0000] {logging_mixin.py:151} INFO - [2023-10-17T23:34:16.595+0000] {dagbag.py:536} INFO - Filling up the DagBag from /home/airflow/.local/lib/python3.8/site-packages/airflow/example_dags/tutorial.py
[2023-10-17T23:34:16.605+0000] {processor.py:839} INFO - DAG(s) dict_keys(['tutorial']) retrieved from /home/airflow/.local/lib/python3.8/site-packages/airflow/example_dags/tutorial.py
[2023-10-17T23:34:16.653+0000] {logging_mixin.py:151} INFO - [2023-10-17T23:34:16.644+0000] {dag.py:2941} INFO - Sync 1 DAGs
[2023-10-17T23:34:16.709+0000] {logging_mixin.py:151} INFO - [2023-10-17T23:34:16.708+0000] {dag.py:3722} INFO - Setting next_dagrun for tutorial to 2023-10-16T23:34:16.708260+00:00, run_after=2023-10-17T23:34:16.708260+00:00
[2023-10-17T23:34:16.747+0000] {processor.py:179} INFO - Processing /home/airflow/.local/lib/python3.8/site-packages/airflow/example_dags/tutorial.py took 0.167 seconds
[2023-10-17T23:34:46.906+0000] {processor.py:157} INFO - Started process (PID=177) to work on /home/airflow/.local/lib/python3.8/site-packages/airflow/example_dags/tutorial.py
[2023-10-17T23:34:46.908+0000] {processor.py:829} INFO - Processing file /home/airflow/.local/lib/python3.8/site-packages/airflow/example_dags/tutorial.py for tasks to queue
[2023-10-17T23:34:46.910+0000] {logging_mixin.py:151} INFO - [2023-10-17T23:34:46.910+0000] {dagbag.py:536} INFO - Filling up the DagBag from /home/airflow/.local/lib/python3.8/site-packages/airflow/example_dags/tutorial.py
[2023-10-17T23:34:46.915+0000] {processor.py:839} INFO - DAG(s) dict_keys(['tutorial']) retrieved from /home/airflow/.local/lib/python3.8/site-packages/airflow/example_dags/tutorial.py
[2023-10-17T23:34:46.934+0000] {logging_mixin.py:151} INFO - [2023-10-17T23:34:46.933+0000] {dag.py:2941} INFO - Sync 1 DAGs
[2023-10-17T23:34:46.951+0000] {logging_mixin.py:151} INFO - [2023-10-17T23:34:46.951+0000] {dag.py:3722} INFO - Setting next_dagrun for tutorial to 2023-10-16T23:34:46.950911+00:00, run_after=2023-10-17T23:34:46.950911+00:00
[2023-10-17T23:34:46.974+0000] {processor.py:179} INFO - Processing /home/airflow/.local/lib/python3.8/site-packages/airflow/example_dags/tutorial.py took 0.071 seconds
[2023-10-17T23:35:17.231+0000] {processor.py:157} INFO - Started process (PID=232) to work on /home/airflow/.local/lib/python3.8/site-packages/airflow/example_dags/tutorial.py
[2023-10-17T23:35:17.233+0000] {processor.py:829} INFO - Processing file /home/airflow/.local/lib/python3.8/site-packages/airflow/example_dags/tutorial.py for tasks to queue
[2023-10-17T23:35:17.235+0000] {logging_mixin.py:151} INFO - [2023-10-17T23:35:17.235+0000] {dagbag.py:536} INFO - Filling up the DagBag from /home/airflow/.local/lib/python3.8/site-packages/airflow/example_dags/tutorial.py
[2023-10-17T23:35:17.244+0000] {processor.py:839} INFO - DAG(s) dict_keys(['tutorial']) retrieved from /home/airflow/.local/lib/python3.8/site-packages/airflow/example_dags/tutorial.py
[2023-10-17T23:35:17.264+0000] {logging_mixin.py:151} INFO - [2023-10-17T23:35:17.264+0000] {dag.py:2941} INFO - Sync 1 DAGs
[2023-10-17T23:35:17.283+0000] {logging_mixin.py:151} INFO - [2023-10-17T23:35:17.283+0000] {dag.py:3722} INFO - Setting next_dagrun for tutorial to 2023-10-16T23:35:17.283521+00:00, run_after=2023-10-17T23:35:17.283521+00:00
[2023-10-17T23:35:17.303+0000] {processor.py:179} INFO - Processing /home/airflow/.local/lib/python3.8/site-packages/airflow/example_dags/tutorial.py took 0.074 seconds
[2023-10-17T23:35:47.414+0000] {processor.py:157} INFO - Started process (PID=287) to work on /home/airflow/.local/lib/python3.8/site-packages/airflow/example_dags/tutorial.py
[2023-10-17T23:35:47.416+0000] {processor.py:829} INFO - Processing file /home/airflow/.local/lib/python3.8/site-packages/airflow/example_dags/tutorial.py for tasks to queue
[2023-10-17T23:35:47.418+0000] {logging_mixin.py:151} INFO - [2023-10-17T23:35:47.418+0000] {dagbag.py:536} INFO - Filling up the DagBag from /home/airflow/.local/lib/python3.8/site-packages/airflow/example_dags/tutorial.py
[2023-10-17T23:35:47.424+0000] {processor.py:839} INFO - DAG(s) dict_keys(['tutorial']) retrieved from /home/airflow/.local/lib/python3.8/site-packages/airflow/example_dags/tutorial.py
[2023-10-17T23:35:47.443+0000] {logging_mixin.py:151} INFO - [2023-10-17T23:35:47.443+0000] {dag.py:2941} INFO - Sync 1 DAGs
[2023-10-17T23:35:47.459+0000] {logging_mixin.py:151} INFO - [2023-10-17T23:35:47.459+0000] {dag.py:3722} INFO - Setting next_dagrun for tutorial to 2023-10-16T23:35:47.459629+00:00, run_after=2023-10-17T23:35:47.459629+00:00
[2023-10-17T23:35:47.479+0000] {processor.py:179} INFO - Processing /home/airflow/.local/lib/python3.8/site-packages/airflow/example_dags/tutorial.py took 0.067 seconds
