[2024-02-06T21:33:06.605-0300] {logging_mixin.py:151} INFO - Changing /mnt/c/Users/filipe.macedo_ifood/Documents/how-desafio-03/airflow/logs/dag_id=how-desafio-3/run_id=manual__2024-02-07T00:23:22.077250+00:00/task_id=invoke_lambda_function permission to 509
[2024-02-06T21:33:06.701-0300] {logging_mixin.py:151} INFO - Changing /mnt/c/Users/filipe.macedo_ifood/Documents/how-desafio-03/airflow/logs/dag_id=how-desafio-3/run_id=manual__2024-02-07T00:23:22.077250+00:00/task_id=invoke_lambda_function permission to 509
[2024-02-06T21:33:06.738-0300] {taskinstance.py:1159} INFO - Dependencies all met for dep_context=non-requeueable deps ti=<TaskInstance: how-desafio-3.invoke_lambda_function manual__2024-02-07T00:23:22.077250+00:00 [queued]>
[2024-02-06T21:33:06.767-0300] {taskinstance.py:1159} INFO - Dependencies all met for dep_context=requeueable deps ti=<TaskInstance: how-desafio-3.invoke_lambda_function manual__2024-02-07T00:23:22.077250+00:00 [queued]>
[2024-02-06T21:33:06.767-0300] {taskinstance.py:1361} INFO - Starting attempt 1 of 1
[2024-02-06T21:33:06.832-0300] {taskinstance.py:1382} INFO - Executing <Task(LambdaInvokeFunctionOperator): invoke_lambda_function> on 2024-02-07 00:23:22.077250+00:00
[2024-02-06T21:33:06.836-0300] {standard_task_runner.py:57} INFO - Started process 981 to run task
[2024-02-06T21:33:06.840-0300] {standard_task_runner.py:84} INFO - Running: ['airflow', 'tasks', 'run', 'how-desafio-3', 'invoke_lambda_function', 'manual__2024-02-07T00:23:22.077250+00:00', '--job-id', '338', '--raw', '--subdir', 'DAGS_FOLDER/weather_dag.py', '--cfg-path', '/tmp/tmpbiq76d0f']
[2024-02-06T21:33:06.845-0300] {standard_task_runner.py:85} INFO - Job 338: Subtask invoke_lambda_function
[2024-02-06T21:33:06.965-0300] {logging_mixin.py:151} INFO - Changing /mnt/c/Users/filipe.macedo_ifood/Documents/how-desafio-03/airflow/logs/dag_id=how-desafio-3/run_id=manual__2024-02-07T00:23:22.077250+00:00/task_id=invoke_lambda_function permission to 509
[2024-02-06T21:33:06.968-0300] {task_command.py:416} INFO - Running <TaskInstance: how-desafio-3.invoke_lambda_function manual__2024-02-07T00:23:22.077250+00:00 [running]> on host 14111-NB.
[2024-02-06T21:33:07.185-0300] {taskinstance.py:1662} INFO - Exporting env vars: AIRFLOW_CTX_DAG_OWNER='airflow' AIRFLOW_CTX_DAG_ID='how-desafio-3' AIRFLOW_CTX_TASK_ID='invoke_lambda_function' AIRFLOW_CTX_EXECUTION_DATE='2024-02-07T00:23:22.077250+00:00' AIRFLOW_CTX_TRY_NUMBER='1' AIRFLOW_CTX_DAG_RUN_ID='manual__2024-02-07T00:23:22.077250+00:00'
[2024-02-06T21:33:07.186-0300] {lambda_function.py:211} INFO - Invoking AWS Lambda function: how-desafio-3 with payload: {"date": "1707260400"}
[2024-02-06T21:33:07.205-0300] {base.py:73} INFO - Using connection ID 'aws_default' for task execution.
[2024-02-06T21:33:07.206-0300] {connection_wrapper.py:340} INFO - AWS Connection (conn_id='aws_default', conn_type='aws') credentials retrieved from login and password.
[2024-02-06T21:33:08.548-0300] {lambda_function.py:220} INFO - Lambda response metadata: {'RequestId': 'bddea242-4821-4dc6-bdcf-4f45d99942f5', 'HTTPStatusCode': 202, 'HTTPHeaders': {'date': 'Wed, 07 Feb 2024 00:33:10 GMT', 'content-length': '0', 'connection': 'keep-alive', 'x-amzn-requestid': 'bddea242-4821-4dc6-bdcf-4f45d99942f5', 'x-amzn-remapped-content-length': '0', 'x-amzn-trace-id': 'root=1-65c2cfc5-00ff6a2a558079a208b24934;sampled=0'}, 'RetryAttempts': 0}
[2024-02-06T21:33:08.549-0300] {lambda_function.py:230} INFO - Lambda function invocation succeeded: {'RequestId': 'bddea242-4821-4dc6-bdcf-4f45d99942f5', 'HTTPStatusCode': 202, 'HTTPHeaders': {'date': 'Wed, 07 Feb 2024 00:33:10 GMT', 'content-length': '0', 'connection': 'keep-alive', 'x-amzn-requestid': 'bddea242-4821-4dc6-bdcf-4f45d99942f5', 'x-amzn-remapped-content-length': '0', 'x-amzn-trace-id': 'root=1-65c2cfc5-00ff6a2a558079a208b24934;sampled=0'}, 'RetryAttempts': 0}
[2024-02-06T21:33:08.650-0300] {taskinstance.py:1400} INFO - Marking task as SUCCESS. dag_id=how-desafio-3, task_id=invoke_lambda_function, execution_date=20240207T002322, start_date=20240207T003306, end_date=20240207T003308
[2024-02-06T21:33:08.743-0300] {local_task_job_runner.py:228} INFO - Task exited with return code 0
[2024-02-06T21:33:08.797-0300] {taskinstance.py:2778} INFO - 1 downstream tasks scheduled from follow-on schedule check
