[2024-01-26T11:18:20.429-0300] {logging_mixin.py:151} INFO - Changing /mnt/c/Users/filipe.macedo_ifood/Documents/how-desafio-03/airflow/logs/dag_id=how-desafio-03/run_id=manual__2024-01-26T14:18:16.225521+00:00/task_id=invoke_lambda_function permission to 509
[2024-01-26T11:18:20.476-0300] {logging_mixin.py:151} INFO - Changing /mnt/c/Users/filipe.macedo_ifood/Documents/how-desafio-03/airflow/logs/dag_id=how-desafio-03/run_id=manual__2024-01-26T14:18:16.225521+00:00/task_id=invoke_lambda_function permission to 509
[2024-01-26T11:18:20.494-0300] {taskinstance.py:1159} INFO - Dependencies all met for dep_context=non-requeueable deps ti=<TaskInstance: how-desafio-03.invoke_lambda_function manual__2024-01-26T14:18:16.225521+00:00 [queued]>
[2024-01-26T11:18:20.506-0300] {taskinstance.py:1159} INFO - Dependencies all met for dep_context=requeueable deps ti=<TaskInstance: how-desafio-03.invoke_lambda_function manual__2024-01-26T14:18:16.225521+00:00 [queued]>
[2024-01-26T11:18:20.506-0300] {taskinstance.py:1361} INFO - Starting attempt 1 of 1
[2024-01-26T11:18:20.534-0300] {taskinstance.py:1382} INFO - Executing <Task(LambdaInvokeFunctionOperator): invoke_lambda_function> on 2024-01-26 14:18:16.225521+00:00
[2024-01-26T11:18:20.536-0300] {standard_task_runner.py:57} INFO - Started process 3355 to run task
[2024-01-26T11:18:20.539-0300] {standard_task_runner.py:84} INFO - Running: ['airflow', 'tasks', 'run', 'how-desafio-03', 'invoke_lambda_function', 'manual__2024-01-26T14:18:16.225521+00:00', '--job-id', '215', '--raw', '--subdir', 'DAGS_FOLDER/weather_dag.py', '--cfg-path', '/tmp/tmpwjvsyh57']
[2024-01-26T11:18:20.540-0300] {standard_task_runner.py:85} INFO - Job 215: Subtask invoke_lambda_function
[2024-01-26T11:18:20.601-0300] {logging_mixin.py:151} INFO - Changing /mnt/c/Users/filipe.macedo_ifood/Documents/how-desafio-03/airflow/logs/dag_id=how-desafio-03/run_id=manual__2024-01-26T14:18:16.225521+00:00/task_id=invoke_lambda_function permission to 509
[2024-01-26T11:18:20.604-0300] {task_command.py:416} INFO - Running <TaskInstance: how-desafio-03.invoke_lambda_function manual__2024-01-26T14:18:16.225521+00:00 [running]> on host 14111-NB.
[2024-01-26T11:18:20.697-0300] {taskinstance.py:1662} INFO - Exporting env vars: AIRFLOW_CTX_DAG_OWNER='airflow' AIRFLOW_CTX_DAG_ID='how-desafio-03' AIRFLOW_CTX_TASK_ID='invoke_lambda_function' AIRFLOW_CTX_EXECUTION_DATE='2024-01-26T14:18:16.225521+00:00' AIRFLOW_CTX_TRY_NUMBER='1' AIRFLOW_CTX_DAG_RUN_ID='manual__2024-01-26T14:18:16.225521+00:00'
[2024-01-26T11:18:20.698-0300] {lambda_function.py:211} INFO - Invoking AWS Lambda function: how-desafio-03 with payload: {"date": "1706278500"}
[2024-01-26T11:18:20.708-0300] {base.py:73} INFO - Using connection ID 'aws_default' for task execution.
[2024-01-26T11:18:20.709-0300] {connection_wrapper.py:340} INFO - AWS Connection (conn_id='aws_default', conn_type='aws') credentials retrieved from login and password.
[2024-01-26T11:18:21.644-0300] {lambda_function.py:220} INFO - Lambda response metadata: {'RequestId': '86c8d17b-58f8-4628-9f4e-660106f4e9f0', 'HTTPStatusCode': 202, 'HTTPHeaders': {'date': 'Fri, 26 Jan 2024 14:18:43 GMT', 'content-length': '0', 'connection': 'keep-alive', 'x-amzn-requestid': '86c8d17b-58f8-4628-9f4e-660106f4e9f0', 'x-amzn-remapped-content-length': '0', 'x-amzn-trace-id': 'root=1-65b3bf43-19b889804524299a234d4dee;sampled=0'}, 'RetryAttempts': 0}
[2024-01-26T11:18:21.646-0300] {lambda_function.py:230} INFO - Lambda function invocation succeeded: {'RequestId': '86c8d17b-58f8-4628-9f4e-660106f4e9f0', 'HTTPStatusCode': 202, 'HTTPHeaders': {'date': 'Fri, 26 Jan 2024 14:18:43 GMT', 'content-length': '0', 'connection': 'keep-alive', 'x-amzn-requestid': '86c8d17b-58f8-4628-9f4e-660106f4e9f0', 'x-amzn-remapped-content-length': '0', 'x-amzn-trace-id': 'root=1-65b3bf43-19b889804524299a234d4dee;sampled=0'}, 'RetryAttempts': 0}
[2024-01-26T11:18:21.691-0300] {taskinstance.py:1400} INFO - Marking task as SUCCESS. dag_id=how-desafio-03, task_id=invoke_lambda_function, execution_date=20240126T141816, start_date=20240126T141820, end_date=20240126T141821
[2024-01-26T11:18:21.758-0300] {local_task_job_runner.py:228} INFO - Task exited with return code 0
[2024-01-26T11:18:21.779-0300] {taskinstance.py:2778} INFO - 0 downstream tasks scheduled from follow-on schedule check
