[2023-10-18T20:39:25.067-0300] {logging_mixin.py:151} INFO - Changing /mnt/c/Users/filipe.macedo_ifood/Documents/how-desafio-03/airflow/logs/dag_id=how-desafio-03/run_id=manual__2023-10-18T23:39:18.212511+00:00/task_id=invoke_lambda_function permission to 509
[2023-10-18T20:39:25.148-0300] {logging_mixin.py:151} INFO - Changing /mnt/c/Users/filipe.macedo_ifood/Documents/how-desafio-03/airflow/logs/dag_id=how-desafio-03/run_id=manual__2023-10-18T23:39:18.212511+00:00/task_id=invoke_lambda_function permission to 509
[2023-10-18T20:39:25.184-0300] {taskinstance.py:1159} INFO - Dependencies all met for dep_context=non-requeueable deps ti=<TaskInstance: how-desafio-03.invoke_lambda_function manual__2023-10-18T23:39:18.212511+00:00 [queued]>
[2023-10-18T20:39:25.216-0300] {taskinstance.py:1159} INFO - Dependencies all met for dep_context=requeueable deps ti=<TaskInstance: how-desafio-03.invoke_lambda_function manual__2023-10-18T23:39:18.212511+00:00 [queued]>
[2023-10-18T20:39:25.217-0300] {taskinstance.py:1361} INFO - Starting attempt 1 of 1
[2023-10-18T20:39:25.259-0300] {taskinstance.py:1382} INFO - Executing <Task(LambdaInvokeFunctionOperator): invoke_lambda_function> on 2023-10-18 23:39:18.212511+00:00
[2023-10-18T20:39:25.260-0300] {standard_task_runner.py:57} INFO - Started process 167 to run task
[2023-10-18T20:39:25.262-0300] {standard_task_runner.py:84} INFO - Running: ['airflow', 'tasks', 'run', 'how-desafio-03', 'invoke_lambda_function', 'manual__2023-10-18T23:39:18.212511+00:00', '--job-id', '30', '--raw', '--subdir', 'DAGS_FOLDER/weather_dag.py', '--cfg-path', '/tmp/tmp1ni29ed2']
[2023-10-18T20:39:25.263-0300] {standard_task_runner.py:85} INFO - Job 30: Subtask invoke_lambda_function
[2023-10-18T20:39:25.328-0300] {logging_mixin.py:151} INFO - Changing /mnt/c/Users/filipe.macedo_ifood/Documents/how-desafio-03/airflow/logs/dag_id=how-desafio-03/run_id=manual__2023-10-18T23:39:18.212511+00:00/task_id=invoke_lambda_function permission to 509
[2023-10-18T20:39:25.330-0300] {task_command.py:416} INFO - Running <TaskInstance: how-desafio-03.invoke_lambda_function manual__2023-10-18T23:39:18.212511+00:00 [running]> on host 14111-NB.
[2023-10-18T20:39:25.453-0300] {taskinstance.py:1662} INFO - Exporting env vars: AIRFLOW_CTX_DAG_OWNER='airflow' AIRFLOW_CTX_DAG_ID='how-desafio-03' AIRFLOW_CTX_TASK_ID='invoke_lambda_function' AIRFLOW_CTX_EXECUTION_DATE='2023-10-18T23:39:18.212511+00:00' AIRFLOW_CTX_TRY_NUMBER='1' AIRFLOW_CTX_DAG_RUN_ID='manual__2023-10-18T23:39:18.212511+00:00'
[2023-10-18T20:39:25.454-0300] {lambda_function.py:211} INFO - Invoking AWS Lambda function: my_first_test with payload: None
[2023-10-18T20:39:25.465-0300] {base.py:73} INFO - Using connection ID 'aws_default' for task execution.
[2023-10-18T20:39:25.465-0300] {connection_wrapper.py:340} INFO - AWS Connection (conn_id='aws_default', conn_type='aws') credentials retrieved from login and password.
[2023-10-18T20:39:26.346-0300] {lambda_function.py:220} INFO - Lambda response metadata: {'RequestId': '71ed1d0e-c8ac-4ff4-b6ff-9cfb4b6fa5af', 'HTTPStatusCode': 200, 'HTTPHeaders': {'date': 'Wed, 18 Oct 2023 23:39:27 GMT', 'content-type': 'application/json', 'content-length': '234', 'connection': 'keep-alive', 'x-amzn-requestid': '71ed1d0e-c8ac-4ff4-b6ff-9cfb4b6fa5af', 'x-amz-function-error': 'Unhandled', 'x-amzn-remapped-content-length': '0', 'x-amz-executed-version': '$LATEST', 'x-amzn-trace-id': 'root=1-65306caf-5b1741e20015e8c74abebcae;sampled=0;lineage=2d7f70ec:0'}, 'RetryAttempts': 0}
[2023-10-18T20:39:26.348-0300] {taskinstance.py:1937} ERROR - Task failed with exception
Traceback (most recent call last):
  File "/usr/local/lib/python3.10/dist-packages/airflow/providers/amazon/aws/operators/lambda_function.py", line 226, in execute
    raise ValueError(
ValueError: ('Lambda function execution resulted in error', {'ResponseMetadata': {'RequestId': '71ed1d0e-c8ac-4ff4-b6ff-9cfb4b6fa5af', 'HTTPStatusCode': 200, 'HTTPHeaders': {'date': 'Wed, 18 Oct 2023 23:39:27 GMT', 'content-type': 'application/json', 'content-length': '234', 'connection': 'keep-alive', 'x-amzn-requestid': '71ed1d0e-c8ac-4ff4-b6ff-9cfb4b6fa5af', 'x-amz-function-error': 'Unhandled', 'x-amzn-remapped-content-length': '0', 'x-amz-executed-version': '$LATEST', 'x-amzn-trace-id': 'root=1-65306caf-5b1741e20015e8c74abebcae;sampled=0;lineage=2d7f70ec:0'}, 'RetryAttempts': 0}, 'Payload': '{"errorMessage": "\'key1\'", "errorType": "KeyError", "requestId": "71ed1d0e-c8ac-4ff4-b6ff-9cfb4b6fa5af", "stackTrace": ["  File \\"/var/task/lambda_function.py\\", line 8, in lambda_handler\\n    print(\\"value1 = \\" + event[\'key1\'])\\n"]}'})
[2023-10-18T20:39:26.368-0300] {taskinstance.py:1400} INFO - Marking task as FAILED. dag_id=how-desafio-03, task_id=invoke_lambda_function, execution_date=20231018T233918, start_date=20231018T233925, end_date=20231018T233926
[2023-10-18T20:39:26.404-0300] {standard_task_runner.py:104} ERROR - Failed to execute job 30 for task invoke_lambda_function (('Lambda function execution resulted in error', {'ResponseMetadata': {'RequestId': '71ed1d0e-c8ac-4ff4-b6ff-9cfb4b6fa5af', 'HTTPStatusCode': 200, 'HTTPHeaders': {'date': 'Wed, 18 Oct 2023 23:39:27 GMT', 'content-type': 'application/json', 'content-length': '234', 'connection': 'keep-alive', 'x-amzn-requestid': '71ed1d0e-c8ac-4ff4-b6ff-9cfb4b6fa5af', 'x-amz-function-error': 'Unhandled', 'x-amzn-remapped-content-length': '0', 'x-amz-executed-version': '$LATEST', 'x-amzn-trace-id': 'root=1-65306caf-5b1741e20015e8c74abebcae;sampled=0;lineage=2d7f70ec:0'}, 'RetryAttempts': 0}, 'Payload': '{"errorMessage": "\'key1\'", "errorType": "KeyError", "requestId": "71ed1d0e-c8ac-4ff4-b6ff-9cfb4b6fa5af", "stackTrace": ["  File \\"/var/task/lambda_function.py\\", line 8, in lambda_handler\\n    print(\\"value1 = \\" + event[\'key1\'])\\n"]}'}); 167)
[2023-10-18T20:39:26.442-0300] {local_task_job_runner.py:228} INFO - Task exited with return code 1
[2023-10-18T20:39:26.473-0300] {taskinstance.py:2778} INFO - 0 downstream tasks scheduled from follow-on schedule check
