[2023-11-18T15:40:59.267-0300] {logging_mixin.py:151} INFO - Changing /mnt/c/Users/filipe.macedo_ifood/Documents/how-desafio-03/airflow/logs/dag_id=how-desafio-03/run_id=scheduled__2023-11-17T06:10:00+00:00/task_id=invoke_lambda_function permission to 509
[2023-11-18T15:40:59.366-0300] {logging_mixin.py:151} INFO - Changing /mnt/c/Users/filipe.macedo_ifood/Documents/how-desafio-03/airflow/logs/dag_id=how-desafio-03/run_id=scheduled__2023-11-17T06:10:00+00:00/task_id=invoke_lambda_function permission to 509
[2023-11-18T15:40:59.443-0300] {taskinstance.py:1159} INFO - Dependencies all met for dep_context=non-requeueable deps ti=<TaskInstance: how-desafio-03.invoke_lambda_function scheduled__2023-11-17T06:10:00+00:00 [queued]>
[2023-11-18T15:40:59.487-0300] {taskinstance.py:1159} INFO - Dependencies all met for dep_context=requeueable deps ti=<TaskInstance: how-desafio-03.invoke_lambda_function scheduled__2023-11-17T06:10:00+00:00 [queued]>
[2023-11-18T15:40:59.488-0300] {taskinstance.py:1361} INFO - Starting attempt 1 of 1
[2023-11-18T15:40:59.560-0300] {taskinstance.py:1382} INFO - Executing <Task(LambdaInvokeFunctionOperator): invoke_lambda_function> on 2023-11-17 06:10:00+00:00
[2023-11-18T15:40:59.562-0300] {standard_task_runner.py:57} INFO - Started process 109 to run task
[2023-11-18T15:40:59.565-0300] {standard_task_runner.py:84} INFO - Running: ['airflow', 'tasks', 'run', 'how-desafio-03', 'invoke_lambda_function', 'scheduled__2023-11-17T06:10:00+00:00', '--job-id', '97', '--raw', '--subdir', 'DAGS_FOLDER/weather_dag.py', '--cfg-path', '/tmp/tmphql3hh0n']
[2023-11-18T15:40:59.566-0300] {standard_task_runner.py:85} INFO - Job 97: Subtask invoke_lambda_function
[2023-11-18T15:40:59.750-0300] {logging_mixin.py:151} INFO - Changing /mnt/c/Users/filipe.macedo_ifood/Documents/how-desafio-03/airflow/logs/dag_id=how-desafio-03/run_id=scheduled__2023-11-17T06:10:00+00:00/task_id=invoke_lambda_function permission to 509
[2023-11-18T15:40:59.754-0300] {task_command.py:416} INFO - Running <TaskInstance: how-desafio-03.invoke_lambda_function scheduled__2023-11-17T06:10:00+00:00 [running]> on host 14111-NB.
[2023-11-18T15:41:00.077-0300] {taskinstance.py:1662} INFO - Exporting env vars: AIRFLOW_CTX_DAG_OWNER='airflow' AIRFLOW_CTX_DAG_ID='how-desafio-03' AIRFLOW_CTX_TASK_ID='invoke_lambda_function' AIRFLOW_CTX_EXECUTION_DATE='2023-11-17T06:10:00+00:00' AIRFLOW_CTX_TRY_NUMBER='1' AIRFLOW_CTX_DAG_RUN_ID='scheduled__2023-11-17T06:10:00+00:00'
[2023-11-18T15:41:00.078-0300] {lambda_function.py:211} INFO - Invoking AWS Lambda function: my_first_test with payload: {"weather_daily": {"date": "2023-11-17"}}
[2023-11-18T15:41:00.108-0300] {base.py:73} INFO - Using connection ID 'aws_default' for task execution.
[2023-11-18T15:41:00.110-0300] {connection_wrapper.py:340} INFO - AWS Connection (conn_id='aws_default', conn_type='aws') credentials retrieved from login and password.
[2023-11-18T15:41:01.092-0300] {lambda_function.py:220} INFO - Lambda response metadata: {'RequestId': '4108ad81-d013-4cde-bc0c-93ad4226bd2c', 'HTTPStatusCode': 200, 'HTTPHeaders': {'date': 'Sat, 18 Nov 2023 18:41:06 GMT', 'content-type': 'application/json', 'content-length': '4', 'connection': 'keep-alive', 'x-amzn-requestid': '4108ad81-d013-4cde-bc0c-93ad4226bd2c', 'x-amzn-remapped-content-length': '0', 'x-amz-executed-version': '$LATEST', 'x-amzn-trace-id': 'root=1-65590542-2ad7e9ee631a560d61215790;sampled=0;lineage=2d7f70ec:0'}, 'RetryAttempts': 0}
[2023-11-18T15:41:01.093-0300] {lambda_function.py:230} INFO - Lambda function invocation succeeded: {'RequestId': '4108ad81-d013-4cde-bc0c-93ad4226bd2c', 'HTTPStatusCode': 200, 'HTTPHeaders': {'date': 'Sat, 18 Nov 2023 18:41:06 GMT', 'content-type': 'application/json', 'content-length': '4', 'connection': 'keep-alive', 'x-amzn-requestid': '4108ad81-d013-4cde-bc0c-93ad4226bd2c', 'x-amzn-remapped-content-length': '0', 'x-amz-executed-version': '$LATEST', 'x-amzn-trace-id': 'root=1-65590542-2ad7e9ee631a560d61215790;sampled=0;lineage=2d7f70ec:0'}, 'RetryAttempts': 0}
[2023-11-18T15:41:01.183-0300] {taskinstance.py:1400} INFO - Marking task as SUCCESS. dag_id=how-desafio-03, task_id=invoke_lambda_function, execution_date=20231117T061000, start_date=20231118T184059, end_date=20231118T184101
[2023-11-18T15:41:01.309-0300] {local_task_job_runner.py:228} INFO - Task exited with return code 0
[2023-11-18T15:41:01.368-0300] {taskinstance.py:2778} INFO - 0 downstream tasks scheduled from follow-on schedule check
