[2023-11-18T15:41:08.203-0300] {logging_mixin.py:151} INFO - Changing /mnt/c/Users/filipe.macedo_ifood/Documents/how-desafio-03/airflow/logs/dag_id=how-desafio-03/run_id=scheduled__2023-11-17T07:10:00+00:00/task_id=invoke_lambda_function permission to 509
[2023-11-18T15:41:08.375-0300] {logging_mixin.py:151} INFO - Changing /mnt/c/Users/filipe.macedo_ifood/Documents/how-desafio-03/airflow/logs/dag_id=how-desafio-03/run_id=scheduled__2023-11-17T07:10:00+00:00/task_id=invoke_lambda_function permission to 509
[2023-11-18T15:41:08.449-0300] {taskinstance.py:1159} INFO - Dependencies all met for dep_context=non-requeueable deps ti=<TaskInstance: how-desafio-03.invoke_lambda_function scheduled__2023-11-17T07:10:00+00:00 [queued]>
[2023-11-18T15:41:08.499-0300] {taskinstance.py:1159} INFO - Dependencies all met for dep_context=requeueable deps ti=<TaskInstance: how-desafio-03.invoke_lambda_function scheduled__2023-11-17T07:10:00+00:00 [queued]>
[2023-11-18T15:41:08.500-0300] {taskinstance.py:1361} INFO - Starting attempt 1 of 1
[2023-11-18T15:41:08.619-0300] {taskinstance.py:1382} INFO - Executing <Task(LambdaInvokeFunctionOperator): invoke_lambda_function> on 2023-11-17 07:10:00+00:00
[2023-11-18T15:41:08.623-0300] {standard_task_runner.py:57} INFO - Started process 111 to run task
[2023-11-18T15:41:08.631-0300] {standard_task_runner.py:84} INFO - Running: ['airflow', 'tasks', 'run', 'how-desafio-03', 'invoke_lambda_function', 'scheduled__2023-11-17T07:10:00+00:00', '--job-id', '98', '--raw', '--subdir', 'DAGS_FOLDER/weather_dag.py', '--cfg-path', '/tmp/tmpst88i0bu']
[2023-11-18T15:41:08.634-0300] {standard_task_runner.py:85} INFO - Job 98: Subtask invoke_lambda_function
[2023-11-18T15:41:08.850-0300] {logging_mixin.py:151} INFO - Changing /mnt/c/Users/filipe.macedo_ifood/Documents/how-desafio-03/airflow/logs/dag_id=how-desafio-03/run_id=scheduled__2023-11-17T07:10:00+00:00/task_id=invoke_lambda_function permission to 509
[2023-11-18T15:41:08.855-0300] {task_command.py:416} INFO - Running <TaskInstance: how-desafio-03.invoke_lambda_function scheduled__2023-11-17T07:10:00+00:00 [running]> on host 14111-NB.
[2023-11-18T15:41:09.268-0300] {taskinstance.py:1662} INFO - Exporting env vars: AIRFLOW_CTX_DAG_OWNER='airflow' AIRFLOW_CTX_DAG_ID='how-desafio-03' AIRFLOW_CTX_TASK_ID='invoke_lambda_function' AIRFLOW_CTX_EXECUTION_DATE='2023-11-17T07:10:00+00:00' AIRFLOW_CTX_TRY_NUMBER='1' AIRFLOW_CTX_DAG_RUN_ID='scheduled__2023-11-17T07:10:00+00:00'
[2023-11-18T15:41:09.270-0300] {lambda_function.py:211} INFO - Invoking AWS Lambda function: my_first_test with payload: {"weather_daily": {"date": "2023-11-17"}}
[2023-11-18T15:41:09.309-0300] {base.py:73} INFO - Using connection ID 'aws_default' for task execution.
[2023-11-18T15:41:09.311-0300] {connection_wrapper.py:340} INFO - AWS Connection (conn_id='aws_default', conn_type='aws') credentials retrieved from login and password.
[2023-11-18T15:41:10.413-0300] {lambda_function.py:220} INFO - Lambda response metadata: {'RequestId': 'b0053d0e-c2ed-40ea-83e0-07521d14b106', 'HTTPStatusCode': 200, 'HTTPHeaders': {'date': 'Sat, 18 Nov 2023 18:41:15 GMT', 'content-type': 'application/json', 'content-length': '4', 'connection': 'keep-alive', 'x-amzn-requestid': 'b0053d0e-c2ed-40ea-83e0-07521d14b106', 'x-amzn-remapped-content-length': '0', 'x-amz-executed-version': '$LATEST', 'x-amzn-trace-id': 'root=1-6559054b-1a97a96604fb49dc7ed71394;sampled=0;lineage=2d7f70ec:0'}, 'RetryAttempts': 0}
[2023-11-18T15:41:10.415-0300] {lambda_function.py:230} INFO - Lambda function invocation succeeded: {'RequestId': 'b0053d0e-c2ed-40ea-83e0-07521d14b106', 'HTTPStatusCode': 200, 'HTTPHeaders': {'date': 'Sat, 18 Nov 2023 18:41:15 GMT', 'content-type': 'application/json', 'content-length': '4', 'connection': 'keep-alive', 'x-amzn-requestid': 'b0053d0e-c2ed-40ea-83e0-07521d14b106', 'x-amzn-remapped-content-length': '0', 'x-amz-executed-version': '$LATEST', 'x-amzn-trace-id': 'root=1-6559054b-1a97a96604fb49dc7ed71394;sampled=0;lineage=2d7f70ec:0'}, 'RetryAttempts': 0}
[2023-11-18T15:41:10.518-0300] {taskinstance.py:1400} INFO - Marking task as SUCCESS. dag_id=how-desafio-03, task_id=invoke_lambda_function, execution_date=20231117T071000, start_date=20231118T184108, end_date=20231118T184110
[2023-11-18T15:41:10.616-0300] {local_task_job_runner.py:228} INFO - Task exited with return code 0
[2023-11-18T15:41:10.668-0300] {taskinstance.py:2778} INFO - 0 downstream tasks scheduled from follow-on schedule check
