[2024-01-30T21:14:39.868-0300] {logging_mixin.py:151} INFO - Changing /mnt/c/Users/filipe.macedo_ifood/Documents/how-desafio-03/airflow/logs/dag_id=how-desafio-3/run_id=manual__2024-01-31T00:14:36.610858+00:00/task_id=invoke_lambda_function permission to 509
[2024-01-30T21:14:39.949-0300] {logging_mixin.py:151} INFO - Changing /mnt/c/Users/filipe.macedo_ifood/Documents/how-desafio-03/airflow/logs/dag_id=how-desafio-3/run_id=manual__2024-01-31T00:14:36.610858+00:00/task_id=invoke_lambda_function permission to 509
[2024-01-30T21:14:39.984-0300] {taskinstance.py:1159} INFO - Dependencies all met for dep_context=non-requeueable deps ti=<TaskInstance: how-desafio-3.invoke_lambda_function manual__2024-01-31T00:14:36.610858+00:00 [queued]>
[2024-01-30T21:14:40.005-0300] {taskinstance.py:1159} INFO - Dependencies all met for dep_context=requeueable deps ti=<TaskInstance: how-desafio-3.invoke_lambda_function manual__2024-01-31T00:14:36.610858+00:00 [queued]>
[2024-01-30T21:14:40.006-0300] {taskinstance.py:1361} INFO - Starting attempt 1 of 1
[2024-01-30T21:14:40.071-0300] {taskinstance.py:1382} INFO - Executing <Task(LambdaInvokeFunctionOperator): invoke_lambda_function> on 2024-01-31 00:14:36.610858+00:00
[2024-01-30T21:14:40.073-0300] {standard_task_runner.py:57} INFO - Started process 209 to run task
[2024-01-30T21:14:40.076-0300] {standard_task_runner.py:84} INFO - Running: ['airflow', 'tasks', 'run', 'how-desafio-3', 'invoke_lambda_function', 'manual__2024-01-31T00:14:36.610858+00:00', '--job-id', '315', '--raw', '--subdir', 'DAGS_FOLDER/weather_dag.py', '--cfg-path', '/tmp/tmpfdsi0f1o']
[2024-01-30T21:14:40.077-0300] {standard_task_runner.py:85} INFO - Job 315: Subtask invoke_lambda_function
[2024-01-30T21:14:40.223-0300] {logging_mixin.py:151} INFO - Changing /mnt/c/Users/filipe.macedo_ifood/Documents/how-desafio-03/airflow/logs/dag_id=how-desafio-3/run_id=manual__2024-01-31T00:14:36.610858+00:00/task_id=invoke_lambda_function permission to 509
[2024-01-30T21:14:40.227-0300] {task_command.py:416} INFO - Running <TaskInstance: how-desafio-3.invoke_lambda_function manual__2024-01-31T00:14:36.610858+00:00 [running]> on host 14111-NB.
[2024-01-30T21:14:40.415-0300] {taskinstance.py:1662} INFO - Exporting env vars: AIRFLOW_CTX_DAG_OWNER='airflow' AIRFLOW_CTX_DAG_ID='how-desafio-3' AIRFLOW_CTX_TASK_ID='invoke_lambda_function' AIRFLOW_CTX_EXECUTION_DATE='2024-01-31T00:14:36.610858+00:00' AIRFLOW_CTX_TRY_NUMBER='1' AIRFLOW_CTX_DAG_RUN_ID='manual__2024-01-31T00:14:36.610858+00:00'
[2024-01-30T21:14:40.416-0300] {lambda_function.py:211} INFO - Invoking AWS Lambda function: how-desafio-3 with payload: {"date": "1706655600"}
[2024-01-30T21:14:40.435-0300] {base.py:73} INFO - Using connection ID 'aws_default' for task execution.
[2024-01-30T21:14:40.436-0300] {connection_wrapper.py:340} INFO - AWS Connection (conn_id='aws_default', conn_type='aws') credentials retrieved from login and password.
[2024-01-30T21:14:41.877-0300] {lambda_function.py:220} INFO - Lambda response metadata: {'RequestId': 'cb7d7788-f1e4-4828-8e8b-e09b5684886a', 'HTTPStatusCode': 202, 'HTTPHeaders': {'date': 'Wed, 31 Jan 2024 00:14:42 GMT', 'content-length': '0', 'connection': 'keep-alive', 'x-amzn-requestid': 'cb7d7788-f1e4-4828-8e8b-e09b5684886a', 'x-amzn-remapped-content-length': '0', 'x-amzn-trace-id': 'root=1-65b990f2-63585bc765e00a1333f8f49f;sampled=0'}, 'RetryAttempts': 0}
[2024-01-30T21:14:41.880-0300] {lambda_function.py:230} INFO - Lambda function invocation succeeded: {'RequestId': 'cb7d7788-f1e4-4828-8e8b-e09b5684886a', 'HTTPStatusCode': 202, 'HTTPHeaders': {'date': 'Wed, 31 Jan 2024 00:14:42 GMT', 'content-length': '0', 'connection': 'keep-alive', 'x-amzn-requestid': 'cb7d7788-f1e4-4828-8e8b-e09b5684886a', 'x-amzn-remapped-content-length': '0', 'x-amzn-trace-id': 'root=1-65b990f2-63585bc765e00a1333f8f49f;sampled=0'}, 'RetryAttempts': 0}
[2024-01-30T21:14:41.940-0300] {taskinstance.py:1400} INFO - Marking task as SUCCESS. dag_id=how-desafio-3, task_id=invoke_lambda_function, execution_date=20240131T001436, start_date=20240131T001439, end_date=20240131T001441
[2024-01-30T21:14:42.020-0300] {local_task_job_runner.py:228} INFO - Task exited with return code 0
[2024-01-30T21:14:42.064-0300] {taskinstance.py:2778} INFO - 1 downstream tasks scheduled from follow-on schedule check
