[2023-11-06T21:26:51.225-0300] {logging_mixin.py:151} INFO - Changing /mnt/c/Users/filipe.macedo_ifood/Documents/how-desafio-03/airflow/logs/dag_id=how-desafio-03/run_id=scheduled__2023-11-06T20:10:00+00:00/task_id=invoke_lambda_function permission to 509
[2023-11-06T21:26:51.479-0300] {logging_mixin.py:151} INFO - Changing /mnt/c/Users/filipe.macedo_ifood/Documents/how-desafio-03/airflow/logs/dag_id=how-desafio-03/run_id=scheduled__2023-11-06T20:10:00+00:00/task_id=invoke_lambda_function permission to 509
[2023-11-06T21:26:51.561-0300] {taskinstance.py:1159} INFO - Dependencies all met for dep_context=non-requeueable deps ti=<TaskInstance: how-desafio-03.invoke_lambda_function scheduled__2023-11-06T20:10:00+00:00 [queued]>
[2023-11-06T21:26:51.679-0300] {taskinstance.py:1159} INFO - Dependencies all met for dep_context=requeueable deps ti=<TaskInstance: how-desafio-03.invoke_lambda_function scheduled__2023-11-06T20:10:00+00:00 [queued]>
[2023-11-06T21:26:51.680-0300] {taskinstance.py:1361} INFO - Starting attempt 1 of 1
[2023-11-06T21:26:51.797-0300] {taskinstance.py:1382} INFO - Executing <Task(LambdaInvokeFunctionOperator): invoke_lambda_function> on 2023-11-06 20:10:00+00:00
[2023-11-06T21:26:51.801-0300] {standard_task_runner.py:57} INFO - Started process 832 to run task
[2023-11-06T21:26:51.805-0300] {standard_task_runner.py:84} INFO - Running: ['airflow', 'tasks', 'run', 'how-desafio-03', 'invoke_lambda_function', 'scheduled__2023-11-06T20:10:00+00:00', '--job-id', '78', '--raw', '--subdir', 'DAGS_FOLDER/weather_dag.py', '--cfg-path', '/tmp/tmp0wbm88d5']
[2023-11-06T21:26:51.808-0300] {standard_task_runner.py:85} INFO - Job 78: Subtask invoke_lambda_function
[2023-11-06T21:26:52.052-0300] {logging_mixin.py:151} INFO - Changing /mnt/c/Users/filipe.macedo_ifood/Documents/how-desafio-03/airflow/logs/dag_id=how-desafio-03/run_id=scheduled__2023-11-06T20:10:00+00:00/task_id=invoke_lambda_function permission to 509
[2023-11-06T21:26:52.057-0300] {task_command.py:416} INFO - Running <TaskInstance: how-desafio-03.invoke_lambda_function scheduled__2023-11-06T20:10:00+00:00 [running]> on host 14111-NB.
[2023-11-06T21:26:52.447-0300] {taskinstance.py:1662} INFO - Exporting env vars: AIRFLOW_CTX_DAG_OWNER='airflow' AIRFLOW_CTX_DAG_ID='how-desafio-03' AIRFLOW_CTX_TASK_ID='invoke_lambda_function' AIRFLOW_CTX_EXECUTION_DATE='2023-11-06T20:10:00+00:00' AIRFLOW_CTX_TRY_NUMBER='1' AIRFLOW_CTX_DAG_RUN_ID='scheduled__2023-11-06T20:10:00+00:00'
[2023-11-06T21:26:52.450-0300] {lambda_function.py:211} INFO - Invoking AWS Lambda function: my_first_test with payload: {"SampleEvent": {"SampleData": {"Name": "XYZ", "DoB": "1993-01-01"}}}
[2023-11-06T21:26:52.507-0300] {base.py:73} INFO - Using connection ID 'aws_default' for task execution.
[2023-11-06T21:26:52.509-0300] {connection_wrapper.py:340} INFO - AWS Connection (conn_id='aws_default', conn_type='aws') credentials retrieved from login and password.
[2023-11-06T21:26:53.706-0300] {lambda_function.py:220} INFO - Lambda response metadata: {'RequestId': 'da0d75ee-9ece-4484-b6bf-3d36d94b21e6', 'HTTPStatusCode': 200, 'HTTPHeaders': {'date': 'Tue, 07 Nov 2023 00:26:55 GMT', 'content-type': 'application/json', 'content-length': '234', 'connection': 'keep-alive', 'x-amzn-requestid': 'da0d75ee-9ece-4484-b6bf-3d36d94b21e6', 'x-amz-function-error': 'Unhandled', 'x-amzn-remapped-content-length': '0', 'x-amz-executed-version': '$LATEST', 'x-amzn-trace-id': 'root=1-6549844f-1f17f9f7420971cb1eb17985;sampled=0;lineage=2d7f70ec:0'}, 'RetryAttempts': 0}
[2023-11-06T21:26:53.708-0300] {taskinstance.py:1937} ERROR - Task failed with exception
Traceback (most recent call last):
  File "/usr/local/lib/python3.10/dist-packages/airflow/providers/amazon/aws/operators/lambda_function.py", line 226, in execute
    raise ValueError(
ValueError: ('Lambda function execution resulted in error', {'ResponseMetadata': {'RequestId': 'da0d75ee-9ece-4484-b6bf-3d36d94b21e6', 'HTTPStatusCode': 200, 'HTTPHeaders': {'date': 'Tue, 07 Nov 2023 00:26:55 GMT', 'content-type': 'application/json', 'content-length': '234', 'connection': 'keep-alive', 'x-amzn-requestid': 'da0d75ee-9ece-4484-b6bf-3d36d94b21e6', 'x-amz-function-error': 'Unhandled', 'x-amzn-remapped-content-length': '0', 'x-amz-executed-version': '$LATEST', 'x-amzn-trace-id': 'root=1-6549844f-1f17f9f7420971cb1eb17985;sampled=0;lineage=2d7f70ec:0'}, 'RetryAttempts': 0}, 'Payload': '{"errorMessage": "\'key1\'", "errorType": "KeyError", "requestId": "da0d75ee-9ece-4484-b6bf-3d36d94b21e6", "stackTrace": ["  File \\"/var/task/lambda_function.py\\", line 8, in lambda_handler\\n    print(\\"value1 = \\" + event[\'key1\'])\\n"]}'})
[2023-11-06T21:26:53.737-0300] {taskinstance.py:1400} INFO - Marking task as FAILED. dag_id=how-desafio-03, task_id=invoke_lambda_function, execution_date=20231106T201000, start_date=20231107T002651, end_date=20231107T002653
[2023-11-06T21:26:53.836-0300] {standard_task_runner.py:104} ERROR - Failed to execute job 78 for task invoke_lambda_function (('Lambda function execution resulted in error', {'ResponseMetadata': {'RequestId': 'da0d75ee-9ece-4484-b6bf-3d36d94b21e6', 'HTTPStatusCode': 200, 'HTTPHeaders': {'date': 'Tue, 07 Nov 2023 00:26:55 GMT', 'content-type': 'application/json', 'content-length': '234', 'connection': 'keep-alive', 'x-amzn-requestid': 'da0d75ee-9ece-4484-b6bf-3d36d94b21e6', 'x-amz-function-error': 'Unhandled', 'x-amzn-remapped-content-length': '0', 'x-amz-executed-version': '$LATEST', 'x-amzn-trace-id': 'root=1-6549844f-1f17f9f7420971cb1eb17985;sampled=0;lineage=2d7f70ec:0'}, 'RetryAttempts': 0}, 'Payload': '{"errorMessage": "\'key1\'", "errorType": "KeyError", "requestId": "da0d75ee-9ece-4484-b6bf-3d36d94b21e6", "stackTrace": ["  File \\"/var/task/lambda_function.py\\", line 8, in lambda_handler\\n    print(\\"value1 = \\" + event[\'key1\'])\\n"]}'}); 832)
[2023-11-06T21:26:53.868-0300] {local_task_job_runner.py:228} INFO - Task exited with return code 1
[2023-11-06T21:26:53.918-0300] {taskinstance.py:2778} INFO - 0 downstream tasks scheduled from follow-on schedule check
