[2024-01-27T14:08:35.046-0300] {logging_mixin.py:151} INFO - Changing /mnt/c/Users/filipe.macedo_ifood/Documents/how-desafio-03/airflow/logs/dag_id=how-desafio-3/run_id=scheduled__2024-01-27T16:45:00+00:00/task_id=wait_for_step permission to 509
[2024-01-27T14:08:35.097-0300] {logging_mixin.py:151} INFO - Changing /mnt/c/Users/filipe.macedo_ifood/Documents/how-desafio-03/airflow/logs/dag_id=how-desafio-3/run_id=scheduled__2024-01-27T16:45:00+00:00/task_id=wait_for_step permission to 509
[2024-01-27T14:08:35.118-0300] {taskinstance.py:1159} INFO - Dependencies all met for dep_context=non-requeueable deps ti=<TaskInstance: how-desafio-3.wait_for_step scheduled__2024-01-27T16:45:00+00:00 [queued]>
[2024-01-27T14:08:35.130-0300] {taskinstance.py:1159} INFO - Dependencies all met for dep_context=requeueable deps ti=<TaskInstance: how-desafio-3.wait_for_step scheduled__2024-01-27T16:45:00+00:00 [queued]>
[2024-01-27T14:08:35.132-0300] {taskinstance.py:1361} INFO - Starting attempt 1 of 1
[2024-01-27T14:08:35.161-0300] {taskinstance.py:1382} INFO - Executing <Task(EmrStepSensor): wait_for_step> on 2024-01-27 16:45:00+00:00
[2024-01-27T14:08:35.163-0300] {standard_task_runner.py:57} INFO - Started process 326 to run task
[2024-01-27T14:08:35.169-0300] {standard_task_runner.py:84} INFO - Running: ['airflow', 'tasks', 'run', 'how-desafio-3', 'wait_for_step', 'scheduled__2024-01-27T16:45:00+00:00', '--job-id', '293', '--raw', '--subdir', 'DAGS_FOLDER/weather_dag.py', '--cfg-path', '/tmp/tmpdly3k8v7']
[2024-01-27T14:08:35.170-0300] {standard_task_runner.py:85} INFO - Job 293: Subtask wait_for_step
[2024-01-27T14:08:35.228-0300] {logging_mixin.py:151} INFO - Changing /mnt/c/Users/filipe.macedo_ifood/Documents/how-desafio-03/airflow/logs/dag_id=how-desafio-3/run_id=scheduled__2024-01-27T16:45:00+00:00/task_id=wait_for_step permission to 509
[2024-01-27T14:08:35.230-0300] {task_command.py:416} INFO - Running <TaskInstance: how-desafio-3.wait_for_step scheduled__2024-01-27T16:45:00+00:00 [running]> on host 14111-NB.
[2024-01-27T14:08:35.347-0300] {taskinstance.py:1662} INFO - Exporting env vars: AIRFLOW_CTX_DAG_OWNER='airflow' AIRFLOW_CTX_DAG_ID='how-desafio-3' AIRFLOW_CTX_TASK_ID='wait_for_step' AIRFLOW_CTX_EXECUTION_DATE='2024-01-27T16:45:00+00:00' AIRFLOW_CTX_TRY_NUMBER='1' AIRFLOW_CTX_DAG_RUN_ID='scheduled__2024-01-27T16:45:00+00:00'
[2024-01-27T14:08:35.359-0300] {base.py:73} INFO - Using connection ID 'aws_default' for task execution.
[2024-01-27T14:08:35.360-0300] {connection_wrapper.py:340} INFO - AWS Connection (conn_id='aws_default', conn_type='aws') credentials retrieved from login and password.
[2024-01-27T14:08:35.566-0300] {emr.py:575} INFO - Poking step s-0188226LI52LWBS07HJ on cluster j-3NUTUY48V0HSE
[2024-01-27T14:08:36.560-0300] {emr.py:79} INFO - Job flow currently PENDING
[2024-01-27T14:09:36.621-0300] {emr.py:575} INFO - Poking step s-0188226LI52LWBS07HJ on cluster j-3NUTUY48V0HSE
[2024-01-27T14:09:37.679-0300] {emr.py:79} INFO - Job flow currently PENDING
[2024-01-27T14:10:37.739-0300] {emr.py:575} INFO - Poking step s-0188226LI52LWBS07HJ on cluster j-3NUTUY48V0HSE
[2024-01-27T14:10:38.795-0300] {emr.py:79} INFO - Job flow currently PENDING
[2024-01-27T14:11:38.856-0300] {emr.py:575} INFO - Poking step s-0188226LI52LWBS07HJ on cluster j-3NUTUY48V0HSE
[2024-01-27T14:11:40.021-0300] {emr.py:79} INFO - Job flow currently PENDING
[2024-01-27T14:12:40.082-0300] {emr.py:575} INFO - Poking step s-0188226LI52LWBS07HJ on cluster j-3NUTUY48V0HSE
[2024-01-27T14:12:41.185-0300] {emr.py:79} INFO - Job flow currently PENDING
[2024-01-27T14:13:41.197-0300] {emr.py:575} INFO - Poking step s-0188226LI52LWBS07HJ on cluster j-3NUTUY48V0HSE
[2024-01-27T14:13:42.341-0300] {emr.py:79} INFO - Job flow currently PENDING
[2024-01-27T14:14:42.402-0300] {emr.py:575} INFO - Poking step s-0188226LI52LWBS07HJ on cluster j-3NUTUY48V0HSE
[2024-01-27T14:14:43.675-0300] {emr.py:79} INFO - Job flow currently PENDING
[2024-01-27T14:15:43.737-0300] {emr.py:575} INFO - Poking step s-0188226LI52LWBS07HJ on cluster j-3NUTUY48V0HSE
[2024-01-27T14:15:44.925-0300] {emr.py:79} INFO - Job flow currently PENDING
[2024-01-27T14:16:44.986-0300] {emr.py:575} INFO - Poking step s-0188226LI52LWBS07HJ on cluster j-3NUTUY48V0HSE
[2024-01-27T14:16:46.133-0300] {emr.py:79} INFO - Job flow currently RUNNING
[2024-01-27T14:17:46.193-0300] {emr.py:575} INFO - Poking step s-0188226LI52LWBS07HJ on cluster j-3NUTUY48V0HSE
[2024-01-27T14:17:47.218-0300] {emr.py:79} INFO - Job flow currently COMPLETED
[2024-01-27T14:17:47.218-0300] {base.py:287} INFO - Success criteria met. Exiting.
[2024-01-27T14:17:47.228-0300] {taskinstance.py:1400} INFO - Marking task as SUCCESS. dag_id=how-desafio-3, task_id=wait_for_step, execution_date=20240127T164500, start_date=20240127T170835, end_date=20240127T171747
[2024-01-27T14:17:47.292-0300] {local_task_job_runner.py:228} INFO - Task exited with return code 0
[2024-01-27T14:17:47.326-0300] {taskinstance.py:2778} INFO - 0 downstream tasks scheduled from follow-on schedule check
