[2024-01-27T13:37:34.687-0300] {logging_mixin.py:151} INFO - Changing /mnt/c/Users/filipe.macedo_ifood/Documents/how-desafio-03/airflow/logs/dag_id=how-desafio-3/run_id=scheduled__2024-01-27T16:15:00+00:00/task_id=create_emr_cluster permission to 509
[2024-01-27T13:37:34.731-0300] {logging_mixin.py:151} INFO - Changing /mnt/c/Users/filipe.macedo_ifood/Documents/how-desafio-03/airflow/logs/dag_id=how-desafio-3/run_id=scheduled__2024-01-27T16:15:00+00:00/task_id=create_emr_cluster permission to 509
[2024-01-27T13:37:34.749-0300] {taskinstance.py:1159} INFO - Dependencies all met for dep_context=non-requeueable deps ti=<TaskInstance: how-desafio-3.create_emr_cluster scheduled__2024-01-27T16:15:00+00:00 [queued]>
[2024-01-27T13:37:34.761-0300] {taskinstance.py:1159} INFO - Dependencies all met for dep_context=requeueable deps ti=<TaskInstance: how-desafio-3.create_emr_cluster scheduled__2024-01-27T16:15:00+00:00 [queued]>
[2024-01-27T13:37:34.762-0300] {taskinstance.py:1361} INFO - Starting attempt 1 of 4
[2024-01-27T13:37:34.790-0300] {taskinstance.py:1382} INFO - Executing <Task(EmrCreateJobFlowOperator): create_emr_cluster> on 2024-01-27 16:15:00+00:00
[2024-01-27T13:37:34.792-0300] {standard_task_runner.py:57} INFO - Started process 198 to run task
[2024-01-27T13:37:34.796-0300] {standard_task_runner.py:84} INFO - Running: ['airflow', 'tasks', 'run', 'how-desafio-3', 'create_emr_cluster', 'scheduled__2024-01-27T16:15:00+00:00', '--job-id', '289', '--raw', '--subdir', 'DAGS_FOLDER/weather_dag.py', '--cfg-path', '/tmp/tmpvcua16aa']
[2024-01-27T13:37:34.797-0300] {standard_task_runner.py:85} INFO - Job 289: Subtask create_emr_cluster
[2024-01-27T13:37:34.859-0300] {logging_mixin.py:151} INFO - Changing /mnt/c/Users/filipe.macedo_ifood/Documents/how-desafio-03/airflow/logs/dag_id=how-desafio-3/run_id=scheduled__2024-01-27T16:15:00+00:00/task_id=create_emr_cluster permission to 509
[2024-01-27T13:37:34.863-0300] {task_command.py:416} INFO - Running <TaskInstance: how-desafio-3.create_emr_cluster scheduled__2024-01-27T16:15:00+00:00 [running]> on host 14111-NB.
[2024-01-27T13:37:34.981-0300] {taskinstance.py:1662} INFO - Exporting env vars: AIRFLOW_CTX_DAG_OWNER='Filipe' AIRFLOW_CTX_DAG_ID='how-desafio-3' AIRFLOW_CTX_TASK_ID='create_emr_cluster' AIRFLOW_CTX_EXECUTION_DATE='2024-01-27T16:15:00+00:00' AIRFLOW_CTX_TRY_NUMBER='1' AIRFLOW_CTX_DAG_RUN_ID='scheduled__2024-01-27T16:15:00+00:00'
[2024-01-27T13:37:34.981-0300] {emr.py:742} INFO - Creating job flow using aws_conn_id: aws_default, emr_conn_id: emr_default
[2024-01-27T13:37:34.991-0300] {logging_mixin.py:151} WARNING - /usr/local/lib/python3.10/dist-packages/airflow/providers/amazon/aws/operators/emr.py:750 UserWarning: Unable to find Amazon Elastic MapReduce Connection ID 'emr_default', using an empty initial configuration. If you want to get rid of this warning message please provide a valid `emr_conn_id` or set it to None.
[2024-01-27T13:37:35.001-0300] {base.py:73} INFO - Using connection ID 'aws_default' for task execution.
[2024-01-27T13:37:35.001-0300] {connection_wrapper.py:340} INFO - AWS Connection (conn_id='aws_default', conn_type='aws') credentials retrieved from login and password.
[2024-01-27T13:37:36.162-0300] {emr.py:756} INFO - Job flow with id j-2PZ4VPTH3EMHA created
[2024-01-27T13:37:36.468-0300] {taskinstance.py:1400} INFO - Marking task as SUCCESS. dag_id=how-desafio-3, task_id=create_emr_cluster, execution_date=20240127T161500, start_date=20240127T163734, end_date=20240127T163736
[2024-01-27T13:37:36.499-0300] {local_task_job_runner.py:228} INFO - Task exited with return code 0
[2024-01-27T13:37:36.520-0300] {taskinstance.py:2778} INFO - 0 downstream tasks scheduled from follow-on schedule check
