[2024-01-30T21:05:27.522-0300] {logging_mixin.py:151} INFO - Changing /mnt/c/Users/filipe.macedo_ifood/Documents/how-desafio-03/airflow/logs/dag_id=how-desafio-3/run_id=manual__2024-01-31T00:05:23.901160+00:00/task_id=invoke_lambda_function permission to 509
[2024-01-30T21:05:27.678-0300] {logging_mixin.py:151} INFO - Changing /mnt/c/Users/filipe.macedo_ifood/Documents/how-desafio-03/airflow/logs/dag_id=how-desafio-3/run_id=manual__2024-01-31T00:05:23.901160+00:00/task_id=invoke_lambda_function permission to 509
[2024-01-30T21:05:27.722-0300] {taskinstance.py:1159} INFO - Dependencies all met for dep_context=non-requeueable deps ti=<TaskInstance: how-desafio-3.invoke_lambda_function manual__2024-01-31T00:05:23.901160+00:00 [queued]>
[2024-01-30T21:05:27.750-0300] {taskinstance.py:1159} INFO - Dependencies all met for dep_context=requeueable deps ti=<TaskInstance: how-desafio-3.invoke_lambda_function manual__2024-01-31T00:05:23.901160+00:00 [queued]>
[2024-01-30T21:05:27.751-0300] {taskinstance.py:1361} INFO - Starting attempt 1 of 1
[2024-01-30T21:05:27.819-0300] {taskinstance.py:1382} INFO - Executing <Task(LambdaInvokeFunctionOperator): invoke_lambda_function> on 2024-01-31 00:05:23.901160+00:00
[2024-01-30T21:05:27.822-0300] {standard_task_runner.py:57} INFO - Started process 196 to run task
[2024-01-30T21:05:27.824-0300] {standard_task_runner.py:84} INFO - Running: ['airflow', 'tasks', 'run', 'how-desafio-3', 'invoke_lambda_function', 'manual__2024-01-31T00:05:23.901160+00:00', '--job-id', '311', '--raw', '--subdir', 'DAGS_FOLDER/weather_dag.py', '--cfg-path', '/tmp/tmpym_salq0']
[2024-01-30T21:05:27.826-0300] {standard_task_runner.py:85} INFO - Job 311: Subtask invoke_lambda_function
[2024-01-30T21:05:27.965-0300] {logging_mixin.py:151} INFO - Changing /mnt/c/Users/filipe.macedo_ifood/Documents/how-desafio-03/airflow/logs/dag_id=how-desafio-3/run_id=manual__2024-01-31T00:05:23.901160+00:00/task_id=invoke_lambda_function permission to 509
[2024-01-30T21:05:27.968-0300] {task_command.py:416} INFO - Running <TaskInstance: how-desafio-3.invoke_lambda_function manual__2024-01-31T00:05:23.901160+00:00 [running]> on host 14111-NB.
[2024-01-30T21:05:28.174-0300] {taskinstance.py:1662} INFO - Exporting env vars: AIRFLOW_CTX_DAG_OWNER='airflow' AIRFLOW_CTX_DAG_ID='how-desafio-3' AIRFLOW_CTX_TASK_ID='invoke_lambda_function' AIRFLOW_CTX_EXECUTION_DATE='2024-01-31T00:05:23.901160+00:00' AIRFLOW_CTX_TRY_NUMBER='1' AIRFLOW_CTX_DAG_RUN_ID='manual__2024-01-31T00:05:23.901160+00:00'
[2024-01-30T21:05:28.175-0300] {lambda_function.py:211} INFO - Invoking AWS Lambda function: how-desafio-3 with payload: {"date": "1706655600"}
[2024-01-30T21:05:28.199-0300] {base.py:73} INFO - Using connection ID 'aws_default' for task execution.
[2024-01-30T21:05:28.200-0300] {connection_wrapper.py:340} INFO - AWS Connection (conn_id='aws_default', conn_type='aws') credentials retrieved from login and password.
[2024-01-30T21:05:29.623-0300] {lambda_function.py:220} INFO - Lambda response metadata: {'RequestId': '26a276db-4e05-4866-8593-43e9805c54df', 'HTTPStatusCode': 202, 'HTTPHeaders': {'date': 'Wed, 31 Jan 2024 00:05:29 GMT', 'content-length': '0', 'connection': 'keep-alive', 'x-amzn-requestid': '26a276db-4e05-4866-8593-43e9805c54df', 'x-amzn-remapped-content-length': '0', 'x-amzn-trace-id': 'root=1-65b98ec9-4eab9f8e0c0c53f17d94f882;sampled=0'}, 'RetryAttempts': 0}
[2024-01-30T21:05:29.625-0300] {lambda_function.py:230} INFO - Lambda function invocation succeeded: {'RequestId': '26a276db-4e05-4866-8593-43e9805c54df', 'HTTPStatusCode': 202, 'HTTPHeaders': {'date': 'Wed, 31 Jan 2024 00:05:29 GMT', 'content-length': '0', 'connection': 'keep-alive', 'x-amzn-requestid': '26a276db-4e05-4866-8593-43e9805c54df', 'x-amzn-remapped-content-length': '0', 'x-amzn-trace-id': 'root=1-65b98ec9-4eab9f8e0c0c53f17d94f882;sampled=0'}, 'RetryAttempts': 0}
[2024-01-30T21:05:29.737-0300] {taskinstance.py:1400} INFO - Marking task as SUCCESS. dag_id=how-desafio-3, task_id=invoke_lambda_function, execution_date=20240131T000523, start_date=20240131T000527, end_date=20240131T000529
[2024-01-30T21:05:29.852-0300] {local_task_job_runner.py:228} INFO - Task exited with return code 0
[2024-01-30T21:05:29.929-0300] {taskinstance.py:2778} INFO - 1 downstream tasks scheduled from follow-on schedule check
