[2024-02-17T18:02:31.748-0300] {logging_mixin.py:151} INFO - Changing /mnt/c/Users/filipe.macedo_ifood/Documents/how-desafio-03/airflow/logs/dag_id=how-desafio-3/run_id=scheduled__2024-02-17T20:00:00+00:00/task_id=wait_for_step permission to 509
[2024-02-17T18:02:31.794-0300] {logging_mixin.py:151} INFO - Changing /mnt/c/Users/filipe.macedo_ifood/Documents/how-desafio-03/airflow/logs/dag_id=how-desafio-3/run_id=scheduled__2024-02-17T20:00:00+00:00/task_id=wait_for_step permission to 509
[2024-02-17T18:02:31.812-0300] {taskinstance.py:1159} INFO - Dependencies all met for dep_context=non-requeueable deps ti=<TaskInstance: how-desafio-3.wait_for_step scheduled__2024-02-17T20:00:00+00:00 [queued]>
[2024-02-17T18:02:31.823-0300] {taskinstance.py:1159} INFO - Dependencies all met for dep_context=requeueable deps ti=<TaskInstance: how-desafio-3.wait_for_step scheduled__2024-02-17T20:00:00+00:00 [queued]>
[2024-02-17T18:02:31.824-0300] {taskinstance.py:1361} INFO - Starting attempt 1 of 1
[2024-02-17T18:02:31.851-0300] {taskinstance.py:1382} INFO - Executing <Task(EmrStepSensor): wait_for_step> on 2024-02-17 20:00:00+00:00
[2024-02-17T18:02:31.853-0300] {standard_task_runner.py:57} INFO - Started process 3173 to run task
[2024-02-17T18:02:31.856-0300] {standard_task_runner.py:84} INFO - Running: ['airflow', 'tasks', 'run', 'how-desafio-3', 'wait_for_step', 'scheduled__2024-02-17T20:00:00+00:00', '--job-id', '360', '--raw', '--subdir', 'DAGS_FOLDER/weather_dag.py', '--cfg-path', '/tmp/tmpl4r7lpyv']
[2024-02-17T18:02:31.857-0300] {standard_task_runner.py:85} INFO - Job 360: Subtask wait_for_step
[2024-02-17T18:02:31.916-0300] {logging_mixin.py:151} INFO - Changing /mnt/c/Users/filipe.macedo_ifood/Documents/how-desafio-03/airflow/logs/dag_id=how-desafio-3/run_id=scheduled__2024-02-17T20:00:00+00:00/task_id=wait_for_step permission to 509
[2024-02-17T18:02:31.918-0300] {task_command.py:416} INFO - Running <TaskInstance: how-desafio-3.wait_for_step scheduled__2024-02-17T20:00:00+00:00 [running]> on host 14111-NB.
[2024-02-17T18:02:32.031-0300] {taskinstance.py:1662} INFO - Exporting env vars: AIRFLOW_CTX_DAG_OWNER='airflow' AIRFLOW_CTX_DAG_ID='how-desafio-3' AIRFLOW_CTX_TASK_ID='wait_for_step' AIRFLOW_CTX_EXECUTION_DATE='2024-02-17T20:00:00+00:00' AIRFLOW_CTX_TRY_NUMBER='1' AIRFLOW_CTX_DAG_RUN_ID='scheduled__2024-02-17T20:00:00+00:00'
[2024-02-17T18:02:32.042-0300] {base.py:73} INFO - Using connection ID 'aws_default' for task execution.
[2024-02-17T18:02:32.043-0300] {connection_wrapper.py:340} INFO - AWS Connection (conn_id='aws_default', conn_type='aws') credentials retrieved from login and password.
[2024-02-17T18:02:32.301-0300] {emr.py:575} INFO - Poking step s-052814015H1OXS0OFILP on cluster j-NIES5BWDJFSZ
[2024-02-17T18:02:33.300-0300] {emr.py:79} INFO - Job flow currently PENDING
[2024-02-17T18:03:33.360-0300] {emr.py:575} INFO - Poking step s-052814015H1OXS0OFILP on cluster j-NIES5BWDJFSZ
[2024-02-17T18:03:34.548-0300] {emr.py:79} INFO - Job flow currently PENDING
[2024-02-17T18:04:34.602-0300] {emr.py:575} INFO - Poking step s-052814015H1OXS0OFILP on cluster j-NIES5BWDJFSZ
[2024-02-17T18:04:35.734-0300] {emr.py:79} INFO - Job flow currently PENDING
[2024-02-17T18:05:35.770-0300] {emr.py:575} INFO - Poking step s-052814015H1OXS0OFILP on cluster j-NIES5BWDJFSZ
[2024-02-17T18:05:36.921-0300] {emr.py:79} INFO - Job flow currently PENDING
[2024-02-17T18:06:36.982-0300] {emr.py:575} INFO - Poking step s-052814015H1OXS0OFILP on cluster j-NIES5BWDJFSZ
[2024-02-17T18:06:38.063-0300] {emr.py:79} INFO - Job flow currently PENDING
[2024-02-17T18:07:38.076-0300] {emr.py:575} INFO - Poking step s-052814015H1OXS0OFILP on cluster j-NIES5BWDJFSZ
[2024-02-17T18:07:39.134-0300] {emr.py:79} INFO - Job flow currently PENDING
[2024-02-17T18:08:39.195-0300] {emr.py:575} INFO - Poking step s-052814015H1OXS0OFILP on cluster j-NIES5BWDJFSZ
[2024-02-17T18:08:40.358-0300] {emr.py:79} INFO - Job flow currently PENDING
[2024-02-17T18:09:40.419-0300] {emr.py:575} INFO - Poking step s-052814015H1OXS0OFILP on cluster j-NIES5BWDJFSZ
[2024-02-17T18:09:41.614-0300] {emr.py:79} INFO - Job flow currently PENDING
[2024-02-17T18:10:41.667-0300] {emr.py:575} INFO - Poking step s-052814015H1OXS0OFILP on cluster j-NIES5BWDJFSZ
[2024-02-17T18:10:42.821-0300] {emr.py:79} INFO - Job flow currently RUNNING
[2024-02-17T18:11:42.834-0300] {emr.py:575} INFO - Poking step s-052814015H1OXS0OFILP on cluster j-NIES5BWDJFSZ
[2024-02-17T18:11:43.862-0300] {emr.py:79} INFO - Job flow currently COMPLETED
[2024-02-17T18:11:43.862-0300] {base.py:287} INFO - Success criteria met. Exiting.
[2024-02-17T18:11:43.870-0300] {taskinstance.py:1400} INFO - Marking task as SUCCESS. dag_id=how-desafio-3, task_id=wait_for_step, execution_date=20240217T200000, start_date=20240217T210231, end_date=20240217T211143
[2024-02-17T18:11:43.923-0300] {local_task_job_runner.py:228} INFO - Task exited with return code 0
[2024-02-17T18:11:43.996-0300] {taskinstance.py:2778} INFO - 1 downstream tasks scheduled from follow-on schedule check
