[2024-01-25T22:01:16.498-0300] {logging_mixin.py:151} INFO - Changing /mnt/c/Users/filipe.macedo_ifood/Documents/how-desafio-03/airflow/logs/dag_id=how-desafio-03/run_id=scheduled__2024-01-25T05:45:00+00:00/task_id=invoke_lambda_function permission to 509
[2024-01-25T22:01:16.543-0300] {logging_mixin.py:151} INFO - Changing /mnt/c/Users/filipe.macedo_ifood/Documents/how-desafio-03/airflow/logs/dag_id=how-desafio-03/run_id=scheduled__2024-01-25T05:45:00+00:00/task_id=invoke_lambda_function permission to 509
[2024-01-25T22:01:16.563-0300] {taskinstance.py:1159} INFO - Dependencies all met for dep_context=non-requeueable deps ti=<TaskInstance: how-desafio-03.invoke_lambda_function scheduled__2024-01-25T05:45:00+00:00 [queued]>
[2024-01-25T22:01:16.578-0300] {taskinstance.py:1159} INFO - Dependencies all met for dep_context=requeueable deps ti=<TaskInstance: how-desafio-03.invoke_lambda_function scheduled__2024-01-25T05:45:00+00:00 [queued]>
[2024-01-25T22:01:16.578-0300] {taskinstance.py:1361} INFO - Starting attempt 2 of 2
[2024-01-25T22:01:16.612-0300] {taskinstance.py:1382} INFO - Executing <Task(LambdaInvokeFunctionOperator): invoke_lambda_function> on 2024-01-25 05:45:00+00:00
[2024-01-25T22:01:16.613-0300] {standard_task_runner.py:57} INFO - Started process 1750 to run task
[2024-01-25T22:01:16.615-0300] {standard_task_runner.py:84} INFO - Running: ['airflow', 'tasks', 'run', 'how-desafio-03', 'invoke_lambda_function', 'scheduled__2024-01-25T05:45:00+00:00', '--job-id', '208', '--raw', '--subdir', 'DAGS_FOLDER/weather_dag.py', '--cfg-path', '/tmp/tmpuyxm31hj']
[2024-01-25T22:01:16.616-0300] {standard_task_runner.py:85} INFO - Job 208: Subtask invoke_lambda_function
[2024-01-25T22:01:16.673-0300] {logging_mixin.py:151} INFO - Changing /mnt/c/Users/filipe.macedo_ifood/Documents/how-desafio-03/airflow/logs/dag_id=how-desafio-03/run_id=scheduled__2024-01-25T05:45:00+00:00/task_id=invoke_lambda_function permission to 509
[2024-01-25T22:01:16.674-0300] {task_command.py:416} INFO - Running <TaskInstance: how-desafio-03.invoke_lambda_function scheduled__2024-01-25T05:45:00+00:00 [running]> on host 14111-NB.
[2024-01-25T22:01:16.791-0300] {taskinstance.py:1662} INFO - Exporting env vars: AIRFLOW_CTX_DAG_OWNER='airflow' AIRFLOW_CTX_DAG_ID='how-desafio-03' AIRFLOW_CTX_TASK_ID='invoke_lambda_function' AIRFLOW_CTX_EXECUTION_DATE='2024-01-25T05:45:00+00:00' AIRFLOW_CTX_TRY_NUMBER='2' AIRFLOW_CTX_DAG_RUN_ID='scheduled__2024-01-25T05:45:00+00:00'
[2024-01-25T22:01:16.792-0300] {lambda_function.py:211} INFO - Invoking AWS Lambda function: how-desafio-03 with payload: {"weather_daily": {"date": "1706230800"}}
[2024-01-25T22:01:16.801-0300] {base.py:73} INFO - Using connection ID 'aws_default' for task execution.
[2024-01-25T22:01:16.802-0300] {connection_wrapper.py:340} INFO - AWS Connection (conn_id='aws_default', conn_type='aws') credentials retrieved from login and password.
[2024-01-25T22:01:17.895-0300] {lambda_function.py:220} INFO - Lambda response metadata: {'RequestId': '37dc0e26-8af4-4842-9d79-fc45500b4352', 'HTTPStatusCode': 202, 'HTTPHeaders': {'date': 'Fri, 26 Jan 2024 01:01:39 GMT', 'content-length': '0', 'connection': 'keep-alive', 'x-amzn-requestid': '37dc0e26-8af4-4842-9d79-fc45500b4352', 'x-amzn-remapped-content-length': '0', 'x-amzn-trace-id': 'root=1-65b30473-2dfa399f1f0f8d7d6f1b6059;sampled=0'}, 'RetryAttempts': 0}
[2024-01-25T22:01:17.896-0300] {lambda_function.py:230} INFO - Lambda function invocation succeeded: {'RequestId': '37dc0e26-8af4-4842-9d79-fc45500b4352', 'HTTPStatusCode': 202, 'HTTPHeaders': {'date': 'Fri, 26 Jan 2024 01:01:39 GMT', 'content-length': '0', 'connection': 'keep-alive', 'x-amzn-requestid': '37dc0e26-8af4-4842-9d79-fc45500b4352', 'x-amzn-remapped-content-length': '0', 'x-amzn-trace-id': 'root=1-65b30473-2dfa399f1f0f8d7d6f1b6059;sampled=0'}, 'RetryAttempts': 0}
[2024-01-25T22:01:17.966-0300] {taskinstance.py:1400} INFO - Marking task as SUCCESS. dag_id=how-desafio-03, task_id=invoke_lambda_function, execution_date=20240125T054500, start_date=20240126T010116, end_date=20240126T010117
[2024-01-25T22:01:18.035-0300] {local_task_job_runner.py:228} INFO - Task exited with return code 0
[2024-01-25T22:01:18.069-0300] {taskinstance.py:2778} INFO - 0 downstream tasks scheduled from follow-on schedule check
