[2023-11-06T21:26:06.598-0300] {logging_mixin.py:151} INFO - Changing /mnt/c/Users/filipe.macedo_ifood/Documents/how-desafio-03/airflow/logs/dag_id=how-desafio-03/run_id=scheduled__2023-11-06T13:10:00+00:00/task_id=invoke_lambda_function permission to 509
[2023-11-06T21:26:06.708-0300] {logging_mixin.py:151} INFO - Changing /mnt/c/Users/filipe.macedo_ifood/Documents/how-desafio-03/airflow/logs/dag_id=how-desafio-03/run_id=scheduled__2023-11-06T13:10:00+00:00/task_id=invoke_lambda_function permission to 509
[2023-11-06T21:26:06.750-0300] {taskinstance.py:1159} INFO - Dependencies all met for dep_context=non-requeueable deps ti=<TaskInstance: how-desafio-03.invoke_lambda_function scheduled__2023-11-06T13:10:00+00:00 [queued]>
[2023-11-06T21:26:06.789-0300] {taskinstance.py:1159} INFO - Dependencies all met for dep_context=requeueable deps ti=<TaskInstance: how-desafio-03.invoke_lambda_function scheduled__2023-11-06T13:10:00+00:00 [queued]>
[2023-11-06T21:26:06.790-0300] {taskinstance.py:1361} INFO - Starting attempt 1 of 1
[2023-11-06T21:26:06.860-0300] {taskinstance.py:1382} INFO - Executing <Task(LambdaInvokeFunctionOperator): invoke_lambda_function> on 2023-11-06 13:10:00+00:00
[2023-11-06T21:26:06.862-0300] {standard_task_runner.py:57} INFO - Started process 805 to run task
[2023-11-06T21:26:06.864-0300] {standard_task_runner.py:84} INFO - Running: ['airflow', 'tasks', 'run', 'how-desafio-03', 'invoke_lambda_function', 'scheduled__2023-11-06T13:10:00+00:00', '--job-id', '71', '--raw', '--subdir', 'DAGS_FOLDER/weather_dag.py', '--cfg-path', '/tmp/tmpsrnkamzx']
[2023-11-06T21:26:06.865-0300] {standard_task_runner.py:85} INFO - Job 71: Subtask invoke_lambda_function
[2023-11-06T21:26:07.023-0300] {logging_mixin.py:151} INFO - Changing /mnt/c/Users/filipe.macedo_ifood/Documents/how-desafio-03/airflow/logs/dag_id=how-desafio-03/run_id=scheduled__2023-11-06T13:10:00+00:00/task_id=invoke_lambda_function permission to 509
[2023-11-06T21:26:07.028-0300] {task_command.py:416} INFO - Running <TaskInstance: how-desafio-03.invoke_lambda_function scheduled__2023-11-06T13:10:00+00:00 [running]> on host 14111-NB.
[2023-11-06T21:26:07.311-0300] {taskinstance.py:1662} INFO - Exporting env vars: AIRFLOW_CTX_DAG_OWNER='airflow' AIRFLOW_CTX_DAG_ID='how-desafio-03' AIRFLOW_CTX_TASK_ID='invoke_lambda_function' AIRFLOW_CTX_EXECUTION_DATE='2023-11-06T13:10:00+00:00' AIRFLOW_CTX_TRY_NUMBER='1' AIRFLOW_CTX_DAG_RUN_ID='scheduled__2023-11-06T13:10:00+00:00'
[2023-11-06T21:26:07.312-0300] {lambda_function.py:211} INFO - Invoking AWS Lambda function: my_first_test with payload: {"SampleEvent": {"SampleData": {"Name": "XYZ", "DoB": "1993-01-01"}}}
[2023-11-06T21:26:07.341-0300] {base.py:73} INFO - Using connection ID 'aws_default' for task execution.
[2023-11-06T21:26:07.342-0300] {connection_wrapper.py:340} INFO - AWS Connection (conn_id='aws_default', conn_type='aws') credentials retrieved from login and password.
[2023-11-06T21:26:08.343-0300] {lambda_function.py:220} INFO - Lambda response metadata: {'RequestId': '7de7da69-5661-465e-967a-f4cb1277670d', 'HTTPStatusCode': 200, 'HTTPHeaders': {'date': 'Tue, 07 Nov 2023 00:26:10 GMT', 'content-type': 'application/json', 'content-length': '234', 'connection': 'keep-alive', 'x-amzn-requestid': '7de7da69-5661-465e-967a-f4cb1277670d', 'x-amz-function-error': 'Unhandled', 'x-amzn-remapped-content-length': '0', 'x-amz-executed-version': '$LATEST', 'x-amzn-trace-id': 'root=1-65498422-13e4cfd5008e7fd0132d9465;sampled=0;lineage=2d7f70ec:0'}, 'RetryAttempts': 0}
[2023-11-06T21:26:08.345-0300] {taskinstance.py:1937} ERROR - Task failed with exception
Traceback (most recent call last):
  File "/usr/local/lib/python3.10/dist-packages/airflow/providers/amazon/aws/operators/lambda_function.py", line 226, in execute
    raise ValueError(
ValueError: ('Lambda function execution resulted in error', {'ResponseMetadata': {'RequestId': '7de7da69-5661-465e-967a-f4cb1277670d', 'HTTPStatusCode': 200, 'HTTPHeaders': {'date': 'Tue, 07 Nov 2023 00:26:10 GMT', 'content-type': 'application/json', 'content-length': '234', 'connection': 'keep-alive', 'x-amzn-requestid': '7de7da69-5661-465e-967a-f4cb1277670d', 'x-amz-function-error': 'Unhandled', 'x-amzn-remapped-content-length': '0', 'x-amz-executed-version': '$LATEST', 'x-amzn-trace-id': 'root=1-65498422-13e4cfd5008e7fd0132d9465;sampled=0;lineage=2d7f70ec:0'}, 'RetryAttempts': 0}, 'Payload': '{"errorMessage": "\'key1\'", "errorType": "KeyError", "requestId": "7de7da69-5661-465e-967a-f4cb1277670d", "stackTrace": ["  File \\"/var/task/lambda_function.py\\", line 8, in lambda_handler\\n    print(\\"value1 = \\" + event[\'key1\'])\\n"]}'})
[2023-11-06T21:26:08.377-0300] {taskinstance.py:1400} INFO - Marking task as FAILED. dag_id=how-desafio-03, task_id=invoke_lambda_function, execution_date=20231106T131000, start_date=20231107T002606, end_date=20231107T002608
[2023-11-06T21:26:08.477-0300] {standard_task_runner.py:104} ERROR - Failed to execute job 71 for task invoke_lambda_function (('Lambda function execution resulted in error', {'ResponseMetadata': {'RequestId': '7de7da69-5661-465e-967a-f4cb1277670d', 'HTTPStatusCode': 200, 'HTTPHeaders': {'date': 'Tue, 07 Nov 2023 00:26:10 GMT', 'content-type': 'application/json', 'content-length': '234', 'connection': 'keep-alive', 'x-amzn-requestid': '7de7da69-5661-465e-967a-f4cb1277670d', 'x-amz-function-error': 'Unhandled', 'x-amzn-remapped-content-length': '0', 'x-amz-executed-version': '$LATEST', 'x-amzn-trace-id': 'root=1-65498422-13e4cfd5008e7fd0132d9465;sampled=0;lineage=2d7f70ec:0'}, 'RetryAttempts': 0}, 'Payload': '{"errorMessage": "\'key1\'", "errorType": "KeyError", "requestId": "7de7da69-5661-465e-967a-f4cb1277670d", "stackTrace": ["  File \\"/var/task/lambda_function.py\\", line 8, in lambda_handler\\n    print(\\"value1 = \\" + event[\'key1\'])\\n"]}'}); 805)
[2023-11-06T21:26:08.485-0300] {local_task_job_runner.py:228} INFO - Task exited with return code 1
[2023-11-06T21:26:08.532-0300] {taskinstance.py:2778} INFO - 0 downstream tasks scheduled from follow-on schedule check
