[2024-01-26T12:45:04.236-0300] {logging_mixin.py:151} INFO - Changing /mnt/c/Users/filipe.macedo_ifood/Documents/how-desafio-03/airflow/logs/dag_id=how-desafio-03/run_id=scheduled__2024-01-26T15:30:00+00:00/task_id=invoke_lambda_function permission to 509
[2024-01-26T12:45:04.281-0300] {logging_mixin.py:151} INFO - Changing /mnt/c/Users/filipe.macedo_ifood/Documents/how-desafio-03/airflow/logs/dag_id=how-desafio-03/run_id=scheduled__2024-01-26T15:30:00+00:00/task_id=invoke_lambda_function permission to 509
[2024-01-26T12:45:04.297-0300] {taskinstance.py:1159} INFO - Dependencies all met for dep_context=non-requeueable deps ti=<TaskInstance: how-desafio-03.invoke_lambda_function scheduled__2024-01-26T15:30:00+00:00 [queued]>
[2024-01-26T12:45:04.304-0300] {taskinstance.py:1159} INFO - Dependencies all met for dep_context=requeueable deps ti=<TaskInstance: how-desafio-03.invoke_lambda_function scheduled__2024-01-26T15:30:00+00:00 [queued]>
[2024-01-26T12:45:04.305-0300] {taskinstance.py:1361} INFO - Starting attempt 1 of 1
[2024-01-26T12:45:04.331-0300] {taskinstance.py:1382} INFO - Executing <Task(LambdaInvokeFunctionOperator): invoke_lambda_function> on 2024-01-26 15:30:00+00:00
[2024-01-26T12:45:04.332-0300] {standard_task_runner.py:57} INFO - Started process 3539 to run task
[2024-01-26T12:45:04.334-0300] {standard_task_runner.py:84} INFO - Running: ['airflow', 'tasks', 'run', 'how-desafio-03', 'invoke_lambda_function', 'scheduled__2024-01-26T15:30:00+00:00', '--job-id', '221', '--raw', '--subdir', 'DAGS_FOLDER/weather_dag.py', '--cfg-path', '/tmp/tmpecn4186k']
[2024-01-26T12:45:04.335-0300] {standard_task_runner.py:85} INFO - Job 221: Subtask invoke_lambda_function
[2024-01-26T12:45:04.389-0300] {logging_mixin.py:151} INFO - Changing /mnt/c/Users/filipe.macedo_ifood/Documents/how-desafio-03/airflow/logs/dag_id=how-desafio-03/run_id=scheduled__2024-01-26T15:30:00+00:00/task_id=invoke_lambda_function permission to 509
[2024-01-26T12:45:04.391-0300] {task_command.py:416} INFO - Running <TaskInstance: how-desafio-03.invoke_lambda_function scheduled__2024-01-26T15:30:00+00:00 [running]> on host 14111-NB.
[2024-01-26T12:45:04.494-0300] {taskinstance.py:1662} INFO - Exporting env vars: AIRFLOW_CTX_DAG_OWNER='airflow' AIRFLOW_CTX_DAG_ID='how-desafio-03' AIRFLOW_CTX_TASK_ID='invoke_lambda_function' AIRFLOW_CTX_EXECUTION_DATE='2024-01-26T15:30:00+00:00' AIRFLOW_CTX_TRY_NUMBER='1' AIRFLOW_CTX_DAG_RUN_ID='scheduled__2024-01-26T15:30:00+00:00'
[2024-01-26T12:45:04.495-0300] {lambda_function.py:211} INFO - Invoking AWS Lambda function: how-desafio-03 with payload: {"date": "1706283900"}
[2024-01-26T12:45:04.503-0300] {base.py:73} INFO - Using connection ID 'aws_default' for task execution.
[2024-01-26T12:45:04.504-0300] {connection_wrapper.py:340} INFO - AWS Connection (conn_id='aws_default', conn_type='aws') credentials retrieved from login and password.
[2024-01-26T12:45:05.458-0300] {lambda_function.py:220} INFO - Lambda response metadata: {'RequestId': '2ca0a22a-24e9-43e7-9010-1ef4e098af13', 'HTTPStatusCode': 202, 'HTTPHeaders': {'date': 'Fri, 26 Jan 2024 15:45:26 GMT', 'content-length': '0', 'connection': 'keep-alive', 'x-amzn-requestid': '2ca0a22a-24e9-43e7-9010-1ef4e098af13', 'x-amzn-remapped-content-length': '0', 'x-amzn-trace-id': 'root=1-65b3d396-0c5bab537655db5938c16e70;sampled=0'}, 'RetryAttempts': 0}
[2024-01-26T12:45:05.460-0300] {lambda_function.py:230} INFO - Lambda function invocation succeeded: {'RequestId': '2ca0a22a-24e9-43e7-9010-1ef4e098af13', 'HTTPStatusCode': 202, 'HTTPHeaders': {'date': 'Fri, 26 Jan 2024 15:45:26 GMT', 'content-length': '0', 'connection': 'keep-alive', 'x-amzn-requestid': '2ca0a22a-24e9-43e7-9010-1ef4e098af13', 'x-amzn-remapped-content-length': '0', 'x-amzn-trace-id': 'root=1-65b3d396-0c5bab537655db5938c16e70;sampled=0'}, 'RetryAttempts': 0}
[2024-01-26T12:45:05.528-0300] {taskinstance.py:1400} INFO - Marking task as SUCCESS. dag_id=how-desafio-03, task_id=invoke_lambda_function, execution_date=20240126T153000, start_date=20240126T154504, end_date=20240126T154505
[2024-01-26T12:45:05.556-0300] {local_task_job_runner.py:228} INFO - Task exited with return code 0
[2024-01-26T12:45:05.568-0300] {taskinstance.py:2778} INFO - 0 downstream tasks scheduled from follow-on schedule check
