[2023-11-18T15:40:32.861-0300] {logging_mixin.py:151} INFO - Changing /mnt/c/Users/filipe.macedo_ifood/Documents/how-desafio-03/airflow/logs/dag_id=how-desafio-03/run_id=scheduled__2023-11-17T01:10:00+00:00/task_id=invoke_lambda_function permission to 509
[2023-11-18T15:40:32.955-0300] {logging_mixin.py:151} INFO - Changing /mnt/c/Users/filipe.macedo_ifood/Documents/how-desafio-03/airflow/logs/dag_id=how-desafio-03/run_id=scheduled__2023-11-17T01:10:00+00:00/task_id=invoke_lambda_function permission to 509
[2023-11-18T15:40:33.015-0300] {taskinstance.py:1159} INFO - Dependencies all met for dep_context=non-requeueable deps ti=<TaskInstance: how-desafio-03.invoke_lambda_function scheduled__2023-11-17T01:10:00+00:00 [queued]>
[2023-11-18T15:40:33.061-0300] {taskinstance.py:1159} INFO - Dependencies all met for dep_context=requeueable deps ti=<TaskInstance: how-desafio-03.invoke_lambda_function scheduled__2023-11-17T01:10:00+00:00 [queued]>
[2023-11-18T15:40:33.062-0300] {taskinstance.py:1361} INFO - Starting attempt 1 of 1
[2023-11-18T15:40:33.157-0300] {taskinstance.py:1382} INFO - Executing <Task(LambdaInvokeFunctionOperator): invoke_lambda_function> on 2023-11-17 01:10:00+00:00
[2023-11-18T15:40:33.160-0300] {standard_task_runner.py:57} INFO - Started process 98 to run task
[2023-11-18T15:40:33.163-0300] {standard_task_runner.py:84} INFO - Running: ['airflow', 'tasks', 'run', 'how-desafio-03', 'invoke_lambda_function', 'scheduled__2023-11-17T01:10:00+00:00', '--job-id', '92', '--raw', '--subdir', 'DAGS_FOLDER/weather_dag.py', '--cfg-path', '/tmp/tmp5lenexbg']
[2023-11-18T15:40:33.164-0300] {standard_task_runner.py:85} INFO - Job 92: Subtask invoke_lambda_function
[2023-11-18T15:40:33.287-0300] {logging_mixin.py:151} INFO - Changing /mnt/c/Users/filipe.macedo_ifood/Documents/how-desafio-03/airflow/logs/dag_id=how-desafio-03/run_id=scheduled__2023-11-17T01:10:00+00:00/task_id=invoke_lambda_function permission to 509
[2023-11-18T15:40:33.291-0300] {task_command.py:416} INFO - Running <TaskInstance: how-desafio-03.invoke_lambda_function scheduled__2023-11-17T01:10:00+00:00 [running]> on host 14111-NB.
[2023-11-18T15:40:33.524-0300] {taskinstance.py:1662} INFO - Exporting env vars: AIRFLOW_CTX_DAG_OWNER='airflow' AIRFLOW_CTX_DAG_ID='how-desafio-03' AIRFLOW_CTX_TASK_ID='invoke_lambda_function' AIRFLOW_CTX_EXECUTION_DATE='2023-11-17T01:10:00+00:00' AIRFLOW_CTX_TRY_NUMBER='1' AIRFLOW_CTX_DAG_RUN_ID='scheduled__2023-11-17T01:10:00+00:00'
[2023-11-18T15:40:33.525-0300] {lambda_function.py:211} INFO - Invoking AWS Lambda function: my_first_test with payload: {"weather_daily": {"date": "2023-11-17"}}
[2023-11-18T15:40:33.548-0300] {base.py:73} INFO - Using connection ID 'aws_default' for task execution.
[2023-11-18T15:40:33.550-0300] {connection_wrapper.py:340} INFO - AWS Connection (conn_id='aws_default', conn_type='aws') credentials retrieved from login and password.
[2023-11-18T15:40:34.479-0300] {lambda_function.py:220} INFO - Lambda response metadata: {'RequestId': 'edb99a3a-51b5-4174-966f-2446e8b489b0', 'HTTPStatusCode': 200, 'HTTPHeaders': {'date': 'Sat, 18 Nov 2023 18:40:39 GMT', 'content-type': 'application/json', 'content-length': '4', 'connection': 'keep-alive', 'x-amzn-requestid': 'edb99a3a-51b5-4174-966f-2446e8b489b0', 'x-amzn-remapped-content-length': '0', 'x-amz-executed-version': '$LATEST', 'x-amzn-trace-id': 'root=1-65590527-195feb400ed63c912b53530c;sampled=0;lineage=2d7f70ec:0'}, 'RetryAttempts': 0}
[2023-11-18T15:40:34.481-0300] {lambda_function.py:230} INFO - Lambda function invocation succeeded: {'RequestId': 'edb99a3a-51b5-4174-966f-2446e8b489b0', 'HTTPStatusCode': 200, 'HTTPHeaders': {'date': 'Sat, 18 Nov 2023 18:40:39 GMT', 'content-type': 'application/json', 'content-length': '4', 'connection': 'keep-alive', 'x-amzn-requestid': 'edb99a3a-51b5-4174-966f-2446e8b489b0', 'x-amzn-remapped-content-length': '0', 'x-amz-executed-version': '$LATEST', 'x-amzn-trace-id': 'root=1-65590527-195feb400ed63c912b53530c;sampled=0;lineage=2d7f70ec:0'}, 'RetryAttempts': 0}
[2023-11-18T15:40:34.551-0300] {taskinstance.py:1400} INFO - Marking task as SUCCESS. dag_id=how-desafio-03, task_id=invoke_lambda_function, execution_date=20231117T011000, start_date=20231118T184033, end_date=20231118T184034
[2023-11-18T15:40:34.625-0300] {local_task_job_runner.py:228} INFO - Task exited with return code 0
[2023-11-18T15:40:34.661-0300] {taskinstance.py:2778} INFO - 0 downstream tasks scheduled from follow-on schedule check
