[2024-01-27T13:37:27.239-0300] {logging_mixin.py:151} INFO - Changing /mnt/c/Users/filipe.macedo_ifood/Documents/how-desafio-03/airflow/logs/dag_id=how-desafio-3/run_id=scheduled__2024-01-27T16:15:00+00:00/task_id=invoke_lambda_function permission to 509
[2024-01-27T13:37:27.282-0300] {logging_mixin.py:151} INFO - Changing /mnt/c/Users/filipe.macedo_ifood/Documents/how-desafio-03/airflow/logs/dag_id=how-desafio-3/run_id=scheduled__2024-01-27T16:15:00+00:00/task_id=invoke_lambda_function permission to 509
[2024-01-27T13:37:27.301-0300] {taskinstance.py:1159} INFO - Dependencies all met for dep_context=non-requeueable deps ti=<TaskInstance: how-desafio-3.invoke_lambda_function scheduled__2024-01-27T16:15:00+00:00 [queued]>
[2024-01-27T13:37:27.315-0300] {taskinstance.py:1159} INFO - Dependencies all met for dep_context=requeueable deps ti=<TaskInstance: how-desafio-3.invoke_lambda_function scheduled__2024-01-27T16:15:00+00:00 [queued]>
[2024-01-27T13:37:27.315-0300] {taskinstance.py:1361} INFO - Starting attempt 1 of 1
[2024-01-27T13:37:27.347-0300] {taskinstance.py:1382} INFO - Executing <Task(LambdaInvokeFunctionOperator): invoke_lambda_function> on 2024-01-27 16:15:00+00:00
[2024-01-27T13:37:27.348-0300] {standard_task_runner.py:57} INFO - Started process 192 to run task
[2024-01-27T13:37:27.350-0300] {standard_task_runner.py:84} INFO - Running: ['airflow', 'tasks', 'run', 'how-desafio-3', 'invoke_lambda_function', 'scheduled__2024-01-27T16:15:00+00:00', '--job-id', '287', '--raw', '--subdir', 'DAGS_FOLDER/weather_dag.py', '--cfg-path', '/tmp/tmp6kpi2d4k']
[2024-01-27T13:37:27.351-0300] {standard_task_runner.py:85} INFO - Job 287: Subtask invoke_lambda_function
[2024-01-27T13:37:27.411-0300] {logging_mixin.py:151} INFO - Changing /mnt/c/Users/filipe.macedo_ifood/Documents/how-desafio-03/airflow/logs/dag_id=how-desafio-3/run_id=scheduled__2024-01-27T16:15:00+00:00/task_id=invoke_lambda_function permission to 509
[2024-01-27T13:37:27.412-0300] {task_command.py:416} INFO - Running <TaskInstance: how-desafio-3.invoke_lambda_function scheduled__2024-01-27T16:15:00+00:00 [running]> on host 14111-NB.
[2024-01-27T13:37:27.504-0300] {taskinstance.py:1662} INFO - Exporting env vars: AIRFLOW_CTX_DAG_OWNER='airflow' AIRFLOW_CTX_DAG_ID='how-desafio-3' AIRFLOW_CTX_TASK_ID='invoke_lambda_function' AIRFLOW_CTX_EXECUTION_DATE='2024-01-27T16:15:00+00:00' AIRFLOW_CTX_TRY_NUMBER='1' AIRFLOW_CTX_DAG_RUN_ID='scheduled__2024-01-27T16:15:00+00:00'
[2024-01-27T13:37:27.505-0300] {lambda_function.py:211} INFO - Invoking AWS Lambda function: how-desafio-3 with payload: {"date": "1706373000"}
[2024-01-27T13:37:27.515-0300] {base.py:73} INFO - Using connection ID 'aws_default' for task execution.
[2024-01-27T13:37:27.515-0300] {connection_wrapper.py:340} INFO - AWS Connection (conn_id='aws_default', conn_type='aws') credentials retrieved from login and password.
[2024-01-27T13:37:28.498-0300] {lambda_function.py:220} INFO - Lambda response metadata: {'RequestId': '6d275a38-1f2e-4998-bbab-b41c8e559aba', 'HTTPStatusCode': 202, 'HTTPHeaders': {'date': 'Sat, 27 Jan 2024 16:37:52 GMT', 'content-length': '0', 'connection': 'keep-alive', 'x-amzn-requestid': '6d275a38-1f2e-4998-bbab-b41c8e559aba', 'x-amzn-remapped-content-length': '0', 'x-amzn-trace-id': 'root=1-65b53160-0a5da97017fd6b2904e425de;sampled=0'}, 'RetryAttempts': 0}
[2024-01-27T13:37:28.499-0300] {lambda_function.py:230} INFO - Lambda function invocation succeeded: {'RequestId': '6d275a38-1f2e-4998-bbab-b41c8e559aba', 'HTTPStatusCode': 202, 'HTTPHeaders': {'date': 'Sat, 27 Jan 2024 16:37:52 GMT', 'content-length': '0', 'connection': 'keep-alive', 'x-amzn-requestid': '6d275a38-1f2e-4998-bbab-b41c8e559aba', 'x-amzn-remapped-content-length': '0', 'x-amzn-trace-id': 'root=1-65b53160-0a5da97017fd6b2904e425de;sampled=0'}, 'RetryAttempts': 0}
[2024-01-27T13:37:28.546-0300] {taskinstance.py:1400} INFO - Marking task as SUCCESS. dag_id=how-desafio-3, task_id=invoke_lambda_function, execution_date=20240127T161500, start_date=20240127T163727, end_date=20240127T163728
[2024-01-27T13:37:28.610-0300] {local_task_job_runner.py:228} INFO - Task exited with return code 0
[2024-01-27T13:37:28.659-0300] {taskinstance.py:2778} INFO - 1 downstream tasks scheduled from follow-on schedule check
