[2024-01-25T21:45:45.751-0300] {logging_mixin.py:151} INFO - Changing /mnt/c/Users/filipe.macedo_ifood/Documents/how-desafio-03/airflow/logs/dag_id=how-desafio-03/run_id=scheduled__2024-01-25T13:00:00+00:00/task_id=invoke_lambda_function permission to 509
[2024-01-25T21:45:45.805-0300] {logging_mixin.py:151} INFO - Changing /mnt/c/Users/filipe.macedo_ifood/Documents/how-desafio-03/airflow/logs/dag_id=how-desafio-03/run_id=scheduled__2024-01-25T13:00:00+00:00/task_id=invoke_lambda_function permission to 509
[2024-01-25T21:45:45.824-0300] {taskinstance.py:1159} INFO - Dependencies all met for dep_context=non-requeueable deps ti=<TaskInstance: how-desafio-03.invoke_lambda_function scheduled__2024-01-25T13:00:00+00:00 [queued]>
[2024-01-25T21:45:45.837-0300] {taskinstance.py:1159} INFO - Dependencies all met for dep_context=requeueable deps ti=<TaskInstance: how-desafio-03.invoke_lambda_function scheduled__2024-01-25T13:00:00+00:00 [queued]>
[2024-01-25T21:45:45.837-0300] {taskinstance.py:1361} INFO - Starting attempt 1 of 1
[2024-01-25T21:45:45.866-0300] {taskinstance.py:1382} INFO - Executing <Task(LambdaInvokeFunctionOperator): invoke_lambda_function> on 2024-01-25 13:00:00+00:00
[2024-01-25T21:45:45.868-0300] {standard_task_runner.py:57} INFO - Started process 1519 to run task
[2024-01-25T21:45:45.870-0300] {standard_task_runner.py:84} INFO - Running: ['airflow', 'tasks', 'run', 'how-desafio-03', 'invoke_lambda_function', 'scheduled__2024-01-25T13:00:00+00:00', '--job-id', '196', '--raw', '--subdir', 'DAGS_FOLDER/weather_dag.py', '--cfg-path', '/tmp/tmp768vcsso']
[2024-01-25T21:45:45.871-0300] {standard_task_runner.py:85} INFO - Job 196: Subtask invoke_lambda_function
[2024-01-25T21:45:45.928-0300] {logging_mixin.py:151} INFO - Changing /mnt/c/Users/filipe.macedo_ifood/Documents/how-desafio-03/airflow/logs/dag_id=how-desafio-03/run_id=scheduled__2024-01-25T13:00:00+00:00/task_id=invoke_lambda_function permission to 509
[2024-01-25T21:45:45.929-0300] {task_command.py:416} INFO - Running <TaskInstance: how-desafio-03.invoke_lambda_function scheduled__2024-01-25T13:00:00+00:00 [running]> on host 14111-NB.
[2024-01-25T21:45:46.040-0300] {taskinstance.py:1662} INFO - Exporting env vars: AIRFLOW_CTX_DAG_OWNER='airflow' AIRFLOW_CTX_DAG_ID='how-desafio-03' AIRFLOW_CTX_TASK_ID='invoke_lambda_function' AIRFLOW_CTX_EXECUTION_DATE='2024-01-25T13:00:00+00:00' AIRFLOW_CTX_TRY_NUMBER='1' AIRFLOW_CTX_DAG_RUN_ID='scheduled__2024-01-25T13:00:00+00:00'
[2024-01-25T21:45:46.040-0300] {lambda_function.py:211} INFO - Invoking AWS Lambda function: terere with payload: {"weather_daily": {"date": "1706229900"}}
[2024-01-25T21:45:46.051-0300] {base.py:73} INFO - Using connection ID 'aws_default' for task execution.
[2024-01-25T21:45:46.051-0300] {connection_wrapper.py:340} INFO - AWS Connection (conn_id='aws_default', conn_type='aws') credentials retrieved from login and password.
[2024-01-25T21:45:46.950-0300] {lambda_function.py:220} INFO - Lambda response metadata: {'RequestId': '6e63a0c7-6fa2-4b13-8095-2e66bdc45edf', 'HTTPStatusCode': 200, 'HTTPHeaders': {'date': 'Fri, 26 Jan 2024 00:46:08 GMT', 'content-type': 'application/json', 'content-length': '4', 'connection': 'keep-alive', 'x-amzn-requestid': '6e63a0c7-6fa2-4b13-8095-2e66bdc45edf', 'x-amzn-remapped-content-length': '0', 'x-amz-executed-version': '$LATEST', 'x-amzn-trace-id': 'root=1-65b300d0-19e50d305561d93978bd1078;sampled=0;lineage=1315cb97:0'}, 'RetryAttempts': 0}
[2024-01-25T21:45:46.951-0300] {lambda_function.py:230} INFO - Lambda function invocation succeeded: {'RequestId': '6e63a0c7-6fa2-4b13-8095-2e66bdc45edf', 'HTTPStatusCode': 200, 'HTTPHeaders': {'date': 'Fri, 26 Jan 2024 00:46:08 GMT', 'content-type': 'application/json', 'content-length': '4', 'connection': 'keep-alive', 'x-amzn-requestid': '6e63a0c7-6fa2-4b13-8095-2e66bdc45edf', 'x-amzn-remapped-content-length': '0', 'x-amz-executed-version': '$LATEST', 'x-amzn-trace-id': 'root=1-65b300d0-19e50d305561d93978bd1078;sampled=0;lineage=1315cb97:0'}, 'RetryAttempts': 0}
[2024-01-25T21:45:46.995-0300] {taskinstance.py:1400} INFO - Marking task as SUCCESS. dag_id=how-desafio-03, task_id=invoke_lambda_function, execution_date=20240125T130000, start_date=20240126T004545, end_date=20240126T004546
[2024-01-25T21:45:47.048-0300] {local_task_job_runner.py:228} INFO - Task exited with return code 0
[2024-01-25T21:45:47.067-0300] {taskinstance.py:2778} INFO - 0 downstream tasks scheduled from follow-on schedule check
