[2023-11-06T21:40:38.735-0300] {logging_mixin.py:151} INFO - Changing /mnt/c/Users/filipe.macedo_ifood/Documents/how-desafio-03/airflow/logs/dag_id=how-desafio-03/run_id=manual__2023-11-07T00:40:34.507652+00:00/task_id=invoke_lambda_function permission to 509
[2023-11-06T21:40:38.865-0300] {logging_mixin.py:151} INFO - Changing /mnt/c/Users/filipe.macedo_ifood/Documents/how-desafio-03/airflow/logs/dag_id=how-desafio-03/run_id=manual__2023-11-07T00:40:34.507652+00:00/task_id=invoke_lambda_function permission to 509
[2023-11-06T21:40:38.960-0300] {taskinstance.py:1159} INFO - Dependencies all met for dep_context=non-requeueable deps ti=<TaskInstance: how-desafio-03.invoke_lambda_function manual__2023-11-07T00:40:34.507652+00:00 [queued]>
[2023-11-06T21:40:38.999-0300] {taskinstance.py:1159} INFO - Dependencies all met for dep_context=requeueable deps ti=<TaskInstance: how-desafio-03.invoke_lambda_function manual__2023-11-07T00:40:34.507652+00:00 [queued]>
[2023-11-06T21:40:39.000-0300] {taskinstance.py:1361} INFO - Starting attempt 1 of 1
[2023-11-06T21:40:39.120-0300] {taskinstance.py:1382} INFO - Executing <Task(LambdaInvokeFunctionOperator): invoke_lambda_function> on 2023-11-07 00:40:34.507652+00:00
[2023-11-06T21:40:39.124-0300] {standard_task_runner.py:57} INFO - Started process 897 to run task
[2023-11-06T21:40:39.130-0300] {standard_task_runner.py:84} INFO - Running: ['airflow', 'tasks', 'run', 'how-desafio-03', 'invoke_lambda_function', 'manual__2023-11-07T00:40:34.507652+00:00', '--job-id', '84', '--raw', '--subdir', 'DAGS_FOLDER/weather_dag.py', '--cfg-path', '/tmp/tmpa692dt49']
[2023-11-06T21:40:39.133-0300] {standard_task_runner.py:85} INFO - Job 84: Subtask invoke_lambda_function
[2023-11-06T21:40:39.369-0300] {logging_mixin.py:151} INFO - Changing /mnt/c/Users/filipe.macedo_ifood/Documents/how-desafio-03/airflow/logs/dag_id=how-desafio-03/run_id=manual__2023-11-07T00:40:34.507652+00:00/task_id=invoke_lambda_function permission to 509
[2023-11-06T21:40:39.374-0300] {task_command.py:416} INFO - Running <TaskInstance: how-desafio-03.invoke_lambda_function manual__2023-11-07T00:40:34.507652+00:00 [running]> on host 14111-NB.
[2023-11-06T21:40:39.790-0300] {taskinstance.py:1662} INFO - Exporting env vars: AIRFLOW_CTX_DAG_OWNER='airflow' AIRFLOW_CTX_DAG_ID='how-desafio-03' AIRFLOW_CTX_TASK_ID='invoke_lambda_function' AIRFLOW_CTX_EXECUTION_DATE='2023-11-07T00:40:34.507652+00:00' AIRFLOW_CTX_TRY_NUMBER='1' AIRFLOW_CTX_DAG_RUN_ID='manual__2023-11-07T00:40:34.507652+00:00'
[2023-11-06T21:40:39.791-0300] {lambda_function.py:211} INFO - Invoking AWS Lambda function: my_first_test with payload: {"weather_daily": {"data": {"date": "2023-11-06 00:00:00+00:00"}}}
[2023-11-06T21:40:39.822-0300] {base.py:73} INFO - Using connection ID 'aws_default' for task execution.
[2023-11-06T21:40:39.824-0300] {connection_wrapper.py:340} INFO - AWS Connection (conn_id='aws_default', conn_type='aws') credentials retrieved from login and password.
[2023-11-06T21:40:41.045-0300] {lambda_function.py:220} INFO - Lambda response metadata: {'RequestId': 'cb7736ce-9026-4758-a78b-7354dffe7138', 'HTTPStatusCode': 200, 'HTTPHeaders': {'date': 'Tue, 07 Nov 2023 00:40:43 GMT', 'content-type': 'application/json', 'content-length': '4', 'connection': 'keep-alive', 'x-amzn-requestid': 'cb7736ce-9026-4758-a78b-7354dffe7138', 'x-amzn-remapped-content-length': '0', 'x-amz-executed-version': '$LATEST', 'x-amzn-trace-id': 'root=1-6549878a-3bb8e84930df699a4297c589;sampled=0;lineage=2d7f70ec:0'}, 'RetryAttempts': 0}
[2023-11-06T21:40:41.047-0300] {lambda_function.py:230} INFO - Lambda function invocation succeeded: {'RequestId': 'cb7736ce-9026-4758-a78b-7354dffe7138', 'HTTPStatusCode': 200, 'HTTPHeaders': {'date': 'Tue, 07 Nov 2023 00:40:43 GMT', 'content-type': 'application/json', 'content-length': '4', 'connection': 'keep-alive', 'x-amzn-requestid': 'cb7736ce-9026-4758-a78b-7354dffe7138', 'x-amzn-remapped-content-length': '0', 'x-amz-executed-version': '$LATEST', 'x-amzn-trace-id': 'root=1-6549878a-3bb8e84930df699a4297c589;sampled=0;lineage=2d7f70ec:0'}, 'RetryAttempts': 0}
[2023-11-06T21:40:41.171-0300] {taskinstance.py:1400} INFO - Marking task as SUCCESS. dag_id=how-desafio-03, task_id=invoke_lambda_function, execution_date=20231107T004034, start_date=20231107T004038, end_date=20231107T004041
[2023-11-06T21:40:41.276-0300] {local_task_job_runner.py:228} INFO - Task exited with return code 0
[2023-11-06T21:40:41.308-0300] {taskinstance.py:2778} INFO - 0 downstream tasks scheduled from follow-on schedule check
