[2024-01-26T11:14:40.762-0300] {logging_mixin.py:151} INFO - Changing /mnt/c/Users/filipe.macedo_ifood/Documents/how-desafio-03/airflow/logs/dag_id=how-desafio-03/run_id=scheduled__2024-01-26T13:45:00+00:00/task_id=invoke_lambda_function permission to 509
[2024-01-26T11:14:40.814-0300] {logging_mixin.py:151} INFO - Changing /mnt/c/Users/filipe.macedo_ifood/Documents/how-desafio-03/airflow/logs/dag_id=how-desafio-03/run_id=scheduled__2024-01-26T13:45:00+00:00/task_id=invoke_lambda_function permission to 509
[2024-01-26T11:14:40.834-0300] {taskinstance.py:1159} INFO - Dependencies all met for dep_context=non-requeueable deps ti=<TaskInstance: how-desafio-03.invoke_lambda_function scheduled__2024-01-26T13:45:00+00:00 [queued]>
[2024-01-26T11:14:40.847-0300] {taskinstance.py:1159} INFO - Dependencies all met for dep_context=requeueable deps ti=<TaskInstance: how-desafio-03.invoke_lambda_function scheduled__2024-01-26T13:45:00+00:00 [queued]>
[2024-01-26T11:14:40.848-0300] {taskinstance.py:1361} INFO - Starting attempt 1 of 1
[2024-01-26T11:14:40.884-0300] {taskinstance.py:1382} INFO - Executing <Task(LambdaInvokeFunctionOperator): invoke_lambda_function> on 2024-01-26 13:45:00+00:00
[2024-01-26T11:14:40.886-0300] {standard_task_runner.py:57} INFO - Started process 3344 to run task
[2024-01-26T11:14:40.889-0300] {standard_task_runner.py:84} INFO - Running: ['airflow', 'tasks', 'run', 'how-desafio-03', 'invoke_lambda_function', 'scheduled__2024-01-26T13:45:00+00:00', '--job-id', '213', '--raw', '--subdir', 'DAGS_FOLDER/weather_dag.py', '--cfg-path', '/tmp/tmp5pnl2iio']
[2024-01-26T11:14:40.890-0300] {standard_task_runner.py:85} INFO - Job 213: Subtask invoke_lambda_function
[2024-01-26T11:14:40.953-0300] {logging_mixin.py:151} INFO - Changing /mnt/c/Users/filipe.macedo_ifood/Documents/how-desafio-03/airflow/logs/dag_id=how-desafio-03/run_id=scheduled__2024-01-26T13:45:00+00:00/task_id=invoke_lambda_function permission to 509
[2024-01-26T11:14:40.954-0300] {task_command.py:416} INFO - Running <TaskInstance: how-desafio-03.invoke_lambda_function scheduled__2024-01-26T13:45:00+00:00 [running]> on host 14111-NB.
[2024-01-26T11:14:41.050-0300] {taskinstance.py:1662} INFO - Exporting env vars: AIRFLOW_CTX_DAG_OWNER='airflow' AIRFLOW_CTX_DAG_ID='how-desafio-03' AIRFLOW_CTX_TASK_ID='invoke_lambda_function' AIRFLOW_CTX_EXECUTION_DATE='2024-01-26T13:45:00+00:00' AIRFLOW_CTX_TRY_NUMBER='1' AIRFLOW_CTX_DAG_RUN_ID='scheduled__2024-01-26T13:45:00+00:00'
[2024-01-26T11:14:41.051-0300] {lambda_function.py:211} INFO - Invoking AWS Lambda function: how-desafio-03 with payload: {"weather_daily": {"date": "1706277600"}}
[2024-01-26T11:14:41.060-0300] {base.py:73} INFO - Using connection ID 'aws_default' for task execution.
[2024-01-26T11:14:41.061-0300] {connection_wrapper.py:340} INFO - AWS Connection (conn_id='aws_default', conn_type='aws') credentials retrieved from login and password.
[2024-01-26T11:14:42.093-0300] {lambda_function.py:220} INFO - Lambda response metadata: {'RequestId': 'e6b83ff4-d9ac-4a93-b8f3-dd2c7e1c7ff6', 'HTTPStatusCode': 202, 'HTTPHeaders': {'date': 'Fri, 26 Jan 2024 14:15:03 GMT', 'content-length': '0', 'connection': 'keep-alive', 'x-amzn-requestid': 'e6b83ff4-d9ac-4a93-b8f3-dd2c7e1c7ff6', 'x-amzn-remapped-content-length': '0', 'x-amzn-trace-id': 'root=1-65b3be67-1f9dd55648439e34390fa721;sampled=0'}, 'RetryAttempts': 0}
[2024-01-26T11:14:42.094-0300] {lambda_function.py:230} INFO - Lambda function invocation succeeded: {'RequestId': 'e6b83ff4-d9ac-4a93-b8f3-dd2c7e1c7ff6', 'HTTPStatusCode': 202, 'HTTPHeaders': {'date': 'Fri, 26 Jan 2024 14:15:03 GMT', 'content-length': '0', 'connection': 'keep-alive', 'x-amzn-requestid': 'e6b83ff4-d9ac-4a93-b8f3-dd2c7e1c7ff6', 'x-amzn-remapped-content-length': '0', 'x-amzn-trace-id': 'root=1-65b3be67-1f9dd55648439e34390fa721;sampled=0'}, 'RetryAttempts': 0}
[2024-01-26T11:14:42.132-0300] {taskinstance.py:1400} INFO - Marking task as SUCCESS. dag_id=how-desafio-03, task_id=invoke_lambda_function, execution_date=20240126T134500, start_date=20240126T141440, end_date=20240126T141442
[2024-01-26T11:14:42.188-0300] {local_task_job_runner.py:228} INFO - Task exited with return code 0
[2024-01-26T11:14:42.204-0300] {taskinstance.py:2778} INFO - 0 downstream tasks scheduled from follow-on schedule check
