[2024-02-06T20:45:45.128-0300] {processor.py:157} INFO - Started process (PID=831) to work on /mnt/c/Users/filipe.macedo_ifood/Documents/how-desafio-03/airflow/dags/weather_dag.py
[2024-02-06T20:45:45.129-0300] {processor.py:829} INFO - Processing file /mnt/c/Users/filipe.macedo_ifood/Documents/how-desafio-03/airflow/dags/weather_dag.py for tasks to queue
[2024-02-06T20:45:45.133-0300] {logging_mixin.py:151} INFO - [2024-02-06T20:45:45.132-0300] {dagbag.py:536} INFO - Filling up the DagBag from /mnt/c/Users/filipe.macedo_ifood/Documents/how-desafio-03/airflow/dags/weather_dag.py
[2024-02-06T20:45:45.165-0300] {logging_mixin.py:151} WARNING - /usr/local/lib/python3.10/dist-packages/airflow/models/baseoperator.py:437 UserWarning: The parameter waiter_countdown has been deprecated to standardize naming conventions.  Please use waiter_max_attempts instead.  In the future this will default to None and defer to the waiter's default value.
[2024-02-06T20:45:45.167-0300] {logging_mixin.py:151} WARNING - /usr/local/lib/python3.10/dist-packages/airflow/models/baseoperator.py:437 UserWarning: The parameter waiter_check_interval_seconds has been deprecated to standardize naming conventions.  Please use waiter_delay instead.  In the future this will default to None and defer to the waiter's default value.
[2024-02-06T20:45:45.175-0300] {processor.py:839} INFO - DAG(s) dict_keys(['how-desafio-3']) retrieved from /mnt/c/Users/filipe.macedo_ifood/Documents/how-desafio-03/airflow/dags/weather_dag.py
[2024-02-06T20:45:45.193-0300] {logging_mixin.py:151} INFO - [2024-02-06T20:45:45.192-0300] {dag.py:2941} INFO - Sync 1 DAGs
[2024-02-06T20:45:45.235-0300] {logging_mixin.py:151} INFO - [2024-02-06T20:45:45.235-0300] {dag.py:3722} INFO - Setting next_dagrun for how-desafio-3 to 2024-02-06T22:00:00+00:00, run_after=2024-02-06T23:00:00+00:00
[2024-02-06T20:45:45.332-0300] {processor.py:179} INFO - Processing /mnt/c/Users/filipe.macedo_ifood/Documents/how-desafio-03/airflow/dags/weather_dag.py took 0.207 seconds
[2024-02-06T20:46:16.138-0300] {processor.py:157} INFO - Started process (PID=837) to work on /mnt/c/Users/filipe.macedo_ifood/Documents/how-desafio-03/airflow/dags/weather_dag.py
[2024-02-06T20:46:16.140-0300] {processor.py:829} INFO - Processing file /mnt/c/Users/filipe.macedo_ifood/Documents/how-desafio-03/airflow/dags/weather_dag.py for tasks to queue
[2024-02-06T20:46:16.143-0300] {logging_mixin.py:151} INFO - [2024-02-06T20:46:16.142-0300] {dagbag.py:536} INFO - Filling up the DagBag from /mnt/c/Users/filipe.macedo_ifood/Documents/how-desafio-03/airflow/dags/weather_dag.py
[2024-02-06T20:46:16.201-0300] {logging_mixin.py:151} WARNING - /usr/local/lib/python3.10/dist-packages/airflow/models/baseoperator.py:437 UserWarning: The parameter waiter_countdown has been deprecated to standardize naming conventions.  Please use waiter_max_attempts instead.  In the future this will default to None and defer to the waiter's default value.
[2024-02-06T20:46:16.204-0300] {logging_mixin.py:151} WARNING - /usr/local/lib/python3.10/dist-packages/airflow/models/baseoperator.py:437 UserWarning: The parameter waiter_check_interval_seconds has been deprecated to standardize naming conventions.  Please use waiter_delay instead.  In the future this will default to None and defer to the waiter's default value.
[2024-02-06T20:46:16.213-0300] {processor.py:839} INFO - DAG(s) dict_keys(['how-desafio-3']) retrieved from /mnt/c/Users/filipe.macedo_ifood/Documents/how-desafio-03/airflow/dags/weather_dag.py
[2024-02-06T20:46:16.268-0300] {logging_mixin.py:151} INFO - [2024-02-06T20:46:16.267-0300] {dag.py:2941} INFO - Sync 1 DAGs
[2024-02-06T20:46:16.306-0300] {logging_mixin.py:151} INFO - [2024-02-06T20:46:16.306-0300] {dag.py:3722} INFO - Setting next_dagrun for how-desafio-3 to 2024-02-06T22:00:00+00:00, run_after=2024-02-06T23:00:00+00:00
[2024-02-06T20:46:16.458-0300] {processor.py:179} INFO - Processing /mnt/c/Users/filipe.macedo_ifood/Documents/how-desafio-03/airflow/dags/weather_dag.py took 0.322 seconds
[2024-02-06T20:46:47.169-0300] {processor.py:157} INFO - Started process (PID=838) to work on /mnt/c/Users/filipe.macedo_ifood/Documents/how-desafio-03/airflow/dags/weather_dag.py
[2024-02-06T20:46:47.171-0300] {processor.py:829} INFO - Processing file /mnt/c/Users/filipe.macedo_ifood/Documents/how-desafio-03/airflow/dags/weather_dag.py for tasks to queue
[2024-02-06T20:46:47.177-0300] {logging_mixin.py:151} INFO - [2024-02-06T20:46:47.176-0300] {dagbag.py:536} INFO - Filling up the DagBag from /mnt/c/Users/filipe.macedo_ifood/Documents/how-desafio-03/airflow/dags/weather_dag.py
[2024-02-06T20:46:47.262-0300] {logging_mixin.py:151} WARNING - /usr/local/lib/python3.10/dist-packages/airflow/models/baseoperator.py:437 UserWarning: The parameter waiter_countdown has been deprecated to standardize naming conventions.  Please use waiter_max_attempts instead.  In the future this will default to None and defer to the waiter's default value.
[2024-02-06T20:46:47.265-0300] {logging_mixin.py:151} WARNING - /usr/local/lib/python3.10/dist-packages/airflow/models/baseoperator.py:437 UserWarning: The parameter waiter_check_interval_seconds has been deprecated to standardize naming conventions.  Please use waiter_delay instead.  In the future this will default to None and defer to the waiter's default value.
[2024-02-06T20:46:47.277-0300] {processor.py:839} INFO - DAG(s) dict_keys(['how-desafio-3']) retrieved from /mnt/c/Users/filipe.macedo_ifood/Documents/how-desafio-03/airflow/dags/weather_dag.py
[2024-02-06T20:46:47.344-0300] {logging_mixin.py:151} INFO - [2024-02-06T20:46:47.344-0300] {dag.py:2941} INFO - Sync 1 DAGs
[2024-02-06T20:46:47.401-0300] {logging_mixin.py:151} INFO - [2024-02-06T20:46:47.400-0300] {dag.py:3722} INFO - Setting next_dagrun for how-desafio-3 to 2024-02-06T22:00:00+00:00, run_after=2024-02-06T23:00:00+00:00
[2024-02-06T20:46:47.538-0300] {processor.py:179} INFO - Processing /mnt/c/Users/filipe.macedo_ifood/Documents/how-desafio-03/airflow/dags/weather_dag.py took 0.373 seconds
[2024-02-06T20:47:17.977-0300] {processor.py:157} INFO - Started process (PID=839) to work on /mnt/c/Users/filipe.macedo_ifood/Documents/how-desafio-03/airflow/dags/weather_dag.py
[2024-02-06T20:47:17.978-0300] {processor.py:829} INFO - Processing file /mnt/c/Users/filipe.macedo_ifood/Documents/how-desafio-03/airflow/dags/weather_dag.py for tasks to queue
[2024-02-06T20:47:17.981-0300] {logging_mixin.py:151} INFO - [2024-02-06T20:47:17.981-0300] {dagbag.py:536} INFO - Filling up the DagBag from /mnt/c/Users/filipe.macedo_ifood/Documents/how-desafio-03/airflow/dags/weather_dag.py
[2024-02-06T20:47:18.038-0300] {logging_mixin.py:151} WARNING - /usr/local/lib/python3.10/dist-packages/airflow/models/baseoperator.py:437 UserWarning: The parameter waiter_countdown has been deprecated to standardize naming conventions.  Please use waiter_max_attempts instead.  In the future this will default to None and defer to the waiter's default value.
[2024-02-06T20:47:18.041-0300] {logging_mixin.py:151} WARNING - /usr/local/lib/python3.10/dist-packages/airflow/models/baseoperator.py:437 UserWarning: The parameter waiter_check_interval_seconds has been deprecated to standardize naming conventions.  Please use waiter_delay instead.  In the future this will default to None and defer to the waiter's default value.
[2024-02-06T20:47:18.055-0300] {processor.py:839} INFO - DAG(s) dict_keys(['how-desafio-3']) retrieved from /mnt/c/Users/filipe.macedo_ifood/Documents/how-desafio-03/airflow/dags/weather_dag.py
[2024-02-06T20:47:18.116-0300] {logging_mixin.py:151} INFO - [2024-02-06T20:47:18.114-0300] {dag.py:2941} INFO - Sync 1 DAGs
[2024-02-06T20:47:18.155-0300] {logging_mixin.py:151} INFO - [2024-02-06T20:47:18.155-0300] {dag.py:3722} INFO - Setting next_dagrun for how-desafio-3 to 2024-02-06T22:00:00+00:00, run_after=2024-02-06T23:00:00+00:00
[2024-02-06T20:47:18.281-0300] {processor.py:179} INFO - Processing /mnt/c/Users/filipe.macedo_ifood/Documents/how-desafio-03/airflow/dags/weather_dag.py took 0.307 seconds
[2024-02-06T20:47:48.660-0300] {processor.py:157} INFO - Started process (PID=840) to work on /mnt/c/Users/filipe.macedo_ifood/Documents/how-desafio-03/airflow/dags/weather_dag.py
[2024-02-06T20:47:48.663-0300] {processor.py:829} INFO - Processing file /mnt/c/Users/filipe.macedo_ifood/Documents/how-desafio-03/airflow/dags/weather_dag.py for tasks to queue
[2024-02-06T20:47:48.669-0300] {logging_mixin.py:151} INFO - [2024-02-06T20:47:48.668-0300] {dagbag.py:536} INFO - Filling up the DagBag from /mnt/c/Users/filipe.macedo_ifood/Documents/how-desafio-03/airflow/dags/weather_dag.py
[2024-02-06T20:47:48.762-0300] {logging_mixin.py:151} WARNING - /usr/local/lib/python3.10/dist-packages/airflow/models/baseoperator.py:437 UserWarning: The parameter waiter_countdown has been deprecated to standardize naming conventions.  Please use waiter_max_attempts instead.  In the future this will default to None and defer to the waiter's default value.
[2024-02-06T20:47:48.763-0300] {logging_mixin.py:151} WARNING - /usr/local/lib/python3.10/dist-packages/airflow/models/baseoperator.py:437 UserWarning: The parameter waiter_check_interval_seconds has been deprecated to standardize naming conventions.  Please use waiter_delay instead.  In the future this will default to None and defer to the waiter's default value.
[2024-02-06T20:47:48.776-0300] {processor.py:839} INFO - DAG(s) dict_keys(['how-desafio-3']) retrieved from /mnt/c/Users/filipe.macedo_ifood/Documents/how-desafio-03/airflow/dags/weather_dag.py
[2024-02-06T20:47:48.813-0300] {logging_mixin.py:151} INFO - [2024-02-06T20:47:48.812-0300] {dag.py:2941} INFO - Sync 1 DAGs
[2024-02-06T20:47:48.847-0300] {logging_mixin.py:151} INFO - [2024-02-06T20:47:48.847-0300] {dag.py:3722} INFO - Setting next_dagrun for how-desafio-3 to 2024-02-06T22:00:00+00:00, run_after=2024-02-06T23:00:00+00:00
[2024-02-06T20:47:48.991-0300] {processor.py:179} INFO - Processing /mnt/c/Users/filipe.macedo_ifood/Documents/how-desafio-03/airflow/dags/weather_dag.py took 0.339 seconds
[2024-02-06T20:48:19.617-0300] {processor.py:157} INFO - Started process (PID=841) to work on /mnt/c/Users/filipe.macedo_ifood/Documents/how-desafio-03/airflow/dags/weather_dag.py
[2024-02-06T20:48:19.622-0300] {processor.py:829} INFO - Processing file /mnt/c/Users/filipe.macedo_ifood/Documents/how-desafio-03/airflow/dags/weather_dag.py for tasks to queue
[2024-02-06T20:48:19.629-0300] {logging_mixin.py:151} INFO - [2024-02-06T20:48:19.629-0300] {dagbag.py:536} INFO - Filling up the DagBag from /mnt/c/Users/filipe.macedo_ifood/Documents/how-desafio-03/airflow/dags/weather_dag.py
[2024-02-06T20:48:19.743-0300] {logging_mixin.py:151} WARNING - /usr/local/lib/python3.10/dist-packages/airflow/models/baseoperator.py:437 UserWarning: The parameter waiter_countdown has been deprecated to standardize naming conventions.  Please use waiter_max_attempts instead.  In the future this will default to None and defer to the waiter's default value.
[2024-02-06T20:48:19.746-0300] {logging_mixin.py:151} WARNING - /usr/local/lib/python3.10/dist-packages/airflow/models/baseoperator.py:437 UserWarning: The parameter waiter_check_interval_seconds has been deprecated to standardize naming conventions.  Please use waiter_delay instead.  In the future this will default to None and defer to the waiter's default value.
[2024-02-06T20:48:19.765-0300] {processor.py:839} INFO - DAG(s) dict_keys(['how-desafio-3']) retrieved from /mnt/c/Users/filipe.macedo_ifood/Documents/how-desafio-03/airflow/dags/weather_dag.py
[2024-02-06T20:48:19.853-0300] {logging_mixin.py:151} INFO - [2024-02-06T20:48:19.852-0300] {dag.py:2941} INFO - Sync 1 DAGs
[2024-02-06T20:48:19.894-0300] {logging_mixin.py:151} INFO - [2024-02-06T20:48:19.894-0300] {dag.py:3722} INFO - Setting next_dagrun for how-desafio-3 to 2024-02-06T22:00:00+00:00, run_after=2024-02-06T23:00:00+00:00
[2024-02-06T20:48:20.071-0300] {processor.py:179} INFO - Processing /mnt/c/Users/filipe.macedo_ifood/Documents/how-desafio-03/airflow/dags/weather_dag.py took 0.461 seconds
[2024-02-06T20:48:51.396-0300] {processor.py:157} INFO - Started process (PID=842) to work on /mnt/c/Users/filipe.macedo_ifood/Documents/how-desafio-03/airflow/dags/weather_dag.py
[2024-02-06T20:48:51.398-0300] {processor.py:829} INFO - Processing file /mnt/c/Users/filipe.macedo_ifood/Documents/how-desafio-03/airflow/dags/weather_dag.py for tasks to queue
[2024-02-06T20:48:51.404-0300] {logging_mixin.py:151} INFO - [2024-02-06T20:48:51.403-0300] {dagbag.py:536} INFO - Filling up the DagBag from /mnt/c/Users/filipe.macedo_ifood/Documents/how-desafio-03/airflow/dags/weather_dag.py
[2024-02-06T20:48:51.508-0300] {logging_mixin.py:151} WARNING - /usr/local/lib/python3.10/dist-packages/airflow/models/baseoperator.py:437 UserWarning: The parameter waiter_countdown has been deprecated to standardize naming conventions.  Please use waiter_max_attempts instead.  In the future this will default to None and defer to the waiter's default value.
[2024-02-06T20:48:51.512-0300] {logging_mixin.py:151} WARNING - /usr/local/lib/python3.10/dist-packages/airflow/models/baseoperator.py:437 UserWarning: The parameter waiter_check_interval_seconds has been deprecated to standardize naming conventions.  Please use waiter_delay instead.  In the future this will default to None and defer to the waiter's default value.
[2024-02-06T20:48:51.532-0300] {processor.py:839} INFO - DAG(s) dict_keys(['how-desafio-3']) retrieved from /mnt/c/Users/filipe.macedo_ifood/Documents/how-desafio-03/airflow/dags/weather_dag.py
[2024-02-06T20:48:51.593-0300] {logging_mixin.py:151} INFO - [2024-02-06T20:48:51.593-0300] {dag.py:2941} INFO - Sync 1 DAGs
[2024-02-06T20:48:51.635-0300] {logging_mixin.py:151} INFO - [2024-02-06T20:48:51.635-0300] {dag.py:3722} INFO - Setting next_dagrun for how-desafio-3 to 2024-02-06T22:00:00+00:00, run_after=2024-02-06T23:00:00+00:00
[2024-02-06T20:48:51.812-0300] {processor.py:179} INFO - Processing /mnt/c/Users/filipe.macedo_ifood/Documents/how-desafio-03/airflow/dags/weather_dag.py took 0.421 seconds
[2024-02-06T20:49:23.257-0300] {processor.py:157} INFO - Started process (PID=843) to work on /mnt/c/Users/filipe.macedo_ifood/Documents/how-desafio-03/airflow/dags/weather_dag.py
[2024-02-06T20:49:23.259-0300] {processor.py:829} INFO - Processing file /mnt/c/Users/filipe.macedo_ifood/Documents/how-desafio-03/airflow/dags/weather_dag.py for tasks to queue
[2024-02-06T20:49:23.264-0300] {logging_mixin.py:151} INFO - [2024-02-06T20:49:23.263-0300] {dagbag.py:536} INFO - Filling up the DagBag from /mnt/c/Users/filipe.macedo_ifood/Documents/how-desafio-03/airflow/dags/weather_dag.py
[2024-02-06T20:49:23.370-0300] {logging_mixin.py:151} WARNING - /usr/local/lib/python3.10/dist-packages/airflow/models/baseoperator.py:437 UserWarning: The parameter waiter_countdown has been deprecated to standardize naming conventions.  Please use waiter_max_attempts instead.  In the future this will default to None and defer to the waiter's default value.
[2024-02-06T20:49:23.372-0300] {logging_mixin.py:151} WARNING - /usr/local/lib/python3.10/dist-packages/airflow/models/baseoperator.py:437 UserWarning: The parameter waiter_check_interval_seconds has been deprecated to standardize naming conventions.  Please use waiter_delay instead.  In the future this will default to None and defer to the waiter's default value.
[2024-02-06T20:49:23.390-0300] {processor.py:839} INFO - DAG(s) dict_keys(['how-desafio-3']) retrieved from /mnt/c/Users/filipe.macedo_ifood/Documents/how-desafio-03/airflow/dags/weather_dag.py
[2024-02-06T20:49:23.479-0300] {logging_mixin.py:151} INFO - [2024-02-06T20:49:23.478-0300] {dag.py:2941} INFO - Sync 1 DAGs
[2024-02-06T20:49:23.531-0300] {logging_mixin.py:151} INFO - [2024-02-06T20:49:23.530-0300] {dag.py:3722} INFO - Setting next_dagrun for how-desafio-3 to 2024-02-06T22:00:00+00:00, run_after=2024-02-06T23:00:00+00:00
[2024-02-06T20:49:23.758-0300] {processor.py:179} INFO - Processing /mnt/c/Users/filipe.macedo_ifood/Documents/how-desafio-03/airflow/dags/weather_dag.py took 0.509 seconds
[2024-02-06T20:49:51.178-0300] {processor.py:157} INFO - Started process (PID=847) to work on /mnt/c/Users/filipe.macedo_ifood/Documents/how-desafio-03/airflow/dags/weather_dag.py
[2024-02-06T20:49:51.179-0300] {processor.py:829} INFO - Processing file /mnt/c/Users/filipe.macedo_ifood/Documents/how-desafio-03/airflow/dags/weather_dag.py for tasks to queue
[2024-02-06T20:49:51.184-0300] {logging_mixin.py:151} INFO - [2024-02-06T20:49:51.183-0300] {dagbag.py:536} INFO - Filling up the DagBag from /mnt/c/Users/filipe.macedo_ifood/Documents/how-desafio-03/airflow/dags/weather_dag.py
[2024-02-06T20:49:51.232-0300] {logging_mixin.py:151} WARNING - /usr/local/lib/python3.10/dist-packages/airflow/models/baseoperator.py:437 UserWarning: The parameter waiter_countdown has been deprecated to standardize naming conventions.  Please use waiter_max_attempts instead.  In the future this will default to None and defer to the waiter's default value.
[2024-02-06T20:49:51.234-0300] {logging_mixin.py:151} WARNING - /usr/local/lib/python3.10/dist-packages/airflow/models/baseoperator.py:437 UserWarning: The parameter waiter_check_interval_seconds has been deprecated to standardize naming conventions.  Please use waiter_delay instead.  In the future this will default to None and defer to the waiter's default value.
[2024-02-06T20:49:51.240-0300] {processor.py:839} INFO - DAG(s) dict_keys(['how-desafio-3']) retrieved from /mnt/c/Users/filipe.macedo_ifood/Documents/how-desafio-03/airflow/dags/weather_dag.py
[2024-02-06T20:49:51.288-0300] {logging_mixin.py:151} INFO - [2024-02-06T20:49:51.287-0300] {dag.py:2941} INFO - Sync 1 DAGs
[2024-02-06T20:49:51.327-0300] {logging_mixin.py:151} INFO - [2024-02-06T20:49:51.326-0300] {dag.py:3722} INFO - Setting next_dagrun for how-desafio-3 to 2024-02-06T23:00:00+00:00, run_after=2024-02-07T00:00:00+00:00
[2024-02-06T20:49:51.492-0300] {processor.py:179} INFO - Processing /mnt/c/Users/filipe.macedo_ifood/Documents/how-desafio-03/airflow/dags/weather_dag.py took 0.316 seconds
[2024-02-06T20:49:58.680-0300] {processor.py:157} INFO - Started process (PID=851) to work on /mnt/c/Users/filipe.macedo_ifood/Documents/how-desafio-03/airflow/dags/weather_dag.py
[2024-02-06T20:49:58.682-0300] {processor.py:829} INFO - Processing file /mnt/c/Users/filipe.macedo_ifood/Documents/how-desafio-03/airflow/dags/weather_dag.py for tasks to queue
[2024-02-06T20:49:58.687-0300] {logging_mixin.py:151} INFO - [2024-02-06T20:49:58.687-0300] {dagbag.py:536} INFO - Filling up the DagBag from /mnt/c/Users/filipe.macedo_ifood/Documents/how-desafio-03/airflow/dags/weather_dag.py
[2024-02-06T20:49:58.731-0300] {logging_mixin.py:151} WARNING - /usr/local/lib/python3.10/dist-packages/airflow/models/baseoperator.py:437 UserWarning: The parameter waiter_countdown has been deprecated to standardize naming conventions.  Please use waiter_max_attempts instead.  In the future this will default to None and defer to the waiter's default value.
[2024-02-06T20:49:58.732-0300] {logging_mixin.py:151} WARNING - /usr/local/lib/python3.10/dist-packages/airflow/models/baseoperator.py:437 UserWarning: The parameter waiter_check_interval_seconds has been deprecated to standardize naming conventions.  Please use waiter_delay instead.  In the future this will default to None and defer to the waiter's default value.
[2024-02-06T20:49:58.741-0300] {processor.py:839} INFO - DAG(s) dict_keys(['how-desafio-3']) retrieved from /mnt/c/Users/filipe.macedo_ifood/Documents/how-desafio-03/airflow/dags/weather_dag.py
[2024-02-06T20:49:58.775-0300] {logging_mixin.py:151} INFO - [2024-02-06T20:49:58.774-0300] {dag.py:2941} INFO - Sync 1 DAGs
[2024-02-06T20:49:58.804-0300] {logging_mixin.py:151} INFO - [2024-02-06T20:49:58.803-0300] {dag.py:3722} INFO - Setting next_dagrun for how-desafio-3 to 2024-02-06T23:00:00+00:00, run_after=2024-02-07T00:00:00+00:00
[2024-02-06T20:49:58.894-0300] {processor.py:179} INFO - Processing /mnt/c/Users/filipe.macedo_ifood/Documents/how-desafio-03/airflow/dags/weather_dag.py took 0.216 seconds
[2024-02-06T20:50:04.942-0300] {processor.py:157} INFO - Started process (PID=855) to work on /mnt/c/Users/filipe.macedo_ifood/Documents/how-desafio-03/airflow/dags/weather_dag.py
[2024-02-06T20:50:04.943-0300] {processor.py:829} INFO - Processing file /mnt/c/Users/filipe.macedo_ifood/Documents/how-desafio-03/airflow/dags/weather_dag.py for tasks to queue
[2024-02-06T20:50:04.946-0300] {logging_mixin.py:151} INFO - [2024-02-06T20:50:04.946-0300] {dagbag.py:536} INFO - Filling up the DagBag from /mnt/c/Users/filipe.macedo_ifood/Documents/how-desafio-03/airflow/dags/weather_dag.py
[2024-02-06T20:50:04.988-0300] {logging_mixin.py:151} WARNING - /usr/local/lib/python3.10/dist-packages/airflow/models/baseoperator.py:437 UserWarning: The parameter waiter_countdown has been deprecated to standardize naming conventions.  Please use waiter_max_attempts instead.  In the future this will default to None and defer to the waiter's default value.
[2024-02-06T20:50:04.989-0300] {logging_mixin.py:151} WARNING - /usr/local/lib/python3.10/dist-packages/airflow/models/baseoperator.py:437 UserWarning: The parameter waiter_check_interval_seconds has been deprecated to standardize naming conventions.  Please use waiter_delay instead.  In the future this will default to None and defer to the waiter's default value.
[2024-02-06T20:50:04.993-0300] {processor.py:839} INFO - DAG(s) dict_keys(['how-desafio-3']) retrieved from /mnt/c/Users/filipe.macedo_ifood/Documents/how-desafio-03/airflow/dags/weather_dag.py
[2024-02-06T20:50:05.027-0300] {logging_mixin.py:151} INFO - [2024-02-06T20:50:05.027-0300] {dag.py:2941} INFO - Sync 1 DAGs
[2024-02-06T20:50:05.057-0300] {logging_mixin.py:151} INFO - [2024-02-06T20:50:05.057-0300] {dag.py:3722} INFO - Setting next_dagrun for how-desafio-3 to 2024-02-06T23:00:00+00:00, run_after=2024-02-07T00:00:00+00:00
[2024-02-06T20:50:05.164-0300] {processor.py:179} INFO - Processing /mnt/c/Users/filipe.macedo_ifood/Documents/how-desafio-03/airflow/dags/weather_dag.py took 0.224 seconds
[2024-02-06T20:58:22.248-0300] {processor.py:157} INFO - Started process (PID=859) to work on /mnt/c/Users/filipe.macedo_ifood/Documents/how-desafio-03/airflow/dags/weather_dag.py
[2024-02-06T20:58:22.251-0300] {processor.py:829} INFO - Processing file /mnt/c/Users/filipe.macedo_ifood/Documents/how-desafio-03/airflow/dags/weather_dag.py for tasks to queue
[2024-02-06T20:58:22.255-0300] {logging_mixin.py:151} INFO - [2024-02-06T20:58:22.255-0300] {dagbag.py:536} INFO - Filling up the DagBag from /mnt/c/Users/filipe.macedo_ifood/Documents/how-desafio-03/airflow/dags/weather_dag.py
[2024-02-06T20:58:22.369-0300] {logging_mixin.py:151} WARNING - /usr/local/lib/python3.10/dist-packages/airflow/models/baseoperator.py:437 UserWarning: The parameter waiter_countdown has been deprecated to standardize naming conventions.  Please use waiter_max_attempts instead.  In the future this will default to None and defer to the waiter's default value.
[2024-02-06T20:58:22.370-0300] {logging_mixin.py:151} WARNING - /usr/local/lib/python3.10/dist-packages/airflow/models/baseoperator.py:437 UserWarning: The parameter waiter_check_interval_seconds has been deprecated to standardize naming conventions.  Please use waiter_delay instead.  In the future this will default to None and defer to the waiter's default value.
[2024-02-06T20:58:22.376-0300] {processor.py:839} INFO - DAG(s) dict_keys(['how-desafio-3']) retrieved from /mnt/c/Users/filipe.macedo_ifood/Documents/how-desafio-03/airflow/dags/weather_dag.py
[2024-02-06T20:58:22.561-0300] {logging_mixin.py:151} INFO - [2024-02-06T20:58:22.559-0300] {dag.py:2941} INFO - Sync 1 DAGs
[2024-02-06T20:58:22.606-0300] {logging_mixin.py:151} INFO - [2024-02-06T20:58:22.606-0300] {dag.py:3722} INFO - Setting next_dagrun for how-desafio-3 to 2024-02-06T23:00:00+00:00, run_after=2024-02-07T00:00:00+00:00
[2024-02-06T20:58:22.819-0300] {processor.py:179} INFO - Processing /mnt/c/Users/filipe.macedo_ifood/Documents/how-desafio-03/airflow/dags/weather_dag.py took 0.576 seconds
[2024-02-06T20:58:53.241-0300] {processor.py:157} INFO - Started process (PID=860) to work on /mnt/c/Users/filipe.macedo_ifood/Documents/how-desafio-03/airflow/dags/weather_dag.py
[2024-02-06T20:58:53.245-0300] {processor.py:829} INFO - Processing file /mnt/c/Users/filipe.macedo_ifood/Documents/how-desafio-03/airflow/dags/weather_dag.py for tasks to queue
[2024-02-06T20:58:53.252-0300] {logging_mixin.py:151} INFO - [2024-02-06T20:58:53.251-0300] {dagbag.py:536} INFO - Filling up the DagBag from /mnt/c/Users/filipe.macedo_ifood/Documents/how-desafio-03/airflow/dags/weather_dag.py
[2024-02-06T20:58:53.343-0300] {logging_mixin.py:151} WARNING - /usr/local/lib/python3.10/dist-packages/airflow/models/baseoperator.py:437 UserWarning: The parameter waiter_countdown has been deprecated to standardize naming conventions.  Please use waiter_max_attempts instead.  In the future this will default to None and defer to the waiter's default value.
[2024-02-06T20:58:53.345-0300] {logging_mixin.py:151} WARNING - /usr/local/lib/python3.10/dist-packages/airflow/models/baseoperator.py:437 UserWarning: The parameter waiter_check_interval_seconds has been deprecated to standardize naming conventions.  Please use waiter_delay instead.  In the future this will default to None and defer to the waiter's default value.
[2024-02-06T20:58:53.355-0300] {processor.py:839} INFO - DAG(s) dict_keys(['how-desafio-3']) retrieved from /mnt/c/Users/filipe.macedo_ifood/Documents/how-desafio-03/airflow/dags/weather_dag.py
[2024-02-06T20:58:53.413-0300] {logging_mixin.py:151} INFO - [2024-02-06T20:58:53.413-0300] {dag.py:2941} INFO - Sync 1 DAGs
[2024-02-06T20:58:53.455-0300] {logging_mixin.py:151} INFO - [2024-02-06T20:58:53.455-0300] {dag.py:3722} INFO - Setting next_dagrun for how-desafio-3 to 2024-02-06T23:00:00+00:00, run_after=2024-02-07T00:00:00+00:00
[2024-02-06T20:58:53.618-0300] {processor.py:179} INFO - Processing /mnt/c/Users/filipe.macedo_ifood/Documents/how-desafio-03/airflow/dags/weather_dag.py took 0.384 seconds
[2024-02-06T20:59:24.540-0300] {processor.py:157} INFO - Started process (PID=861) to work on /mnt/c/Users/filipe.macedo_ifood/Documents/how-desafio-03/airflow/dags/weather_dag.py
[2024-02-06T20:59:24.542-0300] {processor.py:829} INFO - Processing file /mnt/c/Users/filipe.macedo_ifood/Documents/how-desafio-03/airflow/dags/weather_dag.py for tasks to queue
[2024-02-06T20:59:24.545-0300] {logging_mixin.py:151} INFO - [2024-02-06T20:59:24.545-0300] {dagbag.py:536} INFO - Filling up the DagBag from /mnt/c/Users/filipe.macedo_ifood/Documents/how-desafio-03/airflow/dags/weather_dag.py
[2024-02-06T20:59:24.619-0300] {logging_mixin.py:151} WARNING - /usr/local/lib/python3.10/dist-packages/airflow/models/baseoperator.py:437 UserWarning: The parameter waiter_countdown has been deprecated to standardize naming conventions.  Please use waiter_max_attempts instead.  In the future this will default to None and defer to the waiter's default value.
[2024-02-06T20:59:24.621-0300] {logging_mixin.py:151} WARNING - /usr/local/lib/python3.10/dist-packages/airflow/models/baseoperator.py:437 UserWarning: The parameter waiter_check_interval_seconds has been deprecated to standardize naming conventions.  Please use waiter_delay instead.  In the future this will default to None and defer to the waiter's default value.
[2024-02-06T20:59:24.629-0300] {processor.py:839} INFO - DAG(s) dict_keys(['how-desafio-3']) retrieved from /mnt/c/Users/filipe.macedo_ifood/Documents/how-desafio-03/airflow/dags/weather_dag.py
[2024-02-06T20:59:24.682-0300] {logging_mixin.py:151} INFO - [2024-02-06T20:59:24.682-0300] {dag.py:2941} INFO - Sync 1 DAGs
[2024-02-06T20:59:24.721-0300] {logging_mixin.py:151} INFO - [2024-02-06T20:59:24.721-0300] {dag.py:3722} INFO - Setting next_dagrun for how-desafio-3 to 2024-02-06T23:00:00+00:00, run_after=2024-02-07T00:00:00+00:00
[2024-02-06T20:59:24.896-0300] {processor.py:179} INFO - Processing /mnt/c/Users/filipe.macedo_ifood/Documents/how-desafio-03/airflow/dags/weather_dag.py took 0.360 seconds
[2024-02-06T20:59:55.002-0300] {processor.py:157} INFO - Started process (PID=862) to work on /mnt/c/Users/filipe.macedo_ifood/Documents/how-desafio-03/airflow/dags/weather_dag.py
[2024-02-06T20:59:55.004-0300] {processor.py:829} INFO - Processing file /mnt/c/Users/filipe.macedo_ifood/Documents/how-desafio-03/airflow/dags/weather_dag.py for tasks to queue
[2024-02-06T20:59:55.008-0300] {logging_mixin.py:151} INFO - [2024-02-06T20:59:55.008-0300] {dagbag.py:536} INFO - Filling up the DagBag from /mnt/c/Users/filipe.macedo_ifood/Documents/how-desafio-03/airflow/dags/weather_dag.py
[2024-02-06T20:59:55.078-0300] {logging_mixin.py:151} WARNING - /usr/local/lib/python3.10/dist-packages/airflow/models/baseoperator.py:437 UserWarning: The parameter waiter_countdown has been deprecated to standardize naming conventions.  Please use waiter_max_attempts instead.  In the future this will default to None and defer to the waiter's default value.
[2024-02-06T20:59:55.081-0300] {logging_mixin.py:151} WARNING - /usr/local/lib/python3.10/dist-packages/airflow/models/baseoperator.py:437 UserWarning: The parameter waiter_check_interval_seconds has been deprecated to standardize naming conventions.  Please use waiter_delay instead.  In the future this will default to None and defer to the waiter's default value.
[2024-02-06T20:59:55.090-0300] {processor.py:839} INFO - DAG(s) dict_keys(['how-desafio-3']) retrieved from /mnt/c/Users/filipe.macedo_ifood/Documents/how-desafio-03/airflow/dags/weather_dag.py
[2024-02-06T20:59:55.141-0300] {logging_mixin.py:151} INFO - [2024-02-06T20:59:55.140-0300] {dag.py:2941} INFO - Sync 1 DAGs
[2024-02-06T20:59:55.185-0300] {logging_mixin.py:151} INFO - [2024-02-06T20:59:55.184-0300] {dag.py:3722} INFO - Setting next_dagrun for how-desafio-3 to 2024-02-06T23:00:00+00:00, run_after=2024-02-07T00:00:00+00:00
[2024-02-06T20:59:55.344-0300] {processor.py:179} INFO - Processing /mnt/c/Users/filipe.macedo_ifood/Documents/how-desafio-03/airflow/dags/weather_dag.py took 0.346 seconds
