[2024-02-06T21:22:39.031-0300] {logging_mixin.py:151} INFO - Changing /mnt/c/Users/filipe.macedo_ifood/Documents/how-desafio-03/airflow/logs/dag_id=how-desafio-3/run_id=manual__2024-02-07T00:22:15.993940+00:00/task_id=wait_for_step permission to 509
[2024-02-06T21:22:39.129-0300] {logging_mixin.py:151} INFO - Changing /mnt/c/Users/filipe.macedo_ifood/Documents/how-desafio-03/airflow/logs/dag_id=how-desafio-3/run_id=manual__2024-02-07T00:22:15.993940+00:00/task_id=wait_for_step permission to 509
[2024-02-06T21:22:39.168-0300] {taskinstance.py:1159} INFO - Dependencies all met for dep_context=non-requeueable deps ti=<TaskInstance: how-desafio-3.wait_for_step manual__2024-02-07T00:22:15.993940+00:00 [queued]>
[2024-02-06T21:22:39.192-0300] {taskinstance.py:1159} INFO - Dependencies all met for dep_context=requeueable deps ti=<TaskInstance: how-desafio-3.wait_for_step manual__2024-02-07T00:22:15.993940+00:00 [queued]>
[2024-02-06T21:22:39.193-0300] {taskinstance.py:1361} INFO - Starting attempt 1 of 1
[2024-02-06T21:22:39.235-0300] {taskinstance.py:1382} INFO - Executing <Task(EmrStepSensor): wait_for_step> on 2024-02-07 00:22:15.993940+00:00
[2024-02-06T21:22:39.239-0300] {standard_task_runner.py:57} INFO - Started process 973 to run task
[2024-02-06T21:22:39.242-0300] {standard_task_runner.py:84} INFO - Running: ['airflow', 'tasks', 'run', 'how-desafio-3', 'wait_for_step', 'manual__2024-02-07T00:22:15.993940+00:00', '--job-id', '336', '--raw', '--subdir', 'DAGS_FOLDER/weather_dag.py', '--cfg-path', '/tmp/tmp0vom8qi8']
[2024-02-06T21:22:39.244-0300] {standard_task_runner.py:85} INFO - Job 336: Subtask wait_for_step
[2024-02-06T21:22:39.389-0300] {logging_mixin.py:151} INFO - Changing /mnt/c/Users/filipe.macedo_ifood/Documents/how-desafio-03/airflow/logs/dag_id=how-desafio-3/run_id=manual__2024-02-07T00:22:15.993940+00:00/task_id=wait_for_step permission to 509
[2024-02-06T21:22:39.393-0300] {task_command.py:416} INFO - Running <TaskInstance: how-desafio-3.wait_for_step manual__2024-02-07T00:22:15.993940+00:00 [running]> on host 14111-NB.
[2024-02-06T21:22:39.645-0300] {taskinstance.py:1662} INFO - Exporting env vars: AIRFLOW_CTX_DAG_OWNER='airflow' AIRFLOW_CTX_DAG_ID='how-desafio-3' AIRFLOW_CTX_TASK_ID='wait_for_step' AIRFLOW_CTX_EXECUTION_DATE='2024-02-07T00:22:15.993940+00:00' AIRFLOW_CTX_TRY_NUMBER='1' AIRFLOW_CTX_DAG_RUN_ID='manual__2024-02-07T00:22:15.993940+00:00'
[2024-02-06T21:22:39.675-0300] {base.py:73} INFO - Using connection ID 'aws_default' for task execution.
[2024-02-06T21:22:39.677-0300] {connection_wrapper.py:340} INFO - AWS Connection (conn_id='aws_default', conn_type='aws') credentials retrieved from login and password.
[2024-02-06T21:22:40.066-0300] {emr.py:575} INFO - Poking step s-00388383T5HBLPEJYE05 on cluster j-1VTDUAHE0XE8X
[2024-02-06T21:22:41.516-0300] {emr.py:79} INFO - Job flow currently PENDING
[2024-02-06T21:23:41.536-0300] {emr.py:575} INFO - Poking step s-00388383T5HBLPEJYE05 on cluster j-1VTDUAHE0XE8X
[2024-02-06T21:23:42.764-0300] {emr.py:79} INFO - Job flow currently PENDING
[2024-02-06T21:24:42.818-0300] {emr.py:575} INFO - Poking step s-00388383T5HBLPEJYE05 on cluster j-1VTDUAHE0XE8X
[2024-02-06T21:24:44.152-0300] {emr.py:79} INFO - Job flow currently PENDING
[2024-02-06T21:25:44.177-0300] {emr.py:575} INFO - Poking step s-00388383T5HBLPEJYE05 on cluster j-1VTDUAHE0XE8X
[2024-02-06T21:25:45.645-0300] {emr.py:79} INFO - Job flow currently PENDING
[2024-02-06T21:26:45.707-0300] {emr.py:575} INFO - Poking step s-00388383T5HBLPEJYE05 on cluster j-1VTDUAHE0XE8X
[2024-02-06T21:26:47.288-0300] {emr.py:79} INFO - Job flow currently PENDING
[2024-02-06T21:27:47.319-0300] {emr.py:575} INFO - Poking step s-00388383T5HBLPEJYE05 on cluster j-1VTDUAHE0XE8X
[2024-02-06T21:27:48.813-0300] {emr.py:79} INFO - Job flow currently PENDING
[2024-02-06T21:28:48.848-0300] {emr.py:575} INFO - Poking step s-00388383T5HBLPEJYE05 on cluster j-1VTDUAHE0XE8X
[2024-02-06T21:28:50.184-0300] {emr.py:79} INFO - Job flow currently PENDING
[2024-02-06T21:29:50.246-0300] {emr.py:575} INFO - Poking step s-00388383T5HBLPEJYE05 on cluster j-1VTDUAHE0XE8X
[2024-02-06T21:29:51.620-0300] {emr.py:79} INFO - Job flow currently PENDING
[2024-02-06T21:30:51.668-0300] {emr.py:575} INFO - Poking step s-00388383T5HBLPEJYE05 on cluster j-1VTDUAHE0XE8X
[2024-02-06T21:30:53.054-0300] {emr.py:79} INFO - Job flow currently PENDING
[2024-02-06T21:31:53.116-0300] {emr.py:575} INFO - Poking step s-00388383T5HBLPEJYE05 on cluster j-1VTDUAHE0XE8X
[2024-02-06T21:31:54.489-0300] {emr.py:79} INFO - Job flow currently RUNNING
[2024-02-06T21:32:54.507-0300] {emr.py:575} INFO - Poking step s-00388383T5HBLPEJYE05 on cluster j-1VTDUAHE0XE8X
[2024-02-06T21:32:55.915-0300] {emr.py:79} INFO - Job flow currently COMPLETED
[2024-02-06T21:32:55.916-0300] {base.py:287} INFO - Success criteria met. Exiting.
[2024-02-06T21:32:55.946-0300] {taskinstance.py:1400} INFO - Marking task as SUCCESS. dag_id=how-desafio-3, task_id=wait_for_step, execution_date=20240207T002215, start_date=20240207T002239, end_date=20240207T003255
[2024-02-06T21:32:56.043-0300] {local_task_job_runner.py:228} INFO - Task exited with return code 0
[2024-02-06T21:32:56.105-0300] {taskinstance.py:2778} INFO - 1 downstream tasks scheduled from follow-on schedule check
