[2024-02-06T21:00:05.490-0300] {logging_mixin.py:151} INFO - Changing /mnt/c/Users/filipe.macedo_ifood/Documents/how-desafio-03/airflow/logs/dag_id=how-desafio-3/run_id=scheduled__2024-02-06T23:00:00+00:00/task_id=invoke_lambda_function permission to 509
[2024-02-06T21:00:05.572-0300] {logging_mixin.py:151} INFO - Changing /mnt/c/Users/filipe.macedo_ifood/Documents/how-desafio-03/airflow/logs/dag_id=how-desafio-3/run_id=scheduled__2024-02-06T23:00:00+00:00/task_id=invoke_lambda_function permission to 509
[2024-02-06T21:00:05.604-0300] {taskinstance.py:1159} INFO - Dependencies all met for dep_context=non-requeueable deps ti=<TaskInstance: how-desafio-3.invoke_lambda_function scheduled__2024-02-06T23:00:00+00:00 [queued]>
[2024-02-06T21:00:05.623-0300] {taskinstance.py:1159} INFO - Dependencies all met for dep_context=requeueable deps ti=<TaskInstance: how-desafio-3.invoke_lambda_function scheduled__2024-02-06T23:00:00+00:00 [queued]>
[2024-02-06T21:00:05.624-0300] {taskinstance.py:1361} INFO - Starting attempt 1 of 1
[2024-02-06T21:00:05.675-0300] {taskinstance.py:1382} INFO - Executing <Task(LambdaInvokeFunctionOperator): invoke_lambda_function> on 2024-02-06 23:00:00+00:00
[2024-02-06T21:00:05.677-0300] {standard_task_runner.py:57} INFO - Started process 864 to run task
[2024-02-06T21:00:05.682-0300] {standard_task_runner.py:84} INFO - Running: ['airflow', 'tasks', 'run', 'how-desafio-3', 'invoke_lambda_function', 'scheduled__2024-02-06T23:00:00+00:00', '--job-id', '325', '--raw', '--subdir', 'DAGS_FOLDER/weather_dag.py', '--cfg-path', '/tmp/tmprt25atrk']
[2024-02-06T21:00:05.684-0300] {standard_task_runner.py:85} INFO - Job 325: Subtask invoke_lambda_function
[2024-02-06T21:00:05.967-0300] {logging_mixin.py:151} INFO - Changing /mnt/c/Users/filipe.macedo_ifood/Documents/how-desafio-03/airflow/logs/dag_id=how-desafio-3/run_id=scheduled__2024-02-06T23:00:00+00:00/task_id=invoke_lambda_function permission to 509
[2024-02-06T21:00:05.974-0300] {task_command.py:416} INFO - Running <TaskInstance: how-desafio-3.invoke_lambda_function scheduled__2024-02-06T23:00:00+00:00 [running]> on host 14111-NB.
[2024-02-06T21:00:06.348-0300] {taskinstance.py:1662} INFO - Exporting env vars: AIRFLOW_CTX_DAG_OWNER='airflow' AIRFLOW_CTX_DAG_ID='how-desafio-3' AIRFLOW_CTX_TASK_ID='invoke_lambda_function' AIRFLOW_CTX_EXECUTION_DATE='2024-02-06T23:00:00+00:00' AIRFLOW_CTX_TRY_NUMBER='1' AIRFLOW_CTX_DAG_RUN_ID='scheduled__2024-02-06T23:00:00+00:00'
[2024-02-06T21:00:06.350-0300] {lambda_function.py:211} INFO - Invoking AWS Lambda function: how-desafio-3 with payload: {"date": "1707260400"}
[2024-02-06T21:00:06.379-0300] {base.py:73} INFO - Using connection ID 'aws_default' for task execution.
[2024-02-06T21:00:06.381-0300] {connection_wrapper.py:340} INFO - AWS Connection (conn_id='aws_default', conn_type='aws') credentials retrieved from login and password.
[2024-02-06T21:00:07.658-0300] {lambda_function.py:220} INFO - Lambda response metadata: {'RequestId': '8a54099d-1904-4cfd-afde-34e892dc0d9f', 'HTTPStatusCode': 202, 'HTTPHeaders': {'date': 'Wed, 07 Feb 2024 00:00:09 GMT', 'content-length': '0', 'connection': 'keep-alive', 'x-amzn-requestid': '8a54099d-1904-4cfd-afde-34e892dc0d9f', 'x-amzn-remapped-content-length': '0', 'x-amzn-trace-id': 'root=1-65c2c809-77ea4a436dbe22c92ce44eae;sampled=0'}, 'RetryAttempts': 0}
[2024-02-06T21:00:07.661-0300] {lambda_function.py:230} INFO - Lambda function invocation succeeded: {'RequestId': '8a54099d-1904-4cfd-afde-34e892dc0d9f', 'HTTPStatusCode': 202, 'HTTPHeaders': {'date': 'Wed, 07 Feb 2024 00:00:09 GMT', 'content-length': '0', 'connection': 'keep-alive', 'x-amzn-requestid': '8a54099d-1904-4cfd-afde-34e892dc0d9f', 'x-amzn-remapped-content-length': '0', 'x-amzn-trace-id': 'root=1-65c2c809-77ea4a436dbe22c92ce44eae;sampled=0'}, 'RetryAttempts': 0}
[2024-02-06T21:00:07.789-0300] {taskinstance.py:1400} INFO - Marking task as SUCCESS. dag_id=how-desafio-3, task_id=invoke_lambda_function, execution_date=20240206T230000, start_date=20240207T000005, end_date=20240207T000007
[2024-02-06T21:00:07.909-0300] {local_task_job_runner.py:228} INFO - Task exited with return code 0
[2024-02-06T21:00:08.009-0300] {taskinstance.py:2778} INFO - 1 downstream tasks scheduled from follow-on schedule check
