[2024-01-25T21:44:14.670-0300] {logging_mixin.py:151} INFO - Changing /mnt/c/Users/filipe.macedo_ifood/Documents/how-desafio-03/airflow/logs/dag_id=how-desafio-03/run_id=scheduled__2024-01-25T12:15:00+00:00/task_id=invoke_lambda_function permission to 509
[2024-01-25T21:44:14.718-0300] {logging_mixin.py:151} INFO - Changing /mnt/c/Users/filipe.macedo_ifood/Documents/how-desafio-03/airflow/logs/dag_id=how-desafio-03/run_id=scheduled__2024-01-25T12:15:00+00:00/task_id=invoke_lambda_function permission to 509
[2024-01-25T21:44:14.735-0300] {taskinstance.py:1159} INFO - Dependencies all met for dep_context=non-requeueable deps ti=<TaskInstance: how-desafio-03.invoke_lambda_function scheduled__2024-01-25T12:15:00+00:00 [queued]>
[2024-01-25T21:44:14.746-0300] {taskinstance.py:1159} INFO - Dependencies all met for dep_context=requeueable deps ti=<TaskInstance: how-desafio-03.invoke_lambda_function scheduled__2024-01-25T12:15:00+00:00 [queued]>
[2024-01-25T21:44:14.746-0300] {taskinstance.py:1361} INFO - Starting attempt 1 of 1
[2024-01-25T21:44:14.772-0300] {taskinstance.py:1382} INFO - Executing <Task(LambdaInvokeFunctionOperator): invoke_lambda_function> on 2024-01-25 12:15:00+00:00
[2024-01-25T21:44:14.774-0300] {standard_task_runner.py:57} INFO - Started process 1509 to run task
[2024-01-25T21:44:14.776-0300] {standard_task_runner.py:84} INFO - Running: ['airflow', 'tasks', 'run', 'how-desafio-03', 'invoke_lambda_function', 'scheduled__2024-01-25T12:15:00+00:00', '--job-id', '193', '--raw', '--subdir', 'DAGS_FOLDER/weather_dag.py', '--cfg-path', '/tmp/tmpdj8f6wfw']
[2024-01-25T21:44:14.777-0300] {standard_task_runner.py:85} INFO - Job 193: Subtask invoke_lambda_function
[2024-01-25T21:44:14.836-0300] {logging_mixin.py:151} INFO - Changing /mnt/c/Users/filipe.macedo_ifood/Documents/how-desafio-03/airflow/logs/dag_id=how-desafio-03/run_id=scheduled__2024-01-25T12:15:00+00:00/task_id=invoke_lambda_function permission to 509
[2024-01-25T21:44:14.837-0300] {task_command.py:416} INFO - Running <TaskInstance: how-desafio-03.invoke_lambda_function scheduled__2024-01-25T12:15:00+00:00 [running]> on host 14111-NB.
[2024-01-25T21:44:14.956-0300] {taskinstance.py:1662} INFO - Exporting env vars: AIRFLOW_CTX_DAG_OWNER='airflow' AIRFLOW_CTX_DAG_ID='how-desafio-03' AIRFLOW_CTX_TASK_ID='invoke_lambda_function' AIRFLOW_CTX_EXECUTION_DATE='2024-01-25T12:15:00+00:00' AIRFLOW_CTX_TRY_NUMBER='1' AIRFLOW_CTX_DAG_RUN_ID='scheduled__2024-01-25T12:15:00+00:00'
[2024-01-25T21:44:14.957-0300] {lambda_function.py:211} INFO - Invoking AWS Lambda function: terere with payload: {"weather_daily": {"date": "1706229000"}}
[2024-01-25T21:44:14.965-0300] {base.py:73} INFO - Using connection ID 'aws_default' for task execution.
[2024-01-25T21:44:14.966-0300] {connection_wrapper.py:340} INFO - AWS Connection (conn_id='aws_default', conn_type='aws') credentials retrieved from login and password.
[2024-01-25T21:44:18.885-0300] {lambda_function.py:220} INFO - Lambda response metadata: {'RequestId': '58f770c2-285c-4637-ad09-c7dec204d69e', 'HTTPStatusCode': 200, 'HTTPHeaders': {'date': 'Fri, 26 Jan 2024 00:44:40 GMT', 'content-type': 'application/json', 'content-length': '114', 'connection': 'keep-alive', 'x-amzn-requestid': '58f770c2-285c-4637-ad09-c7dec204d69e', 'x-amz-function-error': 'Unhandled', 'x-amzn-remapped-content-length': '0', 'x-amz-executed-version': '$LATEST', 'x-amzn-trace-id': 'root=1-65b30075-35c5379e7de92a395f2e66e9;sampled=0;lineage=1315cb97:0'}, 'RetryAttempts': 0}
[2024-01-25T21:44:18.887-0300] {taskinstance.py:1937} ERROR - Task failed with exception
Traceback (most recent call last):
  File "/usr/local/lib/python3.10/dist-packages/airflow/providers/amazon/aws/operators/lambda_function.py", line 226, in execute
    raise ValueError(
ValueError: ('Lambda function execution resulted in error', {'ResponseMetadata': {'RequestId': '58f770c2-285c-4637-ad09-c7dec204d69e', 'HTTPStatusCode': 200, 'HTTPHeaders': {'date': 'Fri, 26 Jan 2024 00:44:40 GMT', 'content-type': 'application/json', 'content-length': '114', 'connection': 'keep-alive', 'x-amzn-requestid': '58f770c2-285c-4637-ad09-c7dec204d69e', 'x-amz-function-error': 'Unhandled', 'x-amzn-remapped-content-length': '0', 'x-amz-executed-version': '$LATEST', 'x-amzn-trace-id': 'root=1-65b30075-35c5379e7de92a395f2e66e9;sampled=0;lineage=1315cb97:0'}, 'RetryAttempts': 0}, 'Payload': '{"errorMessage":"2024-01-26T00:44:40.257Z 58f770c2-285c-4637-ad09-c7dec204d69e Task timed out after 3.02 seconds"}'})
[2024-01-25T21:44:18.911-0300] {taskinstance.py:1400} INFO - Marking task as FAILED. dag_id=how-desafio-03, task_id=invoke_lambda_function, execution_date=20240125T121500, start_date=20240126T004414, end_date=20240126T004418
[2024-01-25T21:44:18.946-0300] {standard_task_runner.py:104} ERROR - Failed to execute job 193 for task invoke_lambda_function (('Lambda function execution resulted in error', {'ResponseMetadata': {'RequestId': '58f770c2-285c-4637-ad09-c7dec204d69e', 'HTTPStatusCode': 200, 'HTTPHeaders': {'date': 'Fri, 26 Jan 2024 00:44:40 GMT', 'content-type': 'application/json', 'content-length': '114', 'connection': 'keep-alive', 'x-amzn-requestid': '58f770c2-285c-4637-ad09-c7dec204d69e', 'x-amz-function-error': 'Unhandled', 'x-amzn-remapped-content-length': '0', 'x-amz-executed-version': '$LATEST', 'x-amzn-trace-id': 'root=1-65b30075-35c5379e7de92a395f2e66e9;sampled=0;lineage=1315cb97:0'}, 'RetryAttempts': 0}, 'Payload': '{"errorMessage":"2024-01-26T00:44:40.257Z 58f770c2-285c-4637-ad09-c7dec204d69e Task timed out after 3.02 seconds"}'}); 1509)
[2024-01-25T21:44:18.977-0300] {local_task_job_runner.py:228} INFO - Task exited with return code 1
[2024-01-25T21:44:18.997-0300] {taskinstance.py:2778} INFO - 0 downstream tasks scheduled from follow-on schedule check
