[2024-01-25T22:01:24.648-0300] {logging_mixin.py:151} INFO - Changing /mnt/c/Users/filipe.macedo_ifood/Documents/how-desafio-03/airflow/logs/dag_id=how-desafio-03/run_id=scheduled__2024-01-25T06:30:00+00:00/task_id=invoke_lambda_function permission to 509
[2024-01-25T22:01:24.694-0300] {logging_mixin.py:151} INFO - Changing /mnt/c/Users/filipe.macedo_ifood/Documents/how-desafio-03/airflow/logs/dag_id=how-desafio-03/run_id=scheduled__2024-01-25T06:30:00+00:00/task_id=invoke_lambda_function permission to 509
[2024-01-25T22:01:24.712-0300] {taskinstance.py:1159} INFO - Dependencies all met for dep_context=non-requeueable deps ti=<TaskInstance: how-desafio-03.invoke_lambda_function scheduled__2024-01-25T06:30:00+00:00 [queued]>
[2024-01-25T22:01:24.724-0300] {taskinstance.py:1159} INFO - Dependencies all met for dep_context=requeueable deps ti=<TaskInstance: how-desafio-03.invoke_lambda_function scheduled__2024-01-25T06:30:00+00:00 [queued]>
[2024-01-25T22:01:24.724-0300] {taskinstance.py:1361} INFO - Starting attempt 2 of 2
[2024-01-25T22:01:24.748-0300] {taskinstance.py:1382} INFO - Executing <Task(LambdaInvokeFunctionOperator): invoke_lambda_function> on 2024-01-25 06:30:00+00:00
[2024-01-25T22:01:24.750-0300] {standard_task_runner.py:57} INFO - Started process 1756 to run task
[2024-01-25T22:01:24.752-0300] {standard_task_runner.py:84} INFO - Running: ['airflow', 'tasks', 'run', 'how-desafio-03', 'invoke_lambda_function', 'scheduled__2024-01-25T06:30:00+00:00', '--job-id', '211', '--raw', '--subdir', 'DAGS_FOLDER/weather_dag.py', '--cfg-path', '/tmp/tmpbid6bavx']
[2024-01-25T22:01:24.753-0300] {standard_task_runner.py:85} INFO - Job 211: Subtask invoke_lambda_function
[2024-01-25T22:01:24.807-0300] {logging_mixin.py:151} INFO - Changing /mnt/c/Users/filipe.macedo_ifood/Documents/how-desafio-03/airflow/logs/dag_id=how-desafio-03/run_id=scheduled__2024-01-25T06:30:00+00:00/task_id=invoke_lambda_function permission to 509
[2024-01-25T22:01:24.808-0300] {task_command.py:416} INFO - Running <TaskInstance: how-desafio-03.invoke_lambda_function scheduled__2024-01-25T06:30:00+00:00 [running]> on host 14111-NB.
[2024-01-25T22:01:24.918-0300] {taskinstance.py:1662} INFO - Exporting env vars: AIRFLOW_CTX_DAG_OWNER='airflow' AIRFLOW_CTX_DAG_ID='how-desafio-03' AIRFLOW_CTX_TASK_ID='invoke_lambda_function' AIRFLOW_CTX_EXECUTION_DATE='2024-01-25T06:30:00+00:00' AIRFLOW_CTX_TRY_NUMBER='2' AIRFLOW_CTX_DAG_RUN_ID='scheduled__2024-01-25T06:30:00+00:00'
[2024-01-25T22:01:24.919-0300] {lambda_function.py:211} INFO - Invoking AWS Lambda function: how-desafio-03 with payload: {"weather_daily": {"date": "1706230800"}}
[2024-01-25T22:01:24.929-0300] {base.py:73} INFO - Using connection ID 'aws_default' for task execution.
[2024-01-25T22:01:24.929-0300] {connection_wrapper.py:340} INFO - AWS Connection (conn_id='aws_default', conn_type='aws') credentials retrieved from login and password.
[2024-01-25T22:01:25.815-0300] {lambda_function.py:220} INFO - Lambda response metadata: {'RequestId': 'fbe9dd70-2aad-41c7-93ae-daaaa89ddf17', 'HTTPStatusCode': 202, 'HTTPHeaders': {'date': 'Fri, 26 Jan 2024 01:01:47 GMT', 'content-length': '0', 'connection': 'keep-alive', 'x-amzn-requestid': 'fbe9dd70-2aad-41c7-93ae-daaaa89ddf17', 'x-amzn-remapped-content-length': '0', 'x-amzn-trace-id': 'root=1-65b3047b-1feb012d599ce9377b8904bb;sampled=0'}, 'RetryAttempts': 0}
[2024-01-25T22:01:25.817-0300] {lambda_function.py:230} INFO - Lambda function invocation succeeded: {'RequestId': 'fbe9dd70-2aad-41c7-93ae-daaaa89ddf17', 'HTTPStatusCode': 202, 'HTTPHeaders': {'date': 'Fri, 26 Jan 2024 01:01:47 GMT', 'content-length': '0', 'connection': 'keep-alive', 'x-amzn-requestid': 'fbe9dd70-2aad-41c7-93ae-daaaa89ddf17', 'x-amzn-remapped-content-length': '0', 'x-amzn-trace-id': 'root=1-65b3047b-1feb012d599ce9377b8904bb;sampled=0'}, 'RetryAttempts': 0}
[2024-01-25T22:01:25.858-0300] {taskinstance.py:1400} INFO - Marking task as SUCCESS. dag_id=how-desafio-03, task_id=invoke_lambda_function, execution_date=20240125T063000, start_date=20240126T010124, end_date=20240126T010125
[2024-01-25T22:01:25.891-0300] {local_task_job_runner.py:228} INFO - Task exited with return code 0
[2024-01-25T22:01:25.906-0300] {taskinstance.py:2778} INFO - 0 downstream tasks scheduled from follow-on schedule check
