[2024-01-30T20:45:03.909-0300] {logging_mixin.py:151} INFO - Changing /mnt/c/Users/filipe.macedo_ifood/Documents/how-desafio-03/airflow/logs/dag_id=how-desafio-3/run_id=scheduled__2024-01-30T23:30:00+00:00/task_id=invoke_lambda_function permission to 509
[2024-01-30T20:45:04.027-0300] {logging_mixin.py:151} INFO - Changing /mnt/c/Users/filipe.macedo_ifood/Documents/how-desafio-03/airflow/logs/dag_id=how-desafio-3/run_id=scheduled__2024-01-30T23:30:00+00:00/task_id=invoke_lambda_function permission to 509
[2024-01-30T20:45:04.059-0300] {taskinstance.py:1159} INFO - Dependencies all met for dep_context=non-requeueable deps ti=<TaskInstance: how-desafio-3.invoke_lambda_function scheduled__2024-01-30T23:30:00+00:00 [queued]>
[2024-01-30T20:45:04.083-0300] {taskinstance.py:1159} INFO - Dependencies all met for dep_context=requeueable deps ti=<TaskInstance: how-desafio-3.invoke_lambda_function scheduled__2024-01-30T23:30:00+00:00 [queued]>
[2024-01-30T20:45:04.084-0300] {taskinstance.py:1361} INFO - Starting attempt 1 of 1
[2024-01-30T20:45:04.142-0300] {taskinstance.py:1382} INFO - Executing <Task(LambdaInvokeFunctionOperator): invoke_lambda_function> on 2024-01-30 23:30:00+00:00
[2024-01-30T20:45:04.144-0300] {standard_task_runner.py:57} INFO - Started process 140 to run task
[2024-01-30T20:45:04.146-0300] {standard_task_runner.py:84} INFO - Running: ['airflow', 'tasks', 'run', 'how-desafio-3', 'invoke_lambda_function', 'scheduled__2024-01-30T23:30:00+00:00', '--job-id', '307', '--raw', '--subdir', 'DAGS_FOLDER/weather_dag.py', '--cfg-path', '/tmp/tmp154bj3np']
[2024-01-30T20:45:04.147-0300] {standard_task_runner.py:85} INFO - Job 307: Subtask invoke_lambda_function
[2024-01-30T20:45:04.290-0300] {logging_mixin.py:151} INFO - Changing /mnt/c/Users/filipe.macedo_ifood/Documents/how-desafio-03/airflow/logs/dag_id=how-desafio-3/run_id=scheduled__2024-01-30T23:30:00+00:00/task_id=invoke_lambda_function permission to 509
[2024-01-30T20:45:04.294-0300] {task_command.py:416} INFO - Running <TaskInstance: how-desafio-3.invoke_lambda_function scheduled__2024-01-30T23:30:00+00:00 [running]> on host 14111-NB.
[2024-01-30T20:45:04.409-0300] {taskinstance.py:1662} INFO - Exporting env vars: AIRFLOW_CTX_DAG_OWNER='airflow' AIRFLOW_CTX_DAG_ID='how-desafio-3' AIRFLOW_CTX_TASK_ID='invoke_lambda_function' AIRFLOW_CTX_EXECUTION_DATE='2024-01-30T23:30:00+00:00' AIRFLOW_CTX_TRY_NUMBER='1' AIRFLOW_CTX_DAG_RUN_ID='scheduled__2024-01-30T23:30:00+00:00'
[2024-01-30T20:45:04.410-0300] {lambda_function.py:211} INFO - Invoking AWS Lambda function: how-desafio-3 with payload: {"date": "1706658300"}
[2024-01-30T20:45:04.420-0300] {base.py:73} INFO - Using connection ID 'aws_default' for task execution.
[2024-01-30T20:45:04.421-0300] {connection_wrapper.py:340} INFO - AWS Connection (conn_id='aws_default', conn_type='aws') credentials retrieved from login and password.
[2024-01-30T20:45:05.606-0300] {lambda_function.py:220} INFO - Lambda response metadata: {'RequestId': 'f5d0de3a-0966-4cc4-a66a-ade4fa6f0731', 'HTTPStatusCode': 202, 'HTTPHeaders': {'date': 'Tue, 30 Jan 2024 23:45:05 GMT', 'content-length': '0', 'connection': 'keep-alive', 'x-amzn-requestid': 'f5d0de3a-0966-4cc4-a66a-ade4fa6f0731', 'x-amzn-remapped-content-length': '0', 'x-amzn-trace-id': 'root=1-65b98a01-2ff0a84d577ed55717ba405f;sampled=0'}, 'RetryAttempts': 0}
[2024-01-30T20:45:05.607-0300] {lambda_function.py:230} INFO - Lambda function invocation succeeded: {'RequestId': 'f5d0de3a-0966-4cc4-a66a-ade4fa6f0731', 'HTTPStatusCode': 202, 'HTTPHeaders': {'date': 'Tue, 30 Jan 2024 23:45:05 GMT', 'content-length': '0', 'connection': 'keep-alive', 'x-amzn-requestid': 'f5d0de3a-0966-4cc4-a66a-ade4fa6f0731', 'x-amzn-remapped-content-length': '0', 'x-amzn-trace-id': 'root=1-65b98a01-2ff0a84d577ed55717ba405f;sampled=0'}, 'RetryAttempts': 0}
[2024-01-30T20:45:05.668-0300] {taskinstance.py:1400} INFO - Marking task as SUCCESS. dag_id=how-desafio-3, task_id=invoke_lambda_function, execution_date=20240130T233000, start_date=20240130T234504, end_date=20240130T234505
[2024-01-30T20:45:05.812-0300] {local_task_job_runner.py:228} INFO - Task exited with return code 0
[2024-01-30T20:45:05.861-0300] {taskinstance.py:2778} INFO - 1 downstream tasks scheduled from follow-on schedule check
