[2023-10-18T20:35:30.169-0300] {logging_mixin.py:151} INFO - Changing /mnt/c/Users/filipe.macedo_ifood/Documents/how-desafio-03/airflow/logs/dag_id=how-desafio-03/run_id=scheduled__2023-10-17T15:10:00+00:00/task_id=invoke_lambda_function permission to 509
[2023-10-18T20:35:30.224-0300] {logging_mixin.py:151} INFO - Changing /mnt/c/Users/filipe.macedo_ifood/Documents/how-desafio-03/airflow/logs/dag_id=how-desafio-03/run_id=scheduled__2023-10-17T15:10:00+00:00/task_id=invoke_lambda_function permission to 509
[2023-10-18T20:35:30.244-0300] {taskinstance.py:1159} INFO - Dependencies all met for dep_context=non-requeueable deps ti=<TaskInstance: how-desafio-03.invoke_lambda_function scheduled__2023-10-17T15:10:00+00:00 [queued]>
[2023-10-18T20:35:30.259-0300] {taskinstance.py:1159} INFO - Dependencies all met for dep_context=requeueable deps ti=<TaskInstance: how-desafio-03.invoke_lambda_function scheduled__2023-10-17T15:10:00+00:00 [queued]>
[2023-10-18T20:35:30.259-0300] {taskinstance.py:1361} INFO - Starting attempt 1 of 1
[2023-10-18T20:35:30.290-0300] {taskinstance.py:1382} INFO - Executing <Task(LambdaInvokeFunctionOperator): invoke_lambda_function> on 2023-10-17 15:10:00+00:00
[2023-10-18T20:35:30.291-0300] {standard_task_runner.py:57} INFO - Started process 143 to run task
[2023-10-18T20:35:30.293-0300] {standard_task_runner.py:84} INFO - Running: ['airflow', 'tasks', 'run', 'how-desafio-03', 'invoke_lambda_function', 'scheduled__2023-10-17T15:10:00+00:00', '--job-id', '22', '--raw', '--subdir', 'DAGS_FOLDER/weather_dag.py', '--cfg-path', '/tmp/tmptqccx4zv']
[2023-10-18T20:35:30.294-0300] {standard_task_runner.py:85} INFO - Job 22: Subtask invoke_lambda_function
[2023-10-18T20:35:30.371-0300] {logging_mixin.py:151} INFO - Changing /mnt/c/Users/filipe.macedo_ifood/Documents/how-desafio-03/airflow/logs/dag_id=how-desafio-03/run_id=scheduled__2023-10-17T15:10:00+00:00/task_id=invoke_lambda_function permission to 509
[2023-10-18T20:35:30.375-0300] {task_command.py:416} INFO - Running <TaskInstance: how-desafio-03.invoke_lambda_function scheduled__2023-10-17T15:10:00+00:00 [running]> on host 14111-NB.
[2023-10-18T20:35:30.496-0300] {taskinstance.py:1662} INFO - Exporting env vars: AIRFLOW_CTX_DAG_OWNER='airflow' AIRFLOW_CTX_DAG_ID='how-desafio-03' AIRFLOW_CTX_TASK_ID='invoke_lambda_function' AIRFLOW_CTX_EXECUTION_DATE='2023-10-17T15:10:00+00:00' AIRFLOW_CTX_TRY_NUMBER='1' AIRFLOW_CTX_DAG_RUN_ID='scheduled__2023-10-17T15:10:00+00:00'
[2023-10-18T20:35:30.497-0300] {lambda_function.py:211} INFO - Invoking AWS Lambda function: my_first_test with payload: None
[2023-10-18T20:35:30.508-0300] {base.py:73} INFO - Using connection ID 'aws_default' for task execution.
[2023-10-18T20:35:30.509-0300] {connection_wrapper.py:340} INFO - AWS Connection (conn_id='aws_default', conn_type='aws') credentials retrieved from login and password.
[2023-10-18T20:35:31.736-0300] {taskinstance.py:1937} ERROR - Task failed with exception
Traceback (most recent call last):
  File "/usr/local/lib/python3.10/dist-packages/airflow/providers/amazon/aws/operators/lambda_function.py", line 212, in execute
    response = self.hook.invoke_lambda(
  File "/usr/local/lib/python3.10/dist-packages/airflow/providers/amazon/aws/hooks/lambda_function.py", line 79, in invoke_lambda
    return self.conn.invoke(**trim_none_values(invoke_args))
  File "/usr/local/lib/python3.10/dist-packages/botocore/client.py", line 535, in _api_call
    return self._make_api_call(operation_name, kwargs)
  File "/usr/local/lib/python3.10/dist-packages/botocore/client.py", line 980, in _make_api_call
    raise error_class(parsed_response, operation_name)
botocore.errorfactory.ResourceNotFoundException: An error occurred (ResourceNotFoundException) when calling the Invoke operation: Function not found: arn:aws:lambda:us-west-2:286277260287:function:my_first_test
[2023-10-18T20:35:31.749-0300] {taskinstance.py:1400} INFO - Marking task as FAILED. dag_id=how-desafio-03, task_id=invoke_lambda_function, execution_date=20231017T151000, start_date=20231018T233530, end_date=20231018T233531
[2023-10-18T20:35:31.784-0300] {standard_task_runner.py:104} ERROR - Failed to execute job 22 for task invoke_lambda_function (An error occurred (ResourceNotFoundException) when calling the Invoke operation: Function not found: arn:aws:lambda:us-west-2:286277260287:function:my_first_test; 143)
[2023-10-18T20:35:31.794-0300] {local_task_job_runner.py:228} INFO - Task exited with return code 1
[2023-10-18T20:35:31.819-0300] {taskinstance.py:2778} INFO - 0 downstream tasks scheduled from follow-on schedule check
