[2024-02-06T21:04:39.181-0300] {logging_mixin.py:151} INFO - Changing /mnt/c/Users/filipe.macedo_ifood/Documents/how-desafio-03/airflow/logs/dag_id=how-desafio-3/run_id=manual__2024-02-07T00:04:13.061757+00:00/task_id=wait_for_step permission to 509
[2024-02-06T21:04:39.280-0300] {logging_mixin.py:151} INFO - Changing /mnt/c/Users/filipe.macedo_ifood/Documents/how-desafio-03/airflow/logs/dag_id=how-desafio-3/run_id=manual__2024-02-07T00:04:13.061757+00:00/task_id=wait_for_step permission to 509
[2024-02-06T21:04:39.330-0300] {taskinstance.py:1159} INFO - Dependencies all met for dep_context=non-requeueable deps ti=<TaskInstance: how-desafio-3.wait_for_step manual__2024-02-07T00:04:13.061757+00:00 [queued]>
[2024-02-06T21:04:39.373-0300] {taskinstance.py:1159} INFO - Dependencies all met for dep_context=requeueable deps ti=<TaskInstance: how-desafio-3.wait_for_step manual__2024-02-07T00:04:13.061757+00:00 [queued]>
[2024-02-06T21:04:39.377-0300] {taskinstance.py:1361} INFO - Starting attempt 1 of 1
[2024-02-06T21:04:39.454-0300] {taskinstance.py:1382} INFO - Executing <Task(EmrStepSensor): wait_for_step> on 2024-02-07 00:04:13.061757+00:00
[2024-02-06T21:04:39.457-0300] {standard_task_runner.py:57} INFO - Started process 903 to run task
[2024-02-06T21:04:39.462-0300] {standard_task_runner.py:84} INFO - Running: ['airflow', 'tasks', 'run', 'how-desafio-3', 'wait_for_step', 'manual__2024-02-07T00:04:13.061757+00:00', '--job-id', '332', '--raw', '--subdir', 'DAGS_FOLDER/weather_dag.py', '--cfg-path', '/tmp/tmp5g7hmlj9']
[2024-02-06T21:04:39.464-0300] {standard_task_runner.py:85} INFO - Job 332: Subtask wait_for_step
[2024-02-06T21:04:39.572-0300] {logging_mixin.py:151} INFO - Changing /mnt/c/Users/filipe.macedo_ifood/Documents/how-desafio-03/airflow/logs/dag_id=how-desafio-3/run_id=manual__2024-02-07T00:04:13.061757+00:00/task_id=wait_for_step permission to 509
[2024-02-06T21:04:39.577-0300] {task_command.py:416} INFO - Running <TaskInstance: how-desafio-3.wait_for_step manual__2024-02-07T00:04:13.061757+00:00 [running]> on host 14111-NB.
[2024-02-06T21:04:39.945-0300] {taskinstance.py:1662} INFO - Exporting env vars: AIRFLOW_CTX_DAG_OWNER='airflow' AIRFLOW_CTX_DAG_ID='how-desafio-3' AIRFLOW_CTX_TASK_ID='wait_for_step' AIRFLOW_CTX_EXECUTION_DATE='2024-02-07T00:04:13.061757+00:00' AIRFLOW_CTX_TRY_NUMBER='1' AIRFLOW_CTX_DAG_RUN_ID='manual__2024-02-07T00:04:13.061757+00:00'
[2024-02-06T21:04:39.980-0300] {base.py:73} INFO - Using connection ID 'aws_default' for task execution.
[2024-02-06T21:04:39.981-0300] {connection_wrapper.py:340} INFO - AWS Connection (conn_id='aws_default', conn_type='aws') credentials retrieved from login and password.
[2024-02-06T21:04:40.401-0300] {emr.py:575} INFO - Poking step s-06270223K159CQC1DDVB on cluster j-2GC766R7O62KV
[2024-02-06T21:04:41.872-0300] {emr.py:79} INFO - Job flow currently PENDING
[2024-02-06T21:05:41.934-0300] {emr.py:575} INFO - Poking step s-06270223K159CQC1DDVB on cluster j-2GC766R7O62KV
[2024-02-06T21:05:43.476-0300] {emr.py:79} INFO - Job flow currently PENDING
[2024-02-06T21:06:43.538-0300] {emr.py:575} INFO - Poking step s-06270223K159CQC1DDVB on cluster j-2GC766R7O62KV
[2024-02-06T21:06:45.043-0300] {emr.py:79} INFO - Job flow currently PENDING
[2024-02-06T21:07:45.094-0300] {emr.py:575} INFO - Poking step s-06270223K159CQC1DDVB on cluster j-2GC766R7O62KV
[2024-02-06T21:07:46.509-0300] {emr.py:79} INFO - Job flow currently PENDING
[2024-02-06T21:08:46.570-0300] {emr.py:575} INFO - Poking step s-06270223K159CQC1DDVB on cluster j-2GC766R7O62KV
[2024-02-06T21:08:47.768-0300] {emr.py:79} INFO - Job flow currently PENDING
[2024-02-06T21:09:47.779-0300] {emr.py:575} INFO - Poking step s-06270223K159CQC1DDVB on cluster j-2GC766R7O62KV
[2024-02-06T21:09:48.947-0300] {emr.py:79} INFO - Job flow currently PENDING
[2024-02-06T21:10:48.955-0300] {emr.py:575} INFO - Poking step s-06270223K159CQC1DDVB on cluster j-2GC766R7O62KV
[2024-02-06T21:10:50.312-0300] {emr.py:79} INFO - Job flow currently PENDING
[2024-02-06T21:11:50.373-0300] {emr.py:575} INFO - Poking step s-06270223K159CQC1DDVB on cluster j-2GC766R7O62KV
[2024-02-06T21:11:51.685-0300] {emr.py:79} INFO - Job flow currently PENDING
[2024-02-06T21:12:51.746-0300] {emr.py:575} INFO - Poking step s-06270223K159CQC1DDVB on cluster j-2GC766R7O62KV
[2024-02-06T21:12:53.095-0300] {emr.py:79} INFO - Job flow currently RUNNING
[2024-02-06T21:13:53.156-0300] {emr.py:575} INFO - Poking step s-06270223K159CQC1DDVB on cluster j-2GC766R7O62KV
[2024-02-06T21:13:54.491-0300] {emr.py:79} INFO - Job flow currently FAILED
[2024-02-06T21:13:54.515-0300] {taskinstance.py:1937} ERROR - Task failed with exception
Traceback (most recent call last):
  File "/usr/local/lib/python3.10/dist-packages/airflow/providers/amazon/aws/sensors/emr.py", line 624, in execute
    super().execute(context=context)
  File "/usr/local/lib/python3.10/dist-packages/airflow/sensors/base.py", line 257, in execute
    raise e
  File "/usr/local/lib/python3.10/dist-packages/airflow/sensors/base.py", line 239, in execute
    poke_return = self.poke(context)
  File "/usr/local/lib/python3.10/dist-packages/airflow/providers/amazon/aws/sensors/emr.py", line 85, in poke
    raise AirflowException(f"EMR job failed: {self.failure_message_from_response(response)}")
airflow.exceptions.AirflowException: EMR job failed: for reason Unknown Error. with message None and log file s3://how-desafio-3/logs/emr/j-2GC766R7O62KV/steps/s-06270223K159CQC1DDVB/
[2024-02-06T21:13:54.521-0300] {taskinstance.py:1400} INFO - Marking task as FAILED. dag_id=how-desafio-3, task_id=wait_for_step, execution_date=20240207T000413, start_date=20240207T000439, end_date=20240207T001354
[2024-02-06T21:13:54.599-0300] {standard_task_runner.py:104} ERROR - Failed to execute job 332 for task wait_for_step (EMR job failed: for reason Unknown Error. with message None and log file s3://how-desafio-3/logs/emr/j-2GC766R7O62KV/steps/s-06270223K159CQC1DDVB/; 903)
[2024-02-06T21:13:54.644-0300] {local_task_job_runner.py:228} INFO - Task exited with return code 1
[2024-02-06T21:13:54.700-0300] {taskinstance.py:2778} INFO - 0 downstream tasks scheduled from follow-on schedule check
