[2024-02-06T21:22:20.391-0300] {logging_mixin.py:151} INFO - Changing /mnt/c/Users/filipe.macedo_ifood/Documents/how-desafio-03/airflow/logs/dag_id=how-desafio-3/run_id=manual__2024-02-07T00:22:15.993940+00:00/task_id=invoke_lambda_function permission to 509
[2024-02-06T21:22:20.467-0300] {logging_mixin.py:151} INFO - Changing /mnt/c/Users/filipe.macedo_ifood/Documents/how-desafio-03/airflow/logs/dag_id=how-desafio-3/run_id=manual__2024-02-07T00:22:15.993940+00:00/task_id=invoke_lambda_function permission to 509
[2024-02-06T21:22:20.501-0300] {taskinstance.py:1159} INFO - Dependencies all met for dep_context=non-requeueable deps ti=<TaskInstance: how-desafio-3.invoke_lambda_function manual__2024-02-07T00:22:15.993940+00:00 [queued]>
[2024-02-06T21:22:20.522-0300] {taskinstance.py:1159} INFO - Dependencies all met for dep_context=requeueable deps ti=<TaskInstance: how-desafio-3.invoke_lambda_function manual__2024-02-07T00:22:15.993940+00:00 [queued]>
[2024-02-06T21:22:20.523-0300] {taskinstance.py:1361} INFO - Starting attempt 1 of 1
[2024-02-06T21:22:20.575-0300] {taskinstance.py:1382} INFO - Executing <Task(LambdaInvokeFunctionOperator): invoke_lambda_function> on 2024-02-07 00:22:15.993940+00:00
[2024-02-06T21:22:20.578-0300] {standard_task_runner.py:57} INFO - Started process 963 to run task
[2024-02-06T21:22:20.580-0300] {standard_task_runner.py:84} INFO - Running: ['airflow', 'tasks', 'run', 'how-desafio-3', 'invoke_lambda_function', 'manual__2024-02-07T00:22:15.993940+00:00', '--job-id', '333', '--raw', '--subdir', 'DAGS_FOLDER/weather_dag.py', '--cfg-path', '/tmp/tmp4y_4fdrs']
[2024-02-06T21:22:20.581-0300] {standard_task_runner.py:85} INFO - Job 333: Subtask invoke_lambda_function
[2024-02-06T21:22:20.716-0300] {logging_mixin.py:151} INFO - Changing /mnt/c/Users/filipe.macedo_ifood/Documents/how-desafio-03/airflow/logs/dag_id=how-desafio-3/run_id=manual__2024-02-07T00:22:15.993940+00:00/task_id=invoke_lambda_function permission to 509
[2024-02-06T21:22:20.720-0300] {task_command.py:416} INFO - Running <TaskInstance: how-desafio-3.invoke_lambda_function manual__2024-02-07T00:22:15.993940+00:00 [running]> on host 14111-NB.
[2024-02-06T21:22:20.955-0300] {taskinstance.py:1662} INFO - Exporting env vars: AIRFLOW_CTX_DAG_OWNER='airflow' AIRFLOW_CTX_DAG_ID='how-desafio-3' AIRFLOW_CTX_TASK_ID='invoke_lambda_function' AIRFLOW_CTX_EXECUTION_DATE='2024-02-07T00:22:15.993940+00:00' AIRFLOW_CTX_TRY_NUMBER='1' AIRFLOW_CTX_DAG_RUN_ID='manual__2024-02-07T00:22:15.993940+00:00'
[2024-02-06T21:22:20.956-0300] {lambda_function.py:211} INFO - Invoking AWS Lambda function: how-desafio-3 with payload: {"date": "1707260400"}
[2024-02-06T21:22:20.975-0300] {base.py:73} INFO - Using connection ID 'aws_default' for task execution.
[2024-02-06T21:22:20.976-0300] {connection_wrapper.py:340} INFO - AWS Connection (conn_id='aws_default', conn_type='aws') credentials retrieved from login and password.
[2024-02-06T21:22:22.369-0300] {lambda_function.py:220} INFO - Lambda response metadata: {'RequestId': 'e986ba90-ebd3-4164-911b-c517b1b94e60', 'HTTPStatusCode': 202, 'HTTPHeaders': {'date': 'Wed, 07 Feb 2024 00:22:23 GMT', 'content-length': '0', 'connection': 'keep-alive', 'x-amzn-requestid': 'e986ba90-ebd3-4164-911b-c517b1b94e60', 'x-amzn-remapped-content-length': '0', 'x-amzn-trace-id': 'root=1-65c2cd3f-0b12e49c4f88ce6d7094870f;sampled=0'}, 'RetryAttempts': 0}
[2024-02-06T21:22:22.374-0300] {lambda_function.py:230} INFO - Lambda function invocation succeeded: {'RequestId': 'e986ba90-ebd3-4164-911b-c517b1b94e60', 'HTTPStatusCode': 202, 'HTTPHeaders': {'date': 'Wed, 07 Feb 2024 00:22:23 GMT', 'content-length': '0', 'connection': 'keep-alive', 'x-amzn-requestid': 'e986ba90-ebd3-4164-911b-c517b1b94e60', 'x-amzn-remapped-content-length': '0', 'x-amzn-trace-id': 'root=1-65c2cd3f-0b12e49c4f88ce6d7094870f;sampled=0'}, 'RetryAttempts': 0}
[2024-02-06T21:22:22.494-0300] {taskinstance.py:1400} INFO - Marking task as SUCCESS. dag_id=how-desafio-3, task_id=invoke_lambda_function, execution_date=20240207T002215, start_date=20240207T002220, end_date=20240207T002222
[2024-02-06T21:22:22.607-0300] {local_task_job_runner.py:228} INFO - Task exited with return code 0
[2024-02-06T21:22:22.664-0300] {taskinstance.py:2778} INFO - 1 downstream tasks scheduled from follow-on schedule check
