[2023-11-18T15:42:20.063-0300] {logging_mixin.py:151} INFO - Changing /mnt/c/Users/filipe.macedo_ifood/Documents/how-desafio-03/airflow/logs/dag_id=how-desafio-03/run_id=scheduled__2023-11-17T20:10:00+00:00/task_id=invoke_lambda_function permission to 509
[2023-11-18T15:42:20.176-0300] {logging_mixin.py:151} INFO - Changing /mnt/c/Users/filipe.macedo_ifood/Documents/how-desafio-03/airflow/logs/dag_id=how-desafio-03/run_id=scheduled__2023-11-17T20:10:00+00:00/task_id=invoke_lambda_function permission to 509
[2023-11-18T15:42:20.213-0300] {taskinstance.py:1159} INFO - Dependencies all met for dep_context=non-requeueable deps ti=<TaskInstance: how-desafio-03.invoke_lambda_function scheduled__2023-11-17T20:10:00+00:00 [queued]>
[2023-11-18T15:42:20.250-0300] {taskinstance.py:1159} INFO - Dependencies all met for dep_context=requeueable deps ti=<TaskInstance: how-desafio-03.invoke_lambda_function scheduled__2023-11-17T20:10:00+00:00 [queued]>
[2023-11-18T15:42:20.251-0300] {taskinstance.py:1361} INFO - Starting attempt 1 of 1
[2023-11-18T15:42:20.332-0300] {taskinstance.py:1382} INFO - Executing <Task(LambdaInvokeFunctionOperator): invoke_lambda_function> on 2023-11-17 20:10:00+00:00
[2023-11-18T15:42:20.336-0300] {standard_task_runner.py:57} INFO - Started process 139 to run task
[2023-11-18T15:42:20.341-0300] {standard_task_runner.py:84} INFO - Running: ['airflow', 'tasks', 'run', 'how-desafio-03', 'invoke_lambda_function', 'scheduled__2023-11-17T20:10:00+00:00', '--job-id', '111', '--raw', '--subdir', 'DAGS_FOLDER/weather_dag.py', '--cfg-path', '/tmp/tmptmjbm0av']
[2023-11-18T15:42:20.344-0300] {standard_task_runner.py:85} INFO - Job 111: Subtask invoke_lambda_function
[2023-11-18T15:42:20.532-0300] {logging_mixin.py:151} INFO - Changing /mnt/c/Users/filipe.macedo_ifood/Documents/how-desafio-03/airflow/logs/dag_id=how-desafio-03/run_id=scheduled__2023-11-17T20:10:00+00:00/task_id=invoke_lambda_function permission to 509
[2023-11-18T15:42:20.536-0300] {task_command.py:416} INFO - Running <TaskInstance: how-desafio-03.invoke_lambda_function scheduled__2023-11-17T20:10:00+00:00 [running]> on host 14111-NB.
[2023-11-18T15:42:20.818-0300] {taskinstance.py:1662} INFO - Exporting env vars: AIRFLOW_CTX_DAG_OWNER='airflow' AIRFLOW_CTX_DAG_ID='how-desafio-03' AIRFLOW_CTX_TASK_ID='invoke_lambda_function' AIRFLOW_CTX_EXECUTION_DATE='2023-11-17T20:10:00+00:00' AIRFLOW_CTX_TRY_NUMBER='1' AIRFLOW_CTX_DAG_RUN_ID='scheduled__2023-11-17T20:10:00+00:00'
[2023-11-18T15:42:20.819-0300] {lambda_function.py:211} INFO - Invoking AWS Lambda function: my_first_test with payload: {"weather_daily": {"date": "2023-11-17"}}
[2023-11-18T15:42:20.849-0300] {base.py:73} INFO - Using connection ID 'aws_default' for task execution.
[2023-11-18T15:42:20.851-0300] {connection_wrapper.py:340} INFO - AWS Connection (conn_id='aws_default', conn_type='aws') credentials retrieved from login and password.
[2023-11-18T15:42:22.178-0300] {lambda_function.py:220} INFO - Lambda response metadata: {'RequestId': 'a76f5865-7960-40e2-af12-348781ab82f1', 'HTTPStatusCode': 200, 'HTTPHeaders': {'date': 'Sat, 18 Nov 2023 18:42:27 GMT', 'content-type': 'application/json', 'content-length': '4', 'connection': 'keep-alive', 'x-amzn-requestid': 'a76f5865-7960-40e2-af12-348781ab82f1', 'x-amzn-remapped-content-length': '0', 'x-amz-executed-version': '$LATEST', 'x-amzn-trace-id': 'root=1-65590593-29c510e56085675527a4a2a5;sampled=0;lineage=2d7f70ec:0'}, 'RetryAttempts': 0}
[2023-11-18T15:42:22.180-0300] {lambda_function.py:230} INFO - Lambda function invocation succeeded: {'RequestId': 'a76f5865-7960-40e2-af12-348781ab82f1', 'HTTPStatusCode': 200, 'HTTPHeaders': {'date': 'Sat, 18 Nov 2023 18:42:27 GMT', 'content-type': 'application/json', 'content-length': '4', 'connection': 'keep-alive', 'x-amzn-requestid': 'a76f5865-7960-40e2-af12-348781ab82f1', 'x-amzn-remapped-content-length': '0', 'x-amz-executed-version': '$LATEST', 'x-amzn-trace-id': 'root=1-65590593-29c510e56085675527a4a2a5;sampled=0;lineage=2d7f70ec:0'}, 'RetryAttempts': 0}
[2023-11-18T15:42:22.284-0300] {taskinstance.py:1400} INFO - Marking task as SUCCESS. dag_id=how-desafio-03, task_id=invoke_lambda_function, execution_date=20231117T201000, start_date=20231118T184220, end_date=20231118T184222
[2023-11-18T15:42:22.367-0300] {local_task_job_runner.py:228} INFO - Task exited with return code 0
[2023-11-18T15:42:22.405-0300] {taskinstance.py:2778} INFO - 0 downstream tasks scheduled from follow-on schedule check
