[2023-11-18T15:43:34.438-0300] {logging_mixin.py:151} INFO - Changing /mnt/c/Users/filipe.macedo_ifood/Documents/how-desafio-03/airflow/logs/dag_id=how-desafio-03/run_id=scheduled__2023-11-18T10:10:00+00:00/task_id=invoke_lambda_function permission to 509
[2023-11-18T15:43:34.516-0300] {logging_mixin.py:151} INFO - Changing /mnt/c/Users/filipe.macedo_ifood/Documents/how-desafio-03/airflow/logs/dag_id=how-desafio-03/run_id=scheduled__2023-11-18T10:10:00+00:00/task_id=invoke_lambda_function permission to 509
[2023-11-18T15:43:34.543-0300] {taskinstance.py:1159} INFO - Dependencies all met for dep_context=non-requeueable deps ti=<TaskInstance: how-desafio-03.invoke_lambda_function scheduled__2023-11-18T10:10:00+00:00 [queued]>
[2023-11-18T15:43:34.559-0300] {taskinstance.py:1159} INFO - Dependencies all met for dep_context=requeueable deps ti=<TaskInstance: how-desafio-03.invoke_lambda_function scheduled__2023-11-18T10:10:00+00:00 [queued]>
[2023-11-18T15:43:34.559-0300] {taskinstance.py:1361} INFO - Starting attempt 1 of 1
[2023-11-18T15:43:34.613-0300] {taskinstance.py:1382} INFO - Executing <Task(LambdaInvokeFunctionOperator): invoke_lambda_function> on 2023-11-18 10:10:00+00:00
[2023-11-18T15:43:34.615-0300] {standard_task_runner.py:57} INFO - Started process 171 to run task
[2023-11-18T15:43:34.618-0300] {standard_task_runner.py:84} INFO - Running: ['airflow', 'tasks', 'run', 'how-desafio-03', 'invoke_lambda_function', 'scheduled__2023-11-18T10:10:00+00:00', '--job-id', '125', '--raw', '--subdir', 'DAGS_FOLDER/weather_dag.py', '--cfg-path', '/tmp/tmphpqbbyqp']
[2023-11-18T15:43:34.619-0300] {standard_task_runner.py:85} INFO - Job 125: Subtask invoke_lambda_function
[2023-11-18T15:43:34.739-0300] {logging_mixin.py:151} INFO - Changing /mnt/c/Users/filipe.macedo_ifood/Documents/how-desafio-03/airflow/logs/dag_id=how-desafio-03/run_id=scheduled__2023-11-18T10:10:00+00:00/task_id=invoke_lambda_function permission to 509
[2023-11-18T15:43:34.742-0300] {task_command.py:416} INFO - Running <TaskInstance: how-desafio-03.invoke_lambda_function scheduled__2023-11-18T10:10:00+00:00 [running]> on host 14111-NB.
[2023-11-18T15:43:34.962-0300] {taskinstance.py:1662} INFO - Exporting env vars: AIRFLOW_CTX_DAG_OWNER='airflow' AIRFLOW_CTX_DAG_ID='how-desafio-03' AIRFLOW_CTX_TASK_ID='invoke_lambda_function' AIRFLOW_CTX_EXECUTION_DATE='2023-11-18T10:10:00+00:00' AIRFLOW_CTX_TRY_NUMBER='1' AIRFLOW_CTX_DAG_RUN_ID='scheduled__2023-11-18T10:10:00+00:00'
[2023-11-18T15:43:34.963-0300] {lambda_function.py:211} INFO - Invoking AWS Lambda function: my_first_test with payload: {"weather_daily": {"date": "2023-11-17"}}
[2023-11-18T15:43:34.977-0300] {base.py:73} INFO - Using connection ID 'aws_default' for task execution.
[2023-11-18T15:43:34.978-0300] {connection_wrapper.py:340} INFO - AWS Connection (conn_id='aws_default', conn_type='aws') credentials retrieved from login and password.
[2023-11-18T15:43:36.098-0300] {lambda_function.py:220} INFO - Lambda response metadata: {'RequestId': '42811748-4470-4d66-bb45-9c1807cc1bb3', 'HTTPStatusCode': 200, 'HTTPHeaders': {'date': 'Sat, 18 Nov 2023 18:43:41 GMT', 'content-type': 'application/json', 'content-length': '4', 'connection': 'keep-alive', 'x-amzn-requestid': '42811748-4470-4d66-bb45-9c1807cc1bb3', 'x-amzn-remapped-content-length': '0', 'x-amz-executed-version': '$LATEST', 'x-amzn-trace-id': 'root=1-655905dd-255ddd9612418359367abd7d;sampled=0;lineage=2d7f70ec:0'}, 'RetryAttempts': 0}
[2023-11-18T15:43:36.100-0300] {lambda_function.py:230} INFO - Lambda function invocation succeeded: {'RequestId': '42811748-4470-4d66-bb45-9c1807cc1bb3', 'HTTPStatusCode': 200, 'HTTPHeaders': {'date': 'Sat, 18 Nov 2023 18:43:41 GMT', 'content-type': 'application/json', 'content-length': '4', 'connection': 'keep-alive', 'x-amzn-requestid': '42811748-4470-4d66-bb45-9c1807cc1bb3', 'x-amzn-remapped-content-length': '0', 'x-amz-executed-version': '$LATEST', 'x-amzn-trace-id': 'root=1-655905dd-255ddd9612418359367abd7d;sampled=0;lineage=2d7f70ec:0'}, 'RetryAttempts': 0}
[2023-11-18T15:43:36.187-0300] {taskinstance.py:1400} INFO - Marking task as SUCCESS. dag_id=how-desafio-03, task_id=invoke_lambda_function, execution_date=20231118T101000, start_date=20231118T184334, end_date=20231118T184336
[2023-11-18T15:43:36.240-0300] {local_task_job_runner.py:228} INFO - Task exited with return code 0
[2023-11-18T15:43:36.270-0300] {taskinstance.py:2778} INFO - 0 downstream tasks scheduled from follow-on schedule check
