[2023-11-18T15:41:18.058-0300] {logging_mixin.py:151} INFO - Changing /mnt/c/Users/filipe.macedo_ifood/Documents/how-desafio-03/airflow/logs/dag_id=how-desafio-03/run_id=scheduled__2023-11-17T09:10:00+00:00/task_id=invoke_lambda_function permission to 509
[2023-11-18T15:41:18.214-0300] {logging_mixin.py:151} INFO - Changing /mnt/c/Users/filipe.macedo_ifood/Documents/how-desafio-03/airflow/logs/dag_id=how-desafio-03/run_id=scheduled__2023-11-17T09:10:00+00:00/task_id=invoke_lambda_function permission to 509
[2023-11-18T15:41:18.275-0300] {taskinstance.py:1159} INFO - Dependencies all met for dep_context=non-requeueable deps ti=<TaskInstance: how-desafio-03.invoke_lambda_function scheduled__2023-11-17T09:10:00+00:00 [queued]>
[2023-11-18T15:41:18.314-0300] {taskinstance.py:1159} INFO - Dependencies all met for dep_context=requeueable deps ti=<TaskInstance: how-desafio-03.invoke_lambda_function scheduled__2023-11-17T09:10:00+00:00 [queued]>
[2023-11-18T15:41:18.315-0300] {taskinstance.py:1361} INFO - Starting attempt 1 of 1
[2023-11-18T15:41:18.410-0300] {taskinstance.py:1382} INFO - Executing <Task(LambdaInvokeFunctionOperator): invoke_lambda_function> on 2023-11-17 09:10:00+00:00
[2023-11-18T15:41:18.413-0300] {standard_task_runner.py:57} INFO - Started process 115 to run task
[2023-11-18T15:41:18.417-0300] {standard_task_runner.py:84} INFO - Running: ['airflow', 'tasks', 'run', 'how-desafio-03', 'invoke_lambda_function', 'scheduled__2023-11-17T09:10:00+00:00', '--job-id', '100', '--raw', '--subdir', 'DAGS_FOLDER/weather_dag.py', '--cfg-path', '/tmp/tmp3mls9fet']
[2023-11-18T15:41:18.419-0300] {standard_task_runner.py:85} INFO - Job 100: Subtask invoke_lambda_function
[2023-11-18T15:41:18.657-0300] {logging_mixin.py:151} INFO - Changing /mnt/c/Users/filipe.macedo_ifood/Documents/how-desafio-03/airflow/logs/dag_id=how-desafio-03/run_id=scheduled__2023-11-17T09:10:00+00:00/task_id=invoke_lambda_function permission to 509
[2023-11-18T15:41:18.663-0300] {task_command.py:416} INFO - Running <TaskInstance: how-desafio-03.invoke_lambda_function scheduled__2023-11-17T09:10:00+00:00 [running]> on host 14111-NB.
[2023-11-18T15:41:19.034-0300] {taskinstance.py:1662} INFO - Exporting env vars: AIRFLOW_CTX_DAG_OWNER='airflow' AIRFLOW_CTX_DAG_ID='how-desafio-03' AIRFLOW_CTX_TASK_ID='invoke_lambda_function' AIRFLOW_CTX_EXECUTION_DATE='2023-11-17T09:10:00+00:00' AIRFLOW_CTX_TRY_NUMBER='1' AIRFLOW_CTX_DAG_RUN_ID='scheduled__2023-11-17T09:10:00+00:00'
[2023-11-18T15:41:19.036-0300] {lambda_function.py:211} INFO - Invoking AWS Lambda function: my_first_test with payload: {"weather_daily": {"date": "2023-11-17"}}
[2023-11-18T15:41:19.069-0300] {base.py:73} INFO - Using connection ID 'aws_default' for task execution.
[2023-11-18T15:41:19.070-0300] {connection_wrapper.py:340} INFO - AWS Connection (conn_id='aws_default', conn_type='aws') credentials retrieved from login and password.
[2023-11-18T15:41:20.191-0300] {lambda_function.py:220} INFO - Lambda response metadata: {'RequestId': '2d941b2a-1caa-48ef-9207-c1c88305353b', 'HTTPStatusCode': 200, 'HTTPHeaders': {'date': 'Sat, 18 Nov 2023 18:41:25 GMT', 'content-type': 'application/json', 'content-length': '4', 'connection': 'keep-alive', 'x-amzn-requestid': '2d941b2a-1caa-48ef-9207-c1c88305353b', 'x-amzn-remapped-content-length': '0', 'x-amz-executed-version': '$LATEST', 'x-amzn-trace-id': 'root=1-65590555-14e1f1615b6926330e4473d5;sampled=0;lineage=2d7f70ec:0'}, 'RetryAttempts': 0}
[2023-11-18T15:41:20.194-0300] {lambda_function.py:230} INFO - Lambda function invocation succeeded: {'RequestId': '2d941b2a-1caa-48ef-9207-c1c88305353b', 'HTTPStatusCode': 200, 'HTTPHeaders': {'date': 'Sat, 18 Nov 2023 18:41:25 GMT', 'content-type': 'application/json', 'content-length': '4', 'connection': 'keep-alive', 'x-amzn-requestid': '2d941b2a-1caa-48ef-9207-c1c88305353b', 'x-amzn-remapped-content-length': '0', 'x-amz-executed-version': '$LATEST', 'x-amzn-trace-id': 'root=1-65590555-14e1f1615b6926330e4473d5;sampled=0;lineage=2d7f70ec:0'}, 'RetryAttempts': 0}
[2023-11-18T15:41:20.318-0300] {taskinstance.py:1400} INFO - Marking task as SUCCESS. dag_id=how-desafio-03, task_id=invoke_lambda_function, execution_date=20231117T091000, start_date=20231118T184118, end_date=20231118T184120
[2023-11-18T15:41:20.443-0300] {local_task_job_runner.py:228} INFO - Task exited with return code 0
[2023-11-18T15:41:20.496-0300] {taskinstance.py:2778} INFO - 0 downstream tasks scheduled from follow-on schedule check
