[2024-02-06T21:00:24.585-0300] {logging_mixin.py:151} INFO - Changing /mnt/c/Users/filipe.macedo_ifood/Documents/how-desafio-03/airflow/logs/dag_id=how-desafio-3/run_id=scheduled__2024-02-06T23:00:00+00:00/task_id=wait_for_step permission to 509
[2024-02-06T21:00:24.785-0300] {logging_mixin.py:151} INFO - Changing /mnt/c/Users/filipe.macedo_ifood/Documents/how-desafio-03/airflow/logs/dag_id=how-desafio-3/run_id=scheduled__2024-02-06T23:00:00+00:00/task_id=wait_for_step permission to 509
[2024-02-06T21:00:24.857-0300] {taskinstance.py:1159} INFO - Dependencies all met for dep_context=non-requeueable deps ti=<TaskInstance: how-desafio-3.wait_for_step scheduled__2024-02-06T23:00:00+00:00 [queued]>
[2024-02-06T21:00:24.900-0300] {taskinstance.py:1159} INFO - Dependencies all met for dep_context=requeueable deps ti=<TaskInstance: how-desafio-3.wait_for_step scheduled__2024-02-06T23:00:00+00:00 [queued]>
[2024-02-06T21:00:24.901-0300] {taskinstance.py:1361} INFO - Starting attempt 1 of 1
[2024-02-06T21:00:25.002-0300] {taskinstance.py:1382} INFO - Executing <Task(EmrStepSensor): wait_for_step> on 2024-02-06 23:00:00+00:00
[2024-02-06T21:00:25.008-0300] {standard_task_runner.py:57} INFO - Started process 874 to run task
[2024-02-06T21:00:25.014-0300] {standard_task_runner.py:84} INFO - Running: ['airflow', 'tasks', 'run', 'how-desafio-3', 'wait_for_step', 'scheduled__2024-02-06T23:00:00+00:00', '--job-id', '328', '--raw', '--subdir', 'DAGS_FOLDER/weather_dag.py', '--cfg-path', '/tmp/tmpfagpgftt']
[2024-02-06T21:00:25.017-0300] {standard_task_runner.py:85} INFO - Job 328: Subtask wait_for_step
[2024-02-06T21:00:25.269-0300] {logging_mixin.py:151} INFO - Changing /mnt/c/Users/filipe.macedo_ifood/Documents/how-desafio-03/airflow/logs/dag_id=how-desafio-3/run_id=scheduled__2024-02-06T23:00:00+00:00/task_id=wait_for_step permission to 509
[2024-02-06T21:00:25.277-0300] {task_command.py:416} INFO - Running <TaskInstance: how-desafio-3.wait_for_step scheduled__2024-02-06T23:00:00+00:00 [running]> on host 14111-NB.
[2024-02-06T21:00:25.741-0300] {taskinstance.py:1662} INFO - Exporting env vars: AIRFLOW_CTX_DAG_OWNER='airflow' AIRFLOW_CTX_DAG_ID='how-desafio-3' AIRFLOW_CTX_TASK_ID='wait_for_step' AIRFLOW_CTX_EXECUTION_DATE='2024-02-06T23:00:00+00:00' AIRFLOW_CTX_TRY_NUMBER='1' AIRFLOW_CTX_DAG_RUN_ID='scheduled__2024-02-06T23:00:00+00:00'
[2024-02-06T21:00:25.771-0300] {base.py:73} INFO - Using connection ID 'aws_default' for task execution.
[2024-02-06T21:00:25.773-0300] {connection_wrapper.py:340} INFO - AWS Connection (conn_id='aws_default', conn_type='aws') credentials retrieved from login and password.
[2024-02-06T21:00:26.182-0300] {emr.py:575} INFO - Poking step s-022355623HZIW8C74UQ4 on cluster j-2U7SQRRRYNKV8
[2024-02-06T21:00:27.407-0300] {emr.py:79} INFO - Job flow currently PENDING
[2024-02-06T21:01:27.449-0300] {emr.py:575} INFO - Poking step s-022355623HZIW8C74UQ4 on cluster j-2U7SQRRRYNKV8
[2024-02-06T21:01:28.799-0300] {emr.py:79} INFO - Job flow currently PENDING
[2024-02-06T21:02:28.855-0300] {emr.py:575} INFO - Poking step s-022355623HZIW8C74UQ4 on cluster j-2U7SQRRRYNKV8
[2024-02-06T21:02:30.506-0300] {emr.py:79} INFO - Job flow currently CANCELLED
[2024-02-06T21:02:30.543-0300] {taskinstance.py:1937} ERROR - Task failed with exception
Traceback (most recent call last):
  File "/usr/local/lib/python3.10/dist-packages/airflow/providers/amazon/aws/sensors/emr.py", line 624, in execute
    super().execute(context=context)
  File "/usr/local/lib/python3.10/dist-packages/airflow/sensors/base.py", line 257, in execute
    raise e
  File "/usr/local/lib/python3.10/dist-packages/airflow/sensors/base.py", line 239, in execute
    poke_return = self.poke(context)
  File "/usr/local/lib/python3.10/dist-packages/airflow/providers/amazon/aws/sensors/emr.py", line 85, in poke
    raise AirflowException(f"EMR job failed: {self.failure_message_from_response(response)}")
airflow.exceptions.AirflowException: EMR job failed: None
[2024-02-06T21:02:30.553-0300] {taskinstance.py:1400} INFO - Marking task as FAILED. dag_id=how-desafio-3, task_id=wait_for_step, execution_date=20240206T230000, start_date=20240207T000024, end_date=20240207T000230
[2024-02-06T21:02:30.669-0300] {standard_task_runner.py:104} ERROR - Failed to execute job 328 for task wait_for_step (EMR job failed: None; 874)
[2024-02-06T21:02:30.688-0300] {local_task_job_runner.py:228} INFO - Task exited with return code 1
[2024-02-06T21:02:30.758-0300] {taskinstance.py:2778} INFO - 0 downstream tasks scheduled from follow-on schedule check
