[2023-10-18T20:17:58.006-0300] {processor.py:157} INFO - Started process (PID=2762) to work on /mnt/c/Users/filipe.macedo_ifood/Documents/how-desafio-03/airflow/dags/weather_dag.py
[2023-10-18T20:17:58.007-0300] {processor.py:829} INFO - Processing file /mnt/c/Users/filipe.macedo_ifood/Documents/how-desafio-03/airflow/dags/weather_dag.py for tasks to queue
[2023-10-18T20:17:58.008-0300] {logging_mixin.py:151} INFO - [2023-10-18T20:17:58.008-0300] {dagbag.py:536} INFO - Filling up the DagBag from /mnt/c/Users/filipe.macedo_ifood/Documents/how-desafio-03/airflow/dags/weather_dag.py
[2023-10-18T20:17:58.038-0300] {processor.py:839} INFO - DAG(s) dict_keys(['how-desafio-03']) retrieved from /mnt/c/Users/filipe.macedo_ifood/Documents/how-desafio-03/airflow/dags/weather_dag.py
[2023-10-18T20:17:58.063-0300] {logging_mixin.py:151} INFO - [2023-10-18T20:17:58.063-0300] {dag.py:2941} INFO - Sync 1 DAGs
[2023-10-18T20:17:58.089-0300] {logging_mixin.py:151} INFO - [2023-10-18T20:17:58.089-0300] {dag.py:3722} INFO - Setting next_dagrun for how-desafio-03 to 2023-10-17T00:10:00+00:00, run_after=2023-10-17T01:10:00+00:00
[2023-10-18T20:17:58.176-0300] {processor.py:179} INFO - Processing /mnt/c/Users/filipe.macedo_ifood/Documents/how-desafio-03/airflow/dags/weather_dag.py took 0.172 seconds
[2023-10-18T20:22:54.106-0300] {processor.py:157} INFO - Started process (PID=3440) to work on /mnt/c/Users/filipe.macedo_ifood/Documents/how-desafio-03/airflow/dags/weather_dag.py
[2023-10-18T20:22:54.108-0300] {processor.py:829} INFO - Processing file /mnt/c/Users/filipe.macedo_ifood/Documents/how-desafio-03/airflow/dags/weather_dag.py for tasks to queue
[2023-10-18T20:22:54.109-0300] {logging_mixin.py:151} INFO - [2023-10-18T20:22:54.109-0300] {dagbag.py:536} INFO - Filling up the DagBag from /mnt/c/Users/filipe.macedo_ifood/Documents/how-desafio-03/airflow/dags/weather_dag.py
[2023-10-18T20:22:54.149-0300] {processor.py:839} INFO - DAG(s) dict_keys(['how-desafio-03']) retrieved from /mnt/c/Users/filipe.macedo_ifood/Documents/how-desafio-03/airflow/dags/weather_dag.py
[2023-10-18T20:22:54.169-0300] {logging_mixin.py:151} INFO - [2023-10-18T20:22:54.168-0300] {dag.py:2941} INFO - Sync 1 DAGs
[2023-10-18T20:22:54.196-0300] {logging_mixin.py:151} INFO - [2023-10-18T20:22:54.195-0300] {dag.py:3722} INFO - Setting next_dagrun for how-desafio-03 to 2023-10-17T00:10:00+00:00, run_after=2023-10-17T01:10:00+00:00
[2023-10-18T20:22:54.274-0300] {processor.py:179} INFO - Processing /mnt/c/Users/filipe.macedo_ifood/Documents/how-desafio-03/airflow/dags/weather_dag.py took 0.173 seconds
[2023-10-18T20:26:36.038-0300] {processor.py:157} INFO - Started process (PID=86) to work on /mnt/c/Users/filipe.macedo_ifood/Documents/how-desafio-03/airflow/dags/weather_dag.py
[2023-10-18T20:26:36.040-0300] {processor.py:829} INFO - Processing file /mnt/c/Users/filipe.macedo_ifood/Documents/how-desafio-03/airflow/dags/weather_dag.py for tasks to queue
[2023-10-18T20:26:36.040-0300] {logging_mixin.py:151} INFO - [2023-10-18T20:26:36.040-0300] {dagbag.py:536} INFO - Filling up the DagBag from /mnt/c/Users/filipe.macedo_ifood/Documents/how-desafio-03/airflow/dags/weather_dag.py
[2023-10-18T20:26:36.069-0300] {processor.py:839} INFO - DAG(s) dict_keys(['how-desafio-03']) retrieved from /mnt/c/Users/filipe.macedo_ifood/Documents/how-desafio-03/airflow/dags/weather_dag.py
[2023-10-18T20:26:36.084-0300] {logging_mixin.py:151} INFO - [2023-10-18T20:26:36.084-0300] {dag.py:2941} INFO - Sync 1 DAGs
[2023-10-18T20:26:36.105-0300] {logging_mixin.py:151} INFO - [2023-10-18T20:26:36.105-0300] {dag.py:3722} INFO - Setting next_dagrun for how-desafio-03 to 2023-10-17T00:10:00+00:00, run_after=2023-10-17T01:10:00+00:00
[2023-10-18T20:26:36.173-0300] {processor.py:179} INFO - Processing /mnt/c/Users/filipe.macedo_ifood/Documents/how-desafio-03/airflow/dags/weather_dag.py took 0.137 seconds
[2023-10-18T20:27:06.311-0300] {processor.py:157} INFO - Started process (PID=92) to work on /mnt/c/Users/filipe.macedo_ifood/Documents/how-desafio-03/airflow/dags/weather_dag.py
[2023-10-18T20:27:06.312-0300] {processor.py:829} INFO - Processing file /mnt/c/Users/filipe.macedo_ifood/Documents/how-desafio-03/airflow/dags/weather_dag.py for tasks to queue
[2023-10-18T20:27:06.313-0300] {logging_mixin.py:151} INFO - [2023-10-18T20:27:06.313-0300] {dagbag.py:536} INFO - Filling up the DagBag from /mnt/c/Users/filipe.macedo_ifood/Documents/how-desafio-03/airflow/dags/weather_dag.py
[2023-10-18T20:27:06.343-0300] {processor.py:839} INFO - DAG(s) dict_keys(['how-desafio-03']) retrieved from /mnt/c/Users/filipe.macedo_ifood/Documents/how-desafio-03/airflow/dags/weather_dag.py
[2023-10-18T20:27:06.370-0300] {logging_mixin.py:151} INFO - [2023-10-18T20:27:06.370-0300] {dag.py:2941} INFO - Sync 1 DAGs
[2023-10-18T20:27:06.395-0300] {logging_mixin.py:151} INFO - [2023-10-18T20:27:06.395-0300] {dag.py:3722} INFO - Setting next_dagrun for how-desafio-03 to 2023-10-17T00:10:00+00:00, run_after=2023-10-17T01:10:00+00:00
[2023-10-18T20:27:06.477-0300] {processor.py:179} INFO - Processing /mnt/c/Users/filipe.macedo_ifood/Documents/how-desafio-03/airflow/dags/weather_dag.py took 0.167 seconds
[2023-10-18T20:27:37.501-0300] {processor.py:157} INFO - Started process (PID=94) to work on /mnt/c/Users/filipe.macedo_ifood/Documents/how-desafio-03/airflow/dags/weather_dag.py
[2023-10-18T20:27:37.502-0300] {processor.py:829} INFO - Processing file /mnt/c/Users/filipe.macedo_ifood/Documents/how-desafio-03/airflow/dags/weather_dag.py for tasks to queue
[2023-10-18T20:27:37.503-0300] {logging_mixin.py:151} INFO - [2023-10-18T20:27:37.503-0300] {dagbag.py:536} INFO - Filling up the DagBag from /mnt/c/Users/filipe.macedo_ifood/Documents/how-desafio-03/airflow/dags/weather_dag.py
[2023-10-18T20:27:37.551-0300] {processor.py:839} INFO - DAG(s) dict_keys(['how-desafio-03']) retrieved from /mnt/c/Users/filipe.macedo_ifood/Documents/how-desafio-03/airflow/dags/weather_dag.py
[2023-10-18T20:27:37.581-0300] {logging_mixin.py:151} INFO - [2023-10-18T20:27:37.581-0300] {dag.py:2941} INFO - Sync 1 DAGs
[2023-10-18T20:27:37.603-0300] {logging_mixin.py:151} INFO - [2023-10-18T20:27:37.602-0300] {dag.py:3722} INFO - Setting next_dagrun for how-desafio-03 to 2023-10-17T00:10:00+00:00, run_after=2023-10-17T01:10:00+00:00
[2023-10-18T20:27:37.666-0300] {processor.py:179} INFO - Processing /mnt/c/Users/filipe.macedo_ifood/Documents/how-desafio-03/airflow/dags/weather_dag.py took 0.167 seconds
[2023-10-18T20:28:07.955-0300] {processor.py:157} INFO - Started process (PID=95) to work on /mnt/c/Users/filipe.macedo_ifood/Documents/how-desafio-03/airflow/dags/weather_dag.py
[2023-10-18T20:28:07.956-0300] {processor.py:829} INFO - Processing file /mnt/c/Users/filipe.macedo_ifood/Documents/how-desafio-03/airflow/dags/weather_dag.py for tasks to queue
[2023-10-18T20:28:07.957-0300] {logging_mixin.py:151} INFO - [2023-10-18T20:28:07.957-0300] {dagbag.py:536} INFO - Filling up the DagBag from /mnt/c/Users/filipe.macedo_ifood/Documents/how-desafio-03/airflow/dags/weather_dag.py
[2023-10-18T20:28:07.985-0300] {processor.py:839} INFO - DAG(s) dict_keys(['how-desafio-03']) retrieved from /mnt/c/Users/filipe.macedo_ifood/Documents/how-desafio-03/airflow/dags/weather_dag.py
[2023-10-18T20:28:08.010-0300] {logging_mixin.py:151} INFO - [2023-10-18T20:28:08.010-0300] {dag.py:2941} INFO - Sync 1 DAGs
[2023-10-18T20:28:08.035-0300] {logging_mixin.py:151} INFO - [2023-10-18T20:28:08.035-0300] {dag.py:3722} INFO - Setting next_dagrun for how-desafio-03 to 2023-10-17T00:10:00+00:00, run_after=2023-10-17T01:10:00+00:00
[2023-10-18T20:28:08.159-0300] {processor.py:179} INFO - Processing /mnt/c/Users/filipe.macedo_ifood/Documents/how-desafio-03/airflow/dags/weather_dag.py took 0.206 seconds
[2023-10-18T20:28:38.287-0300] {processor.py:157} INFO - Started process (PID=96) to work on /mnt/c/Users/filipe.macedo_ifood/Documents/how-desafio-03/airflow/dags/weather_dag.py
[2023-10-18T20:28:38.288-0300] {processor.py:829} INFO - Processing file /mnt/c/Users/filipe.macedo_ifood/Documents/how-desafio-03/airflow/dags/weather_dag.py for tasks to queue
[2023-10-18T20:28:38.289-0300] {logging_mixin.py:151} INFO - [2023-10-18T20:28:38.288-0300] {dagbag.py:536} INFO - Filling up the DagBag from /mnt/c/Users/filipe.macedo_ifood/Documents/how-desafio-03/airflow/dags/weather_dag.py
[2023-10-18T20:28:38.313-0300] {processor.py:839} INFO - DAG(s) dict_keys(['how-desafio-03']) retrieved from /mnt/c/Users/filipe.macedo_ifood/Documents/how-desafio-03/airflow/dags/weather_dag.py
[2023-10-18T20:28:38.339-0300] {logging_mixin.py:151} INFO - [2023-10-18T20:28:38.339-0300] {dag.py:2941} INFO - Sync 1 DAGs
[2023-10-18T20:28:38.367-0300] {logging_mixin.py:151} INFO - [2023-10-18T20:28:38.367-0300] {dag.py:3722} INFO - Setting next_dagrun for how-desafio-03 to 2023-10-17T00:10:00+00:00, run_after=2023-10-17T01:10:00+00:00
[2023-10-18T20:28:38.472-0300] {processor.py:179} INFO - Processing /mnt/c/Users/filipe.macedo_ifood/Documents/how-desafio-03/airflow/dags/weather_dag.py took 0.187 seconds
[2023-10-18T20:29:08.730-0300] {processor.py:157} INFO - Started process (PID=97) to work on /mnt/c/Users/filipe.macedo_ifood/Documents/how-desafio-03/airflow/dags/weather_dag.py
[2023-10-18T20:29:08.731-0300] {processor.py:829} INFO - Processing file /mnt/c/Users/filipe.macedo_ifood/Documents/how-desafio-03/airflow/dags/weather_dag.py for tasks to queue
[2023-10-18T20:29:08.733-0300] {logging_mixin.py:151} INFO - [2023-10-18T20:29:08.732-0300] {dagbag.py:536} INFO - Filling up the DagBag from /mnt/c/Users/filipe.macedo_ifood/Documents/how-desafio-03/airflow/dags/weather_dag.py
[2023-10-18T20:29:08.760-0300] {processor.py:839} INFO - DAG(s) dict_keys(['how-desafio-03']) retrieved from /mnt/c/Users/filipe.macedo_ifood/Documents/how-desafio-03/airflow/dags/weather_dag.py
[2023-10-18T20:29:08.783-0300] {logging_mixin.py:151} INFO - [2023-10-18T20:29:08.782-0300] {dag.py:2941} INFO - Sync 1 DAGs
[2023-10-18T20:29:08.802-0300] {logging_mixin.py:151} INFO - [2023-10-18T20:29:08.802-0300] {dag.py:3722} INFO - Setting next_dagrun for how-desafio-03 to 2023-10-17T00:10:00+00:00, run_after=2023-10-17T01:10:00+00:00
[2023-10-18T20:29:08.891-0300] {processor.py:179} INFO - Processing /mnt/c/Users/filipe.macedo_ifood/Documents/how-desafio-03/airflow/dags/weather_dag.py took 0.163 seconds
[2023-10-18T20:29:39.131-0300] {processor.py:157} INFO - Started process (PID=98) to work on /mnt/c/Users/filipe.macedo_ifood/Documents/how-desafio-03/airflow/dags/weather_dag.py
[2023-10-18T20:29:39.133-0300] {processor.py:829} INFO - Processing file /mnt/c/Users/filipe.macedo_ifood/Documents/how-desafio-03/airflow/dags/weather_dag.py for tasks to queue
[2023-10-18T20:29:39.134-0300] {logging_mixin.py:151} INFO - [2023-10-18T20:29:39.134-0300] {dagbag.py:536} INFO - Filling up the DagBag from /mnt/c/Users/filipe.macedo_ifood/Documents/how-desafio-03/airflow/dags/weather_dag.py
[2023-10-18T20:29:39.172-0300] {processor.py:839} INFO - DAG(s) dict_keys(['how-desafio-03']) retrieved from /mnt/c/Users/filipe.macedo_ifood/Documents/how-desafio-03/airflow/dags/weather_dag.py
[2023-10-18T20:29:39.211-0300] {logging_mixin.py:151} INFO - [2023-10-18T20:29:39.210-0300] {dag.py:2941} INFO - Sync 1 DAGs
[2023-10-18T20:29:39.242-0300] {logging_mixin.py:151} INFO - [2023-10-18T20:29:39.242-0300] {dag.py:3722} INFO - Setting next_dagrun for how-desafio-03 to 2023-10-17T00:10:00+00:00, run_after=2023-10-17T01:10:00+00:00
[2023-10-18T20:29:39.328-0300] {processor.py:179} INFO - Processing /mnt/c/Users/filipe.macedo_ifood/Documents/how-desafio-03/airflow/dags/weather_dag.py took 0.200 seconds
[2023-10-18T20:30:09.509-0300] {processor.py:157} INFO - Started process (PID=99) to work on /mnt/c/Users/filipe.macedo_ifood/Documents/how-desafio-03/airflow/dags/weather_dag.py
[2023-10-18T20:30:09.510-0300] {processor.py:829} INFO - Processing file /mnt/c/Users/filipe.macedo_ifood/Documents/how-desafio-03/airflow/dags/weather_dag.py for tasks to queue
[2023-10-18T20:30:09.511-0300] {logging_mixin.py:151} INFO - [2023-10-18T20:30:09.511-0300] {dagbag.py:536} INFO - Filling up the DagBag from /mnt/c/Users/filipe.macedo_ifood/Documents/how-desafio-03/airflow/dags/weather_dag.py
[2023-10-18T20:30:09.569-0300] {processor.py:839} INFO - DAG(s) dict_keys(['how-desafio-03']) retrieved from /mnt/c/Users/filipe.macedo_ifood/Documents/how-desafio-03/airflow/dags/weather_dag.py
[2023-10-18T20:30:09.599-0300] {logging_mixin.py:151} INFO - [2023-10-18T20:30:09.599-0300] {dag.py:2941} INFO - Sync 1 DAGs
[2023-10-18T20:30:09.628-0300] {logging_mixin.py:151} INFO - [2023-10-18T20:30:09.628-0300] {dag.py:3722} INFO - Setting next_dagrun for how-desafio-03 to 2023-10-17T00:10:00+00:00, run_after=2023-10-17T01:10:00+00:00
[2023-10-18T20:30:09.747-0300] {processor.py:179} INFO - Processing /mnt/c/Users/filipe.macedo_ifood/Documents/how-desafio-03/airflow/dags/weather_dag.py took 0.239 seconds
[2023-10-18T20:30:41.190-0300] {processor.py:157} INFO - Started process (PID=104) to work on /mnt/c/Users/filipe.macedo_ifood/Documents/how-desafio-03/airflow/dags/weather_dag.py
[2023-10-18T20:30:41.191-0300] {processor.py:829} INFO - Processing file /mnt/c/Users/filipe.macedo_ifood/Documents/how-desafio-03/airflow/dags/weather_dag.py for tasks to queue
[2023-10-18T20:30:41.193-0300] {logging_mixin.py:151} INFO - [2023-10-18T20:30:41.192-0300] {dagbag.py:536} INFO - Filling up the DagBag from /mnt/c/Users/filipe.macedo_ifood/Documents/how-desafio-03/airflow/dags/weather_dag.py
[2023-10-18T20:30:41.236-0300] {processor.py:839} INFO - DAG(s) dict_keys(['how-desafio-03']) retrieved from /mnt/c/Users/filipe.macedo_ifood/Documents/how-desafio-03/airflow/dags/weather_dag.py
[2023-10-18T20:30:41.285-0300] {logging_mixin.py:151} INFO - [2023-10-18T20:30:41.285-0300] {dag.py:2941} INFO - Sync 1 DAGs
[2023-10-18T20:30:41.309-0300] {logging_mixin.py:151} INFO - [2023-10-18T20:30:41.309-0300] {dag.py:3722} INFO - Setting next_dagrun for how-desafio-03 to 2023-10-17T03:10:00+00:00, run_after=2023-10-17T04:10:00+00:00
[2023-10-18T20:30:41.424-0300] {processor.py:179} INFO - Processing /mnt/c/Users/filipe.macedo_ifood/Documents/how-desafio-03/airflow/dags/weather_dag.py took 0.236 seconds
[2023-10-18T20:31:11.901-0300] {processor.py:157} INFO - Started process (PID=117) to work on /mnt/c/Users/filipe.macedo_ifood/Documents/how-desafio-03/airflow/dags/weather_dag.py
[2023-10-18T20:31:11.902-0300] {processor.py:829} INFO - Processing file /mnt/c/Users/filipe.macedo_ifood/Documents/how-desafio-03/airflow/dags/weather_dag.py for tasks to queue
[2023-10-18T20:31:11.903-0300] {logging_mixin.py:151} INFO - [2023-10-18T20:31:11.902-0300] {dagbag.py:536} INFO - Filling up the DagBag from /mnt/c/Users/filipe.macedo_ifood/Documents/how-desafio-03/airflow/dags/weather_dag.py
[2023-10-18T20:31:11.926-0300] {processor.py:839} INFO - DAG(s) dict_keys(['how-desafio-03']) retrieved from /mnt/c/Users/filipe.macedo_ifood/Documents/how-desafio-03/airflow/dags/weather_dag.py
[2023-10-18T20:31:11.956-0300] {logging_mixin.py:151} INFO - [2023-10-18T20:31:11.956-0300] {dag.py:2941} INFO - Sync 1 DAGs
[2023-10-18T20:31:11.983-0300] {logging_mixin.py:151} INFO - [2023-10-18T20:31:11.983-0300] {dag.py:3722} INFO - Setting next_dagrun for how-desafio-03 to 2023-10-17T09:10:00+00:00, run_after=2023-10-17T10:10:00+00:00
[2023-10-18T20:31:12.060-0300] {processor.py:179} INFO - Processing /mnt/c/Users/filipe.macedo_ifood/Documents/how-desafio-03/airflow/dags/weather_dag.py took 0.161 seconds
[2023-10-18T20:31:42.490-0300] {processor.py:157} INFO - Started process (PID=118) to work on /mnt/c/Users/filipe.macedo_ifood/Documents/how-desafio-03/airflow/dags/weather_dag.py
[2023-10-18T20:31:42.491-0300] {processor.py:829} INFO - Processing file /mnt/c/Users/filipe.macedo_ifood/Documents/how-desafio-03/airflow/dags/weather_dag.py for tasks to queue
[2023-10-18T20:31:42.493-0300] {logging_mixin.py:151} INFO - [2023-10-18T20:31:42.492-0300] {dagbag.py:536} INFO - Filling up the DagBag from /mnt/c/Users/filipe.macedo_ifood/Documents/how-desafio-03/airflow/dags/weather_dag.py
[2023-10-18T20:31:42.524-0300] {processor.py:839} INFO - DAG(s) dict_keys(['how-desafio-03']) retrieved from /mnt/c/Users/filipe.macedo_ifood/Documents/how-desafio-03/airflow/dags/weather_dag.py
[2023-10-18T20:31:42.554-0300] {logging_mixin.py:151} INFO - [2023-10-18T20:31:42.553-0300] {dag.py:2941} INFO - Sync 1 DAGs
[2023-10-18T20:31:42.580-0300] {logging_mixin.py:151} INFO - [2023-10-18T20:31:42.579-0300] {dag.py:3722} INFO - Setting next_dagrun for how-desafio-03 to 2023-10-17T09:10:00+00:00, run_after=2023-10-17T10:10:00+00:00
[2023-10-18T20:31:42.659-0300] {processor.py:179} INFO - Processing /mnt/c/Users/filipe.macedo_ifood/Documents/how-desafio-03/airflow/dags/weather_dag.py took 0.171 seconds
[2023-10-18T20:32:12.992-0300] {processor.py:157} INFO - Started process (PID=119) to work on /mnt/c/Users/filipe.macedo_ifood/Documents/how-desafio-03/airflow/dags/weather_dag.py
[2023-10-18T20:32:12.993-0300] {processor.py:829} INFO - Processing file /mnt/c/Users/filipe.macedo_ifood/Documents/how-desafio-03/airflow/dags/weather_dag.py for tasks to queue
[2023-10-18T20:32:12.994-0300] {logging_mixin.py:151} INFO - [2023-10-18T20:32:12.994-0300] {dagbag.py:536} INFO - Filling up the DagBag from /mnt/c/Users/filipe.macedo_ifood/Documents/how-desafio-03/airflow/dags/weather_dag.py
[2023-10-18T20:32:13.020-0300] {processor.py:839} INFO - DAG(s) dict_keys(['how-desafio-03']) retrieved from /mnt/c/Users/filipe.macedo_ifood/Documents/how-desafio-03/airflow/dags/weather_dag.py
[2023-10-18T20:32:13.049-0300] {logging_mixin.py:151} INFO - [2023-10-18T20:32:13.048-0300] {dag.py:2941} INFO - Sync 1 DAGs
[2023-10-18T20:32:13.075-0300] {logging_mixin.py:151} INFO - [2023-10-18T20:32:13.075-0300] {dag.py:3722} INFO - Setting next_dagrun for how-desafio-03 to 2023-10-17T09:10:00+00:00, run_after=2023-10-17T10:10:00+00:00
[2023-10-18T20:32:13.150-0300] {processor.py:179} INFO - Processing /mnt/c/Users/filipe.macedo_ifood/Documents/how-desafio-03/airflow/dags/weather_dag.py took 0.159 seconds
[2023-10-18T20:32:43.669-0300] {processor.py:157} INFO - Started process (PID=120) to work on /mnt/c/Users/filipe.macedo_ifood/Documents/how-desafio-03/airflow/dags/weather_dag.py
[2023-10-18T20:32:43.670-0300] {processor.py:829} INFO - Processing file /mnt/c/Users/filipe.macedo_ifood/Documents/how-desafio-03/airflow/dags/weather_dag.py for tasks to queue
[2023-10-18T20:32:43.671-0300] {logging_mixin.py:151} INFO - [2023-10-18T20:32:43.671-0300] {dagbag.py:536} INFO - Filling up the DagBag from /mnt/c/Users/filipe.macedo_ifood/Documents/how-desafio-03/airflow/dags/weather_dag.py
[2023-10-18T20:32:43.702-0300] {processor.py:839} INFO - DAG(s) dict_keys(['how-desafio-03']) retrieved from /mnt/c/Users/filipe.macedo_ifood/Documents/how-desafio-03/airflow/dags/weather_dag.py
[2023-10-18T20:32:43.734-0300] {logging_mixin.py:151} INFO - [2023-10-18T20:32:43.734-0300] {dag.py:2941} INFO - Sync 1 DAGs
[2023-10-18T20:32:43.758-0300] {logging_mixin.py:151} INFO - [2023-10-18T20:32:43.758-0300] {dag.py:3722} INFO - Setting next_dagrun for how-desafio-03 to 2023-10-17T09:10:00+00:00, run_after=2023-10-17T10:10:00+00:00
[2023-10-18T20:32:43.825-0300] {processor.py:179} INFO - Processing /mnt/c/Users/filipe.macedo_ifood/Documents/how-desafio-03/airflow/dags/weather_dag.py took 0.158 seconds
[2023-10-18T20:33:14.198-0300] {processor.py:157} INFO - Started process (PID=121) to work on /mnt/c/Users/filipe.macedo_ifood/Documents/how-desafio-03/airflow/dags/weather_dag.py
[2023-10-18T20:33:14.199-0300] {processor.py:829} INFO - Processing file /mnt/c/Users/filipe.macedo_ifood/Documents/how-desafio-03/airflow/dags/weather_dag.py for tasks to queue
[2023-10-18T20:33:14.201-0300] {logging_mixin.py:151} INFO - [2023-10-18T20:33:14.201-0300] {dagbag.py:536} INFO - Filling up the DagBag from /mnt/c/Users/filipe.macedo_ifood/Documents/how-desafio-03/airflow/dags/weather_dag.py
[2023-10-18T20:33:14.262-0300] {processor.py:839} INFO - DAG(s) dict_keys(['how-desafio-03']) retrieved from /mnt/c/Users/filipe.macedo_ifood/Documents/how-desafio-03/airflow/dags/weather_dag.py
[2023-10-18T20:33:14.306-0300] {logging_mixin.py:151} INFO - [2023-10-18T20:33:14.305-0300] {dag.py:2941} INFO - Sync 1 DAGs
[2023-10-18T20:33:14.336-0300] {logging_mixin.py:151} INFO - [2023-10-18T20:33:14.335-0300] {dag.py:3722} INFO - Setting next_dagrun for how-desafio-03 to 2023-10-17T09:10:00+00:00, run_after=2023-10-17T10:10:00+00:00
[2023-10-18T20:33:14.430-0300] {processor.py:179} INFO - Processing /mnt/c/Users/filipe.macedo_ifood/Documents/how-desafio-03/airflow/dags/weather_dag.py took 0.234 seconds
[2023-10-18T20:33:44.981-0300] {processor.py:157} INFO - Started process (PID=122) to work on /mnt/c/Users/filipe.macedo_ifood/Documents/how-desafio-03/airflow/dags/weather_dag.py
[2023-10-18T20:33:44.982-0300] {processor.py:829} INFO - Processing file /mnt/c/Users/filipe.macedo_ifood/Documents/how-desafio-03/airflow/dags/weather_dag.py for tasks to queue
[2023-10-18T20:33:44.982-0300] {logging_mixin.py:151} INFO - [2023-10-18T20:33:44.982-0300] {dagbag.py:536} INFO - Filling up the DagBag from /mnt/c/Users/filipe.macedo_ifood/Documents/how-desafio-03/airflow/dags/weather_dag.py
[2023-10-18T20:33:45.011-0300] {processor.py:839} INFO - DAG(s) dict_keys(['how-desafio-03']) retrieved from /mnt/c/Users/filipe.macedo_ifood/Documents/how-desafio-03/airflow/dags/weather_dag.py
[2023-10-18T20:33:45.035-0300] {logging_mixin.py:151} INFO - [2023-10-18T20:33:45.035-0300] {dag.py:2941} INFO - Sync 1 DAGs
[2023-10-18T20:33:45.057-0300] {logging_mixin.py:151} INFO - [2023-10-18T20:33:45.057-0300] {dag.py:3722} INFO - Setting next_dagrun for how-desafio-03 to 2023-10-17T09:10:00+00:00, run_after=2023-10-17T10:10:00+00:00
[2023-10-18T20:33:45.123-0300] {processor.py:179} INFO - Processing /mnt/c/Users/filipe.macedo_ifood/Documents/how-desafio-03/airflow/dags/weather_dag.py took 0.144 seconds
[2023-10-18T20:34:15.429-0300] {processor.py:157} INFO - Started process (PID=133) to work on /mnt/c/Users/filipe.macedo_ifood/Documents/how-desafio-03/airflow/dags/weather_dag.py
[2023-10-18T20:34:15.430-0300] {processor.py:829} INFO - Processing file /mnt/c/Users/filipe.macedo_ifood/Documents/how-desafio-03/airflow/dags/weather_dag.py for tasks to queue
[2023-10-18T20:34:15.431-0300] {logging_mixin.py:151} INFO - [2023-10-18T20:34:15.430-0300] {dagbag.py:536} INFO - Filling up the DagBag from /mnt/c/Users/filipe.macedo_ifood/Documents/how-desafio-03/airflow/dags/weather_dag.py
[2023-10-18T20:34:15.457-0300] {processor.py:839} INFO - DAG(s) dict_keys(['how-desafio-03']) retrieved from /mnt/c/Users/filipe.macedo_ifood/Documents/how-desafio-03/airflow/dags/weather_dag.py
[2023-10-18T20:34:15.483-0300] {logging_mixin.py:151} INFO - [2023-10-18T20:34:15.483-0300] {dag.py:2941} INFO - Sync 1 DAGs
[2023-10-18T20:34:15.509-0300] {logging_mixin.py:151} INFO - [2023-10-18T20:34:15.509-0300] {dag.py:3722} INFO - Setting next_dagrun for how-desafio-03 to 2023-10-17T13:10:00+00:00, run_after=2023-10-17T14:10:00+00:00
[2023-10-18T20:34:15.586-0300] {processor.py:179} INFO - Processing /mnt/c/Users/filipe.macedo_ifood/Documents/how-desafio-03/airflow/dags/weather_dag.py took 0.159 seconds
[2023-10-18T20:34:46.194-0300] {processor.py:157} INFO - Started process (PID=134) to work on /mnt/c/Users/filipe.macedo_ifood/Documents/how-desafio-03/airflow/dags/weather_dag.py
[2023-10-18T20:34:46.195-0300] {processor.py:829} INFO - Processing file /mnt/c/Users/filipe.macedo_ifood/Documents/how-desafio-03/airflow/dags/weather_dag.py for tasks to queue
[2023-10-18T20:34:46.196-0300] {logging_mixin.py:151} INFO - [2023-10-18T20:34:46.196-0300] {dagbag.py:536} INFO - Filling up the DagBag from /mnt/c/Users/filipe.macedo_ifood/Documents/how-desafio-03/airflow/dags/weather_dag.py
[2023-10-18T20:34:46.237-0300] {processor.py:839} INFO - DAG(s) dict_keys(['how-desafio-03']) retrieved from /mnt/c/Users/filipe.macedo_ifood/Documents/how-desafio-03/airflow/dags/weather_dag.py
[2023-10-18T20:34:46.270-0300] {logging_mixin.py:151} INFO - [2023-10-18T20:34:46.270-0300] {dag.py:2941} INFO - Sync 1 DAGs
[2023-10-18T20:34:46.302-0300] {logging_mixin.py:151} INFO - [2023-10-18T20:34:46.301-0300] {dag.py:3722} INFO - Setting next_dagrun for how-desafio-03 to 2023-10-17T13:10:00+00:00, run_after=2023-10-17T14:10:00+00:00
[2023-10-18T20:34:46.384-0300] {processor.py:179} INFO - Processing /mnt/c/Users/filipe.macedo_ifood/Documents/how-desafio-03/airflow/dags/weather_dag.py took 0.192 seconds
[2023-10-18T20:35:16.954-0300] {processor.py:157} INFO - Started process (PID=135) to work on /mnt/c/Users/filipe.macedo_ifood/Documents/how-desafio-03/airflow/dags/weather_dag.py
[2023-10-18T20:35:16.955-0300] {processor.py:829} INFO - Processing file /mnt/c/Users/filipe.macedo_ifood/Documents/how-desafio-03/airflow/dags/weather_dag.py for tasks to queue
[2023-10-18T20:35:16.955-0300] {logging_mixin.py:151} INFO - [2023-10-18T20:35:16.955-0300] {dagbag.py:536} INFO - Filling up the DagBag from /mnt/c/Users/filipe.macedo_ifood/Documents/how-desafio-03/airflow/dags/weather_dag.py
[2023-10-18T20:35:16.983-0300] {processor.py:839} INFO - DAG(s) dict_keys(['how-desafio-03']) retrieved from /mnt/c/Users/filipe.macedo_ifood/Documents/how-desafio-03/airflow/dags/weather_dag.py
[2023-10-18T20:35:17.007-0300] {logging_mixin.py:151} INFO - [2023-10-18T20:35:17.007-0300] {dag.py:2941} INFO - Sync 1 DAGs
[2023-10-18T20:35:17.029-0300] {logging_mixin.py:151} INFO - [2023-10-18T20:35:17.029-0300] {dag.py:3722} INFO - Setting next_dagrun for how-desafio-03 to 2023-10-17T13:10:00+00:00, run_after=2023-10-17T14:10:00+00:00
[2023-10-18T20:35:17.100-0300] {processor.py:179} INFO - Processing /mnt/c/Users/filipe.macedo_ifood/Documents/how-desafio-03/airflow/dags/weather_dag.py took 0.148 seconds
[2023-10-18T20:35:47.448-0300] {processor.py:157} INFO - Started process (PID=146) to work on /mnt/c/Users/filipe.macedo_ifood/Documents/how-desafio-03/airflow/dags/weather_dag.py
[2023-10-18T20:35:47.449-0300] {processor.py:829} INFO - Processing file /mnt/c/Users/filipe.macedo_ifood/Documents/how-desafio-03/airflow/dags/weather_dag.py for tasks to queue
[2023-10-18T20:35:47.450-0300] {logging_mixin.py:151} INFO - [2023-10-18T20:35:47.450-0300] {dagbag.py:536} INFO - Filling up the DagBag from /mnt/c/Users/filipe.macedo_ifood/Documents/how-desafio-03/airflow/dags/weather_dag.py
[2023-10-18T20:35:47.505-0300] {processor.py:839} INFO - DAG(s) dict_keys(['how-desafio-03']) retrieved from /mnt/c/Users/filipe.macedo_ifood/Documents/how-desafio-03/airflow/dags/weather_dag.py
[2023-10-18T20:35:47.538-0300] {logging_mixin.py:151} INFO - [2023-10-18T20:35:47.538-0300] {dag.py:2941} INFO - Sync 1 DAGs
[2023-10-18T20:35:47.563-0300] {logging_mixin.py:151} INFO - [2023-10-18T20:35:47.563-0300] {dag.py:3722} INFO - Setting next_dagrun for how-desafio-03 to 2023-10-17T18:10:00+00:00, run_after=2023-10-17T19:10:00+00:00
[2023-10-18T20:35:47.635-0300] {processor.py:179} INFO - Processing /mnt/c/Users/filipe.macedo_ifood/Documents/how-desafio-03/airflow/dags/weather_dag.py took 0.189 seconds
[2023-10-18T20:36:17.931-0300] {processor.py:157} INFO - Started process (PID=147) to work on /mnt/c/Users/filipe.macedo_ifood/Documents/how-desafio-03/airflow/dags/weather_dag.py
[2023-10-18T20:36:17.932-0300] {processor.py:829} INFO - Processing file /mnt/c/Users/filipe.macedo_ifood/Documents/how-desafio-03/airflow/dags/weather_dag.py for tasks to queue
[2023-10-18T20:36:17.933-0300] {logging_mixin.py:151} INFO - [2023-10-18T20:36:17.933-0300] {dagbag.py:536} INFO - Filling up the DagBag from /mnt/c/Users/filipe.macedo_ifood/Documents/how-desafio-03/airflow/dags/weather_dag.py
[2023-10-18T20:36:17.960-0300] {processor.py:839} INFO - DAG(s) dict_keys(['how-desafio-03']) retrieved from /mnt/c/Users/filipe.macedo_ifood/Documents/how-desafio-03/airflow/dags/weather_dag.py
[2023-10-18T20:36:17.987-0300] {logging_mixin.py:151} INFO - [2023-10-18T20:36:17.987-0300] {dag.py:2941} INFO - Sync 1 DAGs
[2023-10-18T20:36:18.016-0300] {logging_mixin.py:151} INFO - [2023-10-18T20:36:18.016-0300] {dag.py:3722} INFO - Setting next_dagrun for how-desafio-03 to 2023-10-17T18:10:00+00:00, run_after=2023-10-17T19:10:00+00:00
[2023-10-18T20:36:18.085-0300] {processor.py:179} INFO - Processing /mnt/c/Users/filipe.macedo_ifood/Documents/how-desafio-03/airflow/dags/weather_dag.py took 0.155 seconds
[2023-10-18T20:36:48.684-0300] {processor.py:157} INFO - Started process (PID=148) to work on /mnt/c/Users/filipe.macedo_ifood/Documents/how-desafio-03/airflow/dags/weather_dag.py
[2023-10-18T20:36:48.685-0300] {processor.py:829} INFO - Processing file /mnt/c/Users/filipe.macedo_ifood/Documents/how-desafio-03/airflow/dags/weather_dag.py for tasks to queue
[2023-10-18T20:36:48.685-0300] {logging_mixin.py:151} INFO - [2023-10-18T20:36:48.685-0300] {dagbag.py:536} INFO - Filling up the DagBag from /mnt/c/Users/filipe.macedo_ifood/Documents/how-desafio-03/airflow/dags/weather_dag.py
[2023-10-18T20:36:48.714-0300] {processor.py:839} INFO - DAG(s) dict_keys(['how-desafio-03']) retrieved from /mnt/c/Users/filipe.macedo_ifood/Documents/how-desafio-03/airflow/dags/weather_dag.py
[2023-10-18T20:36:48.738-0300] {logging_mixin.py:151} INFO - [2023-10-18T20:36:48.738-0300] {dag.py:2941} INFO - Sync 1 DAGs
[2023-10-18T20:36:48.761-0300] {logging_mixin.py:151} INFO - [2023-10-18T20:36:48.760-0300] {dag.py:3722} INFO - Setting next_dagrun for how-desafio-03 to 2023-10-17T18:10:00+00:00, run_after=2023-10-17T19:10:00+00:00
[2023-10-18T20:36:48.836-0300] {processor.py:179} INFO - Processing /mnt/c/Users/filipe.macedo_ifood/Documents/how-desafio-03/airflow/dags/weather_dag.py took 0.155 seconds
[2023-10-18T20:37:19.715-0300] {processor.py:157} INFO - Started process (PID=149) to work on /mnt/c/Users/filipe.macedo_ifood/Documents/how-desafio-03/airflow/dags/weather_dag.py
[2023-10-18T20:37:19.716-0300] {processor.py:829} INFO - Processing file /mnt/c/Users/filipe.macedo_ifood/Documents/how-desafio-03/airflow/dags/weather_dag.py for tasks to queue
[2023-10-18T20:37:19.717-0300] {logging_mixin.py:151} INFO - [2023-10-18T20:37:19.717-0300] {dagbag.py:536} INFO - Filling up the DagBag from /mnt/c/Users/filipe.macedo_ifood/Documents/how-desafio-03/airflow/dags/weather_dag.py
[2023-10-18T20:37:19.745-0300] {processor.py:839} INFO - DAG(s) dict_keys(['how-desafio-03']) retrieved from /mnt/c/Users/filipe.macedo_ifood/Documents/how-desafio-03/airflow/dags/weather_dag.py
[2023-10-18T20:37:19.782-0300] {logging_mixin.py:151} INFO - [2023-10-18T20:37:19.782-0300] {dag.py:2941} INFO - Sync 1 DAGs
[2023-10-18T20:37:19.810-0300] {logging_mixin.py:151} INFO - [2023-10-18T20:37:19.810-0300] {dag.py:3722} INFO - Setting next_dagrun for how-desafio-03 to 2023-10-17T18:10:00+00:00, run_after=2023-10-17T19:10:00+00:00
[2023-10-18T20:37:19.888-0300] {processor.py:179} INFO - Processing /mnt/c/Users/filipe.macedo_ifood/Documents/how-desafio-03/airflow/dags/weather_dag.py took 0.175 seconds
[2023-10-18T20:37:50.662-0300] {processor.py:157} INFO - Started process (PID=150) to work on /mnt/c/Users/filipe.macedo_ifood/Documents/how-desafio-03/airflow/dags/weather_dag.py
[2023-10-18T20:37:50.663-0300] {processor.py:829} INFO - Processing file /mnt/c/Users/filipe.macedo_ifood/Documents/how-desafio-03/airflow/dags/weather_dag.py for tasks to queue
[2023-10-18T20:37:50.664-0300] {logging_mixin.py:151} INFO - [2023-10-18T20:37:50.663-0300] {dagbag.py:536} INFO - Filling up the DagBag from /mnt/c/Users/filipe.macedo_ifood/Documents/how-desafio-03/airflow/dags/weather_dag.py
[2023-10-18T20:37:50.690-0300] {processor.py:839} INFO - DAG(s) dict_keys(['how-desafio-03']) retrieved from /mnt/c/Users/filipe.macedo_ifood/Documents/how-desafio-03/airflow/dags/weather_dag.py
[2023-10-18T20:37:50.722-0300] {logging_mixin.py:151} INFO - [2023-10-18T20:37:50.722-0300] {dag.py:2941} INFO - Sync 1 DAGs
[2023-10-18T20:37:50.751-0300] {logging_mixin.py:151} INFO - [2023-10-18T20:37:50.751-0300] {dag.py:3722} INFO - Setting next_dagrun for how-desafio-03 to 2023-10-17T18:10:00+00:00, run_after=2023-10-17T19:10:00+00:00
[2023-10-18T20:37:50.820-0300] {processor.py:179} INFO - Processing /mnt/c/Users/filipe.macedo_ifood/Documents/how-desafio-03/airflow/dags/weather_dag.py took 0.160 seconds
[2023-10-18T20:38:21.683-0300] {processor.py:157} INFO - Started process (PID=151) to work on /mnt/c/Users/filipe.macedo_ifood/Documents/how-desafio-03/airflow/dags/weather_dag.py
[2023-10-18T20:38:21.684-0300] {processor.py:829} INFO - Processing file /mnt/c/Users/filipe.macedo_ifood/Documents/how-desafio-03/airflow/dags/weather_dag.py for tasks to queue
[2023-10-18T20:38:21.685-0300] {logging_mixin.py:151} INFO - [2023-10-18T20:38:21.685-0300] {dagbag.py:536} INFO - Filling up the DagBag from /mnt/c/Users/filipe.macedo_ifood/Documents/how-desafio-03/airflow/dags/weather_dag.py
[2023-10-18T20:38:21.711-0300] {processor.py:839} INFO - DAG(s) dict_keys(['how-desafio-03']) retrieved from /mnt/c/Users/filipe.macedo_ifood/Documents/how-desafio-03/airflow/dags/weather_dag.py
[2023-10-18T20:38:21.735-0300] {logging_mixin.py:151} INFO - [2023-10-18T20:38:21.735-0300] {dag.py:2941} INFO - Sync 1 DAGs
[2023-10-18T20:38:21.758-0300] {logging_mixin.py:151} INFO - [2023-10-18T20:38:21.757-0300] {dag.py:3722} INFO - Setting next_dagrun for how-desafio-03 to 2023-10-17T18:10:00+00:00, run_after=2023-10-17T19:10:00+00:00
[2023-10-18T20:38:21.825-0300] {processor.py:179} INFO - Processing /mnt/c/Users/filipe.macedo_ifood/Documents/how-desafio-03/airflow/dags/weather_dag.py took 0.144 seconds
[2023-10-18T20:38:52.763-0300] {processor.py:157} INFO - Started process (PID=152) to work on /mnt/c/Users/filipe.macedo_ifood/Documents/how-desafio-03/airflow/dags/weather_dag.py
[2023-10-18T20:38:52.764-0300] {processor.py:829} INFO - Processing file /mnt/c/Users/filipe.macedo_ifood/Documents/how-desafio-03/airflow/dags/weather_dag.py for tasks to queue
[2023-10-18T20:38:52.765-0300] {logging_mixin.py:151} INFO - [2023-10-18T20:38:52.764-0300] {dagbag.py:536} INFO - Filling up the DagBag from /mnt/c/Users/filipe.macedo_ifood/Documents/how-desafio-03/airflow/dags/weather_dag.py
[2023-10-18T20:38:52.802-0300] {processor.py:839} INFO - DAG(s) dict_keys(['how-desafio-03']) retrieved from /mnt/c/Users/filipe.macedo_ifood/Documents/how-desafio-03/airflow/dags/weather_dag.py
[2023-10-18T20:38:52.830-0300] {logging_mixin.py:151} INFO - [2023-10-18T20:38:52.830-0300] {dag.py:2941} INFO - Sync 1 DAGs
[2023-10-18T20:38:52.852-0300] {logging_mixin.py:151} INFO - [2023-10-18T20:38:52.852-0300] {dag.py:3722} INFO - Setting next_dagrun for how-desafio-03 to 2023-10-17T18:10:00+00:00, run_after=2023-10-17T19:10:00+00:00
[2023-10-18T20:38:52.914-0300] {processor.py:179} INFO - Processing /mnt/c/Users/filipe.macedo_ifood/Documents/how-desafio-03/airflow/dags/weather_dag.py took 0.153 seconds
[2023-10-18T20:39:23.662-0300] {processor.py:157} INFO - Started process (PID=165) to work on /mnt/c/Users/filipe.macedo_ifood/Documents/how-desafio-03/airflow/dags/weather_dag.py
[2023-10-18T20:39:23.663-0300] {processor.py:829} INFO - Processing file /mnt/c/Users/filipe.macedo_ifood/Documents/how-desafio-03/airflow/dags/weather_dag.py for tasks to queue
[2023-10-18T20:39:23.664-0300] {logging_mixin.py:151} INFO - [2023-10-18T20:39:23.664-0300] {dagbag.py:536} INFO - Filling up the DagBag from /mnt/c/Users/filipe.macedo_ifood/Documents/how-desafio-03/airflow/dags/weather_dag.py
[2023-10-18T20:39:23.693-0300] {processor.py:839} INFO - DAG(s) dict_keys(['how-desafio-03']) retrieved from /mnt/c/Users/filipe.macedo_ifood/Documents/how-desafio-03/airflow/dags/weather_dag.py
[2023-10-18T20:39:23.718-0300] {logging_mixin.py:151} INFO - [2023-10-18T20:39:23.718-0300] {dag.py:2941} INFO - Sync 1 DAGs
[2023-10-18T20:39:23.742-0300] {logging_mixin.py:151} INFO - [2023-10-18T20:39:23.742-0300] {dag.py:3722} INFO - Setting next_dagrun for how-desafio-03 to 2023-10-17T23:10:00+00:00, run_after=2023-10-18T00:10:00+00:00
[2023-10-18T20:39:23.817-0300] {processor.py:179} INFO - Processing /mnt/c/Users/filipe.macedo_ifood/Documents/how-desafio-03/airflow/dags/weather_dag.py took 0.156 seconds
[2023-10-18T20:39:54.132-0300] {processor.py:157} INFO - Started process (PID=178) to work on /mnt/c/Users/filipe.macedo_ifood/Documents/how-desafio-03/airflow/dags/weather_dag.py
[2023-10-18T20:39:54.132-0300] {processor.py:829} INFO - Processing file /mnt/c/Users/filipe.macedo_ifood/Documents/how-desafio-03/airflow/dags/weather_dag.py for tasks to queue
[2023-10-18T20:39:54.133-0300] {logging_mixin.py:151} INFO - [2023-10-18T20:39:54.133-0300] {dagbag.py:536} INFO - Filling up the DagBag from /mnt/c/Users/filipe.macedo_ifood/Documents/how-desafio-03/airflow/dags/weather_dag.py
[2023-10-18T20:39:54.158-0300] {processor.py:839} INFO - DAG(s) dict_keys(['how-desafio-03']) retrieved from /mnt/c/Users/filipe.macedo_ifood/Documents/how-desafio-03/airflow/dags/weather_dag.py
[2023-10-18T20:39:54.182-0300] {logging_mixin.py:151} INFO - [2023-10-18T20:39:54.182-0300] {dag.py:2941} INFO - Sync 1 DAGs
[2023-10-18T20:39:54.208-0300] {logging_mixin.py:151} INFO - [2023-10-18T20:39:54.208-0300] {dag.py:3722} INFO - Setting next_dagrun for how-desafio-03 to 2023-10-18T05:10:00+00:00, run_after=2023-10-18T06:10:00+00:00
[2023-10-18T20:39:54.303-0300] {processor.py:179} INFO - Processing /mnt/c/Users/filipe.macedo_ifood/Documents/how-desafio-03/airflow/dags/weather_dag.py took 0.173 seconds
[2023-10-18T20:40:24.923-0300] {processor.py:157} INFO - Started process (PID=179) to work on /mnt/c/Users/filipe.macedo_ifood/Documents/how-desafio-03/airflow/dags/weather_dag.py
[2023-10-18T20:40:24.924-0300] {processor.py:829} INFO - Processing file /mnt/c/Users/filipe.macedo_ifood/Documents/how-desafio-03/airflow/dags/weather_dag.py for tasks to queue
[2023-10-18T20:40:24.925-0300] {logging_mixin.py:151} INFO - [2023-10-18T20:40:24.925-0300] {dagbag.py:536} INFO - Filling up the DagBag from /mnt/c/Users/filipe.macedo_ifood/Documents/how-desafio-03/airflow/dags/weather_dag.py
[2023-10-18T20:40:24.953-0300] {processor.py:839} INFO - DAG(s) dict_keys(['how-desafio-03']) retrieved from /mnt/c/Users/filipe.macedo_ifood/Documents/how-desafio-03/airflow/dags/weather_dag.py
[2023-10-18T20:40:24.982-0300] {logging_mixin.py:151} INFO - [2023-10-18T20:40:24.982-0300] {dag.py:2941} INFO - Sync 1 DAGs
[2023-10-18T20:40:25.009-0300] {logging_mixin.py:151} INFO - [2023-10-18T20:40:25.009-0300] {dag.py:3722} INFO - Setting next_dagrun for how-desafio-03 to 2023-10-18T05:10:00+00:00, run_after=2023-10-18T06:10:00+00:00
[2023-10-18T20:40:25.091-0300] {processor.py:179} INFO - Processing /mnt/c/Users/filipe.macedo_ifood/Documents/how-desafio-03/airflow/dags/weather_dag.py took 0.169 seconds
[2023-10-18T20:40:55.849-0300] {processor.py:157} INFO - Started process (PID=180) to work on /mnt/c/Users/filipe.macedo_ifood/Documents/how-desafio-03/airflow/dags/weather_dag.py
[2023-10-18T20:40:55.850-0300] {processor.py:829} INFO - Processing file /mnt/c/Users/filipe.macedo_ifood/Documents/how-desafio-03/airflow/dags/weather_dag.py for tasks to queue
[2023-10-18T20:40:55.851-0300] {logging_mixin.py:151} INFO - [2023-10-18T20:40:55.851-0300] {dagbag.py:536} INFO - Filling up the DagBag from /mnt/c/Users/filipe.macedo_ifood/Documents/how-desafio-03/airflow/dags/weather_dag.py
[2023-10-18T20:40:55.878-0300] {processor.py:839} INFO - DAG(s) dict_keys(['how-desafio-03']) retrieved from /mnt/c/Users/filipe.macedo_ifood/Documents/how-desafio-03/airflow/dags/weather_dag.py
[2023-10-18T20:40:55.906-0300] {logging_mixin.py:151} INFO - [2023-10-18T20:40:55.906-0300] {dag.py:2941} INFO - Sync 1 DAGs
[2023-10-18T20:40:55.927-0300] {logging_mixin.py:151} INFO - [2023-10-18T20:40:55.927-0300] {dag.py:3722} INFO - Setting next_dagrun for how-desafio-03 to 2023-10-18T05:10:00+00:00, run_after=2023-10-18T06:10:00+00:00
[2023-10-18T20:40:55.998-0300] {processor.py:179} INFO - Processing /mnt/c/Users/filipe.macedo_ifood/Documents/how-desafio-03/airflow/dags/weather_dag.py took 0.151 seconds
[2023-10-18T20:41:26.933-0300] {processor.py:157} INFO - Started process (PID=181) to work on /mnt/c/Users/filipe.macedo_ifood/Documents/how-desafio-03/airflow/dags/weather_dag.py
[2023-10-18T20:41:26.934-0300] {processor.py:829} INFO - Processing file /mnt/c/Users/filipe.macedo_ifood/Documents/how-desafio-03/airflow/dags/weather_dag.py for tasks to queue
[2023-10-18T20:41:26.936-0300] {logging_mixin.py:151} INFO - [2023-10-18T20:41:26.935-0300] {dagbag.py:536} INFO - Filling up the DagBag from /mnt/c/Users/filipe.macedo_ifood/Documents/how-desafio-03/airflow/dags/weather_dag.py
[2023-10-18T20:41:26.993-0300] {processor.py:839} INFO - DAG(s) dict_keys(['how-desafio-03']) retrieved from /mnt/c/Users/filipe.macedo_ifood/Documents/how-desafio-03/airflow/dags/weather_dag.py
[2023-10-18T20:41:27.024-0300] {logging_mixin.py:151} INFO - [2023-10-18T20:41:27.024-0300] {dag.py:2941} INFO - Sync 1 DAGs
[2023-10-18T20:41:27.050-0300] {logging_mixin.py:151} INFO - [2023-10-18T20:41:27.050-0300] {dag.py:3722} INFO - Setting next_dagrun for how-desafio-03 to 2023-10-18T05:10:00+00:00, run_after=2023-10-18T06:10:00+00:00
[2023-10-18T20:41:27.128-0300] {processor.py:179} INFO - Processing /mnt/c/Users/filipe.macedo_ifood/Documents/how-desafio-03/airflow/dags/weather_dag.py took 0.198 seconds
[2023-10-18T20:41:57.738-0300] {processor.py:157} INFO - Started process (PID=182) to work on /mnt/c/Users/filipe.macedo_ifood/Documents/how-desafio-03/airflow/dags/weather_dag.py
[2023-10-18T20:41:57.739-0300] {processor.py:829} INFO - Processing file /mnt/c/Users/filipe.macedo_ifood/Documents/how-desafio-03/airflow/dags/weather_dag.py for tasks to queue
[2023-10-18T20:41:57.740-0300] {logging_mixin.py:151} INFO - [2023-10-18T20:41:57.740-0300] {dagbag.py:536} INFO - Filling up the DagBag from /mnt/c/Users/filipe.macedo_ifood/Documents/how-desafio-03/airflow/dags/weather_dag.py
[2023-10-18T20:41:57.770-0300] {processor.py:839} INFO - DAG(s) dict_keys(['how-desafio-03']) retrieved from /mnt/c/Users/filipe.macedo_ifood/Documents/how-desafio-03/airflow/dags/weather_dag.py
[2023-10-18T20:41:57.796-0300] {logging_mixin.py:151} INFO - [2023-10-18T20:41:57.796-0300] {dag.py:2941} INFO - Sync 1 DAGs
[2023-10-18T20:41:57.822-0300] {logging_mixin.py:151} INFO - [2023-10-18T20:41:57.822-0300] {dag.py:3722} INFO - Setting next_dagrun for how-desafio-03 to 2023-10-18T05:10:00+00:00, run_after=2023-10-18T06:10:00+00:00
[2023-10-18T20:41:57.886-0300] {processor.py:179} INFO - Processing /mnt/c/Users/filipe.macedo_ifood/Documents/how-desafio-03/airflow/dags/weather_dag.py took 0.150 seconds
[2023-10-18T20:42:09.443-0300] {processor.py:157} INFO - Started process (PID=190) to work on /mnt/c/Users/filipe.macedo_ifood/Documents/how-desafio-03/airflow/dags/weather_dag.py
[2023-10-18T20:42:09.444-0300] {processor.py:829} INFO - Processing file /mnt/c/Users/filipe.macedo_ifood/Documents/how-desafio-03/airflow/dags/weather_dag.py for tasks to queue
[2023-10-18T20:42:09.445-0300] {logging_mixin.py:151} INFO - [2023-10-18T20:42:09.444-0300] {dagbag.py:536} INFO - Filling up the DagBag from /mnt/c/Users/filipe.macedo_ifood/Documents/how-desafio-03/airflow/dags/weather_dag.py
[2023-10-18T20:42:09.468-0300] {processor.py:839} INFO - DAG(s) dict_keys(['how-desafio-03']) retrieved from /mnt/c/Users/filipe.macedo_ifood/Documents/how-desafio-03/airflow/dags/weather_dag.py
[2023-10-18T20:42:09.491-0300] {logging_mixin.py:151} INFO - [2023-10-18T20:42:09.491-0300] {dag.py:2941} INFO - Sync 1 DAGs
[2023-10-18T20:42:09.517-0300] {logging_mixin.py:151} INFO - [2023-10-18T20:42:09.517-0300] {dag.py:3722} INFO - Setting next_dagrun for how-desafio-03 to 2023-10-18T07:10:00+00:00, run_after=2023-10-18T08:10:00+00:00
[2023-10-18T20:42:09.653-0300] {processor.py:179} INFO - Processing /mnt/c/Users/filipe.macedo_ifood/Documents/how-desafio-03/airflow/dags/weather_dag.py took 0.212 seconds
[2023-10-18T20:42:39.878-0300] {processor.py:157} INFO - Started process (PID=207) to work on /mnt/c/Users/filipe.macedo_ifood/Documents/how-desafio-03/airflow/dags/weather_dag.py
[2023-10-18T20:42:39.880-0300] {processor.py:829} INFO - Processing file /mnt/c/Users/filipe.macedo_ifood/Documents/how-desafio-03/airflow/dags/weather_dag.py for tasks to queue
[2023-10-18T20:42:39.881-0300] {logging_mixin.py:151} INFO - [2023-10-18T20:42:39.881-0300] {dagbag.py:536} INFO - Filling up the DagBag from /mnt/c/Users/filipe.macedo_ifood/Documents/how-desafio-03/airflow/dags/weather_dag.py
[2023-10-18T20:42:39.942-0300] {processor.py:839} INFO - DAG(s) dict_keys(['how-desafio-03']) retrieved from /mnt/c/Users/filipe.macedo_ifood/Documents/how-desafio-03/airflow/dags/weather_dag.py
[2023-10-18T20:42:39.975-0300] {logging_mixin.py:151} INFO - [2023-10-18T20:42:39.975-0300] {dag.py:2941} INFO - Sync 1 DAGs
[2023-10-18T20:42:39.999-0300] {logging_mixin.py:151} INFO - [2023-10-18T20:42:39.999-0300] {dag.py:3722} INFO - Setting next_dagrun for how-desafio-03 to 2023-10-18T14:10:00+00:00, run_after=2023-10-18T15:10:00+00:00
[2023-10-18T20:42:40.082-0300] {processor.py:179} INFO - Processing /mnt/c/Users/filipe.macedo_ifood/Documents/how-desafio-03/airflow/dags/weather_dag.py took 0.205 seconds
[2023-10-18T20:43:12.730-0300] {processor.py:157} INFO - Started process (PID=226) to work on /mnt/c/Users/filipe.macedo_ifood/Documents/how-desafio-03/airflow/dags/weather_dag.py
[2023-10-18T20:43:12.732-0300] {processor.py:829} INFO - Processing file /mnt/c/Users/filipe.macedo_ifood/Documents/how-desafio-03/airflow/dags/weather_dag.py for tasks to queue
[2023-10-18T20:43:12.732-0300] {logging_mixin.py:151} INFO - [2023-10-18T20:43:12.732-0300] {dagbag.py:536} INFO - Filling up the DagBag from /mnt/c/Users/filipe.macedo_ifood/Documents/how-desafio-03/airflow/dags/weather_dag.py
[2023-10-18T20:43:12.756-0300] {processor.py:839} INFO - DAG(s) dict_keys(['how-desafio-03']) retrieved from /mnt/c/Users/filipe.macedo_ifood/Documents/how-desafio-03/airflow/dags/weather_dag.py
[2023-10-18T20:43:12.779-0300] {logging_mixin.py:151} INFO - [2023-10-18T20:43:12.779-0300] {dag.py:2941} INFO - Sync 1 DAGs
[2023-10-18T20:43:12.802-0300] {logging_mixin.py:151} INFO - [2023-10-18T20:43:12.802-0300] {dag.py:3722} INFO - Setting next_dagrun for how-desafio-03 to 2023-10-18T23:10:00+00:00, run_after=2023-10-19T00:10:00+00:00
[2023-10-18T20:43:12.870-0300] {processor.py:179} INFO - Processing /mnt/c/Users/filipe.macedo_ifood/Documents/how-desafio-03/airflow/dags/weather_dag.py took 0.142 seconds
[2023-10-18T20:43:43.508-0300] {processor.py:157} INFO - Started process (PID=227) to work on /mnt/c/Users/filipe.macedo_ifood/Documents/how-desafio-03/airflow/dags/weather_dag.py
[2023-10-18T20:43:43.510-0300] {processor.py:829} INFO - Processing file /mnt/c/Users/filipe.macedo_ifood/Documents/how-desafio-03/airflow/dags/weather_dag.py for tasks to queue
[2023-10-18T20:43:43.511-0300] {logging_mixin.py:151} INFO - [2023-10-18T20:43:43.510-0300] {dagbag.py:536} INFO - Filling up the DagBag from /mnt/c/Users/filipe.macedo_ifood/Documents/how-desafio-03/airflow/dags/weather_dag.py
[2023-10-18T20:43:43.535-0300] {processor.py:839} INFO - DAG(s) dict_keys(['how-desafio-03']) retrieved from /mnt/c/Users/filipe.macedo_ifood/Documents/how-desafio-03/airflow/dags/weather_dag.py
[2023-10-18T20:43:43.562-0300] {logging_mixin.py:151} INFO - [2023-10-18T20:43:43.562-0300] {dag.py:2941} INFO - Sync 1 DAGs
[2023-10-18T20:43:43.583-0300] {logging_mixin.py:151} INFO - [2023-10-18T20:43:43.583-0300] {dag.py:3722} INFO - Setting next_dagrun for how-desafio-03 to 2023-10-18T23:10:00+00:00, run_after=2023-10-19T00:10:00+00:00
[2023-10-18T20:43:43.653-0300] {processor.py:179} INFO - Processing /mnt/c/Users/filipe.macedo_ifood/Documents/how-desafio-03/airflow/dags/weather_dag.py took 0.147 seconds
[2023-10-18T20:44:14.220-0300] {processor.py:157} INFO - Started process (PID=228) to work on /mnt/c/Users/filipe.macedo_ifood/Documents/how-desafio-03/airflow/dags/weather_dag.py
[2023-10-18T20:44:14.221-0300] {processor.py:829} INFO - Processing file /mnt/c/Users/filipe.macedo_ifood/Documents/how-desafio-03/airflow/dags/weather_dag.py for tasks to queue
[2023-10-18T20:44:14.222-0300] {logging_mixin.py:151} INFO - [2023-10-18T20:44:14.222-0300] {dagbag.py:536} INFO - Filling up the DagBag from /mnt/c/Users/filipe.macedo_ifood/Documents/how-desafio-03/airflow/dags/weather_dag.py
[2023-10-18T20:44:14.244-0300] {processor.py:839} INFO - DAG(s) dict_keys(['how-desafio-03']) retrieved from /mnt/c/Users/filipe.macedo_ifood/Documents/how-desafio-03/airflow/dags/weather_dag.py
[2023-10-18T20:44:14.265-0300] {logging_mixin.py:151} INFO - [2023-10-18T20:44:14.264-0300] {dag.py:2941} INFO - Sync 1 DAGs
[2023-10-18T20:44:14.284-0300] {logging_mixin.py:151} INFO - [2023-10-18T20:44:14.284-0300] {dag.py:3722} INFO - Setting next_dagrun for how-desafio-03 to 2023-10-18T23:10:00+00:00, run_after=2023-10-19T00:10:00+00:00
[2023-10-18T20:44:14.354-0300] {processor.py:179} INFO - Processing /mnt/c/Users/filipe.macedo_ifood/Documents/how-desafio-03/airflow/dags/weather_dag.py took 0.135 seconds
[2023-10-18T20:44:44.480-0300] {processor.py:157} INFO - Started process (PID=229) to work on /mnt/c/Users/filipe.macedo_ifood/Documents/how-desafio-03/airflow/dags/weather_dag.py
[2023-10-18T20:44:44.481-0300] {processor.py:829} INFO - Processing file /mnt/c/Users/filipe.macedo_ifood/Documents/how-desafio-03/airflow/dags/weather_dag.py for tasks to queue
[2023-10-18T20:44:44.482-0300] {logging_mixin.py:151} INFO - [2023-10-18T20:44:44.482-0300] {dagbag.py:536} INFO - Filling up the DagBag from /mnt/c/Users/filipe.macedo_ifood/Documents/how-desafio-03/airflow/dags/weather_dag.py
[2023-10-18T20:44:44.502-0300] {processor.py:839} INFO - DAG(s) dict_keys(['how-desafio-03']) retrieved from /mnt/c/Users/filipe.macedo_ifood/Documents/how-desafio-03/airflow/dags/weather_dag.py
[2023-10-18T20:44:44.527-0300] {logging_mixin.py:151} INFO - [2023-10-18T20:44:44.527-0300] {dag.py:2941} INFO - Sync 1 DAGs
[2023-10-18T20:44:44.549-0300] {logging_mixin.py:151} INFO - [2023-10-18T20:44:44.549-0300] {dag.py:3722} INFO - Setting next_dagrun for how-desafio-03 to 2023-10-18T23:10:00+00:00, run_after=2023-10-19T00:10:00+00:00
[2023-10-18T20:44:44.612-0300] {processor.py:179} INFO - Processing /mnt/c/Users/filipe.macedo_ifood/Documents/how-desafio-03/airflow/dags/weather_dag.py took 0.135 seconds
[2023-10-18T20:45:14.722-0300] {processor.py:157} INFO - Started process (PID=232) to work on /mnt/c/Users/filipe.macedo_ifood/Documents/how-desafio-03/airflow/dags/weather_dag.py
[2023-10-18T20:45:14.724-0300] {processor.py:829} INFO - Processing file /mnt/c/Users/filipe.macedo_ifood/Documents/how-desafio-03/airflow/dags/weather_dag.py for tasks to queue
[2023-10-18T20:45:14.725-0300] {logging_mixin.py:151} INFO - [2023-10-18T20:45:14.724-0300] {dagbag.py:536} INFO - Filling up the DagBag from /mnt/c/Users/filipe.macedo_ifood/Documents/how-desafio-03/airflow/dags/weather_dag.py
[2023-10-18T20:45:14.750-0300] {processor.py:839} INFO - DAG(s) dict_keys(['how-desafio-03']) retrieved from /mnt/c/Users/filipe.macedo_ifood/Documents/how-desafio-03/airflow/dags/weather_dag.py
[2023-10-18T20:45:14.775-0300] {logging_mixin.py:151} INFO - [2023-10-18T20:45:14.775-0300] {dag.py:2941} INFO - Sync 1 DAGs
[2023-10-18T20:45:14.797-0300] {logging_mixin.py:151} INFO - [2023-10-18T20:45:14.797-0300] {dag.py:3722} INFO - Setting next_dagrun for how-desafio-03 to 2023-10-18T23:10:00+00:00, run_after=2023-10-19T00:10:00+00:00
[2023-10-18T20:45:14.862-0300] {processor.py:179} INFO - Processing /mnt/c/Users/filipe.macedo_ifood/Documents/how-desafio-03/airflow/dags/weather_dag.py took 0.142 seconds
[2023-10-18T20:45:45.993-0300] {processor.py:157} INFO - Started process (PID=233) to work on /mnt/c/Users/filipe.macedo_ifood/Documents/how-desafio-03/airflow/dags/weather_dag.py
[2023-10-18T20:45:45.994-0300] {processor.py:829} INFO - Processing file /mnt/c/Users/filipe.macedo_ifood/Documents/how-desafio-03/airflow/dags/weather_dag.py for tasks to queue
[2023-10-18T20:45:45.995-0300] {logging_mixin.py:151} INFO - [2023-10-18T20:45:45.995-0300] {dagbag.py:536} INFO - Filling up the DagBag from /mnt/c/Users/filipe.macedo_ifood/Documents/how-desafio-03/airflow/dags/weather_dag.py
[2023-10-18T20:45:46.019-0300] {processor.py:839} INFO - DAG(s) dict_keys(['how-desafio-03']) retrieved from /mnt/c/Users/filipe.macedo_ifood/Documents/how-desafio-03/airflow/dags/weather_dag.py
[2023-10-18T20:45:46.040-0300] {logging_mixin.py:151} INFO - [2023-10-18T20:45:46.039-0300] {dag.py:2941} INFO - Sync 1 DAGs
[2023-10-18T20:45:46.062-0300] {logging_mixin.py:151} INFO - [2023-10-18T20:45:46.062-0300] {dag.py:3722} INFO - Setting next_dagrun for how-desafio-03 to 2023-10-18T23:10:00+00:00, run_after=2023-10-19T00:10:00+00:00
[2023-10-18T20:45:46.131-0300] {processor.py:179} INFO - Processing /mnt/c/Users/filipe.macedo_ifood/Documents/how-desafio-03/airflow/dags/weather_dag.py took 0.139 seconds
[2023-10-18T20:46:17.191-0300] {processor.py:157} INFO - Started process (PID=234) to work on /mnt/c/Users/filipe.macedo_ifood/Documents/how-desafio-03/airflow/dags/weather_dag.py
[2023-10-18T20:46:17.192-0300] {processor.py:829} INFO - Processing file /mnt/c/Users/filipe.macedo_ifood/Documents/how-desafio-03/airflow/dags/weather_dag.py for tasks to queue
[2023-10-18T20:46:17.193-0300] {logging_mixin.py:151} INFO - [2023-10-18T20:46:17.193-0300] {dagbag.py:536} INFO - Filling up the DagBag from /mnt/c/Users/filipe.macedo_ifood/Documents/how-desafio-03/airflow/dags/weather_dag.py
[2023-10-18T20:46:17.222-0300] {processor.py:839} INFO - DAG(s) dict_keys(['how-desafio-03']) retrieved from /mnt/c/Users/filipe.macedo_ifood/Documents/how-desafio-03/airflow/dags/weather_dag.py
[2023-10-18T20:46:17.245-0300] {logging_mixin.py:151} INFO - [2023-10-18T20:46:17.245-0300] {dag.py:2941} INFO - Sync 1 DAGs
[2023-10-18T20:46:17.265-0300] {logging_mixin.py:151} INFO - [2023-10-18T20:46:17.265-0300] {dag.py:3722} INFO - Setting next_dagrun for how-desafio-03 to 2023-10-18T23:10:00+00:00, run_after=2023-10-19T00:10:00+00:00
[2023-10-18T20:46:17.330-0300] {processor.py:179} INFO - Processing /mnt/c/Users/filipe.macedo_ifood/Documents/how-desafio-03/airflow/dags/weather_dag.py took 0.141 seconds
[2023-10-18T20:46:48.255-0300] {processor.py:157} INFO - Started process (PID=235) to work on /mnt/c/Users/filipe.macedo_ifood/Documents/how-desafio-03/airflow/dags/weather_dag.py
[2023-10-18T20:46:48.255-0300] {processor.py:829} INFO - Processing file /mnt/c/Users/filipe.macedo_ifood/Documents/how-desafio-03/airflow/dags/weather_dag.py for tasks to queue
[2023-10-18T20:46:48.257-0300] {logging_mixin.py:151} INFO - [2023-10-18T20:46:48.256-0300] {dagbag.py:536} INFO - Filling up the DagBag from /mnt/c/Users/filipe.macedo_ifood/Documents/how-desafio-03/airflow/dags/weather_dag.py
[2023-10-18T20:46:48.284-0300] {processor.py:839} INFO - DAG(s) dict_keys(['how-desafio-03']) retrieved from /mnt/c/Users/filipe.macedo_ifood/Documents/how-desafio-03/airflow/dags/weather_dag.py
[2023-10-18T20:46:48.309-0300] {logging_mixin.py:151} INFO - [2023-10-18T20:46:48.309-0300] {dag.py:2941} INFO - Sync 1 DAGs
[2023-10-18T20:46:48.335-0300] {logging_mixin.py:151} INFO - [2023-10-18T20:46:48.334-0300] {dag.py:3722} INFO - Setting next_dagrun for how-desafio-03 to 2023-10-18T23:10:00+00:00, run_after=2023-10-19T00:10:00+00:00
[2023-10-18T20:46:48.421-0300] {processor.py:179} INFO - Processing /mnt/c/Users/filipe.macedo_ifood/Documents/how-desafio-03/airflow/dags/weather_dag.py took 0.169 seconds
[2023-10-18T20:46:49.612-0300] {processor.py:157} INFO - Started process (PID=236) to work on /mnt/c/Users/filipe.macedo_ifood/Documents/how-desafio-03/airflow/dags/weather_dag.py
[2023-10-18T20:46:49.613-0300] {processor.py:829} INFO - Processing file /mnt/c/Users/filipe.macedo_ifood/Documents/how-desafio-03/airflow/dags/weather_dag.py for tasks to queue
[2023-10-18T20:46:49.614-0300] {logging_mixin.py:151} INFO - [2023-10-18T20:46:49.614-0300] {dagbag.py:536} INFO - Filling up the DagBag from /mnt/c/Users/filipe.macedo_ifood/Documents/how-desafio-03/airflow/dags/weather_dag.py
[2023-10-18T20:46:49.702-0300] {processor.py:839} INFO - DAG(s) dict_keys(['how-desafio-03']) retrieved from /mnt/c/Users/filipe.macedo_ifood/Documents/how-desafio-03/airflow/dags/weather_dag.py
[2023-10-18T20:46:49.804-0300] {logging_mixin.py:151} INFO - [2023-10-18T20:46:49.803-0300] {dag.py:2941} INFO - Sync 1 DAGs
[2023-10-18T20:46:49.826-0300] {logging_mixin.py:151} INFO - [2023-10-18T20:46:49.825-0300] {dag.py:3722} INFO - Setting next_dagrun for how-desafio-03 to 2023-10-18T23:10:00+00:00, run_after=2023-10-19T00:10:00+00:00
[2023-10-18T20:46:49.905-0300] {processor.py:179} INFO - Processing /mnt/c/Users/filipe.macedo_ifood/Documents/how-desafio-03/airflow/dags/weather_dag.py took 0.295 seconds
[2023-10-18T20:46:53.413-0300] {processor.py:157} INFO - Started process (PID=237) to work on /mnt/c/Users/filipe.macedo_ifood/Documents/how-desafio-03/airflow/dags/weather_dag.py
[2023-10-18T20:46:53.414-0300] {processor.py:829} INFO - Processing file /mnt/c/Users/filipe.macedo_ifood/Documents/how-desafio-03/airflow/dags/weather_dag.py for tasks to queue
[2023-10-18T20:46:53.415-0300] {logging_mixin.py:151} INFO - [2023-10-18T20:46:53.415-0300] {dagbag.py:536} INFO - Filling up the DagBag from /mnt/c/Users/filipe.macedo_ifood/Documents/how-desafio-03/airflow/dags/weather_dag.py
[2023-10-18T20:46:53.461-0300] {processor.py:839} INFO - DAG(s) dict_keys(['how-desafio-03']) retrieved from /mnt/c/Users/filipe.macedo_ifood/Documents/how-desafio-03/airflow/dags/weather_dag.py
[2023-10-18T20:46:53.481-0300] {logging_mixin.py:151} INFO - [2023-10-18T20:46:53.481-0300] {dag.py:2941} INFO - Sync 1 DAGs
[2023-10-18T20:46:53.507-0300] {logging_mixin.py:151} INFO - [2023-10-18T20:46:53.507-0300] {dag.py:3722} INFO - Setting next_dagrun for how-desafio-03 to 2023-10-18T23:10:00+00:00, run_after=2023-10-19T00:10:00+00:00
[2023-10-18T20:46:53.599-0300] {processor.py:179} INFO - Processing /mnt/c/Users/filipe.macedo_ifood/Documents/how-desafio-03/airflow/dags/weather_dag.py took 0.189 seconds
