[2024-01-25T21:38:43.951-0300] {logging_mixin.py:151} INFO - Changing /mnt/c/Users/filipe.macedo_ifood/Documents/how-desafio-03/airflow/logs/dag_id=how-desafio-03/run_id=scheduled__2024-01-25T11:30:00+00:00/task_id=invoke_lambda_function permission to 509
[2024-01-25T21:38:44.004-0300] {logging_mixin.py:151} INFO - Changing /mnt/c/Users/filipe.macedo_ifood/Documents/how-desafio-03/airflow/logs/dag_id=how-desafio-03/run_id=scheduled__2024-01-25T11:30:00+00:00/task_id=invoke_lambda_function permission to 509
[2024-01-25T21:38:44.025-0300] {taskinstance.py:1159} INFO - Dependencies all met for dep_context=non-requeueable deps ti=<TaskInstance: how-desafio-03.invoke_lambda_function scheduled__2024-01-25T11:30:00+00:00 [queued]>
[2024-01-25T21:38:44.038-0300] {taskinstance.py:1159} INFO - Dependencies all met for dep_context=requeueable deps ti=<TaskInstance: how-desafio-03.invoke_lambda_function scheduled__2024-01-25T11:30:00+00:00 [queued]>
[2024-01-25T21:38:44.038-0300] {taskinstance.py:1361} INFO - Starting attempt 1 of 1
[2024-01-25T21:38:44.065-0300] {taskinstance.py:1382} INFO - Executing <Task(LambdaInvokeFunctionOperator): invoke_lambda_function> on 2024-01-25 11:30:00+00:00
[2024-01-25T21:38:44.068-0300] {standard_task_runner.py:57} INFO - Started process 1489 to run task
[2024-01-25T21:38:44.070-0300] {standard_task_runner.py:84} INFO - Running: ['airflow', 'tasks', 'run', 'how-desafio-03', 'invoke_lambda_function', 'scheduled__2024-01-25T11:30:00+00:00', '--job-id', '190', '--raw', '--subdir', 'DAGS_FOLDER/weather_dag.py', '--cfg-path', '/tmp/tmpjh8_ikjj']
[2024-01-25T21:38:44.071-0300] {standard_task_runner.py:85} INFO - Job 190: Subtask invoke_lambda_function
[2024-01-25T21:38:44.128-0300] {logging_mixin.py:151} INFO - Changing /mnt/c/Users/filipe.macedo_ifood/Documents/how-desafio-03/airflow/logs/dag_id=how-desafio-03/run_id=scheduled__2024-01-25T11:30:00+00:00/task_id=invoke_lambda_function permission to 509
[2024-01-25T21:38:44.130-0300] {task_command.py:416} INFO - Running <TaskInstance: how-desafio-03.invoke_lambda_function scheduled__2024-01-25T11:30:00+00:00 [running]> on host 14111-NB.
[2024-01-25T21:38:44.254-0300] {taskinstance.py:1662} INFO - Exporting env vars: AIRFLOW_CTX_DAG_OWNER='airflow' AIRFLOW_CTX_DAG_ID='how-desafio-03' AIRFLOW_CTX_TASK_ID='invoke_lambda_function' AIRFLOW_CTX_EXECUTION_DATE='2024-01-25T11:30:00+00:00' AIRFLOW_CTX_TRY_NUMBER='1' AIRFLOW_CTX_DAG_RUN_ID='scheduled__2024-01-25T11:30:00+00:00'
[2024-01-25T21:38:44.255-0300] {lambda_function.py:211} INFO - Invoking AWS Lambda function: terere with payload: {"weather_daily": {"date": "1706229000"}}
[2024-01-25T21:38:44.265-0300] {base.py:73} INFO - Using connection ID 'aws_default' for task execution.
[2024-01-25T21:38:44.266-0300] {connection_wrapper.py:340} INFO - AWS Connection (conn_id='aws_default', conn_type='aws') credentials retrieved from login and password.
[2024-01-25T21:38:45.178-0300] {lambda_function.py:220} INFO - Lambda response metadata: {'RequestId': 'c0b39405-039c-48c9-9fae-605d19463a12', 'HTTPStatusCode': 200, 'HTTPHeaders': {'date': 'Fri, 26 Jan 2024 00:39:06 GMT', 'content-type': 'application/json', 'content-length': '53', 'connection': 'keep-alive', 'x-amzn-requestid': 'c0b39405-039c-48c9-9fae-605d19463a12', 'x-amzn-remapped-content-length': '0', 'x-amz-executed-version': '$LATEST', 'x-amzn-trace-id': 'root=1-65b2ff2a-57f1fc124b1952883132ca49;sampled=0;lineage=1315cb97:0'}, 'RetryAttempts': 0}
[2024-01-25T21:38:45.179-0300] {lambda_function.py:230} INFO - Lambda function invocation succeeded: {'RequestId': 'c0b39405-039c-48c9-9fae-605d19463a12', 'HTTPStatusCode': 200, 'HTTPHeaders': {'date': 'Fri, 26 Jan 2024 00:39:06 GMT', 'content-type': 'application/json', 'content-length': '53', 'connection': 'keep-alive', 'x-amzn-requestid': 'c0b39405-039c-48c9-9fae-605d19463a12', 'x-amzn-remapped-content-length': '0', 'x-amz-executed-version': '$LATEST', 'x-amzn-trace-id': 'root=1-65b2ff2a-57f1fc124b1952883132ca49;sampled=0;lineage=1315cb97:0'}, 'RetryAttempts': 0}
[2024-01-25T21:38:45.227-0300] {taskinstance.py:1400} INFO - Marking task as SUCCESS. dag_id=how-desafio-03, task_id=invoke_lambda_function, execution_date=20240125T113000, start_date=20240126T003844, end_date=20240126T003845
[2024-01-25T21:38:45.289-0300] {local_task_job_runner.py:228} INFO - Task exited with return code 0
[2024-01-25T21:38:45.310-0300] {taskinstance.py:2778} INFO - 0 downstream tasks scheduled from follow-on schedule check
