[2024-01-26T14:00:03.996-0300] {logging_mixin.py:151} INFO - Changing /mnt/c/Users/filipe.macedo_ifood/Documents/how-desafio-03/airflow/logs/dag_id=how-desafio-03/run_id=scheduled__2024-01-26T16:45:00+00:00/task_id=invoke_lambda_function permission to 509
[2024-01-26T14:00:04.036-0300] {logging_mixin.py:151} INFO - Changing /mnt/c/Users/filipe.macedo_ifood/Documents/how-desafio-03/airflow/logs/dag_id=how-desafio-03/run_id=scheduled__2024-01-26T16:45:00+00:00/task_id=invoke_lambda_function permission to 509
[2024-01-26T14:00:04.052-0300] {taskinstance.py:1159} INFO - Dependencies all met for dep_context=non-requeueable deps ti=<TaskInstance: how-desafio-03.invoke_lambda_function scheduled__2024-01-26T16:45:00+00:00 [queued]>
[2024-01-26T14:00:04.063-0300] {taskinstance.py:1159} INFO - Dependencies all met for dep_context=requeueable deps ti=<TaskInstance: how-desafio-03.invoke_lambda_function scheduled__2024-01-26T16:45:00+00:00 [queued]>
[2024-01-26T14:00:04.063-0300] {taskinstance.py:1361} INFO - Starting attempt 1 of 1
[2024-01-26T14:00:04.097-0300] {taskinstance.py:1382} INFO - Executing <Task(LambdaInvokeFunctionOperator): invoke_lambda_function> on 2024-01-26 16:45:00+00:00
[2024-01-26T14:00:04.099-0300] {standard_task_runner.py:57} INFO - Started process 3697 to run task
[2024-01-26T14:00:04.101-0300] {standard_task_runner.py:84} INFO - Running: ['airflow', 'tasks', 'run', 'how-desafio-03', 'invoke_lambda_function', 'scheduled__2024-01-26T16:45:00+00:00', '--job-id', '226', '--raw', '--subdir', 'DAGS_FOLDER/weather_dag.py', '--cfg-path', '/tmp/tmpp7m2ek3d']
[2024-01-26T14:00:04.102-0300] {standard_task_runner.py:85} INFO - Job 226: Subtask invoke_lambda_function
[2024-01-26T14:00:04.189-0300] {logging_mixin.py:151} INFO - Changing /mnt/c/Users/filipe.macedo_ifood/Documents/how-desafio-03/airflow/logs/dag_id=how-desafio-03/run_id=scheduled__2024-01-26T16:45:00+00:00/task_id=invoke_lambda_function permission to 509
[2024-01-26T14:00:04.193-0300] {task_command.py:416} INFO - Running <TaskInstance: how-desafio-03.invoke_lambda_function scheduled__2024-01-26T16:45:00+00:00 [running]> on host 14111-NB.
[2024-01-26T14:00:04.333-0300] {taskinstance.py:1662} INFO - Exporting env vars: AIRFLOW_CTX_DAG_OWNER='airflow' AIRFLOW_CTX_DAG_ID='how-desafio-03' AIRFLOW_CTX_TASK_ID='invoke_lambda_function' AIRFLOW_CTX_EXECUTION_DATE='2024-01-26T16:45:00+00:00' AIRFLOW_CTX_TRY_NUMBER='1' AIRFLOW_CTX_DAG_RUN_ID='scheduled__2024-01-26T16:45:00+00:00'
[2024-01-26T14:00:04.334-0300] {lambda_function.py:211} INFO - Invoking AWS Lambda function: how-desafio-03 with payload: {"date": "1706288400"}
[2024-01-26T14:00:04.342-0300] {base.py:73} INFO - Using connection ID 'aws_default' for task execution.
[2024-01-26T14:00:04.343-0300] {connection_wrapper.py:340} INFO - AWS Connection (conn_id='aws_default', conn_type='aws') credentials retrieved from login and password.
[2024-01-26T14:00:05.235-0300] {lambda_function.py:220} INFO - Lambda response metadata: {'RequestId': '04b427da-3fb0-46b1-869f-8a91f3e417a0', 'HTTPStatusCode': 202, 'HTTPHeaders': {'date': 'Fri, 26 Jan 2024 17:00:26 GMT', 'content-length': '0', 'connection': 'keep-alive', 'x-amzn-requestid': '04b427da-3fb0-46b1-869f-8a91f3e417a0', 'x-amzn-remapped-content-length': '0', 'x-amzn-trace-id': 'root=1-65b3e52a-7008399c20b0936e112ec805;sampled=0'}, 'RetryAttempts': 0}
[2024-01-26T14:00:05.237-0300] {lambda_function.py:230} INFO - Lambda function invocation succeeded: {'RequestId': '04b427da-3fb0-46b1-869f-8a91f3e417a0', 'HTTPStatusCode': 202, 'HTTPHeaders': {'date': 'Fri, 26 Jan 2024 17:00:26 GMT', 'content-length': '0', 'connection': 'keep-alive', 'x-amzn-requestid': '04b427da-3fb0-46b1-869f-8a91f3e417a0', 'x-amzn-remapped-content-length': '0', 'x-amzn-trace-id': 'root=1-65b3e52a-7008399c20b0936e112ec805;sampled=0'}, 'RetryAttempts': 0}
[2024-01-26T14:00:05.298-0300] {taskinstance.py:1400} INFO - Marking task as SUCCESS. dag_id=how-desafio-03, task_id=invoke_lambda_function, execution_date=20240126T164500, start_date=20240126T170004, end_date=20240126T170005
[2024-01-26T14:00:05.362-0300] {local_task_job_runner.py:228} INFO - Task exited with return code 0
[2024-01-26T14:00:05.404-0300] {taskinstance.py:2778} INFO - 0 downstream tasks scheduled from follow-on schedule check
