[2024-01-25T21:56:41.422-0300] {logging_mixin.py:151} INFO - Changing /mnt/c/Users/filipe.macedo_ifood/Documents/how-desafio-03/airflow/logs/dag_id=how-desafio-03/run_id=scheduled__2024-01-25T14:45:00+00:00/task_id=invoke_lambda_function permission to 509
[2024-01-25T21:56:41.470-0300] {logging_mixin.py:151} INFO - Changing /mnt/c/Users/filipe.macedo_ifood/Documents/how-desafio-03/airflow/logs/dag_id=how-desafio-03/run_id=scheduled__2024-01-25T14:45:00+00:00/task_id=invoke_lambda_function permission to 509
[2024-01-25T21:56:41.487-0300] {taskinstance.py:1159} INFO - Dependencies all met for dep_context=non-requeueable deps ti=<TaskInstance: how-desafio-03.invoke_lambda_function scheduled__2024-01-25T14:45:00+00:00 [queued]>
[2024-01-25T21:56:41.498-0300] {taskinstance.py:1159} INFO - Dependencies all met for dep_context=requeueable deps ti=<TaskInstance: how-desafio-03.invoke_lambda_function scheduled__2024-01-25T14:45:00+00:00 [queued]>
[2024-01-25T21:56:41.498-0300] {taskinstance.py:1361} INFO - Starting attempt 1 of 1
[2024-01-25T21:56:41.559-0300] {taskinstance.py:1382} INFO - Executing <Task(LambdaInvokeFunctionOperator): invoke_lambda_function> on 2024-01-25 14:45:00+00:00
[2024-01-25T21:56:41.561-0300] {standard_task_runner.py:57} INFO - Started process 1619 to run task
[2024-01-25T21:56:41.563-0300] {standard_task_runner.py:84} INFO - Running: ['airflow', 'tasks', 'run', 'how-desafio-03', 'invoke_lambda_function', 'scheduled__2024-01-25T14:45:00+00:00', '--job-id', '203', '--raw', '--subdir', 'DAGS_FOLDER/weather_dag.py', '--cfg-path', '/tmp/tmpm_497kwq']
[2024-01-25T21:56:41.563-0300] {standard_task_runner.py:85} INFO - Job 203: Subtask invoke_lambda_function
[2024-01-25T21:56:41.625-0300] {logging_mixin.py:151} INFO - Changing /mnt/c/Users/filipe.macedo_ifood/Documents/how-desafio-03/airflow/logs/dag_id=how-desafio-03/run_id=scheduled__2024-01-25T14:45:00+00:00/task_id=invoke_lambda_function permission to 509
[2024-01-25T21:56:41.627-0300] {task_command.py:416} INFO - Running <TaskInstance: how-desafio-03.invoke_lambda_function scheduled__2024-01-25T14:45:00+00:00 [running]> on host 14111-NB.
[2024-01-25T21:56:41.740-0300] {taskinstance.py:1662} INFO - Exporting env vars: AIRFLOW_CTX_DAG_OWNER='airflow' AIRFLOW_CTX_DAG_ID='how-desafio-03' AIRFLOW_CTX_TASK_ID='invoke_lambda_function' AIRFLOW_CTX_EXECUTION_DATE='2024-01-25T14:45:00+00:00' AIRFLOW_CTX_TRY_NUMBER='1' AIRFLOW_CTX_DAG_RUN_ID='scheduled__2024-01-25T14:45:00+00:00'
[2024-01-25T21:56:41.741-0300] {lambda_function.py:211} INFO - Invoking AWS Lambda function: how-desafio-03 with payload: {"weather_daily": {"date": "1706229900"}}
[2024-01-25T21:56:41.750-0300] {base.py:73} INFO - Using connection ID 'aws_default' for task execution.
[2024-01-25T21:56:41.751-0300] {connection_wrapper.py:340} INFO - AWS Connection (conn_id='aws_default', conn_type='aws') credentials retrieved from login and password.
[2024-01-25T21:56:42.663-0300] {lambda_function.py:220} INFO - Lambda response metadata: {'RequestId': '167bf565-2030-4fa8-b83a-89db9580ef06', 'HTTPStatusCode': 202, 'HTTPHeaders': {'date': 'Fri, 26 Jan 2024 00:57:04 GMT', 'content-length': '0', 'connection': 'keep-alive', 'x-amzn-requestid': '167bf565-2030-4fa8-b83a-89db9580ef06', 'x-amzn-remapped-content-length': '0', 'x-amzn-trace-id': 'root=1-65b30360-2435f29d3c7cb4922970dc40;sampled=0'}, 'RetryAttempts': 0}
[2024-01-25T21:56:42.664-0300] {lambda_function.py:230} INFO - Lambda function invocation succeeded: {'RequestId': '167bf565-2030-4fa8-b83a-89db9580ef06', 'HTTPStatusCode': 202, 'HTTPHeaders': {'date': 'Fri, 26 Jan 2024 00:57:04 GMT', 'content-length': '0', 'connection': 'keep-alive', 'x-amzn-requestid': '167bf565-2030-4fa8-b83a-89db9580ef06', 'x-amzn-remapped-content-length': '0', 'x-amzn-trace-id': 'root=1-65b30360-2435f29d3c7cb4922970dc40;sampled=0'}, 'RetryAttempts': 0}
[2024-01-25T21:56:42.709-0300] {taskinstance.py:1400} INFO - Marking task as SUCCESS. dag_id=how-desafio-03, task_id=invoke_lambda_function, execution_date=20240125T144500, start_date=20240126T005641, end_date=20240126T005642
[2024-01-25T21:56:42.742-0300] {local_task_job_runner.py:228} INFO - Task exited with return code 0
[2024-01-25T21:56:42.761-0300] {taskinstance.py:2778} INFO - 0 downstream tasks scheduled from follow-on schedule check
