[2023-10-18T20:42:25.609-0300] {logging_mixin.py:151} INFO - Changing /mnt/c/Users/filipe.macedo_ifood/Documents/how-desafio-03/airflow/logs/dag_id=how-desafio-03/run_id=scheduled__2023-10-18T10:10:00+00:00/task_id=invoke_lambda_function permission to 509
[2023-10-18T20:42:25.673-0300] {logging_mixin.py:151} INFO - Changing /mnt/c/Users/filipe.macedo_ifood/Documents/how-desafio-03/airflow/logs/dag_id=how-desafio-03/run_id=scheduled__2023-10-18T10:10:00+00:00/task_id=invoke_lambda_function permission to 509
[2023-10-18T20:42:25.695-0300] {taskinstance.py:1159} INFO - Dependencies all met for dep_context=non-requeueable deps ti=<TaskInstance: how-desafio-03.invoke_lambda_function scheduled__2023-10-18T10:10:00+00:00 [queued]>
[2023-10-18T20:42:25.708-0300] {taskinstance.py:1159} INFO - Dependencies all met for dep_context=requeueable deps ti=<TaskInstance: how-desafio-03.invoke_lambda_function scheduled__2023-10-18T10:10:00+00:00 [queued]>
[2023-10-18T20:42:25.709-0300] {taskinstance.py:1361} INFO - Starting attempt 1 of 1
[2023-10-18T20:42:25.741-0300] {taskinstance.py:1382} INFO - Executing <Task(LambdaInvokeFunctionOperator): invoke_lambda_function> on 2023-10-18 10:10:00+00:00
[2023-10-18T20:42:25.743-0300] {standard_task_runner.py:57} INFO - Started process 200 to run task
[2023-10-18T20:42:25.745-0300] {standard_task_runner.py:84} INFO - Running: ['airflow', 'tasks', 'run', 'how-desafio-03', 'invoke_lambda_function', 'scheduled__2023-10-18T10:10:00+00:00', '--job-id', '43', '--raw', '--subdir', 'DAGS_FOLDER/weather_dag.py', '--cfg-path', '/tmp/tmpcdk4zt2b']
[2023-10-18T20:42:25.746-0300] {standard_task_runner.py:85} INFO - Job 43: Subtask invoke_lambda_function
[2023-10-18T20:42:25.822-0300] {logging_mixin.py:151} INFO - Changing /mnt/c/Users/filipe.macedo_ifood/Documents/how-desafio-03/airflow/logs/dag_id=how-desafio-03/run_id=scheduled__2023-10-18T10:10:00+00:00/task_id=invoke_lambda_function permission to 509
[2023-10-18T20:42:25.824-0300] {task_command.py:416} INFO - Running <TaskInstance: how-desafio-03.invoke_lambda_function scheduled__2023-10-18T10:10:00+00:00 [running]> on host 14111-NB.
[2023-10-18T20:42:25.946-0300] {taskinstance.py:1662} INFO - Exporting env vars: AIRFLOW_CTX_DAG_OWNER='airflow' AIRFLOW_CTX_DAG_ID='how-desafio-03' AIRFLOW_CTX_TASK_ID='invoke_lambda_function' AIRFLOW_CTX_EXECUTION_DATE='2023-10-18T10:10:00+00:00' AIRFLOW_CTX_TRY_NUMBER='1' AIRFLOW_CTX_DAG_RUN_ID='scheduled__2023-10-18T10:10:00+00:00'
[2023-10-18T20:42:25.947-0300] {lambda_function.py:211} INFO - Invoking AWS Lambda function: my_first_test with payload: None
[2023-10-18T20:42:25.960-0300] {base.py:73} INFO - Using connection ID 'aws_default' for task execution.
[2023-10-18T20:42:25.960-0300] {connection_wrapper.py:340} INFO - AWS Connection (conn_id='aws_default', conn_type='aws') credentials retrieved from login and password.
[2023-10-18T20:42:26.859-0300] {lambda_function.py:220} INFO - Lambda response metadata: {'RequestId': 'ae0ef1fd-6b4b-4746-a7a0-cc674754a5f5', 'HTTPStatusCode': 200, 'HTTPHeaders': {'date': 'Wed, 18 Oct 2023 23:42:28 GMT', 'content-type': 'application/json', 'content-length': '234', 'connection': 'keep-alive', 'x-amzn-requestid': 'ae0ef1fd-6b4b-4746-a7a0-cc674754a5f5', 'x-amz-function-error': 'Unhandled', 'x-amzn-remapped-content-length': '0', 'x-amz-executed-version': '$LATEST', 'x-amzn-trace-id': 'root=1-65306d64-547cae9608f5d0d929765cc9;sampled=0;lineage=2d7f70ec:0'}, 'RetryAttempts': 0}
[2023-10-18T20:42:26.860-0300] {taskinstance.py:1937} ERROR - Task failed with exception
Traceback (most recent call last):
  File "/usr/local/lib/python3.10/dist-packages/airflow/providers/amazon/aws/operators/lambda_function.py", line 226, in execute
    raise ValueError(
ValueError: ('Lambda function execution resulted in error', {'ResponseMetadata': {'RequestId': 'ae0ef1fd-6b4b-4746-a7a0-cc674754a5f5', 'HTTPStatusCode': 200, 'HTTPHeaders': {'date': 'Wed, 18 Oct 2023 23:42:28 GMT', 'content-type': 'application/json', 'content-length': '234', 'connection': 'keep-alive', 'x-amzn-requestid': 'ae0ef1fd-6b4b-4746-a7a0-cc674754a5f5', 'x-amz-function-error': 'Unhandled', 'x-amzn-remapped-content-length': '0', 'x-amz-executed-version': '$LATEST', 'x-amzn-trace-id': 'root=1-65306d64-547cae9608f5d0d929765cc9;sampled=0;lineage=2d7f70ec:0'}, 'RetryAttempts': 0}, 'Payload': '{"errorMessage": "\'key1\'", "errorType": "KeyError", "requestId": "ae0ef1fd-6b4b-4746-a7a0-cc674754a5f5", "stackTrace": ["  File \\"/var/task/lambda_function.py\\", line 8, in lambda_handler\\n    print(\\"value1 = \\" + event[\'key1\'])\\n"]}'})
[2023-10-18T20:42:26.880-0300] {taskinstance.py:1400} INFO - Marking task as FAILED. dag_id=how-desafio-03, task_id=invoke_lambda_function, execution_date=20231018T101000, start_date=20231018T234225, end_date=20231018T234226
[2023-10-18T20:42:26.917-0300] {standard_task_runner.py:104} ERROR - Failed to execute job 43 for task invoke_lambda_function (('Lambda function execution resulted in error', {'ResponseMetadata': {'RequestId': 'ae0ef1fd-6b4b-4746-a7a0-cc674754a5f5', 'HTTPStatusCode': 200, 'HTTPHeaders': {'date': 'Wed, 18 Oct 2023 23:42:28 GMT', 'content-type': 'application/json', 'content-length': '234', 'connection': 'keep-alive', 'x-amzn-requestid': 'ae0ef1fd-6b4b-4746-a7a0-cc674754a5f5', 'x-amz-function-error': 'Unhandled', 'x-amzn-remapped-content-length': '0', 'x-amz-executed-version': '$LATEST', 'x-amzn-trace-id': 'root=1-65306d64-547cae9608f5d0d929765cc9;sampled=0;lineage=2d7f70ec:0'}, 'RetryAttempts': 0}, 'Payload': '{"errorMessage": "\'key1\'", "errorType": "KeyError", "requestId": "ae0ef1fd-6b4b-4746-a7a0-cc674754a5f5", "stackTrace": ["  File \\"/var/task/lambda_function.py\\", line 8, in lambda_handler\\n    print(\\"value1 = \\" + event[\'key1\'])\\n"]}'}); 200)
[2023-10-18T20:42:26.922-0300] {local_task_job_runner.py:228} INFO - Task exited with return code 1
[2023-10-18T20:42:26.951-0300] {taskinstance.py:2778} INFO - 0 downstream tasks scheduled from follow-on schedule check
