[2024-01-25T21:45:40.007-0300] {logging_mixin.py:151} INFO - Changing /mnt/c/Users/filipe.macedo_ifood/Documents/how-desafio-03/airflow/logs/dag_id=how-desafio-03/run_id=scheduled__2024-01-25T12:30:00+00:00/task_id=invoke_lambda_function permission to 509
[2024-01-25T21:45:40.052-0300] {logging_mixin.py:151} INFO - Changing /mnt/c/Users/filipe.macedo_ifood/Documents/how-desafio-03/airflow/logs/dag_id=how-desafio-03/run_id=scheduled__2024-01-25T12:30:00+00:00/task_id=invoke_lambda_function permission to 509
[2024-01-25T21:45:40.068-0300] {taskinstance.py:1159} INFO - Dependencies all met for dep_context=non-requeueable deps ti=<TaskInstance: how-desafio-03.invoke_lambda_function scheduled__2024-01-25T12:30:00+00:00 [queued]>
[2024-01-25T21:45:40.078-0300] {taskinstance.py:1159} INFO - Dependencies all met for dep_context=requeueable deps ti=<TaskInstance: how-desafio-03.invoke_lambda_function scheduled__2024-01-25T12:30:00+00:00 [queued]>
[2024-01-25T21:45:40.078-0300] {taskinstance.py:1361} INFO - Starting attempt 1 of 1
[2024-01-25T21:45:40.105-0300] {taskinstance.py:1382} INFO - Executing <Task(LambdaInvokeFunctionOperator): invoke_lambda_function> on 2024-01-25 12:30:00+00:00
[2024-01-25T21:45:40.106-0300] {standard_task_runner.py:57} INFO - Started process 1515 to run task
[2024-01-25T21:45:40.109-0300] {standard_task_runner.py:84} INFO - Running: ['airflow', 'tasks', 'run', 'how-desafio-03', 'invoke_lambda_function', 'scheduled__2024-01-25T12:30:00+00:00', '--job-id', '194', '--raw', '--subdir', 'DAGS_FOLDER/weather_dag.py', '--cfg-path', '/tmp/tmplqpxcpht']
[2024-01-25T21:45:40.109-0300] {standard_task_runner.py:85} INFO - Job 194: Subtask invoke_lambda_function
[2024-01-25T21:45:40.168-0300] {logging_mixin.py:151} INFO - Changing /mnt/c/Users/filipe.macedo_ifood/Documents/how-desafio-03/airflow/logs/dag_id=how-desafio-03/run_id=scheduled__2024-01-25T12:30:00+00:00/task_id=invoke_lambda_function permission to 509
[2024-01-25T21:45:40.170-0300] {task_command.py:416} INFO - Running <TaskInstance: how-desafio-03.invoke_lambda_function scheduled__2024-01-25T12:30:00+00:00 [running]> on host 14111-NB.
[2024-01-25T21:45:40.307-0300] {taskinstance.py:1662} INFO - Exporting env vars: AIRFLOW_CTX_DAG_OWNER='airflow' AIRFLOW_CTX_DAG_ID='how-desafio-03' AIRFLOW_CTX_TASK_ID='invoke_lambda_function' AIRFLOW_CTX_EXECUTION_DATE='2024-01-25T12:30:00+00:00' AIRFLOW_CTX_TRY_NUMBER='1' AIRFLOW_CTX_DAG_RUN_ID='scheduled__2024-01-25T12:30:00+00:00'
[2024-01-25T21:45:40.308-0300] {lambda_function.py:211} INFO - Invoking AWS Lambda function: terere with payload: {"weather_daily": {"date": "1706229900"}}
[2024-01-25T21:45:40.317-0300] {base.py:73} INFO - Using connection ID 'aws_default' for task execution.
[2024-01-25T21:45:40.318-0300] {connection_wrapper.py:340} INFO - AWS Connection (conn_id='aws_default', conn_type='aws') credentials retrieved from login and password.
[2024-01-25T21:45:41.234-0300] {lambda_function.py:220} INFO - Lambda response metadata: {'RequestId': 'cc061aaa-547c-455b-bb3f-769f26faee09', 'HTTPStatusCode': 200, 'HTTPHeaders': {'date': 'Fri, 26 Jan 2024 00:46:02 GMT', 'content-type': 'application/json', 'content-length': '4', 'connection': 'keep-alive', 'x-amzn-requestid': 'cc061aaa-547c-455b-bb3f-769f26faee09', 'x-amzn-remapped-content-length': '0', 'x-amz-executed-version': '$LATEST', 'x-amzn-trace-id': 'root=1-65b300ca-42d991f369e18f87229fc098;sampled=0;lineage=1315cb97:0'}, 'RetryAttempts': 0}
[2024-01-25T21:45:41.236-0300] {lambda_function.py:230} INFO - Lambda function invocation succeeded: {'RequestId': 'cc061aaa-547c-455b-bb3f-769f26faee09', 'HTTPStatusCode': 200, 'HTTPHeaders': {'date': 'Fri, 26 Jan 2024 00:46:02 GMT', 'content-type': 'application/json', 'content-length': '4', 'connection': 'keep-alive', 'x-amzn-requestid': 'cc061aaa-547c-455b-bb3f-769f26faee09', 'x-amzn-remapped-content-length': '0', 'x-amz-executed-version': '$LATEST', 'x-amzn-trace-id': 'root=1-65b300ca-42d991f369e18f87229fc098;sampled=0;lineage=1315cb97:0'}, 'RetryAttempts': 0}
[2024-01-25T21:45:41.288-0300] {taskinstance.py:1400} INFO - Marking task as SUCCESS. dag_id=how-desafio-03, task_id=invoke_lambda_function, execution_date=20240125T123000, start_date=20240126T004540, end_date=20240126T004541
[2024-01-25T21:45:41.329-0300] {local_task_job_runner.py:228} INFO - Task exited with return code 0
[2024-01-25T21:45:41.345-0300] {taskinstance.py:2778} INFO - 0 downstream tasks scheduled from follow-on schedule check
