[2024-02-06T20:50:07.208-0300] {logging_mixin.py:151} INFO - Changing /mnt/c/Users/filipe.macedo_ifood/Documents/how-desafio-03/airflow/logs/dag_id=how-desafio-3/run_id=scheduled__2024-02-06T22:00:00+00:00/task_id=wait_for_step permission to 509
[2024-02-06T20:50:07.296-0300] {logging_mixin.py:151} INFO - Changing /mnt/c/Users/filipe.macedo_ifood/Documents/how-desafio-03/airflow/logs/dag_id=how-desafio-3/run_id=scheduled__2024-02-06T22:00:00+00:00/task_id=wait_for_step permission to 509
[2024-02-06T20:50:07.341-0300] {taskinstance.py:1159} INFO - Dependencies all met for dep_context=non-requeueable deps ti=<TaskInstance: how-desafio-3.wait_for_step scheduled__2024-02-06T22:00:00+00:00 [queued]>
[2024-02-06T20:50:07.377-0300] {taskinstance.py:1159} INFO - Dependencies all met for dep_context=requeueable deps ti=<TaskInstance: how-desafio-3.wait_for_step scheduled__2024-02-06T22:00:00+00:00 [queued]>
[2024-02-06T20:50:07.377-0300] {taskinstance.py:1361} INFO - Starting attempt 1 of 1
[2024-02-06T20:50:07.427-0300] {taskinstance.py:1382} INFO - Executing <Task(EmrStepSensor): wait_for_step> on 2024-02-06 22:00:00+00:00
[2024-02-06T20:50:07.429-0300] {standard_task_runner.py:57} INFO - Started process 857 to run task
[2024-02-06T20:50:07.431-0300] {standard_task_runner.py:84} INFO - Running: ['airflow', 'tasks', 'run', 'how-desafio-3', 'wait_for_step', 'scheduled__2024-02-06T22:00:00+00:00', '--job-id', '324', '--raw', '--subdir', 'DAGS_FOLDER/weather_dag.py', '--cfg-path', '/tmp/tmpam_llzgm']
[2024-02-06T20:50:07.435-0300] {standard_task_runner.py:85} INFO - Job 324: Subtask wait_for_step
[2024-02-06T20:50:07.530-0300] {logging_mixin.py:151} INFO - Changing /mnt/c/Users/filipe.macedo_ifood/Documents/how-desafio-03/airflow/logs/dag_id=how-desafio-3/run_id=scheduled__2024-02-06T22:00:00+00:00/task_id=wait_for_step permission to 509
[2024-02-06T20:50:07.536-0300] {task_command.py:416} INFO - Running <TaskInstance: how-desafio-3.wait_for_step scheduled__2024-02-06T22:00:00+00:00 [running]> on host 14111-NB.
[2024-02-06T20:50:07.748-0300] {taskinstance.py:1662} INFO - Exporting env vars: AIRFLOW_CTX_DAG_OWNER='airflow' AIRFLOW_CTX_DAG_ID='how-desafio-3' AIRFLOW_CTX_TASK_ID='wait_for_step' AIRFLOW_CTX_EXECUTION_DATE='2024-02-06T22:00:00+00:00' AIRFLOW_CTX_TRY_NUMBER='1' AIRFLOW_CTX_DAG_RUN_ID='scheduled__2024-02-06T22:00:00+00:00'
[2024-02-06T20:50:07.771-0300] {base.py:73} INFO - Using connection ID 'aws_default' for task execution.
[2024-02-06T20:50:07.772-0300] {connection_wrapper.py:340} INFO - AWS Connection (conn_id='aws_default', conn_type='aws') credentials retrieved from login and password.
[2024-02-06T20:50:08.129-0300] {emr.py:575} INFO - Poking step s-00358402NY93K8M304Z7 on cluster j-21CRKTTB2FWYK
[2024-02-06T20:50:09.403-0300] {emr.py:79} INFO - Job flow currently PENDING
[2024-02-06T20:51:09.436-0300] {emr.py:575} INFO - Poking step s-00358402NY93K8M304Z7 on cluster j-21CRKTTB2FWYK
[2024-02-06T20:51:10.653-0300] {emr.py:79} INFO - Job flow currently PENDING
[2024-02-06T20:52:10.680-0300] {emr.py:575} INFO - Poking step s-00358402NY93K8M304Z7 on cluster j-21CRKTTB2FWYK
[2024-02-06T20:52:12.111-0300] {emr.py:79} INFO - Job flow currently PENDING
[2024-02-06T20:53:12.144-0300] {emr.py:575} INFO - Poking step s-00358402NY93K8M304Z7 on cluster j-21CRKTTB2FWYK
[2024-02-06T20:53:13.657-0300] {emr.py:79} INFO - Job flow currently PENDING
[2024-02-06T20:54:13.678-0300] {emr.py:575} INFO - Poking step s-00358402NY93K8M304Z7 on cluster j-21CRKTTB2FWYK
[2024-02-06T20:54:14.943-0300] {emr.py:79} INFO - Job flow currently PENDING
[2024-02-06T20:55:15.004-0300] {emr.py:575} INFO - Poking step s-00358402NY93K8M304Z7 on cluster j-21CRKTTB2FWYK
[2024-02-06T20:55:16.275-0300] {emr.py:79} INFO - Job flow currently PENDING
[2024-02-06T20:56:16.319-0300] {emr.py:575} INFO - Poking step s-00358402NY93K8M304Z7 on cluster j-21CRKTTB2FWYK
[2024-02-06T20:56:17.702-0300] {emr.py:79} INFO - Job flow currently PENDING
[2024-02-06T20:57:17.717-0300] {emr.py:575} INFO - Poking step s-00358402NY93K8M304Z7 on cluster j-21CRKTTB2FWYK
[2024-02-06T20:57:19.072-0300] {emr.py:79} INFO - Job flow currently PENDING
[2024-02-06T20:58:19.118-0300] {emr.py:575} INFO - Poking step s-00358402NY93K8M304Z7 on cluster j-21CRKTTB2FWYK
[2024-02-06T20:58:20.546-0300] {emr.py:79} INFO - Job flow currently FAILED
[2024-02-06T20:58:20.573-0300] {taskinstance.py:1937} ERROR - Task failed with exception
Traceback (most recent call last):
  File "/usr/local/lib/python3.10/dist-packages/airflow/providers/amazon/aws/sensors/emr.py", line 624, in execute
    super().execute(context=context)
  File "/usr/local/lib/python3.10/dist-packages/airflow/sensors/base.py", line 257, in execute
    raise e
  File "/usr/local/lib/python3.10/dist-packages/airflow/sensors/base.py", line 239, in execute
    poke_return = self.poke(context)
  File "/usr/local/lib/python3.10/dist-packages/airflow/providers/amazon/aws/sensors/emr.py", line 85, in poke
    raise AirflowException(f"EMR job failed: {self.failure_message_from_response(response)}")
airflow.exceptions.AirflowException: EMR job failed: for reason S3 Service Error. with message Caused by: com.amazon.ws.emr.hadoop.fs.shaded.com.amazonaws.services.s3.model.AmazonS3Exception: The specified bucket does not exist (Service: Amazon S3; Status Code: 404; Error Code: NoSuchBucket; Request ID: 5BGW6VPMEYP5FE5M; S3 Extended Request ID: CEUQikE18nUaf6iBFbFH11NjCZE1N+ZDK22nrxY4ixyZDnUgLxOECMuUtIxmDZX8LwepdNb6/NBd+Cruyt072Q==; Proxy: null) and log file s3://how-desafio-3/logs/emr/j-21CRKTTB2FWYK/steps/s-00358402NY93K8M304Z7/stderr.gz
[2024-02-06T20:58:20.582-0300] {taskinstance.py:1400} INFO - Marking task as FAILED. dag_id=how-desafio-3, task_id=wait_for_step, execution_date=20240206T220000, start_date=20240206T235007, end_date=20240206T235820
[2024-02-06T20:58:20.724-0300] {standard_task_runner.py:104} ERROR - Failed to execute job 324 for task wait_for_step (EMR job failed: for reason S3 Service Error. with message Caused by: com.amazon.ws.emr.hadoop.fs.shaded.com.amazonaws.services.s3.model.AmazonS3Exception: The specified bucket does not exist (Service: Amazon S3; Status Code: 404; Error Code: NoSuchBucket; Request ID: 5BGW6VPMEYP5FE5M; S3 Extended Request ID: CEUQikE18nUaf6iBFbFH11NjCZE1N+ZDK22nrxY4ixyZDnUgLxOECMuUtIxmDZX8LwepdNb6/NBd+Cruyt072Q==; Proxy: null) and log file s3://how-desafio-3/logs/emr/j-21CRKTTB2FWYK/steps/s-00358402NY93K8M304Z7/stderr.gz; 857)
[2024-02-06T20:58:20.743-0300] {local_task_job_runner.py:228} INFO - Task exited with return code 1
[2024-02-06T20:58:20.790-0300] {taskinstance.py:2778} INFO - 0 downstream tasks scheduled from follow-on schedule check
