[2023-11-18T16:57:07.932-0300] {logging_mixin.py:151} INFO - Changing /mnt/c/Users/filipe.macedo_ifood/Documents/how-desafio-03/airflow/logs/dag_id=how-desafio-03/run_id=manual__2023-11-18T19:56:56.050792+00:00/task_id=invoke_lambda_function permission to 509
[2023-11-18T16:57:08.024-0300] {logging_mixin.py:151} INFO - Changing /mnt/c/Users/filipe.macedo_ifood/Documents/how-desafio-03/airflow/logs/dag_id=how-desafio-03/run_id=manual__2023-11-18T19:56:56.050792+00:00/task_id=invoke_lambda_function permission to 509
[2023-11-18T16:57:08.057-0300] {taskinstance.py:1159} INFO - Dependencies all met for dep_context=non-requeueable deps ti=<TaskInstance: how-desafio-03.invoke_lambda_function manual__2023-11-18T19:56:56.050792+00:00 [queued]>
[2023-11-18T16:57:08.082-0300] {taskinstance.py:1159} INFO - Dependencies all met for dep_context=requeueable deps ti=<TaskInstance: how-desafio-03.invoke_lambda_function manual__2023-11-18T19:56:56.050792+00:00 [queued]>
[2023-11-18T16:57:08.083-0300] {taskinstance.py:1361} INFO - Starting attempt 1 of 1
[2023-11-18T16:57:08.141-0300] {taskinstance.py:1382} INFO - Executing <Task(LambdaInvokeFunctionOperator): invoke_lambda_function> on 2023-11-18 19:56:56.050792+00:00
[2023-11-18T16:57:08.142-0300] {standard_task_runner.py:57} INFO - Started process 400 to run task
[2023-11-18T16:57:08.145-0300] {standard_task_runner.py:84} INFO - Running: ['airflow', 'tasks', 'run', 'how-desafio-03', 'invoke_lambda_function', 'manual__2023-11-18T19:56:56.050792+00:00', '--job-id', '136', '--raw', '--subdir', 'DAGS_FOLDER/weather_dag.py', '--cfg-path', '/tmp/tmpojcmmb00']
[2023-11-18T16:57:08.146-0300] {standard_task_runner.py:85} INFO - Job 136: Subtask invoke_lambda_function
[2023-11-18T16:57:08.265-0300] {logging_mixin.py:151} INFO - Changing /mnt/c/Users/filipe.macedo_ifood/Documents/how-desafio-03/airflow/logs/dag_id=how-desafio-03/run_id=manual__2023-11-18T19:56:56.050792+00:00/task_id=invoke_lambda_function permission to 509
[2023-11-18T16:57:08.268-0300] {task_command.py:416} INFO - Running <TaskInstance: how-desafio-03.invoke_lambda_function manual__2023-11-18T19:56:56.050792+00:00 [running]> on host 14111-NB.
[2023-11-18T16:57:08.496-0300] {taskinstance.py:1662} INFO - Exporting env vars: AIRFLOW_CTX_DAG_OWNER='airflow' AIRFLOW_CTX_DAG_ID='how-desafio-03' AIRFLOW_CTX_TASK_ID='invoke_lambda_function' AIRFLOW_CTX_EXECUTION_DATE='2023-11-18T19:56:56.050792+00:00' AIRFLOW_CTX_TRY_NUMBER='1' AIRFLOW_CTX_DAG_RUN_ID='manual__2023-11-18T19:56:56.050792+00:00'
[2023-11-18T16:57:08.497-0300] {lambda_function.py:211} INFO - Invoking AWS Lambda function: my_first_test with payload: {"weather_daily": {"date": "1700336700"}}
[2023-11-18T16:57:08.513-0300] {base.py:73} INFO - Using connection ID 'aws_default' for task execution.
[2023-11-18T16:57:08.514-0300] {connection_wrapper.py:340} INFO - AWS Connection (conn_id='aws_default', conn_type='aws') credentials retrieved from login and password.
[2023-11-18T16:57:09.510-0300] {lambda_function.py:220} INFO - Lambda response metadata: {'RequestId': '9d3f9168-5ba5-49ac-a2c4-7520ed517bb2', 'HTTPStatusCode': 200, 'HTTPHeaders': {'date': 'Sat, 18 Nov 2023 19:57:14 GMT', 'content-type': 'application/json', 'content-length': '4', 'connection': 'keep-alive', 'x-amzn-requestid': '9d3f9168-5ba5-49ac-a2c4-7520ed517bb2', 'x-amzn-remapped-content-length': '0', 'x-amz-executed-version': '$LATEST', 'x-amzn-trace-id': 'root=1-6559171a-1df43b1a100672a47044a957;sampled=0;lineage=2d7f70ec:0'}, 'RetryAttempts': 0}
[2023-11-18T16:57:09.511-0300] {lambda_function.py:230} INFO - Lambda function invocation succeeded: {'RequestId': '9d3f9168-5ba5-49ac-a2c4-7520ed517bb2', 'HTTPStatusCode': 200, 'HTTPHeaders': {'date': 'Sat, 18 Nov 2023 19:57:14 GMT', 'content-type': 'application/json', 'content-length': '4', 'connection': 'keep-alive', 'x-amzn-requestid': '9d3f9168-5ba5-49ac-a2c4-7520ed517bb2', 'x-amzn-remapped-content-length': '0', 'x-amz-executed-version': '$LATEST', 'x-amzn-trace-id': 'root=1-6559171a-1df43b1a100672a47044a957;sampled=0;lineage=2d7f70ec:0'}, 'RetryAttempts': 0}
[2023-11-18T16:57:09.586-0300] {taskinstance.py:1400} INFO - Marking task as SUCCESS. dag_id=how-desafio-03, task_id=invoke_lambda_function, execution_date=20231118T195656, start_date=20231118T195708, end_date=20231118T195709
[2023-11-18T16:57:09.646-0300] {local_task_job_runner.py:228} INFO - Task exited with return code 0
[2023-11-18T16:57:09.668-0300] {taskinstance.py:2778} INFO - 0 downstream tasks scheduled from follow-on schedule check
