[2024-01-25T21:56:35.548-0300] {logging_mixin.py:151} INFO - Changing /mnt/c/Users/filipe.macedo_ifood/Documents/how-desafio-03/airflow/logs/dag_id=how-desafio-03/run_id=scheduled__2024-01-25T14:15:00+00:00/task_id=invoke_lambda_function permission to 509
[2024-01-25T21:56:35.593-0300] {logging_mixin.py:151} INFO - Changing /mnt/c/Users/filipe.macedo_ifood/Documents/how-desafio-03/airflow/logs/dag_id=how-desafio-03/run_id=scheduled__2024-01-25T14:15:00+00:00/task_id=invoke_lambda_function permission to 509
[2024-01-25T21:56:35.609-0300] {taskinstance.py:1159} INFO - Dependencies all met for dep_context=non-requeueable deps ti=<TaskInstance: how-desafio-03.invoke_lambda_function scheduled__2024-01-25T14:15:00+00:00 [queued]>
[2024-01-25T21:56:35.622-0300] {taskinstance.py:1159} INFO - Dependencies all met for dep_context=requeueable deps ti=<TaskInstance: how-desafio-03.invoke_lambda_function scheduled__2024-01-25T14:15:00+00:00 [queued]>
[2024-01-25T21:56:35.623-0300] {taskinstance.py:1361} INFO - Starting attempt 1 of 1
[2024-01-25T21:56:35.647-0300] {taskinstance.py:1382} INFO - Executing <Task(LambdaInvokeFunctionOperator): invoke_lambda_function> on 2024-01-25 14:15:00+00:00
[2024-01-25T21:56:35.648-0300] {standard_task_runner.py:57} INFO - Started process 1615 to run task
[2024-01-25T21:56:35.651-0300] {standard_task_runner.py:84} INFO - Running: ['airflow', 'tasks', 'run', 'how-desafio-03', 'invoke_lambda_function', 'scheduled__2024-01-25T14:15:00+00:00', '--job-id', '201', '--raw', '--subdir', 'DAGS_FOLDER/weather_dag.py', '--cfg-path', '/tmp/tmpj45ok961']
[2024-01-25T21:56:35.653-0300] {standard_task_runner.py:85} INFO - Job 201: Subtask invoke_lambda_function
[2024-01-25T21:56:35.737-0300] {logging_mixin.py:151} INFO - Changing /mnt/c/Users/filipe.macedo_ifood/Documents/how-desafio-03/airflow/logs/dag_id=how-desafio-03/run_id=scheduled__2024-01-25T14:15:00+00:00/task_id=invoke_lambda_function permission to 509
[2024-01-25T21:56:35.738-0300] {task_command.py:416} INFO - Running <TaskInstance: how-desafio-03.invoke_lambda_function scheduled__2024-01-25T14:15:00+00:00 [running]> on host 14111-NB.
[2024-01-25T21:56:35.880-0300] {taskinstance.py:1662} INFO - Exporting env vars: AIRFLOW_CTX_DAG_OWNER='airflow' AIRFLOW_CTX_DAG_ID='how-desafio-03' AIRFLOW_CTX_TASK_ID='invoke_lambda_function' AIRFLOW_CTX_EXECUTION_DATE='2024-01-25T14:15:00+00:00' AIRFLOW_CTX_TRY_NUMBER='1' AIRFLOW_CTX_DAG_RUN_ID='scheduled__2024-01-25T14:15:00+00:00'
[2024-01-25T21:56:35.881-0300] {lambda_function.py:211} INFO - Invoking AWS Lambda function: how-desafio-03 with payload: {"weather_daily": {"date": "1706229900"}}
[2024-01-25T21:56:35.892-0300] {base.py:73} INFO - Using connection ID 'aws_default' for task execution.
[2024-01-25T21:56:35.893-0300] {connection_wrapper.py:340} INFO - AWS Connection (conn_id='aws_default', conn_type='aws') credentials retrieved from login and password.
[2024-01-25T21:56:36.803-0300] {lambda_function.py:220} INFO - Lambda response metadata: {'RequestId': '183789c2-eb5b-4cc6-97bb-889db42a4f15', 'HTTPStatusCode': 202, 'HTTPHeaders': {'date': 'Fri, 26 Jan 2024 00:56:58 GMT', 'content-length': '0', 'connection': 'keep-alive', 'x-amzn-requestid': '183789c2-eb5b-4cc6-97bb-889db42a4f15', 'x-amzn-remapped-content-length': '0', 'x-amzn-trace-id': 'root=1-65b3035a-068f4d421b3570fb30533d5e;sampled=0'}, 'RetryAttempts': 0}
[2024-01-25T21:56:36.804-0300] {lambda_function.py:230} INFO - Lambda function invocation succeeded: {'RequestId': '183789c2-eb5b-4cc6-97bb-889db42a4f15', 'HTTPStatusCode': 202, 'HTTPHeaders': {'date': 'Fri, 26 Jan 2024 00:56:58 GMT', 'content-length': '0', 'connection': 'keep-alive', 'x-amzn-requestid': '183789c2-eb5b-4cc6-97bb-889db42a4f15', 'x-amzn-remapped-content-length': '0', 'x-amzn-trace-id': 'root=1-65b3035a-068f4d421b3570fb30533d5e;sampled=0'}, 'RetryAttempts': 0}
[2024-01-25T21:56:36.852-0300] {taskinstance.py:1400} INFO - Marking task as SUCCESS. dag_id=how-desafio-03, task_id=invoke_lambda_function, execution_date=20240125T141500, start_date=20240126T005635, end_date=20240126T005636
[2024-01-25T21:56:36.910-0300] {local_task_job_runner.py:228} INFO - Task exited with return code 0
[2024-01-25T21:56:36.931-0300] {taskinstance.py:2778} INFO - 0 downstream tasks scheduled from follow-on schedule check
