[2023-11-06T21:36:10.843-0300] {logging_mixin.py:151} INFO - Changing /mnt/c/Users/filipe.macedo_ifood/Documents/how-desafio-03/airflow/logs/dag_id=how-desafio-03/run_id=manual__2023-11-07T00:36:06.400025+00:00/task_id=invoke_lambda_function permission to 509
[2023-11-06T21:36:11.016-0300] {logging_mixin.py:151} INFO - Changing /mnt/c/Users/filipe.macedo_ifood/Documents/how-desafio-03/airflow/logs/dag_id=how-desafio-03/run_id=manual__2023-11-07T00:36:06.400025+00:00/task_id=invoke_lambda_function permission to 509
[2023-11-06T21:36:11.063-0300] {taskinstance.py:1159} INFO - Dependencies all met for dep_context=non-requeueable deps ti=<TaskInstance: how-desafio-03.invoke_lambda_function manual__2023-11-07T00:36:06.400025+00:00 [queued]>
[2023-11-06T21:36:11.129-0300] {taskinstance.py:1159} INFO - Dependencies all met for dep_context=requeueable deps ti=<TaskInstance: how-desafio-03.invoke_lambda_function manual__2023-11-07T00:36:06.400025+00:00 [queued]>
[2023-11-06T21:36:11.130-0300] {taskinstance.py:1361} INFO - Starting attempt 1 of 1
[2023-11-06T21:36:11.208-0300] {taskinstance.py:1382} INFO - Executing <Task(LambdaInvokeFunctionOperator): invoke_lambda_function> on 2023-11-07 00:36:06.400025+00:00
[2023-11-06T21:36:11.211-0300] {standard_task_runner.py:57} INFO - Started process 885 to run task
[2023-11-06T21:36:11.213-0300] {standard_task_runner.py:84} INFO - Running: ['airflow', 'tasks', 'run', 'how-desafio-03', 'invoke_lambda_function', 'manual__2023-11-07T00:36:06.400025+00:00', '--job-id', '83', '--raw', '--subdir', 'DAGS_FOLDER/weather_dag.py', '--cfg-path', '/tmp/tmpkmpm1h18']
[2023-11-06T21:36:11.215-0300] {standard_task_runner.py:85} INFO - Job 83: Subtask invoke_lambda_function
[2023-11-06T21:36:11.421-0300] {logging_mixin.py:151} INFO - Changing /mnt/c/Users/filipe.macedo_ifood/Documents/how-desafio-03/airflow/logs/dag_id=how-desafio-03/run_id=manual__2023-11-07T00:36:06.400025+00:00/task_id=invoke_lambda_function permission to 509
[2023-11-06T21:36:11.427-0300] {task_command.py:416} INFO - Running <TaskInstance: how-desafio-03.invoke_lambda_function manual__2023-11-07T00:36:06.400025+00:00 [running]> on host 14111-NB.
[2023-11-06T21:36:11.739-0300] {taskinstance.py:1662} INFO - Exporting env vars: AIRFLOW_CTX_DAG_OWNER='airflow' AIRFLOW_CTX_DAG_ID='how-desafio-03' AIRFLOW_CTX_TASK_ID='invoke_lambda_function' AIRFLOW_CTX_EXECUTION_DATE='2023-11-07T00:36:06.400025+00:00' AIRFLOW_CTX_TRY_NUMBER='1' AIRFLOW_CTX_DAG_RUN_ID='manual__2023-11-07T00:36:06.400025+00:00'
[2023-11-06T21:36:11.740-0300] {lambda_function.py:211} INFO - Invoking AWS Lambda function: my_first_test with payload: {"weather_daily": {"data": {"date": "2023-11-06 00:00:00+00:00"}}}
[2023-11-06T21:36:11.807-0300] {base.py:73} INFO - Using connection ID 'aws_default' for task execution.
[2023-11-06T21:36:11.809-0300] {connection_wrapper.py:340} INFO - AWS Connection (conn_id='aws_default', conn_type='aws') credentials retrieved from login and password.
[2023-11-06T21:36:13.310-0300] {lambda_function.py:220} INFO - Lambda response metadata: {'RequestId': '4458a26f-9884-4f61-89af-62f5403df781', 'HTTPStatusCode': 200, 'HTTPHeaders': {'date': 'Tue, 07 Nov 2023 00:36:15 GMT', 'content-type': 'application/json', 'content-length': '4', 'connection': 'keep-alive', 'x-amzn-requestid': '4458a26f-9884-4f61-89af-62f5403df781', 'x-amzn-remapped-content-length': '0', 'x-amz-executed-version': '$LATEST', 'x-amzn-trace-id': 'root=1-6549867f-3d4782ce0c665e323c3a78cf;sampled=0;lineage=2d7f70ec:0'}, 'RetryAttempts': 0}
[2023-11-06T21:36:13.314-0300] {lambda_function.py:230} INFO - Lambda function invocation succeeded: {'RequestId': '4458a26f-9884-4f61-89af-62f5403df781', 'HTTPStatusCode': 200, 'HTTPHeaders': {'date': 'Tue, 07 Nov 2023 00:36:15 GMT', 'content-type': 'application/json', 'content-length': '4', 'connection': 'keep-alive', 'x-amzn-requestid': '4458a26f-9884-4f61-89af-62f5403df781', 'x-amzn-remapped-content-length': '0', 'x-amz-executed-version': '$LATEST', 'x-amzn-trace-id': 'root=1-6549867f-3d4782ce0c665e323c3a78cf;sampled=0;lineage=2d7f70ec:0'}, 'RetryAttempts': 0}
[2023-11-06T21:36:13.402-0300] {taskinstance.py:1400} INFO - Marking task as SUCCESS. dag_id=how-desafio-03, task_id=invoke_lambda_function, execution_date=20231107T003606, start_date=20231107T003611, end_date=20231107T003613
[2023-11-06T21:36:13.481-0300] {local_task_job_runner.py:228} INFO - Task exited with return code 0
[2023-11-06T21:36:13.524-0300] {taskinstance.py:2778} INFO - 0 downstream tasks scheduled from follow-on schedule check
