[2024-01-26T15:15:03.495-0300] {logging_mixin.py:151} INFO - Changing /mnt/c/Users/filipe.macedo_ifood/Documents/how-desafio-03/airflow/logs/dag_id=how-desafio-03/run_id=scheduled__2024-01-26T18:00:00+00:00/task_id=invoke_lambda_function permission to 509
[2024-01-26T15:15:03.550-0300] {logging_mixin.py:151} INFO - Changing /mnt/c/Users/filipe.macedo_ifood/Documents/how-desafio-03/airflow/logs/dag_id=how-desafio-03/run_id=scheduled__2024-01-26T18:00:00+00:00/task_id=invoke_lambda_function permission to 509
[2024-01-26T15:15:03.564-0300] {taskinstance.py:1159} INFO - Dependencies all met for dep_context=non-requeueable deps ti=<TaskInstance: how-desafio-03.invoke_lambda_function scheduled__2024-01-26T18:00:00+00:00 [queued]>
[2024-01-26T15:15:03.573-0300] {taskinstance.py:1159} INFO - Dependencies all met for dep_context=requeueable deps ti=<TaskInstance: how-desafio-03.invoke_lambda_function scheduled__2024-01-26T18:00:00+00:00 [queued]>
[2024-01-26T15:15:03.573-0300] {taskinstance.py:1361} INFO - Starting attempt 1 of 1
[2024-01-26T15:15:03.593-0300] {taskinstance.py:1382} INFO - Executing <Task(LambdaInvokeFunctionOperator): invoke_lambda_function> on 2024-01-26 18:00:00+00:00
[2024-01-26T15:15:03.595-0300] {standard_task_runner.py:57} INFO - Started process 92 to run task
[2024-01-26T15:15:03.597-0300] {standard_task_runner.py:84} INFO - Running: ['airflow', 'tasks', 'run', 'how-desafio-03', 'invoke_lambda_function', 'scheduled__2024-01-26T18:00:00+00:00', '--job-id', '238', '--raw', '--subdir', 'DAGS_FOLDER/weather_dag.py', '--cfg-path', '/tmp/tmpfia1zx_b']
[2024-01-26T15:15:03.599-0300] {standard_task_runner.py:85} INFO - Job 238: Subtask invoke_lambda_function
[2024-01-26T15:15:03.657-0300] {logging_mixin.py:151} INFO - Changing /mnt/c/Users/filipe.macedo_ifood/Documents/how-desafio-03/airflow/logs/dag_id=how-desafio-03/run_id=scheduled__2024-01-26T18:00:00+00:00/task_id=invoke_lambda_function permission to 509
[2024-01-26T15:15:03.659-0300] {task_command.py:416} INFO - Running <TaskInstance: how-desafio-03.invoke_lambda_function scheduled__2024-01-26T18:00:00+00:00 [running]> on host 14111-NB.
[2024-01-26T15:15:03.765-0300] {taskinstance.py:1662} INFO - Exporting env vars: AIRFLOW_CTX_DAG_OWNER='airflow' AIRFLOW_CTX_DAG_ID='how-desafio-03' AIRFLOW_CTX_TASK_ID='invoke_lambda_function' AIRFLOW_CTX_EXECUTION_DATE='2024-01-26T18:00:00+00:00' AIRFLOW_CTX_TRY_NUMBER='1' AIRFLOW_CTX_DAG_RUN_ID='scheduled__2024-01-26T18:00:00+00:00'
[2024-01-26T15:15:03.766-0300] {lambda_function.py:211} INFO - Invoking AWS Lambda function: how-desafio-03 with payload: {"date": "1706292900"}
[2024-01-26T15:15:03.777-0300] {base.py:73} INFO - Using connection ID 'aws_default' for task execution.
[2024-01-26T15:15:03.778-0300] {connection_wrapper.py:340} INFO - AWS Connection (conn_id='aws_default', conn_type='aws') credentials retrieved from login and password.
[2024-01-26T15:15:04.951-0300] {lambda_function.py:220} INFO - Lambda response metadata: {'RequestId': '908f7886-1be9-47ff-a3ac-cff814ec0b14', 'HTTPStatusCode': 202, 'HTTPHeaders': {'date': 'Fri, 26 Jan 2024 18:15:28 GMT', 'content-length': '0', 'connection': 'keep-alive', 'x-amzn-requestid': '908f7886-1be9-47ff-a3ac-cff814ec0b14', 'x-amzn-remapped-content-length': '0', 'x-amzn-trace-id': 'root=1-65b3f6c0-05676cee3b86369c75ee75bc;sampled=0'}, 'RetryAttempts': 0}
[2024-01-26T15:15:04.953-0300] {lambda_function.py:230} INFO - Lambda function invocation succeeded: {'RequestId': '908f7886-1be9-47ff-a3ac-cff814ec0b14', 'HTTPStatusCode': 202, 'HTTPHeaders': {'date': 'Fri, 26 Jan 2024 18:15:28 GMT', 'content-length': '0', 'connection': 'keep-alive', 'x-amzn-requestid': '908f7886-1be9-47ff-a3ac-cff814ec0b14', 'x-amzn-remapped-content-length': '0', 'x-amzn-trace-id': 'root=1-65b3f6c0-05676cee3b86369c75ee75bc;sampled=0'}, 'RetryAttempts': 0}
[2024-01-26T15:15:05.003-0300] {taskinstance.py:1400} INFO - Marking task as SUCCESS. dag_id=how-desafio-03, task_id=invoke_lambda_function, execution_date=20240126T180000, start_date=20240126T181503, end_date=20240126T181505
[2024-01-26T15:15:05.058-0300] {local_task_job_runner.py:228} INFO - Task exited with return code 0
[2024-01-26T15:15:05.085-0300] {taskinstance.py:2778} INFO - 0 downstream tasks scheduled from follow-on schedule check
