[2024-01-26T15:50:38.121-0300] {logging_mixin.py:151} INFO - Changing /mnt/c/Users/filipe.macedo_ifood/Documents/how-desafio-03/airflow/logs/dag_id=how-desafio-03/run_id=manual__2024-01-26T18:50:34.631217+00:00/task_id=invoke_lambda_function permission to 509
[2024-01-26T15:50:38.163-0300] {logging_mixin.py:151} INFO - Changing /mnt/c/Users/filipe.macedo_ifood/Documents/how-desafio-03/airflow/logs/dag_id=how-desafio-03/run_id=manual__2024-01-26T18:50:34.631217+00:00/task_id=invoke_lambda_function permission to 509
[2024-01-26T15:50:38.185-0300] {taskinstance.py:1159} INFO - Dependencies all met for dep_context=non-requeueable deps ti=<TaskInstance: how-desafio-03.invoke_lambda_function manual__2024-01-26T18:50:34.631217+00:00 [queued]>
[2024-01-26T15:50:38.196-0300] {taskinstance.py:1159} INFO - Dependencies all met for dep_context=requeueable deps ti=<TaskInstance: how-desafio-03.invoke_lambda_function manual__2024-01-26T18:50:34.631217+00:00 [queued]>
[2024-01-26T15:50:38.197-0300] {taskinstance.py:1361} INFO - Starting attempt 1 of 1
[2024-01-26T15:50:38.232-0300] {taskinstance.py:1382} INFO - Executing <Task(LambdaInvokeFunctionOperator): invoke_lambda_function> on 2024-01-26 18:50:34.631217+00:00
[2024-01-26T15:50:38.239-0300] {standard_task_runner.py:84} INFO - Running: ['airflow', 'tasks', 'run', 'how-desafio-03', 'invoke_lambda_function', 'manual__2024-01-26T18:50:34.631217+00:00', '--job-id', '241', '--raw', '--subdir', 'DAGS_FOLDER/weather_dag.py', '--cfg-path', '/tmp/tmpj76h8h_a']
[2024-01-26T15:50:38.255-0300] {standard_task_runner.py:85} INFO - Job 241: Subtask invoke_lambda_function
[2024-01-26T15:50:38.237-0300] {standard_task_runner.py:57} INFO - Started process 600 to run task
[2024-01-26T15:50:38.327-0300] {logging_mixin.py:151} INFO - Changing /mnt/c/Users/filipe.macedo_ifood/Documents/how-desafio-03/airflow/logs/dag_id=how-desafio-03/run_id=manual__2024-01-26T18:50:34.631217+00:00/task_id=invoke_lambda_function permission to 509
[2024-01-26T15:50:38.329-0300] {task_command.py:416} INFO - Running <TaskInstance: how-desafio-03.invoke_lambda_function manual__2024-01-26T18:50:34.631217+00:00 [running]> on host 14111-NB.
[2024-01-26T15:50:38.422-0300] {taskinstance.py:1662} INFO - Exporting env vars: AIRFLOW_CTX_DAG_OWNER='airflow' AIRFLOW_CTX_DAG_ID='how-desafio-03' AIRFLOW_CTX_TASK_ID='invoke_lambda_function' AIRFLOW_CTX_EXECUTION_DATE='2024-01-26T18:50:34.631217+00:00' AIRFLOW_CTX_TRY_NUMBER='1' AIRFLOW_CTX_DAG_RUN_ID='manual__2024-01-26T18:50:34.631217+00:00'
[2024-01-26T15:50:38.423-0300] {lambda_function.py:211} INFO - Invoking AWS Lambda function: how-desafio-03 with payload: {"date": "1706294700"}
[2024-01-26T15:50:38.433-0300] {base.py:73} INFO - Using connection ID 'aws_default' for task execution.
[2024-01-26T15:50:38.434-0300] {connection_wrapper.py:340} INFO - AWS Connection (conn_id='aws_default', conn_type='aws') credentials retrieved from login and password.
[2024-01-26T15:50:39.463-0300] {lambda_function.py:220} INFO - Lambda response metadata: {'RequestId': '435972e8-f9c3-431d-a5dc-7231851ca538', 'HTTPStatusCode': 202, 'HTTPHeaders': {'date': 'Fri, 26 Jan 2024 18:51:03 GMT', 'content-length': '0', 'connection': 'keep-alive', 'x-amzn-requestid': '435972e8-f9c3-431d-a5dc-7231851ca538', 'x-amzn-remapped-content-length': '0', 'x-amzn-trace-id': 'root=1-65b3ff17-51f88d100497ee657731695b;sampled=0'}, 'RetryAttempts': 0}
[2024-01-26T15:50:39.464-0300] {lambda_function.py:230} INFO - Lambda function invocation succeeded: {'RequestId': '435972e8-f9c3-431d-a5dc-7231851ca538', 'HTTPStatusCode': 202, 'HTTPHeaders': {'date': 'Fri, 26 Jan 2024 18:51:03 GMT', 'content-length': '0', 'connection': 'keep-alive', 'x-amzn-requestid': '435972e8-f9c3-431d-a5dc-7231851ca538', 'x-amzn-remapped-content-length': '0', 'x-amzn-trace-id': 'root=1-65b3ff17-51f88d100497ee657731695b;sampled=0'}, 'RetryAttempts': 0}
[2024-01-26T15:50:39.521-0300] {taskinstance.py:1400} INFO - Marking task as SUCCESS. dag_id=how-desafio-03, task_id=invoke_lambda_function, execution_date=20240126T185034, start_date=20240126T185038, end_date=20240126T185039
[2024-01-26T15:50:39.559-0300] {local_task_job_runner.py:228} INFO - Task exited with return code 0
[2024-01-26T15:50:39.590-0300] {taskinstance.py:2778} INFO - 1 downstream tasks scheduled from follow-on schedule check
