[2024-01-25T21:18:09.588-0300] {logging_mixin.py:151} INFO - Changing /mnt/c/Users/filipe.macedo_ifood/Documents/how-desafio-03/airflow/logs/dag_id=how-desafio-03/run_id=scheduled__2024-01-25T07:30:00+00:00/task_id=invoke_lambda_function permission to 509
[2024-01-25T21:18:09.638-0300] {logging_mixin.py:151} INFO - Changing /mnt/c/Users/filipe.macedo_ifood/Documents/how-desafio-03/airflow/logs/dag_id=how-desafio-03/run_id=scheduled__2024-01-25T07:30:00+00:00/task_id=invoke_lambda_function permission to 509
[2024-01-25T21:18:09.659-0300] {taskinstance.py:1159} INFO - Dependencies all met for dep_context=non-requeueable deps ti=<TaskInstance: how-desafio-03.invoke_lambda_function scheduled__2024-01-25T07:30:00+00:00 [queued]>
[2024-01-25T21:18:09.672-0300] {taskinstance.py:1159} INFO - Dependencies all met for dep_context=requeueable deps ti=<TaskInstance: how-desafio-03.invoke_lambda_function scheduled__2024-01-25T07:30:00+00:00 [queued]>
[2024-01-25T21:18:09.672-0300] {taskinstance.py:1361} INFO - Starting attempt 1 of 1
[2024-01-25T21:18:09.701-0300] {taskinstance.py:1382} INFO - Executing <Task(LambdaInvokeFunctionOperator): invoke_lambda_function> on 2024-01-25 07:30:00+00:00
[2024-01-25T21:18:09.703-0300] {standard_task_runner.py:57} INFO - Started process 1410 to run task
[2024-01-25T21:18:09.706-0300] {standard_task_runner.py:84} INFO - Running: ['airflow', 'tasks', 'run', 'how-desafio-03', 'invoke_lambda_function', 'scheduled__2024-01-25T07:30:00+00:00', '--job-id', '174', '--raw', '--subdir', 'DAGS_FOLDER/weather_dag.py', '--cfg-path', '/tmp/tmpqd4m55ax']
[2024-01-25T21:18:09.707-0300] {standard_task_runner.py:85} INFO - Job 174: Subtask invoke_lambda_function
[2024-01-25T21:18:09.766-0300] {logging_mixin.py:151} INFO - Changing /mnt/c/Users/filipe.macedo_ifood/Documents/how-desafio-03/airflow/logs/dag_id=how-desafio-03/run_id=scheduled__2024-01-25T07:30:00+00:00/task_id=invoke_lambda_function permission to 509
[2024-01-25T21:18:09.767-0300] {task_command.py:416} INFO - Running <TaskInstance: how-desafio-03.invoke_lambda_function scheduled__2024-01-25T07:30:00+00:00 [running]> on host 14111-NB.
[2024-01-25T21:18:09.888-0300] {taskinstance.py:1662} INFO - Exporting env vars: AIRFLOW_CTX_DAG_OWNER='airflow' AIRFLOW_CTX_DAG_ID='how-desafio-03' AIRFLOW_CTX_TASK_ID='invoke_lambda_function' AIRFLOW_CTX_EXECUTION_DATE='2024-01-25T07:30:00+00:00' AIRFLOW_CTX_TRY_NUMBER='1' AIRFLOW_CTX_DAG_RUN_ID='scheduled__2024-01-25T07:30:00+00:00'
[2024-01-25T21:18:09.890-0300] {lambda_function.py:211} INFO - Invoking AWS Lambda function: teste with payload: {"weather_daily": {"date": "1706228100"}}
[2024-01-25T21:18:09.900-0300] {base.py:73} INFO - Using connection ID 'aws_default' for task execution.
[2024-01-25T21:18:09.901-0300] {connection_wrapper.py:340} INFO - AWS Connection (conn_id='aws_default', conn_type='aws') credentials retrieved from login and password.
[2024-01-25T21:18:10.805-0300] {lambda_function.py:220} INFO - Lambda response metadata: {'RequestId': '6b23470d-cf99-4cf8-ba07-5f8257464ae0', 'HTTPStatusCode': 200, 'HTTPHeaders': {'date': 'Fri, 26 Jan 2024 00:18:32 GMT', 'content-type': 'application/json', 'content-length': '53', 'connection': 'keep-alive', 'x-amzn-requestid': '6b23470d-cf99-4cf8-ba07-5f8257464ae0', 'x-amzn-remapped-content-length': '0', 'x-amz-executed-version': '$LATEST', 'x-amzn-trace-id': 'root=1-65b2fa58-34bb494c7b20234228cee8ed;sampled=0;lineage=7d52695d:0'}, 'RetryAttempts': 0}
[2024-01-25T21:18:10.806-0300] {lambda_function.py:230} INFO - Lambda function invocation succeeded: {'RequestId': '6b23470d-cf99-4cf8-ba07-5f8257464ae0', 'HTTPStatusCode': 200, 'HTTPHeaders': {'date': 'Fri, 26 Jan 2024 00:18:32 GMT', 'content-type': 'application/json', 'content-length': '53', 'connection': 'keep-alive', 'x-amzn-requestid': '6b23470d-cf99-4cf8-ba07-5f8257464ae0', 'x-amzn-remapped-content-length': '0', 'x-amz-executed-version': '$LATEST', 'x-amzn-trace-id': 'root=1-65b2fa58-34bb494c7b20234228cee8ed;sampled=0;lineage=7d52695d:0'}, 'RetryAttempts': 0}
[2024-01-25T21:18:10.851-0300] {taskinstance.py:1400} INFO - Marking task as SUCCESS. dag_id=how-desafio-03, task_id=invoke_lambda_function, execution_date=20240125T073000, start_date=20240126T001809, end_date=20240126T001810
[2024-01-25T21:18:10.884-0300] {local_task_job_runner.py:228} INFO - Task exited with return code 0
[2024-01-25T21:18:10.899-0300] {taskinstance.py:2778} INFO - 0 downstream tasks scheduled from follow-on schedule check
