[2024-01-25T22:04:24.718-0300] {logging_mixin.py:151} INFO - Changing /mnt/c/Users/filipe.macedo_ifood/Documents/how-desafio-03/airflow/logs/dag_id=how-desafio-03/run_id=scheduled__2024-01-26T00:45:00+00:00/task_id=invoke_lambda_function permission to 509
[2024-01-25T22:04:24.762-0300] {logging_mixin.py:151} INFO - Changing /mnt/c/Users/filipe.macedo_ifood/Documents/how-desafio-03/airflow/logs/dag_id=how-desafio-03/run_id=scheduled__2024-01-26T00:45:00+00:00/task_id=invoke_lambda_function permission to 509
[2024-01-25T22:04:24.782-0300] {taskinstance.py:1159} INFO - Dependencies all met for dep_context=non-requeueable deps ti=<TaskInstance: how-desafio-03.invoke_lambda_function scheduled__2024-01-26T00:45:00+00:00 [queued]>
[2024-01-25T22:04:24.792-0300] {taskinstance.py:1159} INFO - Dependencies all met for dep_context=requeueable deps ti=<TaskInstance: how-desafio-03.invoke_lambda_function scheduled__2024-01-26T00:45:00+00:00 [queued]>
[2024-01-25T22:04:24.792-0300] {taskinstance.py:1361} INFO - Starting attempt 1 of 1
[2024-01-25T22:04:24.821-0300] {taskinstance.py:1382} INFO - Executing <Task(LambdaInvokeFunctionOperator): invoke_lambda_function> on 2024-01-26 00:45:00+00:00
[2024-01-25T22:04:24.823-0300] {standard_task_runner.py:57} INFO - Started process 1774 to run task
[2024-01-25T22:04:24.825-0300] {standard_task_runner.py:84} INFO - Running: ['airflow', 'tasks', 'run', 'how-desafio-03', 'invoke_lambda_function', 'scheduled__2024-01-26T00:45:00+00:00', '--job-id', '212', '--raw', '--subdir', 'DAGS_FOLDER/weather_dag.py', '--cfg-path', '/tmp/tmp5p1y1768']
[2024-01-25T22:04:24.826-0300] {standard_task_runner.py:85} INFO - Job 212: Subtask invoke_lambda_function
[2024-01-25T22:04:24.884-0300] {logging_mixin.py:151} INFO - Changing /mnt/c/Users/filipe.macedo_ifood/Documents/how-desafio-03/airflow/logs/dag_id=how-desafio-03/run_id=scheduled__2024-01-26T00:45:00+00:00/task_id=invoke_lambda_function permission to 509
[2024-01-25T22:04:24.885-0300] {task_command.py:416} INFO - Running <TaskInstance: how-desafio-03.invoke_lambda_function scheduled__2024-01-26T00:45:00+00:00 [running]> on host 14111-NB.
[2024-01-25T22:04:24.987-0300] {taskinstance.py:1662} INFO - Exporting env vars: AIRFLOW_CTX_DAG_OWNER='airflow' AIRFLOW_CTX_DAG_ID='how-desafio-03' AIRFLOW_CTX_TASK_ID='invoke_lambda_function' AIRFLOW_CTX_EXECUTION_DATE='2024-01-26T00:45:00+00:00' AIRFLOW_CTX_TRY_NUMBER='1' AIRFLOW_CTX_DAG_RUN_ID='scheduled__2024-01-26T00:45:00+00:00'
[2024-01-25T22:04:24.988-0300] {lambda_function.py:211} INFO - Invoking AWS Lambda function: how-desafio-03 with payload: {"weather_daily": {"date": "1706230800"}}
[2024-01-25T22:04:25.002-0300] {base.py:73} INFO - Using connection ID 'aws_default' for task execution.
[2024-01-25T22:04:25.003-0300] {connection_wrapper.py:340} INFO - AWS Connection (conn_id='aws_default', conn_type='aws') credentials retrieved from login and password.
[2024-01-25T22:04:25.936-0300] {lambda_function.py:220} INFO - Lambda response metadata: {'RequestId': '55c5d538-deef-4844-bdeb-011448033940', 'HTTPStatusCode': 202, 'HTTPHeaders': {'date': 'Fri, 26 Jan 2024 01:04:47 GMT', 'content-length': '0', 'connection': 'keep-alive', 'x-amzn-requestid': '55c5d538-deef-4844-bdeb-011448033940', 'x-amzn-remapped-content-length': '0', 'x-amzn-trace-id': 'root=1-65b3052f-5275bc1a38a97dd344f3b5a8;sampled=0'}, 'RetryAttempts': 0}
[2024-01-25T22:04:25.937-0300] {lambda_function.py:230} INFO - Lambda function invocation succeeded: {'RequestId': '55c5d538-deef-4844-bdeb-011448033940', 'HTTPStatusCode': 202, 'HTTPHeaders': {'date': 'Fri, 26 Jan 2024 01:04:47 GMT', 'content-length': '0', 'connection': 'keep-alive', 'x-amzn-requestid': '55c5d538-deef-4844-bdeb-011448033940', 'x-amzn-remapped-content-length': '0', 'x-amzn-trace-id': 'root=1-65b3052f-5275bc1a38a97dd344f3b5a8;sampled=0'}, 'RetryAttempts': 0}
[2024-01-25T22:04:25.986-0300] {taskinstance.py:1400} INFO - Marking task as SUCCESS. dag_id=how-desafio-03, task_id=invoke_lambda_function, execution_date=20240126T004500, start_date=20240126T010424, end_date=20240126T010425
[2024-01-25T22:04:26.043-0300] {local_task_job_runner.py:228} INFO - Task exited with return code 0
[2024-01-25T22:04:26.072-0300] {taskinstance.py:2778} INFO - 0 downstream tasks scheduled from follow-on schedule check
