[2024-02-17T17:29:33.202-0300] {logging_mixin.py:151} INFO - Changing /mnt/c/Users/filipe.macedo_ifood/Documents/how-desafio-03/airflow/logs/dag_id=how-desafio-3/run_id=scheduled__2024-02-17T19:00:00+00:00/task_id=wait_for_step permission to 509
[2024-02-17T17:29:33.256-0300] {logging_mixin.py:151} INFO - Changing /mnt/c/Users/filipe.macedo_ifood/Documents/how-desafio-03/airflow/logs/dag_id=how-desafio-3/run_id=scheduled__2024-02-17T19:00:00+00:00/task_id=wait_for_step permission to 509
[2024-02-17T17:29:33.277-0300] {taskinstance.py:1159} INFO - Dependencies all met for dep_context=non-requeueable deps ti=<TaskInstance: how-desafio-3.wait_for_step scheduled__2024-02-17T19:00:00+00:00 [queued]>
[2024-02-17T17:29:33.288-0300] {taskinstance.py:1159} INFO - Dependencies all met for dep_context=requeueable deps ti=<TaskInstance: how-desafio-3.wait_for_step scheduled__2024-02-17T19:00:00+00:00 [queued]>
[2024-02-17T17:29:33.288-0300] {taskinstance.py:1361} INFO - Starting attempt 1 of 1
[2024-02-17T17:29:33.315-0300] {taskinstance.py:1382} INFO - Executing <Task(EmrStepSensor): wait_for_step> on 2024-02-17 19:00:00+00:00
[2024-02-17T17:29:33.316-0300] {standard_task_runner.py:57} INFO - Started process 913 to run task
[2024-02-17T17:29:33.318-0300] {standard_task_runner.py:84} INFO - Running: ['airflow', 'tasks', 'run', 'how-desafio-3', 'wait_for_step', 'scheduled__2024-02-17T19:00:00+00:00', '--job-id', '347', '--raw', '--subdir', 'DAGS_FOLDER/weather_dag.py', '--cfg-path', '/tmp/tmpooy8gxwo']
[2024-02-17T17:29:33.319-0300] {standard_task_runner.py:85} INFO - Job 347: Subtask wait_for_step
[2024-02-17T17:29:33.377-0300] {logging_mixin.py:151} INFO - Changing /mnt/c/Users/filipe.macedo_ifood/Documents/how-desafio-03/airflow/logs/dag_id=how-desafio-3/run_id=scheduled__2024-02-17T19:00:00+00:00/task_id=wait_for_step permission to 509
[2024-02-17T17:29:33.379-0300] {task_command.py:416} INFO - Running <TaskInstance: how-desafio-3.wait_for_step scheduled__2024-02-17T19:00:00+00:00 [running]> on host 14111-NB.
[2024-02-17T17:29:33.495-0300] {taskinstance.py:1662} INFO - Exporting env vars: AIRFLOW_CTX_DAG_OWNER='airflow' AIRFLOW_CTX_DAG_ID='how-desafio-3' AIRFLOW_CTX_TASK_ID='wait_for_step' AIRFLOW_CTX_EXECUTION_DATE='2024-02-17T19:00:00+00:00' AIRFLOW_CTX_TRY_NUMBER='1' AIRFLOW_CTX_DAG_RUN_ID='scheduled__2024-02-17T19:00:00+00:00'
[2024-02-17T17:29:33.506-0300] {base.py:73} INFO - Using connection ID 'aws_default' for task execution.
[2024-02-17T17:29:33.506-0300] {connection_wrapper.py:340} INFO - AWS Connection (conn_id='aws_default', conn_type='aws') credentials retrieved from login and password.
[2024-02-17T17:29:33.696-0300] {emr.py:575} INFO - Poking step s-1007621QDNH4O7940ZQ on cluster j-2VD4TOA8W0F1G
[2024-02-17T17:29:34.888-0300] {emr.py:79} INFO - Job flow currently PENDING
[2024-02-17T17:30:34.950-0300] {emr.py:575} INFO - Poking step s-1007621QDNH4O7940ZQ on cluster j-2VD4TOA8W0F1G
[2024-02-17T17:30:36.325-0300] {emr.py:79} INFO - Job flow currently PENDING
[2024-02-17T17:31:36.386-0300] {emr.py:575} INFO - Poking step s-1007621QDNH4O7940ZQ on cluster j-2VD4TOA8W0F1G
[2024-02-17T17:31:37.688-0300] {emr.py:79} INFO - Job flow currently PENDING
[2024-02-17T17:32:37.749-0300] {emr.py:575} INFO - Poking step s-1007621QDNH4O7940ZQ on cluster j-2VD4TOA8W0F1G
[2024-02-17T17:32:38.916-0300] {emr.py:79} INFO - Job flow currently PENDING
[2024-02-17T17:33:38.977-0300] {emr.py:575} INFO - Poking step s-1007621QDNH4O7940ZQ on cluster j-2VD4TOA8W0F1G
[2024-02-17T17:33:40.142-0300] {emr.py:79} INFO - Job flow currently PENDING
[2024-02-17T17:34:40.203-0300] {emr.py:575} INFO - Poking step s-1007621QDNH4O7940ZQ on cluster j-2VD4TOA8W0F1G
[2024-02-17T17:34:41.252-0300] {emr.py:79} INFO - Job flow currently PENDING
[2024-02-17T17:35:41.313-0300] {emr.py:575} INFO - Poking step s-1007621QDNH4O7940ZQ on cluster j-2VD4TOA8W0F1G
[2024-02-17T17:35:42.493-0300] {emr.py:79} INFO - Job flow currently PENDING
[2024-02-17T17:36:42.554-0300] {emr.py:575} INFO - Poking step s-1007621QDNH4O7940ZQ on cluster j-2VD4TOA8W0F1G
[2024-02-17T17:36:43.833-0300] {emr.py:79} INFO - Job flow currently PENDING
[2024-02-17T17:37:43.894-0300] {emr.py:575} INFO - Poking step s-1007621QDNH4O7940ZQ on cluster j-2VD4TOA8W0F1G
[2024-02-17T17:37:45.056-0300] {emr.py:79} INFO - Job flow currently CANCELLED
[2024-02-17T17:37:45.064-0300] {taskinstance.py:1937} ERROR - Task failed with exception
Traceback (most recent call last):
  File "/usr/local/lib/python3.10/dist-packages/airflow/providers/amazon/aws/sensors/emr.py", line 624, in execute
    super().execute(context=context)
  File "/usr/local/lib/python3.10/dist-packages/airflow/sensors/base.py", line 257, in execute
    raise e
  File "/usr/local/lib/python3.10/dist-packages/airflow/sensors/base.py", line 239, in execute
    poke_return = self.poke(context)
  File "/usr/local/lib/python3.10/dist-packages/airflow/providers/amazon/aws/sensors/emr.py", line 85, in poke
    raise AirflowException(f"EMR job failed: {self.failure_message_from_response(response)}")
airflow.exceptions.AirflowException: EMR job failed: None
[2024-02-17T17:37:45.068-0300] {taskinstance.py:1400} INFO - Marking task as FAILED. dag_id=how-desafio-3, task_id=wait_for_step, execution_date=20240217T190000, start_date=20240217T202933, end_date=20240217T203745
[2024-02-17T17:37:45.093-0300] {standard_task_runner.py:104} ERROR - Failed to execute job 347 for task wait_for_step (EMR job failed: None; 913)
[2024-02-17T17:37:45.099-0300] {local_task_job_runner.py:228} INFO - Task exited with return code 1
[2024-02-17T17:37:45.127-0300] {taskinstance.py:2778} INFO - 0 downstream tasks scheduled from follow-on schedule check
